-2.617993877991494078e-01 -1.221730476396030718e-01 5.000000000000000000e-01
-2.561949142615592701e-01 -3.490658503774776156e-01 9.999999999997242206e-01
-2.922708400421348274e-01 -3.490658503988658956e-01 1.000000000000000000e+00
-2.609892212724313487e-01 -3.490658503988505190e-01 0.000000000000000000e+00
-2.787856541877618000e-01 -3.490658503988646744e-01 1.110223024625156540e-16
-2.763795221177997585e-01 -3.490658503988648964e-01 3.128421907134182334e-01
-2.813936949908220075e-01 -3.490658503988658956e-01 2.304259755462041426e-01
-2.828104984625341434e-01 -3.490658503988658401e-01 6.218213653090251536e-02
-2.780792974811206464e-01 -3.076379642503468403e-01 1.584810466194733203e-01
-2.747979992480082956e-01 -2.957135319359636139e-01 9.201597864090216294e-02
-2.741359626285796436e-01 -2.924777690331227253e-01 2.076426311664110735e-01
-2.771403369700821129e-01 -3.033425833291729656e-01 1.345648085453523546e-01
-2.753511808498959046e-01 -2.960307453352638563e-01 1.428960828808172046e-01
-2.751004454406017485e-01 -2.956478187716616302e-01 1.598629186612534336e-01
-2.750568832945789466e-01 -2.954032904176443486e-01 1.498208704764863175e-01
-2.752158113498521241e-01 -2.956166444384141778e-01 1.539664224915572588e-01
-2.750702784167115555e-01 -2.954029075440673946e-01 1.545060026368545170e-01
-2.751477083999989137e-01 -2.954960962261951596e-01 1.518306032638529479e-01
-2.751134646348020740e-01 -2.954509816719217974e-01 1.540582863537833802e-01
-2.751220255576963258e-01 -2.954596287099974239e-01 1.525672123053824492e-01
-2.751262675646506395e-01 -2.954662312355849640e-01 1.535400743746697660e-01
-2.751128636490637880e-01 -2.954478492536706247e-01 1.529599490821374475e-01
-2.751304554497811528e-01 -2.954711934531099038e-01 1.531194700624778360e-01
-2.751148360840334761e-01 -2.954504092011868144e-01 1.533074814127199648e-01
-2.751248195503907534e-01 -2.954634596252277423e-01 1.529698556509363760e-01
-2.751199195083624538e-01 -2.954570588964635647e-01 1.532905193991044857e-01
-2.751214575131523676e-01 -2.954590437970319172e-01 1.530418100961470629e-01
-2.751217503679388998e-01 -2.954594865601252729e-01 1.532218023179331423e-01
-2.751202891221241065e-01 -2.954575680802929427e-01 1.530978275369719033e-01
-2.751224853703463924e-01 -2.954604788256964820e-01 1.531721056392215119e-01
-2.751198785137717873e-01 -2.954570639702432944e-01 1.531473928428117581e-01
-2.751224510913520827e-01 -2.954604486174229883e-01 1.531276937848319863e-01
-2.751203426669199259e-01 -2.954576986394645277e-01 1.531782100682351766e-01
-2.751217004299442714e-01 -2.954594724079879220e-01 1.531168499915279424e-01
-2.751210536911724569e-01 -2.954586321739576249e-01 1.531733402889113305e-01
-2.751211818220732352e-01 -2.954587993498323240e-01 1.531282633815085337e-01
-2.751213704121503456e-01 -2.954590516062275407e-01 1.531616817790020790e-01
-2.751209924842402677e-01 -2.954585602669654865e-01 1.531387037270368900e-01
-2.751214706087036777e-01 -2.954591882247469270e-01 1.531525416725916799e-01
-2.751209512320241801e-01 -2.954585127061158389e-01 1.531468790527228951e-01
-2.751214615723461265e-01 -2.954591805740014454e-01 1.531453943564494435e-01
-2.751210021316316534e-01 -2.954585834932068611e-01 1.531528802224222385e-01
-2.751213663027216039e-01 -2.954590594477061738e-01 1.531411408936396157e-01
-2.751211320169646424e-01 -2.954587553810478773e-01 1.531546674224350812e-01
-2.751212273097452532e-01 -2.954588797609476458e-01 1.531420637449527056e-01
-2.751212451048704044e-01 -2.954589035115580686e-01 1.531519489585391469e-01
-2.751211548187946776e-01 -2.954587860878842287e-01 1.531453286152837934e-01
-2.751212791760345722e-01 -2.954589484679908673e-01 1.531489774087056166e-01
-2.751211477974390140e-01 -2.954587775965433760e-01 1.531477120407858661e-01
-2.751212692033014884e-01 -2.954589359499537604e-01 1.531472380289471968e-01
-2.751211661653878982e-01 -2.954588020093534828e-01 1.531489052530534967e-01
-2.751212465615137659e-01 -2.954589068713061595e-01 1.531464901329873951e-01
-2.751211910298468344e-01 -2.954588347638851253e-01 1.531492767551905221e-01
-2.751212206179547981e-01 -2.954588733939941814e-01 1.531464926042100660e-01
-2.751212154043077285e-01 -2.954588667202607821e-01 1.531489297918694759e-01
-2.751212008975312817e-01 -2.954588478911169269e-01 1.531470917268315524e-01
-2.751212280706596958e-01 -2.954588833244278234e-01 1.531482302054134048e-01
-2.751211956602627740e-01 -2.954588411727301356e-01 1.531477527384252912e-01
-2.751212270567965357e-01 -2.954588820703089591e-01 1.531477072309367360e-01
-2.751212005553194118e-01 -2.954588476018117915e-01 1.531481019631003027e-01
-2.751212205200290195e-01 -2.954588736078884725e-01 1.531475179122660513e-01
-2.751212072232583905e-01 -2.954588563244393562e-01 1.531481711322092987e-01
-2.751212143724002246e-01 -2.954588656451398454e-01 1.531475352718696115e-01
-2.751212125181370372e-01 -2.954588632481467969e-01 1.531480924443312519e-01
-2.751212101385998032e-01 -2.954588601617602062e-01 1.531476556236683328e-01
-2.751212155067325194e-01 -2.954588671583541215e-01 1.531479512060141823e-01
-2.751212084656827761e-01 -2.954588580021421662e-01 1.531477987378987715e-01
-2.751212158867480939e-01 -2.954588676660168112e-01 1.531478239475543013e-01
-2.751212091769410506e-01 -2.954588589382138308e-01 1.531478963527166115e-01
-2.751212144564653128e-01 -2.954588658119453592e-01 1.531477635166072770e-01
-2.751212108791458721e-01 -2.954588611593675918e-01 1.531479216289441669e-01
-2.751212128223048392e-01 -2.954588636902124033e-01 1.531477655516191583e-01
-2.751212122532898374e-01 -2.954588629518071774e-01 1.531479016241087399e-01
-2.751212117814352265e-01 -2.954588623392566671e-01 1.531477955385862622e-01
-2.751212129511338977e-01 -2.954588638628127817e-01 1.531478681069645409e-01
-2.751212113954136229e-01 -2.954588618393940713e-01 1.531478281388927720e-01
-2.751212130688504565e-01 -2.954588640179968695e-01 1.531478393781813829e-01
-2.751212114968838440e-01 -2.954588619730922905e-01 1.531478510987806796e-01
-2.751212128024385084e-01 -2.954588636725790640e-01 1.531478235739545668e-01
-2.751212118598209688e-01 -2.954588624464283275e-01 1.531478593652898512e-01
-2.751212124158958217e-01 -2.954588631704430646e-01 1.531478220404760837e-01
-2.751212122094895962e-01 -2.954588629021597246e-01 1.531478558300399528e-01
-2.751212121395600341e-01 -2.954588628113469784e-01 1.531478288247540009e-01
-2.751212123975078638e-01 -2.954588631471759541e-01 1.531478476158885937e-01
-2.751212120370961078e-01 -2.954588626783085092e-01 1.531478369679968865e-01
-2.751212124288089922e-01 -2.954588631881520655e-01 1.531478405108386565e-01
-2.751212120582922638e-01 -2.954588627061406347e-01 1.531478425020757761e-01
-2.751212123555510924e-01 -2.954588630926404669e-01 1.531478369935885264e-01
-2.751212121432825009e-01 -2.954588628165245034e-01 1.531478428746824438e-01
-2.751212122035116558e-01 -2.954588628948716100e-01 1.531478436740679183e-01
-2.751212122404599891e-01 -2.954588629429443780e-01 1.531478405017118183e-01
-2.751212122314492525e-01 -2.954588629312288606e-01 1.531478399057406292e-01
-2.751214512517056177e-01 -2.954613588133632729e-01 1.531472106275388601e-01
-2.617993877991494078e-01 -1.221730476396030718e-01 5.000000000000000000e-01
-2.563317322060357228e-01 -3.490658503739858531e-01 9.999999999995975442e-01
-2.923376867089322317e-01 -3.490658503988658401e-01 1.000000000000000000e+00
-2.665913729770655882e-01 -3.490658503988658956e-01 2.220446049250313081e-16
-2.819878270580001289e-01 -3.490658503988658956e-01 0.000000000000000000e+00
-2.774814832772323769e-01 -3.490658503988658956e-01 1.648955397285938318e-01
-2.813302503095764240e-01 -3.490658503988656736e-01 3.983681467313280322e-01
-2.818016875378618336e-01 -3.490658503988655625e-01 8.100556812574818966e-02
-2.828993291335039628e-01 -3.490658503988658956e-01 8.534609962548740658e-02
-2.776000484368336130e-01 -3.060165303392163305e-01 1.342637383564327380e-01
-2.744467254323142424e-01 -2.933362200866854175e-01 1.016295338496758516e-01
-2.756170335714790420e-01 -2.983402805885694842e-01 1.918135121382753550e-01
-2.769199392035919804e-01 -3.019150571728019261e-01 1.291776024751963847e-01
-2.750527993971022545e-01 -2.953193490798548537e-01 1.610093899572686560e-01
-2.751092099439403360e-01 -2.954812019918691690e-01 1.485569111629813643e-01
-2.751428301292846434e-01 -2.954648649134247185e-01 1.585244490138268125e-01
-2.750888234619757733e-01 -2.953437602405107332e-01 1.538434148529464196e-01
-2.751691086225158678e-01 -2.954733140038159900e-01 1.546621151629772317e-01
-2.750681126471623550e-01 -2.953213582443125484e-01 1.563121519548286154e-01
-2.751208540542946501e-01 -2.953874611379491699e-01 1.542395008577989446e-01
-2.751160182702845902e-01 -2.953852147639149384e-01 1.555444188009053597e-01
-2.751090794649064808e-01 -2.953714397184624696e-01 1.545859071012559149e-01
-2.751179337195743813e-01 -2.953857996419748111e-01 1.551460996833623485e-01
-2.751097093279615824e-01 -2.953727646849207966e-01 1.548679432723174820e-01
-2.751181830167022113e-01 -2.953857863556782481e-01 1.549289628439188826e-01
-2.751088828673331488e-01 -2.953720191205564394e-01 1.550392816834096632e-01
-2.751166848080797700e-01 -2.953834126677177263e-01 1.547984559636821633e-01
-2.751128473841471522e-01 -2.953779044250972041e-01 1.550467028487688692e-01
-2.751132331836249056e-01 -2.953782582498498122e-01 1.548583318396608843e-01
-2.751144252806712598e-01 -2.953801903635265846e-01 1.549828362954106531e-01
-2.751127791795314748e-01 -2.953776574653113607e-01 1.549065818887345458e-01
-2.751144111113420498e-01 -2.953801429737936690e-01 1.549447702262700399e-01
-2.751128902300659651e-01 -2.953778688139416797e-01 1.549298738352450078e-01
-2.751143298117954550e-01 -2.953800243983330520e-01 1.549248661371320501e-01
-2.751129767233360668e-01 -2.953780267569894313e-01 1.549461694683137714e-01
-2.751141143307181403e-01 -2.953797100559641953e-01 1.549096520564970381e-01
-2.751133723477254822e-01 -2.953786330193610699e-01 1.549533572953512017e-01
-2.751136116937509812e-01 -2.953789707368224549e-01 1.549127762641791528e-01
-2.751137649779727412e-01 -2.953792110420817574e-01 1.549422207972667165e-01
-2.751134017209550531e-01 -2.953786662500538784e-01 1.549244523905179693e-01
-2.751138157141841400e-01 -2.953792831439626121e-01 1.549323693378461264e-01
-2.751134252964452798e-01 -2.953787053330952928e-01 1.549307998195931790e-01
-2.751137602066816568e-01 -2.953792014467473415e-01 1.549281761099503829e-01
-2.751134800167694405e-01 -2.953787891097514051e-01 1.549333479753625120e-01
-2.751137018249352195e-01 -2.953791167335688694e-01 1.549263930011738066e-01
-2.751135417773203362e-01 -2.953788822857604246e-01 1.549343211474087934e-01
-2.751136306237796925e-01 -2.953790130194448027e-01 1.549262205354772493e-01
-2.751136148188457198e-01 -2.953789910039980593e-01 1.549334746814959030e-01
-2.751135658195000833e-01 -2.953789184429715386e-01 1.549278968862932149e-01
-2.751136573193454504e-01 -2.953790539773402668e-01 1.549312403372237190e-01
-2.751135513610770689e-01 -2.953788976883898187e-01 1.549300444079513561e-01
-2.751136479064252849e-01 -2.953790401094477658e-01 1.549295993967786667e-01
-2.751135711035123665e-01 -2.953789270288162960e-01 1.549309864192164321e-01
-2.751136261902900060e-01 -2.953790082374453951e-01 1.549291658427935925e-01
-2.751135905378900293e-01 -2.953789558601133680e-01 1.549310809902957609e-01
-2.751136091924401561e-01 -2.953789833579448798e-01 1.549292714569222018e-01
-2.751136048054091399e-01 -2.953789770099489731e-01 1.549308356684332977e-01
-2.751135974762448089e-01 -2.953789662269068472e-01 1.549295991321480159e-01
-2.751136136219872186e-01 -2.953789900835566140e-01 1.549304499452832662e-01
-2.751135919908574423e-01 -2.953789582417167825e-01 1.549300055065489790e-01
-2.751136150481106601e-01 -2.953789922350919528e-01 1.549300632166606129e-01
-2.751135943615934387e-01 -2.953789617824100211e-01 1.549303070556975193e-01
-2.751136101547402291e-01 -2.953789850503952263e-01 1.549298822941403142e-01
-2.751135999319498926e-01 -2.953789700092838699e-01 1.549303696554911736e-01
-2.751136050657146948e-01 -2.953789775737701295e-01 1.549299048541423751e-01
-2.751136039574793024e-01 -2.953789759528090419e-01 1.549302959462595941e-01
-2.751136021821941058e-01 -2.953789733418867303e-01 1.549299996829319737e-01
-2.751136058099651893e-01 -2.953789786918469273e-01 1.549301982074691164e-01
-2.751136011539624393e-01 -2.953789718392302865e-01 1.549300901863557289e-01
-2.751136061371553532e-01 -2.953789791821986865e-01 1.549301183800481652e-01
-2.751136014350422099e-01 -2.953789722611874224e-01 1.549301553467383186e-01
-2.751136053466242681e-01 -2.953789780235385187e-01 1.549300718163315049e-01
-2.751136025399822382e-01 -2.953789738927607988e-01 1.549301803352733653e-01
-2.751136041493487117e-01 -2.953789762638180938e-01 1.549300674311241133e-01
-2.751136036220367953e-01 -2.953789754886488872e-01 1.549301682005578829e-01
-2.751136033146655557e-01 -2.953789750366974109e-01 1.549300897511181885e-01
-2.751136041588189141e-01 -2.953789762805181796e-01 1.549301423221460805e-01
-2.751136030455706427e-01 -2.953789746417462836e-01 1.549301139908395020e-01
-2.751136042215939770e-01 -2.953789763740068963e-01 1.549301221687866548e-01
-2.751136031266858684e-01 -2.953789747622830864e-01 1.549301293117885947e-01
-2.751136040435546160e-01 -2.953789761126899283e-01 1.549301116533369493e-01
-2.751136033606744746e-01 -2.953789751074692993e-01 1.549301352708531698e-01
-2.751136037887145780e-01 -2.953789757380048675e-01 1.549301097957216933e-01
-2.751136036038897004e-01 -2.953789754660767763e-01 1.549301336498241088e-01
-2.751136035838415705e-01 -2.953789754357084019e-01 1.549301153032646428e-01
-2.751136036001139429e-01 -2.953789754598445394e-01 1.549301193218009243e-01
-2.751136036461473977e-01 -2.953789755275599282e-01 1.549301187097150700e-01
-2.751136036021843978e-01 -2.953789754629622677e-01 1.549301192944145811e-01
-2.751136035926077805e-01 -2.953789754490147579e-01 1.549301194219299405e-01
-2.751136035926018963e-01 -2.953789754489537511e-01 1.549301194219453448e-01
-2.751136035923096856e-01 -2.953789754484965613e-01 1.549301194223065281e-01
-2.751136038251690286e-01 -2.953789757912451686e-01 1.549301166210953484e-01
-2.751139219353438969e-01 -2.953823119111771978e-01 1.549293102816236001e-01
-2.751136038009719953e-01 -2.953789757547168882e-01 1.549301169757075769e-01
-2.751138308004025257e-01 -2.953813564856427321e-01 1.549295417417151655e-01
