2.530727415391778035e-01 3.490658503988658956e-01 7.500000000000000000e-01
1.781631209426276508e-01 -1.745329251994321429e-01 1.499999999999999778e+00
2.530703579448752572e-01 3.445523831026836570e-01 1.500000000000000000e+00
2.462724999852402008e-01 2.228175323160998533e-01 1.204922453903154222e+00
2.520958921573077660e-01 3.002187372151177147e-01 9.990300709372703647e-01
2.524882419577152426e-01 3.016595578115484066e-01 1.050983856984694542e+00
2.541044458231314085e-01 3.232801242148753418e-01 1.044228495271811052e+00
2.531377720924617991e-01 3.094014498718943851e-01 1.079368806427936311e+00
2.540003898517025349e-01 3.212575210719630370e-01 1.065608279768490041e+00
2.539123821363943323e-01 3.198460305825817640e-01 1.072369168909621528e+00
2.542489053396194687e-01 3.247141406628670790e-01 1.068598734435503683e+00
2.541299931779750776e-01 3.229065732693814361e-01 1.074209655962140131e+00
2.542528764289710419e-01 3.247351629001337670e-01 1.066822599913499481e+00
2.544454311297540960e-01 3.277824823036815660e-01 1.078892981352249647e+00
2.542013509877018018e-01 3.239572086077517343e-01 1.070476148055165888e+00
2.542759714752917954e-01 3.250988071608910124e-01 1.069755833683745383e+00
2.542676070211031258e-01 3.249590606399118120e-01 1.070819149298935624e+00
2.542971140859316415e-01 3.254211511521941658e-01 1.070307945812603689e+00
2.542854911503009685e-01 3.252349635466379452e-01 1.071177112459534175e+00
2.543062961365967212e-01 3.255663853459108137e-01 1.070346066238460958e+00
2.542932565927411570e-01 3.253578457380114086e-01 1.071117841745616417e+00
2.543024605719478859e-01 3.255043114525404402e-01 1.070609499482659599e+00
2.543032772773918260e-01 3.255181427050606313e-01 1.071021501695703870e+00
2.542960708000820969e-01 3.254004052107921652e-01 1.070499021645217708e+00
2.543107568745565095e-01 3.256397938738050946e-01 1.071000238995889919e+00
2.543000618101657340e-01 3.254651755670401880e-01 1.070801512507395303e+00
2.543058375279578232e-01 3.255590125236494936e-01 1.070728919400398604e+00
2.543024003533067012e-01 3.255031792024576931e-01 1.070887271973451682e+00
2.543052219033867800e-01 3.255489783858929176e-01 1.070730286728303504e+00
2.543040809725021223e-01 3.255304144583035519e-01 1.070845344793715181e+00
2.543047206045126463e-01 3.255407787339992254e-01 1.070764337412042799e+00
2.543048739346057685e-01 3.255433402146136745e-01 1.070828617346338607e+00
2.543044814274830201e-01 3.255368446162749119e-01 1.070765775772332118e+00
2.543055706917540792e-01 3.255547720564097025e-01 1.070831672444878535e+00
2.543039976293305360e-01 3.255289096959161910e-01 1.070770764403685682e+00
2.543057690751725497e-01 3.255580197216070282e-01 1.070803453382170867e+00
2.543044026142436964e-01 3.255355565768272008e-01 1.070805574989024622e+00
2.543053473898362893e-01 3.255510761841977074e-01 1.070779255772150496e+00
2.543049048239425791e-01 3.255438067450756590e-01 1.070812638916536885e+00
2.543050403939178250e-01 3.255460223640195272e-01 1.070784358069276188e+00
2.543051256539300420e-01 3.255474300084569284e-01 1.070804341233202228e+00
2.543049679508130323e-01 3.255448285593460223e-01 1.070789202599952805e+00
2.543052052515136774e-01 3.255487395215472812e-01 1.070801331638274734e+00
2.543049308687078125e-01 3.255442175161469276e-01 1.070791357182140580e+00
2.543052371101319764e-01 3.255492644475149189e-01 1.070798426410662696e+00
2.543049573468174618e-01 3.255446532636037671e-01 1.070795027867555760e+00
2.543051937002959728e-01 3.255485483322398954e-01 1.070794352475280320e+00
2.543050233457800346e-01 3.255457407558094429e-01 1.070798786278553072e+00
2.543051253062105221e-01 3.255474209609833802e-01 1.070791774402745089e+00
2.543051051052857559e-01 3.255470882362090368e-01 1.070798996215026611e+00
2.543050716042760118e-01 3.255465349564092281e-01 1.070793423830497026e+00
2.543051350501129293e-01 3.255475813242774130e-01 1.070797127007839356e+00
2.543050627872566194e-01 3.255463893743948400e-01 1.070794736280448411e+00
2.543051362493543022e-01 3.255476010089365935e-01 1.070796101948332746e+00
2.543050724078824709e-01 3.255465479361499548e-01 1.070795574102151315e+00
2.543051236813946847e-01 3.255473936189266504e-01 1.070795423712544769e+00
2.543050868308547874e-01 3.255467857468328230e-01 1.070796097820838844e+00
2.543051115596008382e-01 3.255471936363350527e-01 1.070795003315299532e+00
2.543051000543601892e-01 3.255470038787542375e-01 1.070796394065255397e+00
2.543050991854941545e-01 3.255469894987096935e-01 1.070794960071341562e+00
2.543051105543117640e-01 3.255471770562776146e-01 1.070796143307731541e+00
2.543050937370600062e-01 3.255468995670827148e-01 1.070795340661472084e+00
2.543051123909732536e-01 3.255472073277332901e-01 1.070795782353112680e+00
2.543050953092175770e-01 3.255469254869253759e-01 1.070795629547490524e+00
2.543051088869007770e-01 3.255471494973371516e-01 1.070795573519391253e+00
2.543050996275877385e-01 3.255469967179132063e-01 1.070795757567518880e+00
2.543051052655941335e-01 3.255470897370080774e-01 1.070795503873011478e+00
2.543051026831977257e-01 3.255470471282900236e-01 1.070795793218867198e+00
2.543051028237391931e-01 3.255470494441739526e-01 1.070795497495315329e+00
2.543051047526373454e-01 3.255470812716855789e-01 1.070795765047045878e+00
2.543051014603843196e-01 3.255470269449255993e-01 1.070795556617867295e+00
2.543051054794838173e-01 3.255470932614059620e-01 1.070795691547243411e+00
2.543051013988734121e-01 3.255470259274547695e-01 1.070795628117650056e+00
2.543051050010662895e-01 3.255470853656039498e-01 1.070795630632810136e+00
2.543051023375084152e-01 3.255470414135938073e-01 1.070795671420716078e+00
2.543051039616729403e-01 3.255470682126691551e-01 1.070795607525385496e+00
2.543051032462047001e-01 3.255470564062645789e-01 1.070795679133779599e+00
2.543051032908310582e-01 3.255470571421759662e-01 1.070795609364750378e+00
2.543051037318363461e-01 3.255470644191477692e-01 1.070795670911761421e+00
2.543051029948797948e-01 3.255470522581271897e-01 1.070795622339336228e+00
2.543051038767623062e-01 3.255470668100592380e-01 1.070795655504528821e+00
2.543051029792483542e-01 3.255470519997438750e-01 1.070795637541761103e+00
2.543051038047167700e-01 3.255470656210648905e-01 1.070795642005579751e+00
2.543051038500515060e-01 3.255470663691816813e-01 1.070795640866478937e+00
2.543051018493018844e-01 3.255470333511489844e-01 1.070795651456576847e+00
2.543051036237758966e-01 3.255470626350245311e-01 1.070795642063349318e+00
2.543051034102780106e-01 3.255470591116644830e-01 1.070795643193207303e+00
2.543051034814347022e-01 3.255470602858342444e-01 1.070795642799029501e+00
2.543051034438736369e-01 3.255470596660375304e-01 1.070795642782904622e+00
2.543051034474707595e-01 3.255470597254981890e-01 1.070795643043532808e+00
2.543051034442919134e-01 3.255470596732537025e-01 1.070795646935185808e+00
2.543051034443245539e-01 3.255470596734814648e-01 1.070795646935164047e+00
2.543051034443424840e-01 3.255470596736067534e-01 1.070795646935133849e+00
2.543051034443487013e-01 3.255470596736501632e-01 1.070795646935099432e+00
2.543051034443617464e-01 3.255470596737412015e-01 1.070795646935060574e+00
2.543051034443628566e-01 3.255470596737493616e-01 1.070795646935017054e+00
2.543051034442985192e-01 3.255470596727097488e-01 1.070795646941147705e+00
2.530727415391778035e-01 3.490658503988658956e-01 7.500000000000000000e-01
1.781364103966158186e-01 -1.745329251994301445e-01 1.499999999999999556e+00
2.532211829137674952e-01 3.462055150139501380e-01 1.500000000000000000e+00
2.462887978111369114e-01 2.231125410622973870e-01 1.204329852965036141e+00
2.520026407430734361e-01 2.992712489829186251e-01 9.937519538610789516e-01
2.525064941453903367e-01 3.019931199555539458e-01 1.049005204387446266e+00
2.541011810166355356e-01 3.232372306252613847e-01 1.043803557554009442e+00
2.531290497891815483e-01 3.093297103990833019e-01 1.077837435912125885e+00
2.540392819720447282e-01 3.218322522164723809e-01 1.065389613620409293e+00
2.538789463099382360e-01 3.193927732377633832e-01 1.069183091201903801e+00
2.543302286109979660e-01 3.259525914840977756e-01 1.073069532090728861e+00
2.539738843217044795e-01 3.207550204689925688e-01 1.056278460795950336e+00
2.541357716263540900e-01 3.230114127235821919e-01 1.071496489934578022e+00
2.543071993147819065e-01 3.256087947195885346e-01 1.066825279738899290e+00
2.542090738358408486e-01 3.241046748557563362e-01 1.070430644207740700e+00
2.542776139151566861e-01 3.251452736174810787e-01 1.069121669619624182e+00
2.542750620324690236e-01 3.251024380648417367e-01 1.069907885216994314e+00
2.542992700607345502e-01 3.254814314802491060e-01 1.069145887491445457e+00
2.542836669795759952e-01 3.252372108469703260e-01 1.070240232581139983e+00
2.542972413104356844e-01 3.254485334345752490e-01 1.069135385268935368e+00
2.543042190121135859e-01 3.255630859755952455e-01 1.070049569980379811e+00
2.542791123512306295e-01 3.251582934823206705e-01 1.069186448936175537e+00
2.543038872318341692e-01 3.255565337501118983e-01 1.069607823001888613e+00
2.542961742995098473e-01 3.254317392600014625e-01 1.069587608542003299e+00
2.543002096995766736e-01 3.254967105977106812e-01 1.069490166926398311e+00
2.542979250752076537e-01 3.254600860747617341e-01 1.069652117393639523e+00
2.543005734775380389e-01 3.255025706943822650e-01 1.069451957773470241e+00
2.542992983171718513e-01 3.254821728943647074e-01 1.069619587080401057e+00
2.542993359505932860e-01 3.254825199359289711e-01 1.069502800183899094e+00
2.543009867886638076e-01 3.255094957288304780e-01 1.069586741107563466e+00
2.542980836694885838e-01 3.254621748296246952e-01 1.069506244991009103e+00
2.543010494843706004e-01 3.255104962846549488e-01 1.069555460885585063e+00
2.542994697275774985e-01 3.254847164947391458e-01 1.069541828635785841e+00
2.543002705765692872e-01 3.254977567248631964e-01 1.069531972099601713e+00
2.542997791025896070e-01 3.254897644664579981e-01 1.069554374952742748e+00
2.543002124452698465e-01 3.254968051533863038e-01 1.069519610450198055e+00
2.542999780499182738e-01 3.254930105312109356e-01 1.069557945143576383e+00
2.543000121451427509e-01 3.254935400635940446e-01 1.069527686319980964e+00
2.543002060385610164e-01 3.254967136516039861e-01 1.069545982288925057e+00
2.542998521263025169e-01 3.254909283116874108e-01 1.069532243967885377e+00
2.543003623512460343e-01 3.254992673544845339e-01 1.069542421665706566e+00
2.542998898375578021e-01 3.254915455986673312e-01 1.069537044382807833e+00
2.543001960606297018e-01 3.254965463731553932e-01 1.069536785182111371e+00
2.543000354943054653e-01 3.254939231288075385e-01 1.069540257386709436e+00
2.543001331779019547e-01 3.254955182632299771e-01 1.069534373365369051e+00
2.543000876764345830e-01 3.254947763127504778e-01 1.069541998462228305e+00
2.543000937591921029e-01 3.254948742171343001e-01 1.069534314944343922e+00
2.543001265397220600e-01 3.254954105734234604e-01 1.069540069597752607e+00
2.543000724011229563e-01 3.254945246945940562e-01 1.069536253988500052e+00
2.543001497322015525e-01 3.254957894707944388e-01 1.069538718111047837e+00
2.543000557330077349e-01 3.254942522594346799e-01 1.069537238356621733e+00
2.543001484438702220e-01 3.254957684382115968e-01 1.069537638688447645e+00
2.543000831992894839e-01 3.254947012569500142e-01 1.069538161531458309e+00
2.543001196906924388e-01 3.254952979343919695e-01 1.069537028956687230e+00
2.543001041219005720e-01 3.254950433727366033e-01 1.069538544467775631e+00
2.543001059359615290e-01 3.254950729666959419e-01 1.069536831254509046e+00
2.543001149113675030e-01 3.254952198253141527e-01 1.069538381410549688e+00
2.543001007635724564e-01 3.254949883088086859e-01 1.069537262666293342e+00
2.543001174797020481e-01 3.254952617611020504e-01 1.069537943066056984e+00
2.543000993955755185e-01 3.254949659130796924e-01 1.069537571334547410e+00
2.543001183010268340e-01 3.254952751969144575e-01 1.069537694868237798e+00
2.543001017031646382e-01 3.254950036631718557e-01 1.069537781945917754e+00
2.543001132730258740e-01 3.254951929245897269e-01 1.069537545027744674e+00
2.543001072921360350e-01 3.254950950752653061e-01 1.069537861679122681e+00
2.543001090469310665e-01 3.254951237772272798e-01 1.069537503192034444e+00
2.543001105788537108e-01 3.254951488448024621e-01 1.069537864571401542e+00
2.543001070296393440e-01 3.254950907711514074e-01 1.069537560003338994e+00
2.543001114002475527e-01 3.254951622748594731e-01 1.069537764227489918e+00
2.543001070470472524e-01 3.254950910495381100e-01 1.069537654267466831e+00
2.543001111964043326e-01 3.254951589368551557e-01 1.069537692562635200e+00
2.543001075108453080e-01 3.254950986369851695e-01 1.069537708223073702e+00
2.543001103680503361e-01 3.254951453832014563e-01 1.069537654461623966e+00
2.543001086284942258e-01 3.254951169209297501e-01 1.069537728035958812e+00
2.543001093438234661e-01 3.254951286236312802e-01 1.069537648376964523e+00
2.543001094512537530e-01 3.254951303813885533e-01 1.069537727136581351e+00
2.543001087545359029e-01 3.254951189817493207e-01 1.069537655807938803e+00
2.543001097960020940e-01 3.254951360215508349e-01 1.069537710886771853e+00
2.543001086870980698e-01 3.254951178775873921e-01 1.069537677154172250e+00
2.543001097074149008e-01 3.254951345713766320e-01 1.069537691216206676e+00
2.543001088378900043e-01 3.254951203445331509e-01 1.069537692167887855e+00
2.543001095210796758e-01 3.254951315225649844e-01 1.069537680618291686e+00
2.543001090704681277e-01 3.254951241495960268e-01 1.069537698177550178e+00
2.543001092863172996e-01 3.254951276811748340e-01 1.069537678901705036e+00
2.543001092677094621e-01 3.254951273766026332e-01 1.069537697257870068e+00
2.543001091425409754e-01 3.254951253285546242e-01 1.069537681013090102e+00
2.543001093641407695e-01 3.254951289543809856e-01 1.069537694135440864e+00
2.543001091174709183e-01 3.254951249181321504e-01 1.069537685585306264e+00
2.543001091069258535e-01 3.254951247456356334e-01 1.069537686061407866e+00
2.543001091069347352e-01 3.254951247457781860e-01 1.069537686063366966e+00
2.543001092324389534e-01 3.254951267995759845e-01 1.069537704285831614e+00
2.543001092325283818e-01 3.254951268010701781e-01 1.069537704307027326e+00
2.543001092431538823e-01 3.254951269747011211e-01 1.069537691242687272e+00
