0.000000000000000000e+00 0.000000000000000000e+00 5.000000000000000000e-01
-3.591523533078855301e-02 -3.490658503988658956e-01 4.495528646335833489e-02
-2.512627298997837655e-01 -3.490658503988658956e-01 2.774793061489418955e-01
-4.591769568166127746e-03 -1.043897855850194623e-01 0.000000000000000000e+00
3.995774551653468246e-03 -7.025591700647841609e-02 4.440892098500626162e-16
-7.080826594459955353e-03 -9.307589302701022027e-03 1.609823385706476984e-15
-3.063513416238200504e-03 1.245354615010035859e-02 3.565575650041381550e-01
1.025704483353118493e-03 1.165702536770519410e-02 0.000000000000000000e+00
-3.729176993329868725e-04 -3.239818562508719330e-02 2.655529914482372411e-01
1.097180049242118746e-03 2.025116629740908447e-02 2.987841682714629243e-01
1.523764938413998786e-03 2.625338465472147609e-02 2.377634874012600208e-01
-3.105716615754907251e-04 1.760246264239673231e-02 2.721880019066773571e-01
6.799622275123955260e-04 2.324353444576474081e-02 2.558794036851505527e-01
9.723282682233709822e-04 2.418475276259455034e-02 2.567628790608870726e-01
9.272473000670251224e-04 2.398781689114940982e-02 2.495913725220151591e-01
1.020686643144628298e-03 2.425245242047206068e-02 2.564831806274822101e-01
9.888932436255234212e-04 2.421130347283785567e-02 2.556920199924748727e-01
1.030609603330784460e-03 2.425076593396679331e-02 2.555214037398419458e-01
9.965454196091370898e-04 2.422641358122377270e-02 2.563236106573281159e-01
1.011658182700011068e-03 2.423832830023676943e-02 2.557882922860933994e-01
1.010819016728962873e-03 2.423964641569846187e-02 2.562783495573897063e-01
1.006860373927416855e-03 2.423419216654934538e-02 2.557625705660348525e-01
1.012840920293079251e-03 2.424105299289187193e-02 2.562034525839911314e-01
1.007997767640009127e-03 2.423659779062603201e-02 2.560161630385237586e-01
1.012631822416557980e-03 2.424055700544745090e-02 2.560681702274207328e-01
1.007834016123692646e-03 2.423673717424701737e-02 2.561257155264805574e-01
1.011987167566558935e-03 2.423991902123925207e-02 2.560233282937151023e-01
1.009952849318689321e-03 2.423852671979697532e-02 2.561300265640943374e-01
1.010506380057909180e-03 2.423885573137302477e-02 2.560466071104804953e-01
1.010855928461424887e-03 2.423922676361867784e-02 2.561245673918547405e-01
1.009975169942500372e-03 2.423845011885139220e-02 2.560536576877130432e-01
1.011090195866568269e-03 2.423937872714093320e-02 2.561096520890891459e-01
1.010082447284855675e-03 2.423858310536212632e-02 2.560810647464004108e-01
1.010967811315138971e-03 2.423927370697070635e-02 2.560903963228486901e-01
1.010170857987991539e-03 2.423866470320868577e-02 2.560972629708462844e-01
1.010893580106865444e-03 2.423920423634876031e-02 2.560794637597673673e-01
1.010379973845541152e-03 2.423882484452388741e-02 2.561032794584019445e-01
1.010622912727549005e-03 2.423900352364744687e-02 2.560813583537026594e-01
1.010611362548134327e-03 2.423900272541341591e-02 2.560999880071420098e-01
1.010467485887911422e-03 2.423888747981379002e-02 2.560844010183906949e-01
1.010712397964391674e-03 2.423907668783433986e-02 2.560971895214144145e-01
1.010440759944205907e-03 2.423886878449715843e-02 2.560890528339496708e-01
1.010681563617612253e-03 2.423905300283166545e-02 2.560925447446782965e-01
1.010489989230540847e-03 2.423890806434375947e-02 2.560929658878902115e-01
1.010645240111302922e-03 2.423902498931547467e-02 2.560899315229807627e-01
1.010528146518337948e-03 2.423893682238588074e-02 2.560948417613126971e-01
1.010598169386801165e-03 2.423898919040006622e-02 2.560893646476968821e-01
1.010578161637869146e-03 2.423897482118156019e-02 2.560943096521531293e-01
1.010559305199593312e-03 2.423896027140947859e-02 2.560903951192529115e-01
1.010605418330622019e-03 2.423899532728339759e-02 2.560934084929340493e-01
1.010543829832812306e-03 2.423894859188339274e-02 2.560913562310589420e-01
1.010606619006290717e-03 2.423899613865731009e-02 2.560923985810329429e-01
1.010554396883811285e-03 2.423895675592721219e-02 2.560923001222915052e-01
1.010593674557285198e-03 2.423898641564777023e-02 2.560917415183997514e-01
1.010566079703954226e-03 2.423896560484292348e-02 2.560927439466760824e-01
1.010582880572464442e-03 2.423897823661528422e-02 2.560915170705028165e-01
1.010576639471562517e-03 2.423897357043659426e-02 2.560927354185039695e-01
1.010574063069134962e-03 2.423897161773781034e-02 2.560917223850873725e-01
1.010582878789880379e-03 2.423897829491065969e-02 2.560924793382089448e-01
1.010570153505989735e-03 2.423896867658121429e-02 2.560919696620753139e-01
1.010584501161963626e-03 2.423897950763240217e-02 2.560922493158894198e-01
1.010571151935657670e-03 2.423896943528064049e-02 2.560921854971683898e-01
1.010581678736120021e-03 2.423897738494774912e-02 2.560920831884392901e-01
1.010574420594598189e-03 2.423897191159751427e-02 2.560922946786095000e-01
1.010578744985547901e-03 2.423897517210483674e-02 2.560920245295531528e-01
1.010576997026990491e-03 2.423897385481212433e-02 2.560923090793787993e-01
1.010576622269676117e-03 2.423897357156307511e-02 2.560920552357024982e-01
1.010578495144018926e-03 2.423897498769659459e-02 2.560922507703455309e-01
1.010575740109781505e-03 2.423897290857046638e-02 2.560921194573114179e-01
1.010578898590112950e-03 2.423897529216947552e-02 2.560921929694701671e-01
1.010575782336652377e-03 2.423897294039648737e-02 2.560921702400349997e-01
1.010578434488370887e-03 2.423897494207100101e-02 2.560921523974945546e-01
1.010576504182655270e-03 2.423897348609751687e-02 2.560921978346094585e-01
1.010577687561027777e-03 2.423897437913518846e-02 2.560921376649630266e-01
1.010577162137316076e-03 2.423897398278068022e-02 2.560922026445219823e-01
1.010577150357341945e-03 2.423897397380036720e-02 2.560921416824756824e-01
1.010577551517251706e-03 2.423897427673831276e-02 2.560921913655305193e-01
1.010576922478376898e-03 2.423897380218504455e-02 2.560921567058803694e-01
1.010577645300820941e-03 2.423897434770547546e-02 2.560921766616500728e-01
1.010576926608434522e-03 2.423897380538558161e-02 2.560921693693601342e-01
1.010577561495634626e-03 2.423897428446727953e-02 2.560921666222308324e-01
1.010577072255329240e-03 2.423897391534567472e-02 2.560921764119396538e-01
0.000000000000000000e+00 0.000000000000000000e+00 5.000000000000000000e-01
-3.591523533078855301e-02 -3.490658503988658956e-01 4.495528646335833489e-02
-2.512627298997837655e-01 -3.490658503988658956e-01 2.774793061489418955e-01
-4.591769568166127746e-03 -1.043897855850194623e-01 0.000000000000000000e+00
3.995774551653468246e-03 -7.025591700647841609e-02 4.440892098500626162e-16
-7.080826594459955353e-03 -9.307589302701022027e-03 1.609823385706476984e-15
-3.063513416238200504e-03 1.245354615010035859e-02 3.565575650041381550e-01
1.025704483353118493e-03 1.165702536770519410e-02 0.000000000000000000e+00
-3.729176993329868725e-04 -3.239818562508719330e-02 2.655529914482372411e-01
1.097180049242118746e-03 2.025116629740908447e-02 2.987841682714629243e-01
1.523764938413998786e-03 2.625338465472147609e-02 2.377634874012600208e-01
-3.105716615754907251e-04 1.760246264239673231e-02 2.721880019066773571e-01
6.799622275123955260e-04 2.324353444576474081e-02 2.558794036851505527e-01
9.723282682233709822e-04 2.418475276259455034e-02 2.567628790608870726e-01
9.272473000670251224e-04 2.398781689114940982e-02 2.495913725220151591e-01
1.020686643144628298e-03 2.425245242047206068e-02 2.564831806274822101e-01
9.888932436255234212e-04 2.421130347283785567e-02 2.556920199924748727e-01
1.030609603330784460e-03 2.425076593396679331e-02 2.555214037398419458e-01
9.965454196091370898e-04 2.422641358122377270e-02 2.563236106573281159e-01
1.011658182700011068e-03 2.423832830023676943e-02 2.557882922860933994e-01
1.010819016728962873e-03 2.423964641569846187e-02 2.562783495573897063e-01
1.006860373927416855e-03 2.423419216654934538e-02 2.557625705660348525e-01
1.012840920293079251e-03 2.424105299289187193e-02 2.562034525839911314e-01
1.007997767640009127e-03 2.423659779062603201e-02 2.560161630385237586e-01
1.012631822416557980e-03 2.424055700544745090e-02 2.560681702274207328e-01
1.007834016123692646e-03 2.423673717424701737e-02 2.561257155264805574e-01
1.011987167566558935e-03 2.423991902123925207e-02 2.560233282937151023e-01
1.009952849318689321e-03 2.423852671979697532e-02 2.561300265640943374e-01
1.010506380057909180e-03 2.423885573137302477e-02 2.560466071104804953e-01
1.010855928461424887e-03 2.423922676361867784e-02 2.561245673918547405e-01
1.009975169942500372e-03 2.423845011885139220e-02 2.560536576877130432e-01
1.011090195866568269e-03 2.423937872714093320e-02 2.561096520890891459e-01
1.010082447284855675e-03 2.423858310536212632e-02 2.560810647464004108e-01
1.010967811315138971e-03 2.423927370697070635e-02 2.560903963228486901e-01
1.010170857987991539e-03 2.423866470320868577e-02 2.560972629708462844e-01
1.010893580106865444e-03 2.423920423634876031e-02 2.560794637597673673e-01
1.010379973845541152e-03 2.423882484452388741e-02 2.561032794584019445e-01
1.010622912727549005e-03 2.423900352364744687e-02 2.560813583537026594e-01
1.010611362548134327e-03 2.423900272541341591e-02 2.560999880071420098e-01
1.010467485887911422e-03 2.423888747981379002e-02 2.560844010183906949e-01
1.010712397964391674e-03 2.423907668783433986e-02 2.560971895214144145e-01
1.010440759944205907e-03 2.423886878449715843e-02 2.560890528339496708e-01
1.010681563617612253e-03 2.423905300283166545e-02 2.560925447446782965e-01
1.010489989230540847e-03 2.423890806434375947e-02 2.560929658878902115e-01
1.010645240111302922e-03 2.423902498931547467e-02 2.560899315229807627e-01
1.010528146518337948e-03 2.423893682238588074e-02 2.560948417613126971e-01
1.010598169386801165e-03 2.423898919040006622e-02 2.560893646476968821e-01
1.010578161637869146e-03 2.423897482118156019e-02 2.560943096521531293e-01
1.010559305199593312e-03 2.423896027140947859e-02 2.560903951192529115e-01
1.010605418330622019e-03 2.423899532728339759e-02 2.560934084929340493e-01
1.010543829832812306e-03 2.423894859188339274e-02 2.560913562310589420e-01
1.010606619006290717e-03 2.423899613865731009e-02 2.560923985810329429e-01
1.010554396883811285e-03 2.423895675592721219e-02 2.560923001222915052e-01
1.010593674557285198e-03 2.423898641564777023e-02 2.560917415183997514e-01
1.010566079703954226e-03 2.423896560484292348e-02 2.560927439466760824e-01
1.010582880572464442e-03 2.423897823661528422e-02 2.560915170705028165e-01
1.010576639471562517e-03 2.423897357043659426e-02 2.560927354185039695e-01
1.010574063069134962e-03 2.423897161773781034e-02 2.560917223850873725e-01
1.010582878789880379e-03 2.423897829491065969e-02 2.560924793382089448e-01
1.010570153505989735e-03 2.423896867658121429e-02 2.560919696620753139e-01
1.010584501161963626e-03 2.423897950763240217e-02 2.560922493158894198e-01
1.010571151935657670e-03 2.423896943528064049e-02 2.560921854971683898e-01
1.010581678736120021e-03 2.423897738494774912e-02 2.560920831884392901e-01
1.010574420594598189e-03 2.423897191159751427e-02 2.560922946786095000e-01
1.010578744985547901e-03 2.423897517210483674e-02 2.560920245295531528e-01
1.010576997026990491e-03 2.423897385481212433e-02 2.560923090793787993e-01
1.010576622269676117e-03 2.423897357156307511e-02 2.560920552357024982e-01
1.010578495144018926e-03 2.423897498769659459e-02 2.560922507703455309e-01
1.010575740109781505e-03 2.423897290857046638e-02 2.560921194573114179e-01
1.010578898590112950e-03 2.423897529216947552e-02 2.560921929694701671e-01
1.010575782336652377e-03 2.423897294039648737e-02 2.560921702400349997e-01
1.010578434488370887e-03 2.423897494207100101e-02 2.560921523974945546e-01
1.010576504182655270e-03 2.423897348609751687e-02 2.560921978346094585e-01
1.010577687561027777e-03 2.423897437913518846e-02 2.560921376649630266e-01
1.010577162137316076e-03 2.423897398278068022e-02 2.560922026445219823e-01
1.010577150357341945e-03 2.423897397380036720e-02 2.560921416824756824e-01
1.010577551517251706e-03 2.423897427673831276e-02 2.560921913655305193e-01
1.010576922478376898e-03 2.423897380218504455e-02 2.560921567058803694e-01
1.010577645300820941e-03 2.423897434770547546e-02 2.560921766616500728e-01
1.010576926608434522e-03 2.423897380538558161e-02 2.560921693693601342e-01
1.010577561495634626e-03 2.423897428446727953e-02 2.560921666222308324e-01
1.010577072255329240e-03 2.423897391534567472e-02 2.560921764119396538e-01
