2.530727415391778035e-01 3.490658503988658956e-01 7.500000000000000000e-01
1.810386363002397525e-01 -1.745329251994329200e-01 1.499999999999999778e+00
1.843963197994741288e-01 -1.745329251994329756e-01 1.703520990253805101e-01
2.314623260810501904e-01 2.021943788453483271e-01 1.942640841235127036e-01
2.414742868929371511e-01 4.026707111337199940e-01 1.418617995961148681e+00
2.482484593339772116e-01 3.699755602618355899e-01 5.852143448606058618e-01
2.429438337091520128e-01 2.804095753527386381e-01 6.473925308696411030e-01
2.380698320759465636e-01 2.218532988010715190e-01 4.826864957592176264e-01
2.453579809731534223e-01 3.079712436206003545e-01 6.167271996496017650e-01
2.502597377712613147e-01 4.446129898538243586e-01 6.041400103000528210e-01
2.454663781105233811e-01 3.122868340599769810e-01 6.260703834774968835e-01
2.456019778058796676e-01 3.151160280995556895e-01 6.298989550339084698e-01
2.457197332606164963e-01 3.172482906664898517e-01 6.220325286579370117e-01
2.458069461132269262e-01 3.198093064907489569e-01 6.340137307447960557e-01
2.457280917601199488e-01 3.174009627210800932e-01 6.249651880487426814e-01
2.458217430256033620e-01 3.198803149229053622e-01 6.256024667525450500e-01
2.457326266477285748e-01 3.175570425869864155e-01 6.274633822019550777e-01
2.457779697964337928e-01 3.186779607375395118e-01 6.259395469958622948e-01
2.457827442091524983e-01 3.188247626365452447e-01 6.269732119556871153e-01
2.457791719888771653e-01 3.187026528515626844e-01 6.256814362930217532e-01
2.457889918867867118e-01 3.189955852933870073e-01 6.267696612258487621e-01
2.457796369618668875e-01 3.187161191743004274e-01 6.262092469745783596e-01
2.457894736653108703e-01 3.190046234815607784e-01 6.262659718360832350e-01
2.457811615871698108e-01 3.187613348079404996e-01 6.264558633027150769e-01
2.457861333812356996e-01 3.189050859770196644e-01 6.262241114284864407e-01
2.457849095475627965e-01 3.188698725722275973e-01 6.264201569604106457e-01
2.457850912498546203e-01 3.188739014122759508e-01 6.262379427599505943e-01
2.457861724099222878e-01 3.189073404918464361e-01 6.264207435592443751e-01
2.457846448865577960e-01 3.188605025663677206e-01 6.262618410202529518e-01
2.457863897918318163e-01 3.189134315250782281e-01 6.263548370318571257e-01
2.457848721573424322e-01 3.188673867130939477e-01 6.263211119280043260e-01
2.457862276067679375e-01 3.189083744427536060e-01 6.263088537764824881e-01
2.457852520987580947e-01 3.188788781523312355e-01 6.263479546118456698e-01
2.457858421422529360e-01 3.188966467848841635e-01 6.263003788662092619e-01
2.457856726789082735e-01 3.188915533248873890e-01 6.263437436292536020e-01
2.457856337859235796e-01 3.188902853160625606e-01 6.263050533684223486e-01
2.457858557613013806e-01 3.188971242350449042e-01 6.263394476976152925e-01
2.457855471931230384e-01 3.188876420610787243e-01 6.263100259326334074e-01
2.457859080317345013e-01 3.188987147260773924e-01 6.263310253700220542e-01
2.457855770746202873e-01 3.188885498258391404e-01 6.263196649533142590e-01
2.457858715740026401e-01 3.188975856829648348e-01 6.263219467512053384e-01
2.457856354122602560e-01 3.188903380842911250e-01 6.263270438126937734e-01
2.457858081613752965e-01 3.188956388403715314e-01 6.263168199297967087e-01
2.457857258739692130e-01 3.188931133475143564e-01 6.263288524462287121e-01
2.457857359274674691e-01 3.188934130652612553e-01 6.263178227895254135e-01
2.457857808954410084e-01 3.188948003865978986e-01 6.263268207717472835e-01
2.457857082726132847e-01 3.188925607216377967e-01 6.263198043166198214e-01
2.457857948260515901e-01 3.188952283877671268e-01 6.263246796138832728e-01
2.457857133756435886e-01 3.188927168270743184e-01 6.263219749699705519e-01
2.457857827497925973e-01 3.188948548218466517e-01 6.263227422931501032e-01
2.457857294019985539e-01 3.188932098665917536e-01 6.263234737786409490e-01
2.457857686757564664e-01 3.188944206628516187e-01 6.263216332150229881e-01
2.457857456232051541e-01 3.188937100101275623e-01 6.263241726650727870e-01
2.457857532904426656e-01 3.188939458849748831e-01 6.263214794442321098e-01
2.457857594519955169e-01 3.188941360974273942e-01 6.263238563906596834e-01
2.457857445760023574e-01 3.188936766186165062e-01 6.263219995460408418e-01
2.457857644837252165e-01 3.188942911765150212e-01 6.263232900817744531e-01
2.457857440153902728e-01 3.188936591795609732e-01 6.263225569862463926e-01
2.457857619959009088e-01 3.188942142074078223e-01 6.263227900357976052e-01
2.457857483757958650e-01 3.188937936086732039e-01 6.263229351638108788e-01
2.457857578134492460e-01 3.188940849663733923e-01 6.263225395915080762e-01
2.457857523083497864e-01 3.188939149801752193e-01 6.263230851547468836e-01
2.457857544414635831e-01 3.188939808129060971e-01 6.263224846953512337e-01
2.457857552671944001e-01 3.188940063151184390e-01 6.263230491138844780e-01
2.457857523741142636e-01 3.188939169195984524e-01 6.263225860921092236e-01
2.457857565760072360e-01 3.188940467030476622e-01 6.263229211030800769e-01
2.457857518978061317e-01 3.188939021864680701e-01 6.263227165960971732e-01
2.457857563593971451e-01 3.188940399977968077e-01 6.263227989294448683e-01
2.457857527449732737e-01 3.188939283346662878e-01 6.263228170108409154e-01
2.457857552782779786e-01 3.188940065821322944e-01 6.263227304029921338e-01
2.457857538097867889e-01 3.188939612136660329e-01 6.263228554465063436e-01
2.457857543946287693e-01 3.188939792762249814e-01 6.263227162552522653e-01
2.457857545253572529e-01 3.188939833139594615e-01 6.263228498313129222e-01
2.457857539007736458e-01 3.188939640134819120e-01 6.263227373561717215e-01
2.457857548238420731e-01 3.188939925299439371e-01 6.263228206933090236e-01
2.457857537833934569e-01 3.188939603830363567e-01 6.263227677416703942e-01
2.457857548092787781e-01 3.188939920778021686e-01 6.263227925208060265e-01
2.457857539223536614e-01 3.188939646743242928e-01 6.263227917913689602e-01
2.457857545879943151e-01 3.188939852389502394e-01 6.263227746132240537e-01
2.457857541756024167e-01 3.188939724965739186e-01 6.263228026129411541e-01
2.457857543591268068e-01 3.188939781661461192e-01 6.263227701452297458e-01
2.457857543623145347e-01 3.188939782643813725e-01 6.263228021655091737e-01
2.457857542274676232e-01 3.188939740975049730e-01 6.263227744583171885e-01
2.457857544407424377e-01 3.188939806868211213e-01 6.263227954747975224e-01
2.457857541978407667e-01 3.188939731814255385e-01 6.263227818285191928e-01
2.457857544366867653e-01 3.188939805610133127e-01 6.263227886212127116e-01
2.457857542269857309e-01 3.188939740815184276e-01 6.263227875593809779e-01
2.457857543838876946e-01 3.188939789285555326e-01 6.263227843873944156e-01
2.457857543130876066e-01 3.188939767414140647e-01 6.263227859661969488e-01
2.457857543097972386e-01 3.188939766393797393e-01 6.263227853215107555e-01
2.457857543268067713e-01 3.188939771649537680e-01 6.263227886369401309e-01
2.457857543268007483e-01 3.188939771647664734e-01 6.263227886816169487e-01
2.457857543272828627e-01 3.188939771797018041e-01 6.263227885106407156e-01
