0.000000000000000000e+00 0.000000000000000000e+00 5.000000000000000000e-01
-2.669398556474421660e-02 -3.490658503986156513e-01 3.136380044566067227e-14
-3.439516483488015003e-02 -1.819813715293230327e-01 4.353121234323508726e-01
-1.378058840524247139e-02 -6.287495654175639936e-02 0.000000000000000000e+00
-3.093284234974170294e-04 -4.418857992056134804e-02 1.110223024625156540e-16
-3.462840791168826649e-03 -4.020933180197944212e-03 5.194010145120028232e-01
2.741160933084052162e-03 1.799573467902271240e-02 2.774189227504912925e-01
-2.761948147538191047e-03 1.745060743703341632e-03 3.087977348232731067e-01
-1.401495446223418456e-03 8.982082291270336583e-03 1.490200366216974381e-01
8.108832571940456646e-05 1.756366104004063178e-02 2.638983727866360818e-01
6.816970648872680734e-04 1.739272310131919144e-02 2.518405781797356524e-01
3.681159884823855932e-04 1.808454674816919322e-02 2.607177316176594317e-01
2.772649633872419908e-04 1.788377825566844076e-02 2.535061073783855257e-01
3.457333344369960867e-04 1.806032552913613629e-02 2.611124906689539227e-01
3.257445962148814919e-04 1.803126267810886349e-02 2.590793251123626462e-01
3.350840280268597288e-04 1.804603279456591658e-02 2.598332015640738013e-01
3.161342453861310442e-04 1.801544941003653533e-02 2.593615049062937827e-01
3.465859291235788586e-04 1.806567913751073659e-02 2.592042512770744711e-01
3.276821075874832858e-04 1.803362297136478984e-02 2.599553253651201157e-01
3.270686059020172726e-04 1.803424266486880131e-02 2.593378767060418033e-01
3.298840585665352085e-04 1.803912602526496975e-02 2.596111616870667160e-01
3.282896197685944103e-04 1.803642471296808616e-02 2.594703566809085649e-01
3.298961923182151595e-04 1.803922568137857410e-02 2.595651338270640873e-01
3.282707769033704390e-04 1.803639438878226753e-02 2.594763254366048155e-01
3.300739265557460370e-04 1.803954382705165796e-02 2.595558849111921917e-01
3.283638880162211308e-04 1.803657115588261708e-02 2.595016669755202399e-01
3.300634636697535938e-04 1.803953433587300939e-02 2.595160291744499914e-01
3.281657913296511658e-04 1.803620854229128628e-02 2.595549834925255372e-01
3.296765417251265010e-04 1.803881869870042898e-02 2.594848008281014917e-01
3.292744439533514629e-04 1.803816455700544760e-02 2.595381220609230821e-01
3.290822067385837900e-04 1.803783683670230967e-02 2.595088059630794031e-01
3.294575235221538102e-04 1.803848120206865205e-02 2.595298636359692490e-01
3.290244048784779387e-04 1.803773620849067824e-02 2.595129368868339115e-01
3.294493213842725979e-04 1.803846627929040283e-02 2.595260170047245518e-01
3.290872957077234330e-04 1.803784521643210861e-02 2.595171965211423570e-01
3.293806075797520204e-04 1.803834946768838668e-02 2.595221763589735664e-01
3.291367350877470212e-04 1.803793071164962528e-02 2.595204464102793263e-01
3.293612515873091656e-04 1.803831593751598072e-02 2.595189045688715557e-01
3.291445796779351746e-04 1.803794289079269780e-02 2.595246595817601865e-01
3.293177380172030463e-04 1.803823917930000645e-02 2.595147693288022417e-01
3.292525617007746358e-04 1.803812774910028630e-02 2.595253206081404862e-01
3.292077584268125441e-04 1.803805193933185474e-02 2.595175404021390908e-01
3.293115396170117649e-04 1.803822997531913039e-02 2.595224326067315790e-01
3.291968932948819370e-04 1.803803340620913423e-02 2.595197214290134169e-01
3.292920191629738515e-04 1.803819687159610025e-02 2.595207673064888199e-01
3.292235913796429710e-04 1.803807956740181156e-02 2.595207585287220842e-01
3.292734559800425051e-04 1.803816515530152348e-02 2.595201662410302479e-01
3.292350307894554456e-04 1.803809918386731909e-02 2.595211974972493896e-01
3.292649871223998358e-04 1.803815054790805159e-02 2.595197602858915764e-01
3.292453191010327436e-04 1.803811674087067718e-02 2.595215007132568585e-01
3.292514290442305046e-04 1.803812724674383819e-02 2.595197344170878662e-01
3.292598100039229167e-04 1.803814163110327440e-02 2.595212233468776608e-01
3.292397209584846949e-04 1.803810718189773413e-02 2.595201537801912761e-01
3.292657974417897656e-04 1.803815189618041340e-02 2.595207546095971707e-01
3.292416868923147026e-04 1.803811057052230257e-02 2.595205990997759837e-01
3.292590123179800097e-04 1.803814031366219109e-02 2.595204486005179834e-01
3.292480568408777918e-04 1.803812153093151474e-02 2.595207501364081293e-01
3.292546504368971754e-04 1.803813284102393291e-02 2.595203810327004201e-01
3.292512616287914624e-04 1.803812702602691775e-02 2.595207727336598102e-01
3.292520329328907196e-04 1.803812835017765473e-02 2.595204002099285034e-01
3.292534308834834072e-04 1.803813074836834590e-02 2.595207162844070381e-01
3.292503469026736404e-04 1.803812546121811439e-02 2.595204750080648548e-01
3.292547153271993998e-04 1.803813295163631675e-02 2.595206380806724389e-01
3.292496014077263993e-04 1.803812418046206456e-02 2.595205553642581653e-01
3.292545186613419182e-04 1.803813261315861602e-02 2.595205589737042962e-01
3.292507661652461625e-04 1.803812618009804913e-02 2.595206166485412025e-01
3.292530512562257179e-04 1.803813010028346500e-02 2.595205262893269804e-01
3.292519950660530159e-04 1.803812828933760992e-02 2.595206265214160535e-01
3.292521572436492381e-04 1.803812856778420556e-02 2.595205316723295796e-01
3.292525965091884369e-04 1.803812932133008751e-02 2.595206103072699166e-01
3.292518086510482726e-04 1.803812797069694399e-02 2.595205527552286728e-01
3.292527716050818419e-04 1.803812962210965196e-02 2.595205900251493780e-01
3.292517365497423356e-04 1.803812784716330581e-02 2.595205702640194234e-01
3.292527557609951114e-04 1.803812959483661049e-02 2.595205747450337608e-01
3.292518662781727533e-04 1.803812806952832457e-02 2.595205832457445627e-01
3.292525198184657626e-04 1.803812919033099052e-02 2.595205654699140330e-01
3.292521440719257605e-04 1.803812854607611885e-02 2.595205879693553430e-01
3.292522674858390183e-04 1.803812875775407526e-02 2.595205647802332205e-01
1.700000000000000000e+01 3.799999999999999822e+00 1.069999999999999929e+01 9.500000000000000000e+00 0.000000000000000000e+00 0.000000000000000000e+00 0.000000000000000000e+00 5.265658353266892133e-01 0.000000000000000000e+00 0.000000000000000000e+00 5.000000000000000000e-01
1.700000000000000000e+01 3.799999999999999822e+00 1.069999999999999929e+01 9.500000000000000000e+00 0.000000000000000000e+00 0.000000000000000000e+00 0.000000000000000000e+00 5.265658353266892133e-01 0.000000000000000000e+00 0.000000000000000000e+00 5.000000000000000000e-01
1.700000000000000000e+01 3.799999999999999822e+00 1.069999999999999929e+01 9.500000000000000000e+00 0.000000000000000000e+00 0.000000000000000000e+00 0.000000000000000000e+00 5.265658353266892133e-01 0.000000000000000000e+00 0.000000000000000000e+00 5.000000000000000000e-01
1.692266112881328866e+01 3.578111605342357837e+00 9.640000000000000568e+00 9.627356361317261246e+00 -8.532017881870773701e-02 0.000000000000000000e+00 -8.532017881871233056e-02 1.745329251994329756e-01 -5.660310896262149560e-02 -3.490658503988658956e-01 1.025846049361623935e-01
1.681023221108654297e+01 3.419778446260599569e+00 9.640000000000000568e+00 9.911198371989003775e+00 -1.092434634957383521e-01 0.000000000000000000e+00 -1.092434634957382411e-01 6.981317007977317912e-01 5.116779368364907099e-02 -2.566899771362962657e-01 1.531166063415910772e-01
1.659998003367453379e+01 3.370000000000029416e+00 9.640000000000135572e+00 9.883800755004880756e+00 -1.728002949198688132e-01 0.000000000000000000e+00 -1.728002949198680915e-01 1.745329251994329478e-01 -2.385772668117899439e-02 -1.109633132585644694e-01 3.269606807521086012e-14
1.610579472357812136e+01 3.370000000001914131e+00 9.640000000003633218e+00 1.067999999999776506e+01 -3.330112896253883958e-01 0.000000000000000000e+00 -3.330112896254067700e-01 5.462401973296263646e-01 -1.614425344523310463e-02 -3.653982896983065665e-02 1.426494881419382299e-12
1.592793566111766879e+01 3.370000000000025420e+00 9.640000000000014779e+00 1.034093533556018762e+01 -3.259864583986764042e-01 0.000000000000000000e+00 -3.259864583986756825e-01 6.981317007977170253e-01 -1.944207235363154540e-02 -4.830795475714017018e-02 9.722673644355824873e-15
1.638924748836742040e+01 3.997493894757944588e+00 9.640000000000000568e+00 9.766513226999284925e+00 -1.935979251490607123e-01 0.000000000000000000e+00 -1.935979251490604347e-01 6.981317007977317912e-01 -1.804905535249874682e-03 -1.721072884858580732e-01 2.687277531733283653e-01
1.658829719737814656e+01 3.370000000000000107e+00 9.640000000000000568e+00 9.909241020191897675e+00 -1.680909249962725394e-01 0.000000000000000000e+00 -1.680909249962721785e-01 1.860960600860106506e-01 1.667557268479887694e-03 -8.430304487793821577e-02 3.066524718463404242e-01
1.659525156303485716e+01 3.370000000000000107e+00 9.640000000000000568e+00 9.888163428401975708e+00 -2.740949213185344124e-01 0.000000000000000000e+00 -2.740949213185323585e-01 1.745329251994329478e-01 -1.310789514893882096e-02 -7.587862389860725032e-02 7.386692920299717802e-01
1.669295298042005626e+01 3.370000000000000107e+00 9.640000000000000568e+00 9.843272455591424830e+00 -2.733990250100718500e-01 0.000000000000000000e+00 -2.733990250100720165e-01 1.824149332154344494e-01 -8.272106233164563602e-03 -7.392470964136127476e-02 0.000000000000000000e+00
1.674688019929358873e+01 3.370000000002495444e+00 9.640000000004029346e+00 9.805244185562544956e+00 -4.571900966475077044e-01 0.000000000000000000e+00 -4.571900966475017647e-01 1.745329251994605646e-01 -4.261163224327291221e-03 -5.220368045507753352e-03 5.654365864415922260e-13
1.686116316712428542e+01 3.370000000000000107e+00 9.640000000000000568e+00 9.761552965131535586e+00 -6.327955657959283275e-01 0.000000000000000000e+00 -6.327955657959265512e-01 2.822063073429744162e-01 -3.303591478474796062e-04 4.131148700484559011e-02 3.178800520828506948e-01
1.733434387659367815e+01 3.370000000001903029e+00 9.640000000002798330e+00 9.497029576877819679e+00 -5.241072789549086064e-01 0.000000000000000000e+00 -5.241072789549081623e-01 1.830842476252227957e-01 -2.504250609491768219e-03 -1.173717400495864066e-02 2.708765817256330588e-01
1.760332628941903010e+01 3.370000000000090701e+00 9.640000000000139124e+00 9.349933620351364993e+00 -5.917890241331222878e-01 0.000000000000000000e+00 -5.917890241331194012e-01 1.745329251994356123e-01 -8.283863122143370755e-03 -2.732866467871708852e-02 2.646657043661898578e-01
1.703625190485455576e+01 3.370000000001760920e+00 9.640000000002601155e+00 9.661796455179025855e+00 -6.213717040650330592e-01 0.000000000000000000e+00 -6.213717040650500456e-01 2.277140344991283594e-01 -4.757169168528085912e-03 -9.624754659860085965e-03 3.064190946857444642e-01
1.656721078397515612e+01 3.370000000000000107e+00 9.640000000000000568e+00 9.907677459625048755e+00 -6.419066723407617081e-01 0.000000000000000000e+00 -6.419066723407959030e-01 2.085363619386679801e-01 -6.040733316623574101e-04 7.681146328570524762e-03 2.503779008925088867e-01
1.644667598291035659e+01 3.370000000000000107e+00 9.640000000000000568e+00 9.974367636533987280e+00 -5.982795035991241850e-01 0.000000000000000000e+00 -5.982795035991217425e-01 2.158997235120389824e-01 -7.367991196425070603e-04 6.012771287877780729e-04 1.920828521550827506e-01
1.657831844286509693e+01 3.370000000000390461e+00 9.640000000000600977e+00 9.904092480750495753e+00 -6.662460451063877409e-01 0.000000000000000000e+00 -6.662460451063916267e-01 2.173462634366143953e-01 -2.014482798418301690e-04 6.357523578285041721e-03 2.429404824612245439e-01
1.673555044702266770e+01 3.370000000000148876e+00 9.640000000000224389e+00 9.818628324215859848e+00 -6.826649968589858508e-01 0.000000000000000000e+00 -6.826649968589880713e-01 2.123310971956953175e-01 -2.270308813309327399e-04 1.232459429509890833e-02 2.440399889091418029e-01
1.674330472237214451e+01 3.370000000017915553e+00 9.640000000027358240e+00 9.814302695271159394e+00 -7.200077541298031125e-01 0.000000000000000000e+00 -7.200077541297823513e-01 2.123261653891721779e-01 -4.928402948511266188e-04 1.175035265210384351e-02 2.389152963342091596e-01
1.676122062309484662e+01 3.370000000000000107e+00 9.640000000000000568e+00 9.804916328258663327e+00 -7.554624457055020281e-01 0.000000000000000000e+00 -7.554624457054763820e-01 2.122053605282355204e-01 -4.859387523950564093e-05 1.267948940870424444e-02 2.414810045297564600e-01
1.677067824365979831e+01 3.370000000000000107e+00 9.640000000000000568e+00 9.799999831935787498e+00 -7.967154763056455424e-01 0.000000000000000000e+00 -7.967154763056276678e-01 2.123791611963453396e-01 2.119686539928072704e-04 1.308902149037209466e-02 2.399240354207333448e-01
1.680878603048437014e+01 3.370000000000000107e+00 9.640000000000000568e+00 9.780230271264525044e+00 -8.584881993290817137e-01 0.000000000000000000e+00 -8.584881993290820468e-01 2.124087813523262980e-01 1.973945654021455002e-05 8.296769508364242041e-03 2.408493097323048115e-01
1.683681277885075289e+01 3.370000000006355467e+00 9.640000000009655068e+00 9.765260377718531615e+00 -1.016851895940886763e+00 0.000000000000000000e+00 -1.016851895940886097e+00 2.123240913641217809e-01 1.589282551686803466e-03 1.503009921240049118e-02 2.394884804397116040e-01
1.684761269201723266e+01 3.370000000000000107e+00 9.640000000000000568e+00 9.759787770199690016e+00 -1.198780692871229014e+00 0.000000000000000000e+00 -1.198780692871237008e+00 2.122716773890872821e-01 2.543133078810377000e-03 1.586513820694985394e-02 2.387851690076871203e-01
1.685839572637043560e+01 3.370000000000000107e+00 9.640000000000000568e+00 9.754656816146624720e+00 -1.425756407504881640e+00 0.000000000000000000e+00 -1.425756407504889633e+00 2.121828012869342306e-01 3.551605849130354785e-03 1.421490608283920362e-02 2.356030038470328380e-01
1.686237053783627005e+01 3.370000000000197282e+00 9.640000000000281233e+00 9.753632609376372997e+00 -1.974707831130334101e+00 0.000000000000000000e+00 -1.974707831130333879e+00 2.121966302819722761e-01 6.824471305599762866e-03 1.698374229878924641e-02 2.464965966250176332e-01
1.686774664723795780e+01 3.370000000006410090e+00 9.640000000009735004e+00 9.750070307572411110e+00 -1.647274993465398962e+00 0.000000000000000000e+00 -1.647274993465368764e+00 2.122428499306346361e-01 5.043115758296432515e-03 1.678220564273781232e-02 2.354500507139572485e-01
1.687472972009641481e+01 3.370000000000000107e+00 9.640000000000000568e+00 9.747398963692077700e+00 -2.149567556667377755e+00 0.000000000000000000e+00 -2.149567556667385304e+00 2.123288567287007211e-01 8.191741883276206296e-03 2.007327640448462736e-02 2.383654395224285016e-01
1.687406477514240066e+01 3.370000000000000107e+00 9.640000000000000568e+00 9.753654494370641359e+00 -4.704196855965960822e+00 0.000000000000000000e+00 -4.704196855965965263e+00 2.126924506370947709e-01 2.376938473875740004e-02 3.047186828268275832e-02 2.383387040388922629e-01
1.712202669642737973e+01 3.370000000000326956e+00 9.640000000000553015e+00 9.621246801623236422e+00 -4.580329491966812050e+00 0.000000000000000000e+00 -4.580329491966794286e+00 2.128555316866521385e-01 2.230685449704484027e-02 2.971715687427104249e-02 2.411199698683582915e-01
1.720741080486460461e+01 3.370000000000685336e+00 9.640000000001105462e+00 9.578159454890844415e+00 -5.888360682654879774e+00 0.000000000000000000e+00 -5.888360682654845135e+00 2.126582397240498468e-01 3.038546175266276794e-02 4.020163431450525515e-02 2.388684834551851599e-01
1.679408595463270260e+01 3.370000000000669793e+00 9.640000000001091252e+00 9.795093944753055837e+00 -4.186270587147227218e+00 0.000000000000000000e+00 -4.186270587147188138e+00 2.124069960738429186e-01 2.116891375445317802e-02 2.989640748910017340e-02 2.373002421599657019e-01
1.698698853794320840e+01 3.370000000001902585e+00 9.640000000002935110e+00 9.694250088046379332e+00 -5.046798919452989196e+00 0.000000000000000000e+00 -5.046798919452927024e+00 2.125576622924206238e-01 2.604310969208224746e-02 3.432696822864638592e-02 2.390169909172715490e-01
1.696996061536196976e+01 3.370000000003349871e+00 9.640000000005082725e+00 9.716406934968214060e+00 -9.999999999998959055e+00 0.000000000000000000e+00 -9.999999999998891553e+00 2.132577503332391822e-01 5.735419993714865883e-02 4.986192873921152513e-02 2.349597690809765993e-01
1.713956080295757545e+01 3.370000000000000107e+00 9.640000000000000568e+00 9.622246488429576416e+00 -8.658925223679995398e+00 0.000000000000000000e+00 -8.658925223680160599e+00 2.126651049809114846e-01 4.883838700835445995e-02 4.890288033646506688e-02 2.255473864761901037e-01
1.772067416399386985e+01 3.370000000000000107e+00 9.640000000000000568e+00 9.316555470907770697e+00 -1.000000000000000000e+01 0.000000000000000000e+00 -1.000000000000000000e+01 2.129752838422291072e-01 5.544661190081585922e-02 4.895034084041586381e-02 1.965055710403933453e-01
1.866870361563480429e+01 3.370000000000305196e+00 1.036266736287775103e+01 9.386900151809447479e+00 -9.999999999998049560e+00 0.000000000000000000e+00 -9.999999999998042455e+00 2.109355209335042614e-01 4.648414834972312143e-02 4.695777404442531833e-02 2.284061869487200580e-01
1.759627986898963314e+01 3.370000000000000107e+00 9.640000000000000568e+00 9.398653047174290620e+00 -1.000000000000000000e+01 0.000000000000000000e+00 -1.000000000000000000e+01 1.745329252243819351e-01 1.410426313974032508e-01 3.490658503988658956e-01 9.999999993933443854e-01
1.758922529317326067e+01 4.129999999994473647e+00 9.640000000000000568e+00 8.962018083651599909e+00 -1.000000000000000000e+01 0.000000000000000000e+00 -1.000000000000000000e+01 1.745329251994329478e-01 1.009043704586424228e-01 1.303324311672846847e-01 1.000000000000000000e+00
1.765172508050614653e+01 4.129999999999999893e+00 1.022512537275088995e+01 9.372137239942837539e+00 -4.645389128412579893e+00 0.000000000000000000e+00 -4.645389128412577229e+00 1.802791173318644691e-01 -6.708430573381912732e-03 -1.934994039667102539e-01 9.999999999999995559e-01
1.713344693704322452e+01 4.129999999999999893e+00 1.159182485416551778e+01 1.067999999929289956e+01 -6.939375036122589435e+00 0.000000000000000000e+00 -6.939375036131130159e+00 1.745329251994329478e-01 2.289381916539821871e-02 3.490658503988658956e-01 9.999999998580926253e-01
1.747804486345611963e+01 4.129999999999931504e+00 9.792176159743306130e+00 9.126586507887290978e+00 -9.999999999999984013e+00 0.000000000000000000e+00 -9.999999999999984013e+00 1.745329251994330866e-01 1.033129958432239676e-01 2.505108089849690800e-01 1.000000000000000000e+00
1.760679538044017534e+01 4.129999999999796501e+00 1.071659469647717700e+01 9.815325475407304268e+00 -9.999999999999888090e+00 0.000000000000000000e+00 -9.999999999999891642e+00 1.745329251994334474e-01 6.441528892287118335e-02 -4.629629783387032016e-02 1.000000000000000000e+00
1.753736073365676162e+01 4.129999999985391135e+00 1.043870031798491027e+01 9.620277227487076033e+00 -9.999999999993001154e+00 0.000000000000000000e+00 -9.999999999993237410e+00 1.745329251994686415e-01 8.571507621437979285e-02 1.223990816123970288e-01 1.000000000000000000e+00
1.755478349375879787e+01 4.129999999999975913e+00 1.072358459396516928e+01 9.838295348676941998e+00 -9.999999999999982236e+00 0.000000000000000000e+00 -9.999999999999984013e+00 1.783095889315996219e-01 8.063080461332430837e-02 1.125885407226884377e-01 9.351003019930166360e-01
1.754005470224700503e+01 4.129999999999981242e+00 1.065223200176672336e+01 9.788708766045912668e+00 -9.999999999999992895e+00 0.000000000000000000e+00 -9.999999999999992895e+00 1.753726921117302051e-01 8.238261322989459678e-02 1.179700707196744691e-01 9.615036591029368918e-01
1.752609240259345214e+01 3.507829363816555635e+00 1.083366854815678693e+01 1.029724821766211384e+01 -9.999999999999994671e+00 0.000000000000000000e+00 -9.999999999999994671e+00 1.745329251994329756e-01 7.689993639039353901e-02 1.230684858343105981e-01 9.001818890461437128e-01
1.752423938416170657e+01 3.370000000000000551e+00 1.085037792988609695e+01 1.039064824763527106e+01 -1.000000000000000000e+01 0.000000000000000000e+00 -9.999999999999998224e+00 1.745329251994329478e-01 7.597421490539174593e-02 1.241181653343880475e-01 8.895459007257960904e-01
1.752710537858316187e+01 3.689168085104041150e+00 1.089708515201865424e+01 1.024284525842954530e+01 -9.999999999999996447e+00 0.000000000000000000e+00 -1.000000000000000000e+01 1.745329251994329756e-01 7.699070857129308720e-02 1.219181342140503305e-01 8.995192680175938538e-01
1.752787095713315679e+01 3.582227008168514359e+00 1.084622226277154944e+01 1.026354477535043053e+01 -1.000000000000000000e+01 0.000000000000000000e+00 -1.000000000000000000e+01 1.748080872821120568e-01 7.710666147789103919e-02 1.227892664322294686e-01 9.004659125363874139e-01
1.752517238883634931e+01 3.370000000000000107e+00 1.081503357471634175e+01 1.036218619248496076e+01 -1.000000000000000000e+01 0.000000000000000000e+00 -1.000000000000000000e+01 1.745329251994329478e-01 7.641530223781430042e-02 1.234825949551725394e-01 8.961889832955020063e-01
1.752631035602113840e+01 3.541766030582992553e+00 1.085177964031939624e+01 1.029202831066023194e+01 -1.000000000000000000e+01 0.000000000000000000e+00 -1.000000000000000000e+01 1.745329251994329478e-01 7.684048019236683347e-02 1.227359419453260408e-01 8.992714195838860114e-01
1.752735269254159078e+01 3.631408861544132005e+00 1.086843263459340214e+01 1.025318140870092520e+01 -1.000000000000000000e+01 0.000000000000000000e+00 -1.000000000000000000e+01 1.746272353789399545e-01 7.708045185602624416e-02 1.223397672663777275e-01 9.006934214046463660e-01
1.752709695960470881e+01 3.665088673324716328e+00 1.088835394794130806e+01 1.024977934418143555e+01 -1.000000000000000000e+01 0.000000000000000000e+00 -1.000000000000000000e+01 1.745329251994329478e-01 7.698667111899662463e-02 1.219411346732077045e-01 8.999107133649764112e-01
1.752716891796328014e+01 3.690961137260786451e+00 1.089333054371698850e+01 1.023880334359317956e+01 -1.000000000000000000e+01 0.000000000000000000e+00 -1.000000000000000000e+01 1.745329251994329478e-01 7.707807645484399117e-02 1.220543138395519395e-01 9.003371358867293672e-01
1.752684900042594407e+01 3.640345655702761807e+00 1.088513892284484541e+01 1.026157250815092503e+01 -1.000000000000000000e+01 0.000000000000000000e+00 -1.000000000000000000e+01 1.745329251994329478e-01 7.693104085178445462e-02 1.222700985793625655e-01 8.991466069312359366e-01
1.752751628538533524e+01 3.496364885061417294e+00 1.083409898209949418e+01 1.030353578655864588e+01 -1.000000000000000000e+01 0.000000000000000000e+00 -1.000000000000000000e+01 1.747795371502601780e-01 7.682425384952989988e-02 1.226766212075396795e-01 8.989424795871142626e-01
1.752641808079279429e+01 3.427347646381425417e+00 1.085039790153141048e+01 1.035682859820012247e+01 -1.000000000000000000e+01 0.000000000000000000e+00 -1.000000000000000000e+01 1.745770651835720777e-01 7.630981386266656730e-02 1.223018399826470148e-01 8.953114055191404574e-01
1.752598998769499516e+01 3.370000000000002771e+00 1.085016936530562681e+01 1.038988814710703856e+01 -9.999999999999996447e+00 0.000000000000000000e+00 -9.999999999999996447e+00 1.745329251994329478e-01 7.602856874594206282e-02 1.222219282282859393e-01 8.932370775820989151e-01
1.752601864505142615e+01 3.370000000000018314e+00 1.084868517827322520e+01 1.038869600674501292e+01 -9.999999999999987566e+00 0.000000000000000000e+00 -9.999999999999989342e+00 1.745329251994329478e-01 7.603983088624879927e-02 1.221726141366767382e-01 8.934748023447351972e-01
1.752600867970561183e+01 3.370000000000000107e+00 1.084823598557703050e+01 1.038834206166798779e+01 -1.000000000000000000e+01 0.000000000000000000e+00 -1.000000000000000000e+01 1.745329251994332809e-01 7.604665881623097479e-02 1.221957527124150206e-01 8.935292549104276727e-01
1.752600052522246088e+01 3.370000000000000107e+00 1.084864515314709799e+01 1.038867098181755644e+01 -1.000000000000000000e+01 0.000000000000000000e+00 -1.000000000000000000e+01 1.745329251994331143e-01 7.604304268292054469e-02 1.222056610957302780e-01 8.934715817826148765e-01
1.752601110556089026e+01 3.370000000000032525e+00 1.084872386694977919e+01 1.038873007919181646e+01 -9.999999999999973355e+00 0.000000000000000000e+00 -9.999999999999975131e+00 1.745329251994329478e-01 7.604160882710152281e-02 1.221888272638929490e-01 8.934840778619064228e-01
1.752600768144616339e+01 3.370000000000008100e+00 1.084871832956012838e+01 1.038872699272288003e+01 -9.999999999999992895e+00 0.000000000000000000e+00 -9.999999999999994671e+00 1.745329251994329478e-01 7.604160514674555837e-02 1.221916701320521353e-01 8.934848881048657043e-01
1.752600758149951332e+01 3.370000000000000107e+00 1.084878607081101620e+01 1.038878121078966821e+01 -1.000000000000000000e+01 0.000000000000000000e+00 -1.000000000000000000e+01 1.745329251994330033e-01 7.604020838356762013e-02 1.221861451721041186e-01 8.934869041369531972e-01
