-2.617993877991494078e-01 -1.221730476396030718e-01 5.000000000000000000e-01
-1.809546444294584666e-01 -3.490658503988658956e-01 9.999999999999958922e-01
-2.841532829146075079e-01 -3.490658503988658956e-01 5.056996611687859522e-01
-2.483866216618275391e-01 -3.490658503988658956e-01 7.777647597408370306e-01
-3.061634054643646574e-01 -3.490658503988658956e-01 3.526905645469619044e-01
-2.838993584167516793e-01 -3.490658503988658956e-01 1.669442212149542248e-01
-2.801851567871023740e-01 -3.490658503988658956e-01 1.137054594343218372e-01
-2.833537277505179253e-01 -3.490658503988658956e-01 3.016326252993065671e-01
-2.853631828765214595e-01 -3.355482017246993465e-01 1.122182228556636990e-01
-2.798231978022812094e-01 -3.125640397602094112e-01 1.811706886069140432e-01
-2.791850530860363611e-01 -3.194485242914130163e-01 6.840510796545085093e-02
-2.797722588838765234e-01 -3.127386069927212131e-01 1.935756004617737447e-01
-2.802477575928459808e-01 -3.136714064602145746e-01 1.866029715624187846e-01
-2.798669412226473807e-01 -3.125712857140677259e-01 1.926604163899727495e-01
-2.799455216968917415e-01 -3.124168363761438694e-01 1.824277768170335656e-01
-2.798782465799183883e-01 -3.123545713381782329e-01 1.871722179628977634e-01
-2.798874280096377842e-01 -3.123452177787007789e-01 1.849000740483777716e-01
-2.798895857173976376e-01 -3.123534801706438491e-01 1.864364737679502226e-01
-2.798668106105161035e-01 -3.123257504397550233e-01 1.854243367264694908e-01
-2.798999662888935758e-01 -3.123580905873290514e-01 1.854284628505666332e-01
-2.798763413690491531e-01 -3.123353179729853601e-01 1.860348435456611049e-01
-2.798841898328636169e-01 -3.123409596492945917e-01 1.854730681848587581e-01
-2.798815378907159590e-01 -3.123392757841643719e-01 1.858408069798453688e-01
-2.798818872969984772e-01 -3.123390907717738529e-01 1.855787689383489036e-01
-2.798825323454765535e-01 -3.123399686494260363e-01 1.857742377005069112e-01
-2.798809372000681250e-01 -3.123383812176223628e-01 1.856334087404502564e-01
-2.798835042256375139e-01 -3.123406910337072628e-01 1.857040756929267122e-01
-2.798801285864186417e-01 -3.123378296647413288e-01 1.857112174176125396e-01
-2.798832327179951451e-01 -3.123404184520826021e-01 1.856405331542952952e-01
-2.798814519409105750e-01 -3.123389366585030413e-01 1.857218109747013346e-01
-2.798820293220837807e-01 -3.123393559711324929e-01 1.856573552040851893e-01
-2.798819743939052751e-01 -3.123393659025693880e-01 1.857063891339102712e-01
-2.798817731493183358e-01 -3.123391606563667988e-01 1.856681336396383830e-01
-2.798820977732536242e-01 -3.123394626752217240e-01 1.856959261411388062e-01
-2.798817092887780356e-01 -3.123391209188735029e-01 1.856771104451800103e-01
-2.798821345820272088e-01 -3.123394873677693417e-01 1.856867098524739579e-01
-2.798816690156007980e-01 -3.123390986371358258e-01 1.856849280114261647e-01
-2.798821577042378550e-01 -3.123395052396158444e-01 1.856781395090842945e-01
-2.798817163787368778e-01 -3.123391480666344866e-01 1.856916596967462807e-01
-2.798819985767653229e-01 -3.123393735283221395e-01 1.856755427567512717e-01
-2.798818963197147736e-01 -3.123392940738092816e-01 1.856894505472557466e-01
-2.798818716534036688e-01 -3.123392697929049389e-01 1.856788278214743237e-01
-2.798819628095467471e-01 -3.123393477460988943e-01 1.856859930689459259e-01
-2.798818470026054328e-01 -3.123392510219454299e-01 1.856817362829670526e-01
-2.798819608940152359e-01 -3.123393453995343960e-01 1.856835196399317933e-01
-2.798818561514677672e-01 -3.123392593244756488e-01 1.856834092360453714e-01
-2.798819503538666487e-01 -3.123393368418700966e-01 1.856822104166375997e-01
-2.798818670437066558e-01 -3.123392690008103267e-01 1.856844019309592253e-01
-2.798819330509116354e-01 -3.123393230055959702e-01 1.856814839782398308e-01
-2.798818917720913846e-01 -3.123392896060893653e-01 1.856846055789209138e-01
-2.798819050823505572e-01 -3.123393002516294814e-01 1.856817738788491268e-01
-2.798819156340281444e-01 -3.123393091681002653e-01 1.856839662478170783e-01
-2.798818894887172837e-01 -3.123392876577664734e-01 1.856825357347027805e-01
-2.798819212735170758e-01 -3.123393137540855236e-01 1.856831914639976155e-01
-2.798818913924759344e-01 -3.123392892631481899e-01 1.856831307585741497e-01
-2.798819160655101057e-01 -3.123393094637541001e-01 1.856828041259556417e-01
-2.798818967632593635e-01 -3.123392937062770547e-01 1.856833462755466957e-01
-2.798819108536514944e-01 -3.123393052371970513e-01 1.856826927587657550e-01
-2.798819019134438646e-01 -3.123392979602879205e-01 1.856833655212079548e-01
-2.798819058147321570e-01 -3.123393011442172074e-01 1.856827481702505167e-01
-2.798819063856260447e-01 -3.123393016340659245e-01 1.856832549547851596e-01
-2.798819022219269925e-01 -3.123392982278954122e-01 1.856828844091733821e-01
-2.798819087805966555e-01 -3.123393036062755423e-01 1.856831030238914881e-01
-2.798819013582408699e-01 -3.123392975367891289e-01 1.856830326104034479e-01
-2.798819081516153995e-01 -3.123393030935615045e-01 1.856829820555036537e-01
-2.798819028046635737e-01 -3.123392987226726314e-01 1.856831079962575903e-01
-2.798819065214629420e-01 -3.123393017626287516e-01 1.856829469104980257e-01
-2.798819043119636918e-01 -3.123392999590028363e-01 1.856831125980217545e-01
-2.798819052257272566e-01 -3.123393007063172133e-01 1.856829633939461877e-01
-2.798819053322782469e-01 -3.123393007953438327e-01 1.856830833450292817e-01
-2.798819044889535590e-01 -3.123393001061274821e-01 1.856829966894447959e-01
-2.798819058145121108e-01 -3.123393011914884498e-01 1.856830504223074552e-01
-2.798819042421006320e-01 -3.123392999065512377e-01 1.856830272437836049e-01
-2.798819058170941565e-01 -3.123393011950127418e-01 1.856830236030821424e-01
-2.798819044547892765e-01 -3.123393000814808085e-01 1.856830474561825817e-01
-2.798819054728167166e-01 -3.123393009139955878e-01 1.856830115472403731e-01
-2.798819048346082305e-01 -3.123393003925394873e-01 1.856830515474479915e-01
-2.798819051211520192e-01 -3.123393006268968541e-01 1.856830139575163241e-01
-2.798819051170126082e-01 -3.123393006237321079e-01 1.856830446954564617e-01
-2.798819049253173930e-01 -3.123393004670133588e-01 1.856830226103755310e-01
-2.798819052320752898e-01 -3.123393007180034209e-01 1.856830361838213983e-01
-2.798819048745861404e-01 -3.123393004258323002e-01 1.856830300652749788e-01
-2.798819052319148626e-01 -3.123393007180507164e-01 1.856830300452612381e-01
-2.798819049144212201e-01 -3.123393004585291455e-01 1.856830346658311370e-01
-2.798819052551012598e-01 -3.123393007362509910e-01 1.856830226154936037e-01
-2.798819052538090157e-01 -3.123393007352328610e-01 1.856830231630614558e-01
-2.798819050676532583e-01 -3.123393005834765312e-01 1.856830316448861429e-01
-2.798819050677084364e-01 -3.123393005835214398e-01 1.856830316423668248e-01
-2.798819050692388788e-01 -3.123393005847293624e-01 1.856830315698269895e-01
-2.798819050692411547e-01 -3.123393005847390769e-01 1.856830315689239064e-01
-2.798819050692356036e-01 -3.123393005847270865e-01 1.856830316786735879e-01
-2.798820124886273741e-01 -3.123404715598439019e-01 1.856827592698907514e-01
