-2.617993877991494078e-01 -1.221730476396030718e-01 5.000000000000000000e-01
-4.207892456430071815e-01 -3.490658503988658956e-01 3.183509011961405122e-12
-2.847131483320629042e-01 -3.490658503988658956e-01 2.288685663466581977e-01
-2.854212665584939246e-01 -3.490658503988658956e-01 7.665350284865898867e-02
-2.794439775974347229e-01 -3.328938781486513454e-01 1.000000000000000000e+00
-2.808409284389304372e-01 -3.296462626358621639e-01 1.795049894843751548e-01
-2.805436992036250965e-01 -3.099352716827172838e-01 1.809808325930982453e-01
-2.806128493512808908e-01 -3.095628349623511522e-01 1.801372824947007345e-01
-2.826791290245190824e-01 -3.307326644967116258e-01 1.755047103658773366e-01
-2.810082834143140529e-01 -3.098029375777708871e-01 1.857290775726485321e-01
-2.806565298731288904e-01 -3.093654900811140251e-01 1.910226881917855557e-01
-2.807649868891565204e-01 -3.092321186080581041e-01 1.782527720803691040e-01
-2.806620752183651701e-01 -3.094713520776423699e-01 1.798713667201152222e-01
-2.811273483085771074e-01 -3.145583065873492346e-01 1.791186956819467713e-01
-2.806415986701840115e-01 -3.099421538973343715e-01 1.838011001776865827e-01
-2.806197081964668105e-01 -3.095433358302072113e-01 1.823297909705777209e-01
-2.806382432884743094e-01 -3.094729525816214966e-01 1.819814068291672748e-01
-2.806367021561044783e-01 -3.095033559472473161e-01 1.812143774294932286e-01
-2.807270149516748470e-01 -3.104836064160627074e-01 1.810036080038877337e-01
-2.806876270449806809e-01 -3.096997198168626730e-01 1.805793452219133788e-01
-2.806569443727355839e-01 -3.095342752629717253e-01 1.806148706356630329e-01
-2.806471342848376738e-01 -3.094994016096974110e-01 1.809466874655656921e-01
-2.806440759852367739e-01 -3.095169310015418174e-01 1.809909161119259424e-01
-2.806744765440444822e-01 -3.098342753284895612e-01 1.808085005725818539e-01
-2.806535284421828869e-01 -3.096267058903070524e-01 1.815229514830166424e-01
-2.806418283462629448e-01 -3.095511279933280124e-01 1.812582426361658561e-01
-2.806422209249436195e-01 -3.095284667568995451e-01 1.811612094803704831e-01
-2.806430582907261662e-01 -3.095293879280564542e-01 1.810879655126059751e-01
-2.806445441376921868e-01 -3.095373214639242088e-01 1.810404670153318574e-01
-2.806473119730517607e-01 -3.095495916684993243e-01 1.810178451543426881e-01
-2.806446182957428315e-01 -3.095341504122560705e-01 1.810590188623015240e-01
-2.806448394975915028e-01 -3.095355623468801221e-01 1.810829720845706370e-01
-2.806445086747458295e-01 -3.095341710790328604e-01 1.810648757409444587e-01
-2.806444656094368995e-01 -3.095342329132994563e-01 1.810662532965426896e-01
-2.806444419355296760e-01 -3.095342607260204715e-01 1.810664957832706090e-01
-2.806444272792854577e-01 -3.095342767676460549e-01 1.810664640775899170e-01
-2.806444181310686625e-01 -3.095342845195363513e-01 1.810662860489727910e-01
-2.806444123260832257e-01 -3.095342883209672991e-01 1.810660699448261579e-01
-2.806444088114329327e-01 -3.095342895869118705e-01 1.810658473276325342e-01
-2.806444067876808779e-01 -3.095342895453122023e-01 1.810656391544926136e-01
-2.806444057965200023e-01 -3.095342887020049449e-01 1.810654516517140600e-01
-2.806444054842919256e-01 -3.095342874670710676e-01 1.810652876969716107e-01
-2.806444056364674755e-01 -3.095342860119018602e-01 1.810651467514539092e-01
-2.806444060834490384e-01 -3.095342844861190823e-01 1.810650274811414773e-01
-2.806444067198112235e-01 -3.095342829476051549e-01 1.810649279517826671e-01
-2.806444074617622242e-01 -3.095342814507300311e-01 1.810648461186993019e-01
-2.806444082528144479e-01 -3.095342800212650958e-01 1.810647800087928361e-01
-2.806444090525843094e-01 -3.095342786735500451e-01 1.810647278637541324e-01
-2.806444098259695541e-01 -3.095342774316257595e-01 1.810646877371611674e-01
-2.806444105542667544e-01 -3.095342762938881331e-01 1.810646583117373198e-01
-2.806444112180068173e-01 -3.095342752775011586e-01 1.810646377261831697e-01
-2.806444118083192274e-01 -3.095342743770791993e-01 1.810646250744985808e-01
-2.806444123178504779e-01 -3.095342736061055255e-01 1.810646181501189000e-01
-2.806444127432435320e-01 -3.095342729538885784e-01 1.810646166316925709e-01
-2.806444130910198953e-01 -3.095342724207229557e-01 1.810646182328506104e-01
-2.806444133579671374e-01 -3.095342719980581636e-01 1.810646230314270355e-01
-2.806444135657353844e-01 -3.095342716696481422e-01 1.810646287126123355e-01
-2.806444137041930742e-01 -3.095342714340349466e-01 1.810646359668371674e-01
-2.806444138068777128e-01 -3.095342712602395241e-01 1.810646427952573856e-01
-2.806444138570411972e-01 -3.095342711567433125e-01 1.810646500015070937e-01
-2.806444138933511523e-01 -3.095342710839955602e-01 1.810646562074918753e-01
-2.806444139706502638e-01 -3.095342710076873782e-01 1.810646601074180906e-01
-2.806444139225106049e-01 -3.095342710335269309e-01 1.810646651394178241e-01
-2.806444139383066361e-01 -3.095342710125892904e-01 1.810646687290913270e-01
-2.806444138793627308e-01 -3.095342710613986359e-01 1.810646720330239268e-01
-2.806444138309633907e-01 -3.095342711101333188e-01 1.810646703876289121e-01
-2.806444138321345649e-01 -3.095342711087736287e-01 1.810646703191953200e-01
-2.806444135463853073e-01 -3.095342714383574889e-01 1.810646847598617881e-01
-2.806444135526052208e-01 -3.095342714318070065e-01 1.810646848027565592e-01
-2.806444135782158456e-01 -3.095342714048803789e-01 1.810646849787335422e-01
-2.806444135786800298e-01 -3.095342714036710685e-01 1.810646846476310634e-01
2.530727415391778035e-01 3.490658503988658956e-01 7.500000000000000000e-01 -2.617993877991494078e-01 -1.221730476396030718e-01 5.000000000000000000e-01
2.457950134067204140e-01 3.496890554305873700e-01 7.498510965734376255e-01 -4.207892456186685393e-01 -3.490658503950407887e-01 0.000000000000000000e+00
2.457642683294770647e-01 3.496913152873393216e-01 7.498494324354244567e-01 -2.847131551351189116e-01 -3.490658503988658956e-01 2.288684220672586034e-01
2.529275189080094632e-01 3.488643754144431508e-01 7.494001516642099237e-01 -2.854208844742032181e-01 -3.490658503988658401e-01 7.666198655167080767e-02
2.390446153348758096e-01 3.479936434513333232e-01 7.433833089128151217e-01 -2.794456739438936910e-01 -3.331832256684464366e-01 9.999999999999995559e-01
2.398965145508434316e-01 3.414224100632288206e-01 7.253018593798300495e-01 -2.808464435143132598e-01 -3.301821324907895927e-01 1.792950337176096587e-01
2.699201092014524850e-01 3.455770229393312909e-01 7.446450627294796121e-01 -2.805213052389624595e-01 -3.100309496874802950e-01 1.812483701645454526e-01
2.457436771306358569e-01 3.446743795777567065e-01 7.359112154258319327e-01 -2.806756356641522676e-01 -3.093573473498053561e-01 1.796831385329898945e-01
2.512305478017398119e-01 3.400916435593556164e-01 7.247585374539753378e-01 -2.827670214032838025e-01 -3.309232777947313520e-01 1.731947974082357067e-01
2.435093507849463157e-01 3.364847691435912669e-01 7.127729130563538185e-01 -2.804443859022032748e-01 -3.116063321706759592e-01 1.896710587064152076e-01
2.433679180005463294e-01 3.261647159566012366e-01 6.846034290246130194e-01 -2.805696226925601389e-01 -3.099210470572360543e-01 1.928224134644700716e-01
2.436888196208610580e-01 3.150102206820434292e-01 6.543903880211306978e-01 -2.804894688163664385e-01 -3.096861626873481099e-01 1.794900754873036963e-01
2.638219223489646215e-01 3.165097188466302613e-01 6.637291507981127880e-01 -2.805457112744728643e-01 -3.091499823531729807e-01 1.826580999174477471e-01
2.446323844750201149e-01 3.118290257570928703e-01 6.461257801404041157e-01 -2.807125166914211656e-01 -3.099464723449049663e-01 1.780592757533902559e-01
2.446404822083806385e-01 3.120901861372528674e-01 6.467283727354242728e-01 -2.807276862864701017e-01 -3.098135740763544033e-01 1.799237435890456982e-01
2.447047732582828539e-01 3.134243754550520844e-01 6.504129572027042006e-01 -2.806647731635343868e-01 -3.095657093005089733e-01 1.806709812734332010e-01
2.447300244864196450e-01 3.139311352851814618e-01 6.517919511001861732e-01 -2.806594841606986357e-01 -3.095550695585683743e-01 1.811484569537797351e-01
2.447290048596831857e-01 3.139281540604820231e-01 6.518193637350241376e-01 -2.806503875695854910e-01 -3.095358615298878791e-01 1.809275411955881541e-01
2.447441065481504585e-01 3.142322776087905223e-01 6.526299412407270406e-01 -2.806517650332099878e-01 -3.095416823942543916e-01 1.813011315986791938e-01
2.447347519608667477e-01 3.140615860251372293e-01 6.521948683410121461e-01 -2.806472335997990952e-01 -3.095331294395530231e-01 1.809858885479603274e-01
2.447423441523077503e-01 3.142254771438254823e-01 6.526387087733440673e-01 -2.806469943521002208e-01 -3.095350455860645944e-01 1.811566480815627600e-01
2.447389159094428834e-01 3.141699784709436338e-01 6.524982990500154401e-01 -2.806456659163933942e-01 -3.095335064333600283e-01 1.810513332923697760e-01
2.447409618540690446e-01 3.142357799088705828e-01 6.526783890889473749e-01 -2.806453502298460467e-01 -3.095341592311953716e-01 1.811114444543826529e-01
2.447382636174666726e-01 3.141988402709339767e-01 6.525844871978146999e-01 -2.806449273995290650e-01 -3.095337366663246659e-01 1.810538504494819956e-01
2.447387605987452752e-01 3.142501575532299918e-01 6.527222560498798787e-01 -2.806447752287666297e-01 -3.095342768219916385e-01 1.811055321500585347e-01
2.447355181266586965e-01 3.142022157528020498e-01 6.525978712648813351e-01 -2.806446708674413815e-01 -3.095338792353094504e-01 1.810465149984602229e-01
2.447359246677588140e-01 3.142504577547601263e-01 6.527252121192791412e-01 -2.806445835928307875e-01 -3.095343323960206283e-01 1.810987551052705702e-01
2.447329320781471973e-01 3.142134376681748331e-01 6.526286739529117975e-01 -2.806445714410383818e-01 -3.095340402787908896e-01 1.810559695823706905e-01
2.447313445450107483e-01 3.142374546158341331e-01 6.526926417567964211e-01 -2.806444522311066780e-01 -3.095342939611639976e-01 1.810794179068535847e-01
2.447286206975642087e-01 3.142171643101768219e-01 6.526385513171965025e-01 -2.806445562718360986e-01 -3.095340831441863449e-01 1.810611002004866854e-01
2.447260053053342543e-01 3.142357530956025879e-01 6.526881848133337938e-01 -2.806443197545190338e-01 -3.095344094432385118e-01 1.810740190269787275e-01
2.447224921431160882e-01 3.142083798991249788e-01 6.526111687661008132e-01 -2.806447200350451476e-01 -3.095339032997260764e-01 1.810620448504123570e-01
2.447196830861530226e-01 3.142313794131954552e-01 6.526760256166577179e-01 -2.806442272701563101e-01 -3.095345075887338537e-01 1.810675831093840615e-01
2.447155310541734297e-01 3.142175622220445552e-01 6.526335062391787067e-01 -2.806445488707232094e-01 -3.095341198720487075e-01 1.810695259633811061e-01
2.447107110819472797e-01 3.142134513187270772e-01 6.526222982130475136e-01 -2.806443995939577607e-01 -3.095342764884455034e-01 1.810607564719259044e-01
2.447050029092629198e-01 3.142160609034564400e-01 6.526226514174358062e-01 -2.806444268897724248e-01 -3.095342688960656119e-01 1.810714789664865931e-01
2.446976129264902267e-01 3.142022229498047103e-01 6.525820033363410877e-01 -2.806444432495177610e-01 -3.095342266224548333e-01 1.810614344007233922e-01
2.446881488933176640e-01 3.141997499999937826e-01 6.525652731143051222e-01 -2.806443989648242376e-01 -3.095342927813118372e-01 1.810676471166349499e-01
2.446756676127113117e-01 3.141794902365141473e-01 6.524943740937571013e-01 -2.806444422451376264e-01 -3.095342311871853713e-01 1.810635112095289601e-01
2.446584027437786191e-01 3.141532062519222235e-01 6.523891191739782380e-01 -2.806443928778413754e-01 -3.095342983503789336e-01 1.810660987607855821e-01
2.446383264257635248e-01 3.140754755379813745e-01 6.520916065618775903e-01 -2.806444489369113726e-01 -3.095342238039806015e-01 1.810640308785609609e-01
2.446462297490757942e-01 3.138796070839285357e-01 6.513199325379084303e-01 -2.806443871248539002e-01 -3.095343060037439309e-01 1.810655200342950466e-01
2.447195065575289707e-01 3.136944610873538819e-01 6.505942521895253794e-01 -2.806444455491478585e-01 -3.095342294530794569e-01 1.810652600442133886e-01
2.447244200882616738e-01 3.136877732760924298e-01 6.505725853548124382e-01 -2.806443867141892867e-01 -3.095343065118600356e-01 1.810642040061017088e-01
2.447255817386754240e-01 3.136863154233751616e-01 6.505678216234247468e-01 -2.806444323626426929e-01 -3.095342468271461978e-01 1.810653089324788523e-01
2.447244464801788255e-01 3.136874378022543319e-01 6.505724815029385599e-01 -2.806444098949463783e-01 -3.095342756931214745e-01 1.810642129856202820e-01
2.447259188026081334e-01 3.136862281392293617e-01 6.505663619605730474e-01 -2.806444115528614058e-01 -3.095342741210780346e-01 1.810655063280004196e-01
2.447237334924067531e-01 3.136878583207229898e-01 6.505755403240317536e-01 -2.806444262682112889e-01 -3.095342542445668754e-01 1.810635917278902440e-01
2.447259126280139085e-01 3.136862990163820641e-01 6.505662990987104433e-01 -2.806444027819182674e-01 -3.095342862299882980e-01 1.810654867933807477e-01
2.447247094756247465e-01 3.136871001770863976e-01 6.505713296125407163e-01 -2.806444202752812478e-01 -3.095342622693469936e-01 1.810644830553684304e-01
2.447250094021781175e-01 3.136869501671858407e-01 6.505699990448863268e-01 -2.806444091918165462e-01 -3.095342771259261272e-01 1.810647390629388509e-01
2.447250140104839933e-01 3.136868344652554152e-01 6.505699082878834139e-01 -2.806444188320603161e-01 -3.095342642881370732e-01 1.810647578019985160e-01
2.447248105876524416e-01 3.136871081402089478e-01 6.505708048442627733e-01 -2.806444085141002742e-01 -3.095342781096054874e-01 1.810645696004901939e-01
2.447251222558490258e-01 3.136867081456300999e-01 6.505692802559578380e-01 -2.806444182668467735e-01 -3.095342651359561659e-01 1.810648519990577243e-01
2.447248075965354763e-01 3.136870545412629996e-01 6.505707116552280622e-01 -2.806444113251698735e-01 -3.095342743732581448e-01 1.810645643373135216e-01
2.447250611777924967e-01 3.136867544211167091e-01 6.505693980095409445e-01 -2.806444146040509846e-01 -3.095342699937858044e-01 1.810647960923699729e-01
2.447248232144597357e-01 3.136869811378958928e-01 6.505705005641044814e-01 -2.806444137293815366e-01 -3.095342711502637179e-01 1.810645803764316109e-01
2.447250865474545345e-01 3.136866926315295401e-01 6.505690503606726960e-01 -2.806444125450048288e-01 -3.095342727803262473e-01 1.810648249322804049e-01
2.447247662603496965e-01 3.136869826671888073e-01 6.505706362918017849e-01 -2.806444157933841166e-01 -3.095342684123525978e-01 1.810645324185546912e-01
2.447250327255243441e-01 3.136866967897847802e-01 6.505690787380460360e-01 -2.806444114341632434e-01 -3.095342743013201336e-01 1.810647895100478688e-01
2.447248861358870542e-01 3.136867971169290392e-01 6.505697514685998550e-01 -2.806444151348796434e-01 -3.095342692974419330e-01 1.810646554796024321e-01
2.447248980661811957e-01 3.136867748087500130e-01 6.505695537036656484e-01 -2.806444123850000416e-01 -3.095342729993105224e-01 1.810646774254736913e-01
2.447249448247423020e-01 3.136866522659199630e-01 6.505690938471634377e-01 -2.806444146692130825e-01 -3.095342699325763780e-01 1.810647209112609957e-01
2.447248472880421410e-01 3.136867568722452315e-01 6.505695503509585365e-01 -2.806444128681995220e-01 -3.095342723569955989e-01 1.810646420319793337e-01
2.447249282338489207e-01 3.136865839161929181e-01 6.505688113339187506e-01 -2.806444138933275601e-01 -3.095342709773193368e-01 1.810647221814166430e-01
2.447248516234071525e-01 3.136866483830251240e-01 6.505691334118791636e-01 -2.806444135577316756e-01 -3.095342714257291461e-01 1.810646571774660318e-01
2.447248952226587781e-01 3.136865198253723230e-01 6.505685719444426196e-01 -2.806444134362242604e-01 -3.095342715918864562e-01 1.810647104144514352e-01
2.447248372810734429e-01 3.136865500656721983e-01 6.505687635430494886e-01 -2.806444138857677184e-01 -3.095342709862562991e-01 1.810646604596155562e-01
2.447248677530106664e-01 3.136864280074119216e-01 6.505682227232865156e-01 -2.806444131525601682e-01 -3.095342719771945750e-01 1.810647080828603206e-01
2.447248246099568147e-01 3.136864257124561406e-01 6.505682801841033980e-01 -2.806444140153854794e-01 -3.095342708142483357e-01 1.810646699070468379e-01
2.447248241990289674e-01 3.136863462824445170e-01 6.505679415105458663e-01 -2.806444132411321513e-01 -3.095342718577449026e-01 1.810646903503912997e-01
2.447248116405100760e-01 3.136862727643057736e-01 6.505676753663532930e-01 -2.806444138365234431e-01 -3.095342710550390009e-01 1.810646872315307965e-01
2.447247819684706949e-01 3.136862447574725876e-01 6.505675831916506446e-01 -2.806444133825078957e-01 -3.095342716674212014e-01 1.810646770104083203e-01
2.447247962758221651e-01 3.136861741028113548e-01 6.505672936280334495e-01 -2.806444136802627720e-01 -3.095342712649004624e-01 1.810646949941600026e-01
2.447247735343220931e-01 3.136862114733240392e-01 6.505674639870486775e-01 -2.806444135319174915e-01 -3.095342714656478256e-01 1.810646754988491647e-01
2.447247724279649761e-01 3.136860925651975829e-01 6.505669885358182913e-01 -2.806444135676119944e-01 -3.095342714181146260e-01 1.810646928755782481e-01
2.447247418691655130e-01 3.136860511132992801e-01 6.505668565940744275e-01 -2.806444136066474915e-01 -3.095342713650420241e-01 1.810646788546632635e-01
2.447247301810233089e-01 3.136859420640855101e-01 6.505664321609457845e-01 -2.806444135259296702e-01 -3.095342714744311330e-01 1.810646905012580077e-01
2.447247020208762613e-01 3.136858821016098031e-01 6.505662261122870937e-01 -2.806444136409414480e-01 -3.095342713192015816e-01 1.810646802079617090e-01
2.447246837988314161e-01 3.136857761594757932e-01 6.505658222990200468e-01 -2.806444134963160253e-01 -3.095342715145986134e-01 1.810646890360804728e-01
2.447246572764348316e-01 3.136856955010448034e-01 6.505655333056876710e-01 -2.806444136634417275e-01 -3.095342712891330228e-01 1.810646822267422962e-01
2.447246318164246481e-01 3.136856032753492229e-01 6.505651953361619722e-01 -2.806444134912988719e-01 -3.095342715214536300e-01 1.810646859058854252e-01
2.447246340611893001e-01 3.136855902646269456e-01 6.505651392435801705e-01 -2.806444135300691367e-01 -3.095342714691344255e-01 1.810646883246141980e-01
2.447246336433962222e-01 3.136855945070935459e-01 6.505651514503347776e-01 -2.806444135673397122e-01 -3.095342714187958033e-01 1.810646860715791062e-01
2.447246078200063513e-01 3.136854928523131192e-01 6.505647718790894540e-01 -2.806444135916537630e-01 -3.095342713858922901e-01 1.810646846017271439e-01
2.447245796001036866e-01 3.136853914355737794e-01 6.505644057548929382e-01 -2.806444135692834907e-01 -3.095342714162374609e-01 1.810646859542725251e-01
2.447245794535885532e-01 3.136853925234592277e-01 6.505644105013728140e-01 -2.806444135792838246e-01 -3.095342714028050390e-01 1.810646853502979603e-01
2.447245794536745678e-01 3.136853925259864284e-01 6.505644105036766378e-01 -2.806444135792839911e-01 -3.095342714028063158e-01 1.810646853502921039e-01
2.447245912038197302e-01 3.136855831695324337e-01 6.505644753254600232e-01 -2.806444135793590977e-01 -3.095342714027051745e-01 1.810646852607882551e-01
2.447245891429498665e-01 3.136855503511317700e-01 6.505644649482827946e-01 -2.806444135792832140e-01 -3.095342714028355147e-01 1.810646852820695374e-01
2.447246138732604714e-01 3.136859489781953503e-01 6.505645971823885709e-01 -2.806444135802179662e-01 -3.095342714015325014e-01 1.810646850275320630e-01
2.447243908246339306e-01 3.136851385349512245e-01 6.505616995786699386e-01 -2.806444135802231288e-01 -3.095342714015863472e-01 1.810646850275064446e-01
2.447243280695478029e-01 3.136850708999845971e-01 6.505618266787435156e-01 -2.806444135802208528e-01 -3.095342714015624219e-01 1.810646850275028363e-01
2.447242896024536540e-01 3.136849725029586811e-01 6.505615753793650979e-01 -2.806444135802281248e-01 -3.095342714016377506e-01 1.810646850274719166e-01
2.447242485503637599e-01 3.136848653161989353e-01 6.505612987723908835e-01 -2.806444135802232953e-01 -3.095342714015874575e-01 1.810646850274729713e-01
2.447242485719757499e-01 3.136848653925334851e-01 6.505612976056766028e-01 -2.806444135802284023e-01 -3.095342714016397490e-01 1.810646850275745012e-01
2.447242445553521328e-01 3.136848836897746517e-01 6.505614590678747700e-01 -2.806444135802216300e-01 -3.095342714015694718e-01 1.810646850275793307e-01
2.447242445591211735e-01 3.136848835341264907e-01 6.505614577296869872e-01 -2.806444135802250162e-01 -3.095342714016036667e-01 1.810646850277193021e-01
2.447242445509075492e-01 3.136848835011481484e-01 6.505614581534323593e-01 -2.806444135802235174e-01 -3.095342714015880126e-01 1.810646850277262132e-01
2.447243471334564491e-01 3.136860041647741015e-01 6.505608726166767219e-01 -2.806444135800610917e-01 -3.095342714018344266e-01 1.810646848428372757e-01
2.447242901971659612e-01 3.136863845038961318e-01 6.505739073254306337e-01 -2.806444422829115215e-01 -3.095345689002242939e-01 1.810646063419726337e-01
2.447261821770742307e-01 3.136955428391206557e-01 6.505849913101202642e-01 -2.806445984531472093e-01 -3.095361876762140474e-01 1.810641704846666644e-01
2.447252611569107339e-01 3.136907212723222815e-01 6.505798905715993730e-01 -2.806446721816983625e-01 -3.095369518441213885e-01 1.810639697703672057e-01
2.447245069609664536e-01 3.136878011174961123e-01 6.505748789379490749e-01 -2.806444034704969059e-01 -3.095341666135723036e-01 1.810647126061729895e-01
2.447247678026656659e-01 3.136911770166810332e-01 6.505746911045763303e-01 -2.806444136008135470e-01 -3.095342716074581113e-01 1.810646826495983797e-01
2.447268512121286155e-01 3.136927440598425987e-01 6.505938130277927334e-01 -2.806444135803838336e-01 -3.095342714328384037e-01 1.810646845502168756e-01
2.447241911764237166e-01 3.136859302259692450e-01 6.505768874371782307e-01 -2.806444135771065662e-01 -3.095342714090564828e-01 1.810646848372945428e-01
2.447218876870074500e-01 3.136746068818951905e-01 6.505763195037106428e-01 -2.806444135774570081e-01 -3.095342714061074529e-01 1.810646848573035095e-01
2.447237827188137593e-01 3.136806236915201662e-01 6.505941941140178653e-01 -2.806444135772001580e-01 -3.095342714045907218e-01 1.810646848766040151e-01
2.447263737210920997e-01 3.136888083439972608e-01 6.506509959572296387e-01 -2.806444135772186987e-01 -3.095342714060712042e-01 1.810646848625553640e-01
2.447233692018057349e-01 3.136794238144833824e-01 6.505779122318070540e-01 -2.806444135770778114e-01 -3.095342714057973121e-01 1.810646848679743903e-01
2.447231514620388237e-01 3.136847238162019380e-01 6.505336254713600663e-01 -2.806444135771729576e-01 -3.095342714057915390e-01 1.810646848660655284e-01
2.447249695115805423e-01 3.136912384775034091e-01 6.505659089175601650e-01 -2.806444135771709592e-01 -3.095342714058041955e-01 1.810646848659953900e-01
2.447244522243407494e-01 3.136889298709241714e-01 6.505756064880677814e-01 -2.806444135771679060e-01 -3.095342714058000322e-01 1.810646848660959485e-01
2.447241122696922067e-01 3.136867252798470340e-01 6.505740782896493046e-01 -2.806444135771646309e-01 -3.095342714058028633e-01 1.810646848661313368e-01
2.447240983000324721e-01 3.136863989117948948e-01 6.505739747384743366e-01 -2.806444135771649639e-01 -3.095342714058059719e-01 1.810646848660962538e-01
2.447241360788336983e-01 3.136863227963700984e-01 6.505738012229522749e-01 -2.806444135771647419e-01 -3.095342714058054168e-01 1.810646848661069119e-01
2.447241607751254322e-01 3.136863908936595169e-01 6.505737345270196093e-01 -2.806444135771646864e-01 -3.095342714058051392e-01 1.810646848661106867e-01
2.447241668972887085e-01 3.136864136051578100e-01 6.505737107366432737e-01 -2.806444135771646864e-01 -3.095342714058051392e-01 1.810646848661111030e-01
2.447241679082755306e-01 3.136864199465051462e-01 6.505737033859241292e-01 -2.806444135771646864e-01 -3.095342714058051947e-01 1.810646848661106589e-01
2.447241674242584819e-01 3.136864189999626906e-01 6.505737019076611727e-01 -2.806444135771646864e-01 -3.095342714058053057e-01 1.810646848661100483e-01
2.447241667343762750e-01 3.136864170649241723e-01 6.505737014254033834e-01 -2.806444135771646864e-01 -3.095342714058053613e-01 1.810646848661094654e-01
2.447241663981624127e-01 3.136864165154336637e-01 6.505737015087424968e-01 -2.806444135771646864e-01 -3.095342714058054168e-01 1.810646848661091601e-01
2.447241663806481449e-01 3.136864164275766642e-01 6.505737015798858103e-01 -2.806444135771646864e-01 -3.095342714058054168e-01 1.810646848661091324e-01
2.447241624597323861e-01 3.136864107486562192e-01 6.505737016217632007e-01 -2.806444135771647419e-01 -3.095342714058058609e-01 1.810646848661052744e-01
2.447241588946937330e-01 3.136864058788100262e-01 6.505737012168159028e-01 -2.806444135771647974e-01 -3.095342714058062494e-01 1.810646848661016384e-01
2.447241517956707801e-01 3.136863961463766670e-01 6.505737004775828947e-01 -2.806444135771649084e-01 -3.095342714058070821e-01 1.810646848660943942e-01
2.447241143910693639e-01 3.136863444535186174e-01 6.505736972677192975e-01 -2.806444135771655191e-01 -3.095342714058115230e-01 1.810646848660563413e-01
2.447239220582500541e-01 3.136860788250326881e-01 6.505736804823495367e-01 -2.806444135771685722e-01 -3.095342714058341715e-01 1.810646848658606922e-01
2.447241673862384503e-01 3.136864176449041808e-01 6.505737018302603092e-01 -2.806444135771647419e-01 -3.095342714058057498e-01 1.810646848661063013e-01
2.447239704035195362e-01 3.136861522432438099e-01 6.505736746880030896e-01 -2.806444135771681281e-01 -3.095342714058308964e-01 1.810646848658905572e-01
2.447238890730074334e-01 3.136860375835340276e-01 6.505736710169200965e-01 -2.806444135771695714e-01 -3.095342714058416655e-01 1.810646848657982699e-01
2.447247031748455426e-01 3.136920211070364783e-01 6.505782304396996452e-01 -2.806444135771737902e-01 -3.095342714058057498e-01 1.810646848659701047e-01
2.447243797264412601e-01 3.136882553581855082e-01 6.505755677742451892e-01 -2.806444135771671289e-01 -3.095342714058040845e-01 1.810646848660820152e-01
2.447243665730840234e-01 3.136880992916026845e-01 6.505753578796545922e-01 -2.806444135771670179e-01 -3.095342714058040845e-01 1.810646848660843744e-01
2.447243668572859077e-01 3.136881016903472208e-01 6.505753414274372259e-01 -2.806444135771670179e-01 -3.095342714058041400e-01 1.810646848660837360e-01
2.447244034660758516e-01 3.136885256207738171e-01 6.505755801606213362e-01 -2.806444135771680726e-01 -3.095342714058047506e-01 1.810646848660643626e-01
2.447244040395137876e-01 3.136885322650842522e-01 6.505755841444729182e-01 -2.806444135771680726e-01 -3.095342714058048061e-01 1.810646848660641128e-01
2.447244080497494589e-01 3.136885781910939142e-01 6.505755906404385724e-01 -2.806444135771680726e-01 -3.095342714058048061e-01 1.810646848660638075e-01
2.447244087107608435e-01 3.136885858644432035e-01 6.505755957627493702e-01 -2.806444135771681281e-01 -3.095342714058048617e-01 1.810646848660635577e-01
2.447244092458866482e-01 3.136885920779416970e-01 6.505755999932038014e-01 -2.806444135771681281e-01 -3.095342714058049172e-01 1.810646848660633357e-01
2.447244096016352455e-01 3.136885962059591249e-01 6.505756027312755707e-01 -2.806444135771681281e-01 -3.095342714058049172e-01 1.810646848660631969e-01
2.447244097356806869e-01 3.136885977630629041e-01 6.505756038836303379e-01 -2.806444135771681281e-01 -3.095342714058049172e-01 1.810646848660631414e-01
2.447244098519810729e-01 3.136885986897942624e-01 6.505756008801180101e-01 -2.806444135771681281e-01 -3.095342714058048617e-01 1.810646848660633912e-01
2.447244397272647365e-01 3.136889460911804206e-01 6.505758529445053728e-01 -2.806444135771687942e-01 -3.095342714058060274e-01 1.810646848660517338e-01
2.447244388242873769e-01 3.136889353688094295e-01 6.505758369109723160e-01 -2.806444135771688497e-01 -3.095342714058060829e-01 1.810646848660516783e-01
2.447244390716221962e-01 3.136889382423656003e-01 6.505758390231257682e-01 -2.806444135771688497e-01 -3.095342714058061384e-01 1.810646848660516228e-01
2.447244395884199675e-01 3.136889442711325304e-01 6.505758442522078244e-01 -2.806444135771688497e-01 -3.095342714058062494e-01 1.810646848660515396e-01
2.447244403554268422e-01 3.136889526954287355e-01 6.505758480527960019e-01 -2.806444135771688497e-01 -3.095342714058062494e-01 1.810646848660517061e-01
2.447244410032845541e-01 3.136889602645759334e-01 6.505758549644551358e-01 -2.806444135771688497e-01 -3.095342714058063049e-01 1.810646848660516228e-01
2.447244416374644016e-01 3.136889676766177470e-01 6.505758618407757599e-01 -2.806444135771689052e-01 -3.095342714058064160e-01 1.810646848660515396e-01
2.447244422187888346e-01 3.136889744711636729e-01 6.505758681522418874e-01 -2.806444135771689052e-01 -3.095342714058064715e-01 1.810646848660514840e-01
2.447244427612524365e-01 3.136889808036073535e-01 6.505758737328214414e-01 -2.806444135771689052e-01 -3.095342714058065270e-01 1.810646848660514285e-01
2.447244430374963253e-01 3.136889840350042813e-01 6.505758768485557786e-01 -2.806444135771689052e-01 -3.095342714058065270e-01 1.810646848660514008e-01
2.447244431485164906e-01 3.136889852800031631e-01 6.505758777071112275e-01 -2.806444135771689052e-01 -3.095342714058065825e-01 1.810646848660514285e-01
2.447241987057344470e-01 3.136861258327360291e-01 6.505731403254988443e-01 -2.806444135771652415e-01 -3.095342714057838229e-01 1.810646848660747432e-01
2.447241986308075490e-01 3.136861250205569274e-01 6.505731419708532526e-01 -2.806444135771652415e-01 -3.095342714057838229e-01 1.810646848660747432e-01
2.447241986259628965e-01 3.136861249629314119e-01 6.505731418821313339e-01 -2.806444135771652415e-01 -3.095342714057838229e-01 1.810646848660747432e-01
2.447241986355051246e-01 3.136861250738007256e-01 6.505731419631015644e-01 -2.806444135771652415e-01 -3.095342714057838229e-01 1.810646848660747432e-01
2.447241986504746503e-01 3.136861252486908280e-01 6.505731421261630176e-01 -2.806444135771652415e-01 -3.095342714057838229e-01 1.810646848660747432e-01
2.447241986841926786e-01 3.136861256421931698e-01 6.505731424654991324e-01 -2.806444135771652415e-01 -3.095342714057838229e-01 1.810646848660747432e-01
2.447241988361053555e-01 3.136861274177382142e-01 6.505731441125724990e-01 -2.806444135771652415e-01 -3.095342714057838229e-01 1.810646848660747155e-01
2.447241995608981646e-01 3.136861358727887628e-01 6.505731514345419741e-01 -2.806444135771652415e-01 -3.095342714057838784e-01 1.810646848660746877e-01
2.447242033029242425e-01 3.136861795855614421e-01 6.505731910946677132e-01 -2.806444135771652970e-01 -3.095342714057842115e-01 1.810646848660743824e-01
2.447242221981146826e-01 3.136864003716167137e-01 6.505733931783816981e-01 -2.806444135771655746e-01 -3.095342714057858213e-01 1.810646848660727448e-01
2.447243167800277341e-01 3.136875056008934237e-01 6.505744065555996158e-01 -2.806444135771668513e-01 -3.095342714057939260e-01 1.810646848660644459e-01
-2.617993877991494078e-01 -1.221730476396030718e-01 5.000000000000000000e-01
-2.985046659595679830e-01 -3.490658503955063052e-01 2.209343819004061515e-14
-2.827205924947862048e-01 -3.490658503988658956e-01 3.441147581185848014e-15
-2.922343470396198128e-01 -3.490658503988658956e-01 7.682328632433031712e-02
-2.858806526243843349e-01 -3.490658503988492423e-01 5.791473136052288639e-01
-2.822937313207189991e-01 -3.490658503988658956e-01 1.781084268311085572e-01
-2.818298651786223519e-01 -3.490658503988658956e-01 1.207190443998867602e-01
-2.812916659503484906e-01 -3.490658503988658956e-01 2.813152959261746577e-01
-2.807533233915960325e-01 -3.490658503988658956e-01 1.458944941415177277e-01
-2.786789247261413638e-01 -3.175799163421739735e-01 2.388711248333170167e-01
-2.789361950808358914e-01 -3.073069355537108027e-01 1.402450733277380013e-01
-2.781847533408339235e-01 -3.129904438263418909e-01 1.915063474308149050e-01
-2.793114656398015261e-01 -3.082343681327769369e-01 1.959072581035478655e-01
-2.790368769026008722e-01 -3.079186018405609127e-01 1.700391361555424752e-01
-2.788928306560111703e-01 -3.079745546316582372e-01 1.885355807269929740e-01
-2.788983214759363505e-01 -3.077077907664667600e-01 1.797156811186551850e-01
-2.789571373269346677e-01 -3.076875230215986856e-01 1.834394365515565894e-01
-2.788593325386908295e-01 -3.077944086801379653e-01 1.827464852679506757e-01
-2.789204144489290105e-01 -3.076714800632994740e-01 1.808117004773141245e-01
-2.789009052028738611e-01 -3.077137609276682229e-01 1.826771431128476064e-01
-2.789049541353645356e-01 -3.076962606083679663e-01 1.813641140412870500e-01
-2.789072917055877565e-01 -3.076966825256650107e-01 1.821210269625006817e-01
-2.789024575006197604e-01 -3.077007919491091537e-01 1.816253714439485523e-01
-2.789097438548590047e-01 -3.076913244146911586e-01 1.818443867818021475e-01
-2.789011937212751979e-01 -3.077033851778379625e-01 1.818687955774236364e-01
-2.789082831825956954e-01 -3.076925764109149641e-01 1.816450176896871327e-01
-2.789044873778637190e-01 -3.076984774759690677e-01 1.818998709851863960e-01
-2.789056490998642612e-01 -3.076963459721103189e-01 1.816965627243088133e-01
-2.789058188799635740e-01 -3.076963970687579542e-01 1.818369204727559307e-01
-2.789050975845184244e-01 -3.076972242749240194e-01 1.817376514647902619e-01
-2.789061257074830213e-01 -3.076958873153515794e-01 1.817994086253525987e-01
-2.789049668295255358e-01 -3.076974657963202908e-01 1.817664989154576527e-01
-2.789061910623077400e-01 -3.076957566871821315e-01 1.817690870444312323e-01
-2.789050132741381360e-01 -3.076974435186519141e-01 1.817915189853045177e-01
-2.789059595992894880e-01 -3.076960784991058517e-01 1.817504808774656477e-01
-2.789054073093079622e-01 -3.076968916516385488e-01 1.817946389574894572e-01
-2.789055812934100875e-01 -3.076966131198610732e-01 1.817574128580511927e-01
-2.789056528013444392e-01 -3.076965316376737425e-01 1.817841226769933149e-01
-2.789054536686631502e-01 -3.076968020446206320e-01 1.817657462157556414e-01
-2.789057085875902287e-01 -3.076964497948369015e-01 1.817766307178557694e-01
-2.789054432928018135e-01 -3.076968222363878902e-01 1.817714130517638083e-01
-2.617993877991494078e-01 -1.221730476396030718e-01 5.000000000000000000e-01
-2.318631795610697210e-01 -3.490658503988658956e-01 1.000000000000000000e+00
-2.700502274987127138e-01 -2.266870808447656038e-01 2.942091015256664832e-14
-2.805236573578308024e-01 -3.490658503988527395e-01 1.747361885154860295e-01
-2.826176046902216799e-01 -3.490658503988658956e-01 3.950137316793590481e-01
-2.837102987394707343e-01 -3.490658503988658956e-01 1.130524648461904424e-01
-2.852133395921598868e-01 -3.490658503988658956e-01 2.108207554815033635e-01
-2.841655384270888041e-01 -3.401594852976291272e-01 0.000000000000000000e+00
-2.795620723180429201e-01 -3.098490940427406359e-01 1.943544888964813533e-01
-2.768832804509706591e-01 -2.991057716142358491e-01 1.214918999780068148e-01
-2.790907031938461014e-01 -3.116306024393007412e-01 2.319801353525798304e-01
-2.792307468484354072e-01 -3.080493936452116666e-01 1.727174412586925667e-01
-2.789273552697707492e-01 -3.090444382101060761e-01 2.058741461765206393e-01
-2.788096053304356947e-01 -3.074180124037349526e-01 1.821840488942651770e-01
-2.791440574807074748e-01 -3.082663963148177810e-01 1.854536799252270163e-01
-2.788713266585735595e-01 -3.075467342900132239e-01 1.851727368303906218e-01
-2.789367201305089083e-01 -3.076763134735481797e-01 1.821591320365519850e-01
-2.788955113037429601e-01 -3.075964518056545360e-01 1.855329770112784105e-01
-2.788909844086715495e-01 -3.075814811575983132e-01 1.835886656709898035e-01
-2.789131193278776011e-01 -3.076204021547668810e-01 1.843773243468313228e-01
-2.788856607056638404e-01 -3.075736155314461873e-01 1.842170427677742306e-01
-2.789041987303188530e-01 -3.076027311874663939e-01 1.840371867063579636e-01
-2.788925729768715334e-01 -3.075844655161486529e-01 1.843392309544927277e-01
-2.788985166382842440e-01 -3.075935104194411629e-01 1.839604321371303697e-01
-2.788959190462309556e-01 -3.075895519660951094e-01 1.843278061696536629e-01
-2.788949141643520258e-01 -3.075879206277286615e-01 1.840695026027577841e-01
-2.788976817658900820e-01 -3.075920753463257662e-01 1.842089032417333072e-01
-2.788939721513968850e-01 -3.075865676702130291e-01 1.841620198303577094e-01
-2.788974365529625077e-01 -3.075916672936720997e-01 1.841504079759517798e-01
-2.788947236135903562e-01 -3.075876797910977456e-01 1.841938825185941431e-01
-2.788964666717224650e-01 -3.075902313132213295e-01 1.841363422057958055e-01
-2.788953629972238391e-01 -3.075886276974978406e-01 1.841989866216798277e-01
-2.788958433854186181e-01 -3.075893302707884414e-01 1.841372674789267250e-01
-2.788958167287258760e-01 -3.075892927008700428e-01 1.841907717476553019e-01
-2.788954312855866924e-01 -3.075887395159773163e-01 1.841533759025056616e-01
-2.788960215629182615e-01 -3.075895849974216167e-01 1.841744362846653160e-01
-2.788953206714952504e-01 -3.075885874113891694e-01 1.841675707524275674e-01
-2.788959873765000652e-01 -3.075895367563669658e-01 1.841641118881450490e-01
-2.788954232804596312e-01 -3.075887375233868348e-01 1.841742474995899936e-01
-2.788958162588457412e-01 -3.075892934426584513e-01 1.841611516639806434e-01
-2.788955658190201414e-01 -3.075889407697275368e-01 1.841751392377233842e-01
-2.788956827031791041e-01 -3.075891062711403334e-01 1.841617521782099587e-01
-2.788956669253335185e-01 -3.075890847968876241e-01 1.841736419027263927e-01
-2.788955965787442981e-01 -3.075889865636837750e-01 1.841644961018580606e-01
-2.788957191411117753e-01 -3.075891584974869697e-01 1.841703765030899831e-01
-2.788955674635893445e-01 -3.075889464472728041e-01 1.841677438367582964e-01
-2.788957222220901366e-01 -3.075891631118258251e-01 1.841676975167281793e-01
-2.788955819799629476e-01 -3.075889673893114629e-01 1.841697235853567982e-01
-2.788956889281614671e-01 -3.075891167729389863e-01 1.841665858902915565e-01
-2.788956194582274950e-01 -3.075890199019150617e-01 1.841700669026954951e-01
-2.788956530041427628e-01 -3.075890667445356219e-01 1.841667855952078547e-01
-2.788956468756799145e-01 -3.075890582930135286e-01 1.841696136969452890e-01
-2.788956320995890081e-01 -3.075890377831044797e-01 1.841674275064634769e-01
-2.788956597398932757e-01 -3.075890763141225226e-01 1.841688880824867702e-01
-2.788956255858326405e-01 -3.075890288061946531e-01 1.841681502429120820e-01
-2.788956605993402893e-01 -3.075890775606062166e-01 1.841682735401573845e-01
-2.788956282211890736e-01 -3.075890325518167434e-01 1.841686257916282099e-01
-2.788956546794734148e-01 -3.075890693764065098e-01 1.841679588767309861e-01
-2.788956360239885912e-01 -3.075890434494381598e-01 1.841687722984673425e-01
-2.788956462177274997e-01 -3.075890576305745916e-01 1.841679654128512422e-01
-2.788956432675484542e-01 -3.075890535392869496e-01 1.841686695660914030e-01
-2.788956406320244330e-01 -3.075890498852797417e-01 1.841681209455149903e-01
-2.788956468660751531e-01 -3.075890585571131042e-01 1.841684943505592364e-01
-2.788956388142504461e-01 -3.075890473724888774e-01 1.841682949573136829e-01
-2.788956471399136605e-01 -3.075890589452032198e-01 1.841683448757115982e-01
-2.788956395096468532e-01 -3.075890483473557313e-01 1.841684090762656933e-01
-2.788956458075051992e-01 -3.075890571009473606e-01 1.841682683228292872e-01
-2.788956411864885743e-01 -3.075890506841713057e-01 1.841684501009112351e-01
-2.788956439670986498e-01 -3.075890545488595973e-01 1.841682605661356387e-01
-2.788956428916460895e-01 -3.075890530563944458e-01 1.841684321195952989e-01
-2.788956425726066835e-01 -3.075890526144016146e-01 1.841682946090918149e-01
-2.788956438644962788e-01 -3.075890544101921864e-01 1.841683913257095295e-01
-2.788956420210594866e-01 -3.075890518504447169e-01 1.841683362050920147e-01
-2.788956440208915644e-01 -3.075890546288185812e-01 1.841683542564467035e-01
-2.788956421579893430e-01 -3.075890520418567697e-01 1.841683651403281108e-01
-2.788956437014251111e-01 -3.075890541859289673e-01 1.841683347619874067e-01
-2.788956425593190902e-01 -3.075890526000820691e-01 1.841683758825263251e-01
-2.788956432755061443e-01 -3.075890535950926985e-01 1.841683317079587934e-01
-2.788956429570155215e-01 -3.075890531530762750e-01 1.841683727861191111e-01
-2.788956429431247996e-01 -3.075890531338549283e-01 1.841683389996911224e-01
-2.788956431990444185e-01 -3.075890534895212025e-01 1.841683634651807844e-01
-2.788956427940917915e-01 -3.075890529272369278e-01 1.841683486911043499e-01
-2.788956432595786628e-01 -3.075890535737900167e-01 1.841683545828174673e-01
-2.788956432990041812e-01 -3.075890536284399679e-01 1.841683472062743132e-01
-2.788956433459155448e-01 -3.075890536937057607e-01 1.841683466506447986e-01
-2.788956433470224372e-01 -3.075890536952452514e-01 1.841683466375287348e-01
-2.788956430051948709e-01 -3.075890532198713445e-01 1.841683506875256005e-01
-2.788956430393798036e-01 -3.075890532674081523e-01 1.841683503492039797e-01
-2.788956430393895181e-01 -3.075890532675131239e-01 1.841683503493691532e-01
-2.788956430393859653e-01 -3.075890532674747102e-01 1.841683503496241159e-01
-2.788956430271361531e-01 -3.075890532507229991e-01 1.841683513514995318e-01
-2.788958653902907092e-01 -3.075914528017342775e-01 1.841678170555718363e-01
