0.000000000000000000e+00 0.000000000000000000e+00 5.000000000000000000e-01
3.490658503982098093e-01 2.297223234332297914e-01 8.915645999252319598e-13
-3.237031895873135334e-02 -3.490658503988658956e-01 6.559400736547205124e-02
-6.223055123952513958e-03 -6.266257814936972148e-02 0.000000000000000000e+00
2.329698179705319908e-03 2.254673035328613739e-02 3.057965179366232689e-01
-3.912914995649901043e-03 -4.492789386723547440e-02 3.100505065534230886e-01
1.561213835329383452e-03 2.130265764977595788e-02 3.388068317864558199e-01
-1.170863575465626825e-03 -1.027141497387009522e-02 3.086315613950850745e-01
1.298412902053709163e-03 1.918396099128088367e-02 2.512467379258777056e-01
2.037704258483409147e-03 2.134071278870688926e-02 3.043200354894975979e-01
1.828955247675661828e-03 2.101822012697768596e-02 3.175568091823192107e-01
5.003907300792657855e-04 7.539977111525396347e-03 3.122637568046258139e-01
1.398441651018551618e-03 1.929209013409455276e-02 3.078711238968196429e-01
1.568076427913876704e-03 2.042879572832302648e-02 3.132594047267550641e-01
1.693943932114158049e-03 2.084920441830747859e-02 3.115413930177258206e-01
1.691269780668469775e-03 2.083254603232532684e-02 3.147175758588976469e-01
1.424615228551780969e-03 1.794922235466803531e-02 3.136119439423374899e-01
1.751260198180718724e-03 2.057076709702027051e-02 3.152367484934896491e-01
1.730336209223773576e-03 2.080548022492497567e-02 3.166803885545249053e-01
1.726245499180656612e-03 2.088465444434606591e-02 3.156320417887036323e-01
1.704956586001712742e-03 2.080589807725571894e-02 3.155386751024497616e-01
1.692660600589460454e-03 2.073458695671772517e-02 3.151774610077252570e-01
1.684551681018222127e-03 2.066756250321799895e-02 3.146938280236773466e-01
1.697535743876586213e-03 2.075199896968532229e-02 3.149355678825520588e-01
1.699781593943437653e-03 2.076090792965187143e-02 3.149590739522102889e-01
1.699873351014067604e-03 2.076476658716900139e-02 3.150084533591591684e-01
1.700911691661268019e-03 2.076745380557628445e-02 3.150083686416771944e-01
1.700129532761060838e-03 2.076712045753264721e-02 3.150357066781502846e-01
1.701334917448475790e-03 2.076979359519137702e-02 3.150281330292674098e-01
1.700330024345166188e-03 2.076826448033344125e-02 3.150481536447614084e-01
1.700744483155986050e-03 2.076941210822629350e-02 3.150520735269362604e-01
1.700579005393874823e-03 2.076919387378279788e-02 3.150589335765967003e-01
1.700723816978992175e-03 2.076961821953089357e-02 3.150627907594101274e-01
1.700645575028761130e-03 2.076948509434649315e-02 3.150663191115046780e-01
1.700729980514184168e-03 2.076971468852828462e-02 3.150691523421809137e-01
1.700656749583089652e-03 2.076955027987371222e-02 3.150711590324977163e-01
1.700738138479702347e-03 2.076975015553989348e-02 3.150735218300501628e-01
1.700653405115881917e-03 2.076954087308263697e-02 3.150744027688505700e-01
1.700732360997648813e-03 2.076972355946750740e-02 3.150768050791836195e-01
1.700659642184421940e-03 2.076953935340375770e-02 3.150769365900074059e-01
1.700691110270497429e-03 2.076959834337629984e-02 3.150790660385778263e-01
1.700655604706922475e-03 2.076950410687391710e-02 3.150792230468329458e-01
1.700645591303533892e-03 2.076946295361849909e-02 3.150804345226254632e-01
1.700625449836234548e-03 2.076940935428200907e-02 3.150804732065278779e-01
1.700610415708078390e-03 2.076936980628503460e-02 3.150804534521861044e-01
1.700601339498122692e-03 2.076934909719823502e-02 3.150801851837735645e-01
1.700596940750939354e-03 2.076934102209732416e-02 3.150798868099702332e-01
1.700595472913772003e-03 2.076934019890866803e-02 3.150796193932037248e-01
1.700595477008699742e-03 2.076934255411118715e-02 3.150794023301164981e-01
1.700596095091702490e-03 2.076934589566151179e-02 3.150792323357473612e-01
1.700596892894947832e-03 2.076934922019570834e-02 3.150791002514800598e-01
1.700597681691519078e-03 2.076935216318644140e-02 3.150789971361879771e-01
1.700598394922538678e-03 2.076935465270669454e-02 3.150789159201528022e-01
1.700599018813620921e-03 2.076935672737247746e-02 3.150788513917148759e-01
1.700599558601108849e-03 2.076935845373181766e-02 3.150787997595035916e-01
1.700600024698284028e-03 2.076935989617375092e-02 3.150787582317923219e-01
1.700600427769014249e-03 2.076936110878507130e-02 3.150787247112868394e-01
1.700600777275428294e-03 2.076936213489199642e-02 3.150786975945737423e-01
1.700601081218020092e-03 2.076936300868374372e-02 3.150786756377668696e-01
1.700601346313345124e-03 2.076936375725013315e-02 3.150786578658305581e-01
1.700601578139029641e-03 2.076936440204530179e-02 3.150786435085612402e-01
1.700601781442723183e-03 2.076936496045895392e-02 3.150786319559696347e-01
1.700601960089252827e-03 2.076936544618966998e-02 3.150786227225674252e-01
1.700602117478119089e-03 2.076936587074425938e-02 3.150786154287487095e-01
1.700602255658546476e-03 2.076936624130874473e-02 3.150786097653797135e-01
0.000000000000000000e+00 0.000000000000000000e+00 5.000000000000000000e-01
-3.245038275263718852e-02 -3.490658503988658956e-01 0.000000000000000000e+00
-1.782553964245512865e-02 -1.092723312117927642e-01 0.000000000000000000e+00
-1.476265355507335938e-02 -4.764509749108436498e-02 7.327471962526033167e-15
3.385838900056463777e-03 1.700819505477170479e-02 0.000000000000000000e+00
-4.634368522569721691e-03 -1.636563114388427109e-02 3.969219736890639005e-01
-1.317487866585831738e-03 2.727149227048916713e-02 7.731995258961185669e-02
-3.251543356693817680e-03 -3.966899832879899890e-03 3.726738477964741114e-01
-1.754650284806849939e-03 1.313213785846260168e-02 2.778151317408421583e-01
-1.845797715254552350e-03 1.360767274210097216e-02 2.199252233459855765e-01
-1.579008061404396993e-03 1.497551536269323136e-02 2.576677941654113013e-01
-2.251384505451365595e-03 1.333757384977423896e-02 2.519037989959063695e-01
-1.605282352038780915e-03 1.485551963434357005e-02 2.475186227502229608e-01
-1.646556687636028821e-03 1.488237177126944429e-02 2.548556588983286186e-01
-1.682042443197856365e-03 1.476986066030747287e-02 2.501268181436372418e-01
-1.667509544352457386e-03 1.484285020107269266e-02 2.533594953964180552e-01
-1.677401742343091317e-03 1.480889914585223691e-02 2.518395754475721282e-01
-1.669597986884128983e-03 1.483680977236916457e-02 2.530047335842781075e-01
-1.679996105565079254e-03 1.480941959454192859e-02 2.523219540216369849e-01
-1.659432948432907045e-03 1.485603346200038005e-02 2.526842377996160738e-01
-1.684381884641848477e-03 1.480327300159654802e-02 2.528595602745799531e-01
-1.672026605961393977e-03 1.482901801089332033e-02 2.525314339096688121e-01
-1.672540570733409455e-03 1.482948923411977343e-02 2.528374318518087360e-01
-1.673594337127447956e-03 1.482619885820398754e-02 2.526103272143123135e-01
-1.672415409090165185e-03 1.482958810359118369e-02 2.527956693293176849e-01
-1.673533875660909286e-03 1.482670057701054867e-02 2.526781804795975583e-01
-1.672482730587824705e-03 1.482934495892683328e-02 2.527705814094270420e-01
-1.673666913651430639e-03 1.482659430007518368e-02 2.527144544537290871e-01
-1.672091102067844960e-03 1.483011134243249207e-02 2.527552462494833119e-01
-1.674146962420468678e-03 1.482571394500556416e-02 2.527543857340947553e-01
-1.672210439631713558e-03 1.482973086122536983e-02 2.527193787757038290e-01
-1.673038017591531269e-03 1.482812309820135191e-02 2.527698722407094034e-01
-1.672996318668874220e-03 1.482815815593050042e-02 2.527380783359405858e-01
-1.672793115495067179e-03 1.482862874214631137e-02 2.527618510092519144e-01
-1.673053662639924785e-03 1.482805369050222560e-02 2.527457309004327302e-01
-1.672773873377619586e-03 1.482866378093951158e-02 2.527591190774881036e-01
-1.673043034115070937e-03 1.482808399069396321e-02 2.527499189585606931e-01
-1.672779537829409587e-03 1.482864828356241643e-02 2.527569919884674055e-01
-1.673027300343126345e-03 1.482812175623498402e-02 2.527534274273639525e-01
-1.672779264367642467e-03 1.482864595573578186e-02 2.527543283943390340e-01
-1.673016588923244199e-03 1.482814680849050583e-02 2.527575234783483449e-01
-1.672820191937877260e-03 1.482855643115614172e-02 2.527506961661214469e-01
-1.672914379960159211e-03 1.482836261223302587e-02 2.527591749779600772e-01
-1.672924416421626677e-03 1.482833906860337760e-02 2.527523947682665528e-01
-1.672856321086349475e-03 1.482848457366151007e-02 2.527571769152873182e-01
-1.672940878032859674e-03 1.482830557281872123e-02 2.527543584324221104e-01
-1.672860780651961015e-03 1.482847484850039615e-02 2.527559108955828027e-01
-1.672926352169225132e-03 1.482833666584033698e-02 2.527553963429780559e-01
-1.672872979284433436e-03 1.482844906694853922e-02 2.527553320619328470e-01
-1.672916231981233038e-03 1.482835808171207616e-02 2.527558986708050570e-01
-1.672880996774714487e-03 1.482843208786092416e-02 2.527549578433119781e-01
-1.672906103748420057e-03 1.482837938648625883e-02 2.527562496350617693e-01
-1.672894054087185976e-03 1.482840456672330706e-02 2.527548126140002349e-01
-1.672891493083276601e-03 1.482841011054494146e-02 2.527561711290505220e-01
-1.672906000400644190e-03 1.482837948830920127e-02 2.527551251716986247e-01
-1.672885170676326628e-03 1.482842338306777051e-02 2.527557864174159175e-01
-1.672905763583834539e-03 1.482838004527041800e-02 2.527555227410477334e-01
-1.672889211049568984e-03 1.482841488910550953e-02 2.527555118426794145e-01
-1.672900957623903954e-03 1.482839018734773140e-02 2.527556881496909047e-01
-1.672893017520471568e-03 1.482840688369320599e-02 2.527554338479812701e-01
-1.672897885608507548e-03 1.482839665181802900e-02 2.527557278879580815e-01
-1.672895617055029666e-03 1.482840141431453901e-02 2.527554299621957989e-01
-1.672895568087234787e-03 1.482840152547267205e-02 2.527557066685767739e-01
-1.672897566251689431e-03 1.482839731608878026e-02 2.527554763636775115e-01
-1.672894055299557975e-03 1.482840470585012303e-02 2.527556484657076941e-01
-1.672898454281751459e-03 1.482839544898793306e-02 2.527555459471891308e-01
-1.672894014843773853e-03 1.482840478920999412e-02 2.527555785788540565e-01
-1.672897650850379029e-03 1.482839714165548085e-02 2.527556048205330530e-01
-1.672895172284747430e-03 1.482840235593784091e-02 2.527555435837187670e-01
-1.672896564193804845e-03 1.482839942904968893e-02 2.527556195225141300e-01
-1.672896022977213553e-03 1.482840056707889452e-02 2.527555435938935724e-01
-1.672895941641905923e-03 1.482840073888510440e-02 2.527556108768570509e-01
-1.672896440671363437e-03 1.482839968890255905e-02 2.527555573843837111e-01
-1.672895684383318010e-03 1.482840128012862663e-02 2.527555960669231605e-01
-1.672896576932680120e-03 1.482839940243647382e-02 2.527555719275816348e-01
-1.672895649977133945e-03 1.482840135237144426e-02 2.527555826162770636e-01
-1.672896499682759034e-03 1.482839956495173549e-02 2.527555841268345760e-01
-1.672895828409502869e-03 1.482840097702805247e-02 2.527555731658092664e-01
-1.672896264794563985e-03 1.482840005917106935e-02 2.527555898793271694e-01
0.000000000000000000e+00 0.000000000000000000e+00 5.000000000000000000e-01
3.490658503988658956e-01 -3.490658503988658956e-01 7.480900153147593823e-01
-1.849185075924081323e-02 -1.671467641174758101e-01 4.644946388538246929e-01
1.721489792010198749e-02 -4.564274615771224397e-02 6.913575777374028064e-01
-1.143884830977930922e-01 -3.490658503988658401e-01 9.999999999999995559e-01
-5.416484632098272217e-03 -1.224008049748772364e-01 0.000000000000000000e+00
-1.636964845491423182e-02 -9.383945492730941251e-02 0.000000000000000000e+00
-2.190045371411701580e-04 -3.558906594273844592e-02 5.421965598732383373e-01
2.708127070271576162e-03 -1.255014114488309240e-02 2.073335185479374676e-02
-1.666629090247751313e-03 9.715769254628969787e-03 2.313991526675418242e-01
2.246599389924110526e-03 5.931239494029516557e-03 3.661695175002079861e-01
1.880066426729772727e-03 1.800780030684128591e-02 2.355249693298682168e-01
-2.562910367612434258e-03 -2.787721775872848556e-02 2.369450601740773488e-01
7.877192109745018503e-04 1.713570863236503483e-02 3.064198308945831339e-01
2.116996799679506536e-03 1.858737216218210586e-02 2.704409796729343451e-01
1.455208882369442638e-03 1.606868327991687467e-02 2.415168402879946941e-01
2.179036002842634628e-04 -1.641592153413459765e-04 2.549647297733502183e-01
1.661620189556079537e-03 1.781588344272956592e-02 2.619150934548811760e-01
1.836665715128561315e-03 1.843166417275765578e-02 2.535819422516637500e-01
1.646850734889980516e-03 1.779386616998247100e-02 2.516325569019551289e-01
1.623989873495295571e-03 1.743795582107377992e-02 2.480374241934919788e-01
1.685271449804744788e-03 1.773495118365225193e-02 2.486999520974615963e-01
1.699748751563847672e-03 1.784198486273572484e-02 2.494475224056525442e-01
1.704979474453412452e-03 1.787231397174123340e-02 2.497520713805187476e-01
1.705583036801041697e-03 1.788636568829649748e-02 2.499454197967416746e-01
1.707236471879139492e-03 1.789281049434877230e-02 2.500499121709615635e-01
1.705733391525572022e-03 1.789628739339793606e-02 2.501321479350782084e-01
1.708756244049832720e-03 1.789921238064707751e-02 2.501813282785022019e-01
1.704497524573752188e-03 1.789876457683442501e-02 2.502129092014250822e-01
1.709068490721959380e-03 1.790184984989532865e-02 2.502492053245209958e-01
1.705500277404291580e-03 1.790056404737927140e-02 2.502657405724859618e-01
1.706405635634461980e-03 1.790157613491875563e-02 2.502980725827778086e-01
1.705817165494655403e-03 1.790130920159576852e-02 2.503135718462418668e-01
1.705969400953773110e-03 1.790151088973391744e-02 2.503293441968377775e-01
1.705674428706458259e-03 1.790129610209872241e-02 2.503363931440223955e-01
1.705770645909155270e-03 1.790139304094144623e-02 2.503445812169698970e-01
1.705479487527070560e-03 1.790113269566858886e-02 2.503456825699960642e-01
1.705784411251105772e-03 1.790140935311078027e-02 2.503524509630615236e-01
1.705247714143005812e-03 1.790090048894684566e-02 2.503468085478076088e-01
1.705713004961278978e-03 1.790134468824102626e-02 2.503530289571676559e-01
1.705441479943149707e-03 1.790108979210420365e-02 2.503489166077053074e-01
1.705522005553481183e-03 1.790116876190806297e-02 2.503497344035806038e-01
1.705458621003680527e-03 1.790110643319575354e-02 2.503488699326121281e-01
1.705508497844857897e-03 1.790115579381602873e-02 2.503492469339514415e-01
1.705432244324857870e-03 1.790107907687266478e-02 2.503485688151585453e-01
1.705507003269864617e-03 1.790115460519848406e-02 2.503491007024794546e-01
1.705455657844735752e-03 1.790110282109982562e-02 2.503488870711861880e-01
1.705474904267898417e-03 1.790112280824573965e-02 2.503483003200360213e-01
1.705461233845113325e-03 1.790110782183189711e-02 2.503505188073223975e-01
1.705467834386009728e-03 1.790111502937639237e-02 2.503478574069354368e-01
1.705465891331489712e-03 1.790111341521449101e-02 2.503488906799785640e-01
1.705463124686316121e-03 1.790111052288420948e-02 2.503486783751989742e-01
1.705466598929283439e-03 1.790111415112108015e-02 2.503487805766236307e-01
1.705459751832068922e-03 1.790110696200661322e-02 2.503486916920537042e-01
1.705471323142148093e-03 1.790111908485235437e-02 2.503488073710614104e-01
1.705456894251295352e-03 1.790110388681547329e-02 2.503486883521131023e-01
1.705466990561381284e-03 1.790111455659947060e-02 2.503487562614221118e-01
1.705461817631431657e-03 1.790110911514855227e-02 2.503487461407213899e-01
1.705464251094909473e-03 1.790111168489953372e-02 2.503487121149772787e-01
1.705462461787671290e-03 1.790110979124931792e-02 2.503488079192863758e-01
1.705463909607565429e-03 1.790111131122042176e-02 2.503485954536606162e-01
1.705463111731099794e-03 1.790111045455833327e-02 2.503488755821409173e-01
1.705462664909700252e-03 1.790110999986880072e-02 2.503486889496154832e-01
1.705463816712563191e-03 1.790111122464175392e-02 2.503487599148788711e-01
1.705461937660079919e-03 1.790110922900647883e-02 2.503487278638255598e-01
1.705464419470138380e-03 1.790111186032289359e-02 2.503487431499280547e-01
1.705462134308234059e-03 1.790110943532060434e-02 2.503487416011430655e-01
1.705463472134732946e-03 1.790111085868235571e-02 2.503487341125210097e-01
1.705462773468809220e-03 1.790111011672776767e-02 2.503487465740764084e-01
1.705463163571322013e-03 1.790111053109334424e-02 2.503487287608481271e-01
1.705462917802721230e-03 1.790111026960569673e-02 2.503487559302858267e-01
1.705463014343062056e-03 1.790111037123538404e-02 2.503487174009184635e-01
1.705463091444438120e-03 1.790111045327852368e-02 2.503487570974373133e-01
1.705462858341492104e-03 1.790111020601403008e-02 2.503487307268874029e-01
