2.530727415391778035e-01 3.490658503988658956e-01 7.500000000000000000e-01
1.251065584292594679e-01 -1.745329251994305886e-01 1.500000000000000000e+00
1.484226249058143710e-01 -1.745329251994329756e-01 2.882374183713911631e-01
2.097812225605656666e-01 -1.745329251994329200e-01 6.740594814787517208e-01
2.440486788421566411e-01 2.608024613301279659e-01 5.378173136664345932e-01
2.494825126914864966e-01 3.881084903596555558e-01 5.349455636316381435e-01
2.495337129146087407e-01 3.054346783220048267e-01 5.800798787919752009e-01
2.476921984644370467e-01 2.879281334304999995e-01 6.867211667753491122e-01
2.497165155438038631e-01 3.122294322327778815e-01 6.496590325850003511e-01
2.499923006010522086e-01 3.242294384106411131e-01 6.970319483806406424e-01
2.500320048121638106e-01 3.185366665303245859e-01 6.456616541984024904e-01
2.501369120831629100e-01 3.208924846205615800e-01 6.460130514817663538e-01
2.501685278053733530e-01 3.217174637111915314e-01 6.484965694483927345e-01
2.501676474303626274e-01 3.217223405856765028e-01 6.453859262933799856e-01
2.501605604132868255e-01 3.214623473654475427e-01 6.481355620270691231e-01
2.501999107623861796e-01 3.226509014830986066e-01 6.477563047792672668e-01
2.501582478438362234e-01 3.214114431945253592e-01 6.468952401651762996e-01
2.501701672711004742e-01 3.217444870377373922e-01 6.475738803773214425e-01
2.501705976779376450e-01 3.217603931351870061e-01 6.472367533085489066e-01
2.501716536555442794e-01 3.217879636788573694e-01 6.476286452845054775e-01
2.501717555176298236e-01 3.217949981218254929e-01 6.472545976520110989e-01
2.501712841135204091e-01 3.217769338291702752e-01 6.475389453629416536e-01
2.501728074391169621e-01 3.218252414030033370e-01 6.474113329475599254e-01
2.501701595682869761e-01 3.217427514410708400e-01 6.474464053785998763e-01
2.501735705368938190e-01 3.218486785488097190e-01 6.475060879992649010e-01
2.501713381330104014e-01 3.217792556714753061e-01 6.474201259774882145e-01
2.501721495713750687e-01 3.218039967205930663e-01 6.475002724105933805e-01
2.501719878574615308e-01 3.217993711506988985e-01 6.474263256980808956e-01
2.501719614551971005e-01 3.217981551715113353e-01 6.474979777076790288e-01
2.501721606754063187e-01 3.218046213397121047e-01 6.474446733850581781e-01
2.501719398676750528e-01 3.217975229632756839e-01 6.474803648280600399e-01
2.501722160028153619e-01 3.218062466165131363e-01 6.474625387067547422e-01
2.501718987183823018e-01 3.217962532872802872e-01 6.474712659821783012e-01
2.501723138890518117e-01 3.218093083881983785e-01 6.474731203616436170e-01
2.501718699381028088e-01 3.217953787187115555e-01 6.474621770247710462e-01
2.501722169402907925e-01 3.218062539458229065e-01 6.474795439670960606e-01
2.501720516691338658e-01 3.218010699521718365e-01 6.474618499527783344e-01
2.501720930232058104e-01 3.218023479023366940e-01 6.474789169593381244e-01
2.501721382555655016e-01 3.218037928917427681e-01 6.474646847742239197e-01
2.501720600942732853e-01 3.218013119267020827e-01 6.474745632114992100e-01
2.501721459120203050e-01 3.218040219836850735e-01 6.474697061640513063e-01
2.501720662094195635e-01 3.218015033449572737e-01 6.474715268022517289e-01
2.501721464715365717e-01 3.218040381786611559e-01 6.474718948708894084e-01
2.501720679364261568e-01 3.218015588674134619e-01 6.474699847369298489e-01
2.501721393098275126e-01 3.218038127117654468e-01 6.474731526791041025e-01
2.501720883935948381e-01 3.218022046988961993e-01 6.474694923039681083e-01
2.501721154908451150e-01 3.218030593047237486e-01 6.474731488994657225e-01
2.501721113819110887e-01 3.218029306207179641e-01 6.474698022683239573e-01
2.501720985049112889e-01 3.218025226756987545e-01 6.474726410667503984e-01
2.501721217087120031e-01 3.218032567927270327e-01 6.474707771645560328e-01
2.501720973927286096e-01 3.218024870457786846e-01 6.474715971732331043e-01
2.501721192390178872e-01 3.218031779834941153e-01 6.474715817483802649e-01
2.501721006069136943e-01 3.218025885694971722e-01 6.474711200361177310e-01
2.501721160942111388e-01 3.218030784884527429e-01 6.474718759841053828e-01
2.501721049020671495e-01 3.218027244167483425e-01 6.474710110593097090e-01
2.501721115153261454e-01 3.218029335376129119e-01 6.474718474259998358e-01
2.501721092617351649e-01 3.218028622600068167e-01 6.474711195822442367e-01
2.501721080630253669e-01 3.218028242689571217e-01 6.474717307236745878e-01
2.501721120943203314e-01 3.218029519125214510e-01 6.474712639723344543e-01
2.501721064779369730e-01 3.218027741134463771e-01 6.474715494889088374e-01
2.501721123053529672e-01 3.218029585453058838e-01 6.474714618108964315e-01
2.501721072680413438e-01 3.218027990747878708e-01 6.474713954242644620e-01
2.501721112660820201e-01 3.218029256228900903e-01 6.474715613540036330e-01
2.501721084340269852e-01 3.218028359739802391e-01 6.474713486116321359e-01
2.501721100931730835e-01 3.218028884837642600e-01 6.474715629622926905e-01
2.501721095013652030e-01 3.218028697455241338e-01 6.474713792047015470e-01
2.501721093007973074e-01 3.218028633884119083e-01 6.474715232849037605e-01
2.501721100802706266e-01 3.218028880676913617e-01 6.474714183710671422e-01
2.501721089335036674e-01 3.218028517600120542e-01 6.474714857246821609e-01
2.501721102366348815e-01 3.218028930171397128e-01 6.474714564360851687e-01
2.501721090074250919e-01 3.218028540972201479e-01 6.474714519326302264e-01
2.501721100258513797e-01 3.218028863399906014e-01 6.474714820218471223e-01
2.501721092773170341e-01 3.218028626400749048e-01 6.474714362870772622e-01
2.501721097439422725e-01 3.218028774133934178e-01 6.474714879494516406e-01
2.501721095500951120e-01 3.218028712751361264e-01 6.474714398875790478e-01
2.501721095266775108e-01 3.218028705324669780e-01 6.474714781246724282e-01
2.501721096989730775e-01 3.218028759873695077e-01 6.474714514129437104e-01
2.501721094408130841e-01 3.218028678130983034e-01 6.474714677472533930e-01
2.501721095575506482e-01 3.218028715053044553e-01 6.474714415986247973e-01
2.501721096685796120e-01 3.218028750211522349e-01 6.474714607953189205e-01
2.501721094793362687e-01 3.218028690317816243e-01 6.474714608679433825e-01
2.501721094500178877e-01 3.218028681047520045e-01 6.474714623212185494e-01
2.501721094498761677e-01 3.218028681004094227e-01 6.474714623232501465e-01
2.501721094944791557e-01 3.218028694866191808e-01 6.474714204818105001e-01
2.501721095902928460e-01 3.218028725519890831e-01 6.474714745307051933e-01
2.501721095905008463e-01 3.218028725542348978e-01 6.474714744755382112e-01
2.501721095907243897e-01 3.218028725567267934e-01 6.474714744063619909e-01
2.501721095908618908e-01 3.218028725585546646e-01 6.474714743259275540e-01
2.501721095911211279e-01 3.218028725615397212e-01 6.474714742334055639e-01
2.501721095914046233e-01 3.218028725648713895e-01 6.474714741237246329e-01
