-2.617993877991494078e-01 -1.221730476396030718e-01 5.000000000000000000e-01
-2.590080854105396013e-01 -3.490658503942517532e-01 9.322047323467147484e-01
-2.905428819431913889e-01 -3.490658503988658956e-01 1.000000000000000000e+00
-1.729013339938885174e-01 -3.490658503988525174e-01 6.706357914752880678e-02
-2.693461386010078673e-01 -3.490658503988658401e-01 1.185893054686131265e-01
-2.819115571457776470e-01 -3.490658503988658956e-01 9.714451465470119729e-17
-2.806056043999419214e-01 -3.490658503988658956e-01 2.136900019582089749e-01
-2.773224918976039954e-01 -3.490658503988657291e-01 1.041232721858788290e-01
-2.822099802049213291e-01 -3.371836367174947391e-01 3.174836426178065385e-02
-2.769398432315445246e-01 -3.091967159592856618e-01 2.041385027446078193e-01
-2.766063081916512734e-01 -3.085146341732453168e-01 2.105493335454798332e-01
-2.759674775503744293e-01 -3.059511863615045346e-01 1.691569919137400624e-01
-2.766344008455556835e-01 -3.065987631518395928e-01 1.858025843159324952e-01
-2.762657052606530828e-01 -3.060769486099068071e-01 1.976703324729432165e-01
-2.764053594018186510e-01 -3.060588316059514868e-01 1.871668067981131778e-01
-2.763894318579488418e-01 -3.060658344200200554e-01 1.912635342475806077e-01
-2.763508675389257374e-01 -3.060093458327118876e-01 1.885248472524826413e-01
-2.764062070377926728e-01 -3.060609140431895248e-01 1.895672100742060162e-01
-2.763609953807535380e-01 -3.060128353423726688e-01 1.900968979789944002e-01
-2.763882894064846885e-01 -3.060390405870049291e-01 1.889206026093731006e-01
-2.763764386638003501e-01 -3.060257985398698866e-01 1.898873892542476127e-01
-2.763783923954826749e-01 -3.060276765862795512e-01 1.892874801149992681e-01
-2.763809646623189287e-01 -3.060301972530586334e-01 1.896765292359424704e-01
-2.763754071558083836e-01 -3.060245359246973051e-01 1.894396219873095977e-01
-2.763821549383455589e-01 -3.060313127425864921e-01 1.895233587979492929e-01
-2.763759511500787913e-01 -3.060249697577803740e-01 1.895853884024834013e-01
-2.763804630256239125e-01 -3.060295610541061695e-01 1.894392489421203862e-01
-2.763779227993516385e-01 -3.060269307035825004e-01 1.895979076452762313e-01
-2.763788413694305834e-01 -3.060278766024981945e-01 1.894714429887568996e-01
-2.763788708691805596e-01 -3.060278912017238562e-01 1.895616191761513025e-01
-2.763782800353110081e-01 -3.060273114940826877e-01 1.894996684649602470e-01
-2.763791973863805040e-01 -3.060282338034036598e-01 1.895401928839944017e-01
-2.763780952640196298e-01 -3.060271275031531957e-01 1.895208117095650291e-01
-2.763792138974336954e-01 -3.060282583380139476e-01 1.895205774419047307e-01
-2.763782177283897745e-01 -3.060272551000340346e-01 1.895375807939018720e-01
-2.763789758824200526e-01 -3.060280238623374061e-01 1.895102243964527367e-01
-2.763785156366966311e-01 -3.060275582781455950e-01 1.895403271354033359e-01
-2.763786902695012371e-01 -3.060277353646908560e-01 1.895142289011725878e-01
-2.763787183505951317e-01 -3.060277624189812751e-01 1.895339631456958718e-01
-2.763785650178475217e-01 -3.060276096809987911e-01 1.895204546357718567e-01
-2.763787853766724867e-01 -3.060278316477890725e-01 1.895288110039189122e-01
-2.763785377244224462e-01 -3.060275835892486973e-01 1.895249300306210138e-01
-2.763787801609930428e-01 -3.060278276441464884e-01 1.895251168364746885e-01
-2.763785646570725563e-01 -3.060276114697114136e-01 1.895279078663784644e-01
-2.763787390703078550e-01 -3.060277871830101581e-01 1.895229782205490043e-01
-2.763786151606246744e-01 -3.060276629883498245e-01 1.895291855862087926e-01
-2.763786819942737338e-01 -3.060277304403609122e-01 1.895228104176467088e-01
-2.763786691350663682e-01 -3.060277175053457976e-01 1.895283038932626396e-01
-2.763786408832216157e-01 -3.060276892253332437e-01 1.895243232003009926e-01
-2.763786931931291324e-01 -3.060277417673729627e-01 1.895267427941999816e-01
-2.763786312679666346e-01 -3.060276796886290396e-01 1.895256736887897253e-01
-2.763786917557172207e-01 -3.060277404457694694e-01 1.895257111385764137e-01
-2.763786395780946092e-01 -3.060276881140254202e-01 1.895263908127959862e-01
-2.763786802942214127e-01 -3.060277290191642519e-01 1.895252788280239187e-01
-2.763786516428740625e-01 -3.060277003049522992e-01 1.895266117638656211e-01
-2.763786684461008725e-01 -3.060277172114258537e-01 1.895252343229948677e-01
-2.763786626922569156e-01 -3.060277114630147177e-01 1.895264979814113848e-01
-2.763786590555731282e-01 -3.060277078345512991e-01 1.895254856904038110e-01
-2.763786694023293022e-01 -3.060277182261093576e-01 1.895261731881707212e-01
-2.763786553708450500e-01 -3.060277041596163317e-01 1.895258167026211138e-01
-2.763786702247572058e-01 -3.060277190707737516e-01 1.895258890083138803e-01
-2.763786568243395414e-01 -3.060277056317307065e-01 1.895260273637423831e-01
-2.763786673788050652e-01 -3.060277162242955873e-01 1.895257620770029461e-01
-2.763786600946187000e-01 -3.060277089201465794e-01 1.895260828642164608e-01
-2.763786642916749581e-01 -3.060277131349886659e-01 1.895257584585198496e-01
-2.763786627399744122e-01 -3.060277115819258209e-01 1.895260518441331810e-01
-2.763786621746052163e-01 -3.060277110179726590e-01 1.895258134380389814e-01
-2.763786642613411115e-01 -3.060277131135300532e-01 1.895259835805321869e-01
-2.763786612598136960e-01 -3.060277101043774595e-01 1.895258847661588364e-01
-2.763786646096668131e-01 -3.060277134663666465e-01 1.895259183895956767e-01
-2.763786613987417318e-01 -3.060277102465783772e-01 1.895259378704314823e-01
-2.763786640903385106e-01 -3.060277129475547642e-01 1.895258816755418241e-01
-2.763786621384158315e-01 -3.060277109899570136e-01 1.895259569183877779e-01
-2.763786633072985999e-01 -3.060277121629851882e-01 1.895258779756855694e-01
-2.763786628335050399e-01 -3.060277116880829595e-01 1.895259500161387833e-01
-2.763786627596048207e-01 -3.060277116143749754e-01 1.895258912789601902e-01
-2.763786632154516254e-01 -3.060277120719348543e-01 1.895259335810349777e-01
-2.763786625372515737e-01 -3.060277113918848935e-01 1.895259082187397137e-01
-2.763786633010112403e-01 -3.060277121582754001e-01 1.895259183143177817e-01
-2.763786625578270040e-01 -3.060277114129199560e-01 1.895259205685088655e-01
-2.763786632015470257e-01 -3.060277120588425492e-01 1.895259093731964661e-01
-2.763786632339399474e-01 -3.060277120914599580e-01 1.895259087237888551e-01
-2.763786632302649426e-01 -3.060277120877273882e-01 1.895259087167244227e-01
-2.763786632302623891e-01 -3.060277120876994661e-01 1.895259087167304179e-01
-2.763786632302592250e-01 -3.060277120876655488e-01 1.895259087167381062e-01
-2.763786632302581148e-01 -3.060277120876532253e-01 1.895259087167408818e-01
-2.763786629431942976e-01 -3.060277117989235185e-01 1.895259174096822485e-01
-2.763788674712466253e-01 -3.060299196963235935e-01 1.895254057937702241e-01
