0.000000000000000000e+00 0.000000000000000000e+00 5.000000000000000000e-01
4.578921879565436837e-02 -3.490658503988658956e-01 1.000000000000000000e+00
-3.293603977082491807e-02 -3.490658503988608996e-01 5.005416560771741574e-02
-2.180216922223466441e-02 -1.252629050369787334e-01 2.731721772940556292e-01
3.738221295617975143e-02 -7.218617565174283157e-02 7.999446278505779606e-01
4.743970730919297440e-03 3.517202201861351074e-02 3.033969646318665503e-01
1.027814631275122438e-02 -1.440652528831659618e-02 2.655657423036170695e-01
-1.354222220788838145e-03 -2.137937669685541220e-02 1.266659036563719809e-01
-1.439841468016189903e-03 -2.815281032122841920e-03 1.083852158866700777e-01
1.735953172818102859e-03 1.472094700893503139e-02 2.886201883743386709e-01
3.311045401372790780e-03 1.656810751381197419e-02 2.501373627246618048e-01
3.023940581377025649e-03 1.927233251121979879e-02 2.581619028663846294e-01
2.786695736506722421e-03 1.903735161189818587e-02 2.545831113475344742e-01
2.922847423915275831e-03 1.915957206185928824e-02 2.649491810750715381e-01
2.954762154564489346e-03 1.932026232387621875e-02 2.552295606354399449e-01
2.857570540978680504e-03 1.917839145600481326e-02 2.578548105820613334e-01
2.924269107060196386e-03 1.928012266529821606e-02 2.572166249675513772e-01
2.888621870666293907e-03 1.923218111265571906e-02 2.571510511549129352e-01
2.913842207683987016e-03 1.926795528446925004e-02 2.574430921953679285e-01
2.895719482025801809e-03 1.924362112773319103e-02 2.569212736495561922e-01
2.904852315618149973e-03 1.925598488428284516e-02 2.576661957774810108e-01
2.907212949878681084e-03 1.925972790601960041e-02 2.568743532932888374e-01
2.898451881629124545e-03 1.924766510242454862e-02 2.573857662169639626e-01
2.906581546977623446e-03 1.925926737545807788e-02 2.572208784048815589e-01
2.900717353417106917e-03 1.925112791312209165e-02 2.572227206070810679e-01
2.905224209624285465e-03 1.925740397362186301e-02 2.572752263340583045e-01
2.901783131411431876e-03 1.925267823530617609e-02 2.571944857091664205e-01
2.904259579729582229e-03 1.925609317819548458e-02 2.572862463060506810e-01
2.902892845127959601e-03 1.925424038483870490e-02 2.571885093031741065e-01
2.903189792005319431e-03 1.925462189677144137e-02 2.572890123672916807e-01
2.903945857407956056e-03 1.925568181640041621e-02 2.571939735608312905e-01
2.902533379700850732e-03 1.925371899570018849e-02 2.572619401371222803e-01
2.903993484928518894e-03 1.925575369075376020e-02 2.572329715501919245e-01
2.902841207340137002e-03 1.925417420009682343e-02 2.572325395694955441e-01
2.903727972190144838e-03 1.925539105740245796e-02 2.572474020346589008e-01
2.903080963260720911e-03 1.925450621834739681e-02 2.572260952382543486e-01
2.903515182475549603e-03 1.925509987418700525e-02 2.572486835324153676e-01
2.903276757265729497e-03 1.925477617460202157e-02 2.572274613366395957e-01
2.903358039141289582e-03 1.925488585885518425e-02 2.572464548290077646e-01
2.903414515690127748e-03 1.925496442881609316e-02 2.572295065578596995e-01
2.903234340737030801e-03 1.925471581151286596e-02 2.572440214851541840e-01
2.903511053455590761e-03 1.925509496013361535e-02 2.572334444581736990e-01
2.903203381336154961e-03 1.925467387585515222e-02 2.572383795339717727e-01
2.903476713031143564e-03 1.925504842821786425e-02 2.572389276087371779e-01
2.903271727960381882e-03 1.925476841927311125e-02 2.572345731998199603e-01
2.903404101919991164e-03 1.925494938414476498e-02 2.572406554056090311e-01
2.903338783439894221e-03 1.925486051692179915e-02 2.572345520333270685e-01
2.903353767197239341e-03 1.925488102436235041e-02 2.572397145607551172e-01
2.903372444955499947e-03 1.925490674329417146e-02 2.572356684458296239e-01
2.903332079397884322e-03 1.925485148244263783e-02 2.572387199907500421e-01
2.903386751465228139e-03 1.925492623323501670e-02 2.572365750629043712e-01
2.903325374196096421e-03 1.925484230432702656e-02 2.572377906667600023e-01
2.903385119259470001e-03 1.925492397993247909e-02 2.572375034302531449e-01
2.903334277576984004e-03 1.925485452262513247e-02 2.572369694222744196e-01
2.903372155039086588e-03 1.925490627481073885e-02 2.572381062652735473e-01
2.903349286535170971e-03 1.925487504497323463e-02 2.572366587261417648e-01
2.903357610387864891e-03 1.925488642564298844e-02 2.572380867842503638e-01
2.903360656208605478e-03 1.925489062308904584e-02 2.572369202723064907e-01
2.903350655153568403e-03 1.925487696513002167e-02 2.572377507519428286e-01
2.903364128067616266e-03 1.925489538216466900e-02 2.572372253923973506e-01
2.903349643957612875e-03 1.925487559231712706e-02 2.572374944822285459e-01
2.903363313904502602e-03 1.925489427230492670e-02 2.572374351067986953e-01
2.903351759986067329e-03 1.925487848960057841e-02 2.572373319191479379e-01
2.903360561563371554e-03 1.925489051547377498e-02 2.572375500613219290e-01
2.903354723516690054e-03 1.925488254032875143e-02 2.572372608561212526e-01
2.903357610716109701e-03 1.925488648371860567e-02 2.572375761722031084e-01
2.903357418934710346e-03 1.925488622349415604e-02 2.572372831344376665e-01
2.903355549661159728e-03 1.925488367089837546e-02 2.572375145983122335e-01
2.903358640819156400e-03 1.925488789586302096e-02 2.572373608161712122e-01
2.903355095620505696e-03 1.925488305302736416e-02 2.572374409951417307e-01
2.903358511758804151e-03 1.925488772074524998e-02 2.572374210109152903e-01
2.903355625544428581e-03 1.925488377823305827e-02 2.572373971495763301e-01
2.903357787165875958e-03 1.925488673183207988e-02 2.572374485704650438e-01
2.903356373582328866e-03 1.925488480095684241e-02 2.572373830204835454e-01
2.903357106137616564e-03 1.925488580177379949e-02 2.572374527424944879e-01
2.903356959629979379e-03 1.925488560171727953e-02 2.572373867897051469e-01
2.903356640050437729e-03 1.925488516515404952e-02 2.572374422384562931e-01
2.903357276974390545e-03 1.925488603546018571e-02 2.572374018811146024e-01
2.903356480107707228e-03 1.925488494689235261e-02 2.572374257346577431e-01
2.903357297747575366e-03 1.925488606400477254e-02 2.572374170236752522e-01
2.903356569673035039e-03 1.925488506939440972e-02 2.572374136547070922e-01
2.903357135381459588e-03 1.925488584231761779e-02 2.572374251628313790e-01
1.700000000000000000e+01 3.799999999999999822e+00 1.069999999999999929e+01 9.500000000000000000e+00 0.000000000000000000e+00 0.000000000000000000e+00 0.000000000000000000e+00 5.265658353266892133e-01 0.000000000000000000e+00 0.000000000000000000e+00 5.000000000000000000e-01
1.700000000000000000e+01 3.799999999999999822e+00 1.069999999999999929e+01 9.500000000000000000e+00 0.000000000000000000e+00 0.000000000000000000e+00 0.000000000000000000e+00 5.265658353266892133e-01 0.000000000000000000e+00 0.000000000000000000e+00 5.000000000000000000e-01
1.700000000000000000e+01 3.799999999999999822e+00 1.069999999999999929e+01 9.500000000000000000e+00 0.000000000000000000e+00 0.000000000000000000e+00 0.000000000000000000e+00 5.265658353266892133e-01 0.000000000000000000e+00 0.000000000000000000e+00 5.000000000000000000e-01
1.700000000000000000e+01 3.799999999999999822e+00 1.069999999999999929e+01 9.500000000000000000e+00 0.000000000000000000e+00 0.000000000000000000e+00 0.000000000000000000e+00 5.265658353266892133e-01 0.000000000000000000e+00 0.000000000000000000e+00 5.000000000000000000e-01
1.700000000000000000e+01 3.799999999999999822e+00 1.069999999999999929e+01 9.500000000000000000e+00 0.000000000000000000e+00 0.000000000000000000e+00 0.000000000000000000e+00 5.265658353266892133e-01 0.000000000000000000e+00 0.000000000000000000e+00 5.000000000000000000e-01
1.699956708079367473e+01 3.576032445779806501e+00 9.640000000000043201e+00 9.623066072594562925e+00 -8.841702746842586280e-02 0.000000000000000000e+00 -8.841702746842139415e-02 1.745329251994637287e-01 -5.778285566403859597e-02 -3.490658503986051597e-01 1.268014781829593929e-01
1.700000000000000000e+01 3.799999999999999822e+00 1.069999999999999929e+01 9.500000000000000000e+00 0.000000000000000000e+00 0.000000000000000000e+00 0.000000000000000000e+00 5.265658353266892133e-01 0.000000000000000000e+00 0.000000000000000000e+00 5.000000000000000000e-01
1.700000000000000000e+01 3.799999999999999822e+00 1.069999999999999929e+01 9.500000000000000000e+00 0.000000000000000000e+00 0.000000000000000000e+00 0.000000000000000000e+00 5.265658353266892133e-01 0.000000000000000000e+00 0.000000000000000000e+00 5.000000000000000000e-01
1.700000000000000000e+01 3.799999999999999822e+00 1.069999999999999929e+01 9.500000000000000000e+00 0.000000000000000000e+00 0.000000000000000000e+00 0.000000000000000000e+00 5.265658353266892133e-01 0.000000000000000000e+00 0.000000000000000000e+00 5.000000000000000000e-01
1.700000000000000000e+01 3.799999999999999822e+00 1.069999999999999929e+01 9.500000000000000000e+00 0.000000000000000000e+00 0.000000000000000000e+00 0.000000000000000000e+00 5.265658353266892133e-01 0.000000000000000000e+00 0.000000000000000000e+00 5.000000000000000000e-01
1.700000000000000000e+01 3.799999999999999822e+00 1.069999999999999929e+01 9.500000000000000000e+00 0.000000000000000000e+00 0.000000000000000000e+00 0.000000000000000000e+00 5.265658353266892133e-01 0.000000000000000000e+00 0.000000000000000000e+00 5.000000000000000000e-01
1.699956708079367473e+01 3.576032445779806501e+00 9.640000000000043201e+00 9.623066072594562925e+00 -8.841702746842586280e-02 0.000000000000000000e+00 -8.841702746842139415e-02 1.745329251994637287e-01 -5.778285566403859597e-02 -3.490658503986051597e-01 1.268014781829593929e-01
1.693265669493777992e+01 3.400069175464143445e+00 9.640000000000087610e+00 9.907990991257760172e+00 -1.069038065967807816e-01 0.000000000000000000e+00 -1.069038065967798101e-01 6.981317007977317912e-01 7.004138029138071153e-02 -2.555608970252093992e-01 1.354129120235755823e-01
1.677305507768848969e+01 3.370000000000050289e+00 9.640000000000162217e+00 1.016020409293407845e+01 -1.465974593572574869e-01 0.000000000000000000e+00 -1.465974593572569040e-01 1.810376818577910107e-01 -2.323925461283607441e-02 -8.996388087389542432e-02 5.767608612927688228e-14
1.654031230401905006e+01 3.370000000000001883e+00 9.640000000000014779e+00 9.510913978105675071e+00 -1.526213985082130464e-01 0.000000000000000000e+00 -1.526213985082127689e-01 1.745329251994329756e-01 -3.227055674087844078e-03 -5.912126539830982186e-02 8.980416529833698536e-02
1.601289631854909956e+01 3.370000000000000107e+00 9.640000000000000568e+00 8.828955339895852461e+00 -2.456786202369440619e-01 0.000000000000000000e+00 -2.456786202369454220e-01 6.787936459393464350e-01 1.758269508449422300e-02 -7.553449034980425081e-03 0.000000000000000000e+00
1.605327074020713951e+01 3.370000000000005436e+00 9.640000000000000568e+00 8.699999999999999289e+00 -2.085859535036546086e-01 0.000000000000000000e+00 -2.085859535036549972e-01 2.301680097629656419e-01 -5.207134605177844017e-03 -9.962969953813223534e-02 1.623050652210800138e-15
1.608189517686405523e+01 3.370000000000153761e+00 9.640000000000304325e+00 8.699999999999999289e+00 -2.393916707044762837e-01 0.000000000000000000e+00 -2.393916707044735914e-01 4.601897973931438068e-01 2.707391976799705322e-03 -1.104782603732277074e-01 7.688057276110868976e-01
1.570954953755823880e+01 3.370000000000066276e+00 9.640000000000133795e+00 8.699999999999999289e+00 -2.839556623754677656e-01 0.000000000000000000e+00 -2.839556623754664333e-01 1.745329251994329478e-01 3.053854884806649767e-03 7.622596336561954233e-03 4.588068051098327382e-01
1.606402856240011090e+01 3.370000000000125340e+00 9.640000000000235048e+00 8.699999999999999289e+00 -2.799642310960414604e-01 0.000000000000000000e+00 -2.799642310960399061e-01 1.877090087748930769e-01 3.319629732678506563e-03 -3.363942484825429430e-02 2.762773557533831914e-02
1.619279850167685098e+01 3.370000000000000107e+00 9.640000000000000568e+00 8.700000000000024158e+00 -2.962502136183494672e-01 0.000000000000000000e+00 -2.962502136183504109e-01 1.745329251994348074e-01 5.629258890839436771e-03 -3.499310420161029500e-02 1.885768623170268332e-01
1.615979324213818202e+01 3.370000000000078710e+00 9.640000000000153335e+00 8.699999999999999289e+00 -3.392520900530011096e-01 0.000000000000000000e+00 -3.392520900529996108e-01 1.745329251994329478e-01 6.627509513338591431e-03 -2.423321977101578623e-02 2.369883378977586941e-01
1.611876974596911793e+01 3.370000000000056950e+00 9.640000000000121361e+00 8.699999999999999289e+00 -3.842100474444828384e-01 0.000000000000000000e+00 -3.842100474444821723e-01 1.745329251994329478e-01 6.857077361391343551e-03 -1.647245980847364052e-02 2.044544862586759604e-01
1.606152356946860493e+01 3.370000000000131557e+00 9.640000000000254587e+00 8.699999999999999289e+00 -5.303705598636900831e-01 0.000000000000000000e+00 -5.303705598636870855e-01 2.137040877272457229e-01 1.141466976328480050e-02 1.761555729403172649e-02 2.123948210283457261e-01
1.608997252192746075e+01 3.370000000000126672e+00 9.640000000000263469e+00 8.699999999999999289e+00 -6.426493704828102338e-01 0.000000000000000000e+00 -6.426493704828091236e-01 2.174099245687932114e-01 1.153437546756298088e-02 1.406544314543201751e-02 2.457771331967630313e-01
1.608181727233134950e+01 3.370000000000064500e+00 9.640000000000117808e+00 8.699999999999999289e+00 -7.023579475866004174e-01 0.000000000000000000e+00 -7.023579475865999733e-01 2.154921314832445312e-01 1.206329730192042329e-02 1.783037521372841938e-02 1.680010390839824508e-01
1.605573998744745623e+01 3.370000000000000107e+00 9.640000000000000568e+00 8.700000000000004619e+00 -7.129326887462178464e-01 0.000000000000000000e+00 -7.129326887462210660e-01 2.129983410314123804e-01 1.232400966550837619e-02 2.034974276226027279e-02 2.253573225452159823e-01
1.608360223881474838e+01 3.370000000000000107e+00 9.640000000000000568e+00 8.699999999999999289e+00 -7.752062909755821352e-01 0.000000000000000000e+00 -7.752062909755824682e-01 2.116582573560355507e-01 1.273007507168564742e-02 1.890011530680148211e-02 2.266852239748440856e-01
1.608015601895824176e+01 3.370000000000168416e+00 9.640000000000338076e+00 8.699999999999999289e+00 -9.230148208831124856e-01 0.000000000000000000e+00 -9.230148208831112644e-01 2.093891149161820620e-01 1.311558611844243667e-02 1.799692192944168934e-02 2.274798934693657571e-01
1.608112193092023645e+01 3.370000000000000107e+00 9.640000000000000568e+00 8.699999999999999289e+00 -9.609821583249910093e-01 0.000000000000000000e+00 -9.609821583249913424e-01 2.124162294262558204e-01 1.351330299901955419e-02 2.061389391045674938e-02 2.209237810847923533e-01
1.610507950652454312e+01 3.370000000000000107e+00 9.640000000000000568e+00 8.700000000000002842e+00 -1.274909385341864487e+00 0.000000000000000000e+00 -1.274909385341864931e+00 2.140002041774326236e-01 1.482679955323486405e-02 2.089668126506680906e-02 2.249361610247919141e-01
1.621253321741493636e+01 3.370000000000000107e+00 9.640000000000000568e+00 8.700000000000001066e+00 -2.509718878205667636e+00 0.000000000000000000e+00 -2.509718878205668080e+00 2.174760227377629251e-01 2.097305148761767143e-02 2.675428506364545614e-02 2.169955891770014855e-01
1.620292578907839243e+01 3.370000000000000107e+00 9.640000000000000568e+00 8.699999999999999289e+00 -2.970007593768680731e+00 0.000000000000000000e+00 -2.970007593768681176e+00 2.163598001559920159e-01 2.382256855529140543e-02 3.417099153302353282e-02 2.251746101979902326e-01
1.642150439778618320e+01 3.370000000000063611e+00 9.640000000000128466e+00 8.700000000000009948e+00 -8.323201423422419865e+00 0.000000000000000000e+00 -8.323201423422419865e+00 2.227737944190158192e-01 5.054701350277016753e-02 5.751763807538018414e-02 2.372089357225385664e-01
1.641514923204269749e+01 3.370000000000215934e+00 9.640000000000423341e+00 8.699999999999999289e+00 -8.607196549030602384e+00 0.000000000000000000e+00 -8.607196549030600607e+00 2.216796265424376411e-01 5.166201733912631489e-02 5.816932264993669027e-02 2.276390170989238682e-01
1.618644626698407762e+01 3.370000000000047180e+00 9.640000000000092939e+00 8.699999999999999289e+00 -4.760034812993181319e+00 0.000000000000000000e+00 -4.760034812993181319e+00 2.174945206502349460e-01 3.298253595833128965e-02 3.902147155807894618e-02 2.193860816465548480e-01
1.605912619281328091e+01 3.370000000000000107e+00 9.640000000000000568e+00 8.700000000000057909e+00 -8.637473942477107869e+00 0.000000000000000000e+00 -8.637473942477111422e+00 2.221411325752125632e-01 5.422623277150547677e-02 4.818769672598453152e-02 2.315916101604913735e-01
1.628911863734849064e+01 3.370000000000000107e+00 9.640000000000000568e+00 8.700000000000025935e+00 -5.527234580826307031e+00 0.000000000000000000e+00 -5.527234580826309696e+00 2.185435069048585754e-01 3.673819358415003622e-02 4.578995069200821055e-02 2.324958694263299930e-01
1.617764992708378102e+01 3.370000000000069829e+00 9.640000000000133795e+00 8.699999999999999289e+00 -4.878346669170231742e+00 0.000000000000000000e+00 -4.878346669170230854e+00 2.147118850156091163e-01 3.371745498963756027e-02 3.987504083395454479e-02 2.264681240560183495e-01
1.610786607276770255e+01 3.370000000000000107e+00 9.640000000000000568e+00 8.699999999999999289e+00 -3.798049505950025662e+00 0.000000000000000000e+00 -3.798049505950026550e+00 2.111619676479376817e-01 2.823801332228975669e-02 3.258030990863988036e-02 2.218900341994162195e-01
1.611774585834370299e+01 3.370000000000000107e+00 9.640000000000000568e+00 8.699999999999999289e+00 -3.824257021859855943e+00 0.000000000000000000e+00 -3.824257021859857719e+00 2.116697150644778480e-01 2.842010256059867429e-02 3.294102648830077307e-02 2.244280540331008711e-01
1.606723696826706060e+01 3.370000000000000107e+00 9.640000000000000568e+00 8.700000000000006395e+00 -3.748329949759695356e+00 0.000000000000000000e+00 -3.748329949759697577e+00 2.099472758708873510e-01 2.813923038737958793e-02 2.990328720942307325e-02 2.222245722901667331e-01
1.601085828039406422e+01 3.370000000000000107e+00 9.640000000000000568e+00 8.700000000000006395e+00 -3.894135791347157038e+00 0.000000000000000000e+00 -3.894135791347157927e+00 2.064119690444157218e-01 2.901991402373570866e-02 2.718353262433976375e-02 2.229632704316237002e-01
1.610201805052949453e+01 3.370000000000096474e+00 9.640000000000178204e+00 8.700000000000001066e+00 -4.788518123430778317e+00 0.000000000000000000e+00 -4.788518123430777429e+00 2.132866744103025236e-01 3.360577799752832717e-02 3.646147764445543255e-02 2.246396292547899187e-01
1.613024773958612812e+01 3.370000000000353158e+00 9.640000000000672031e+00 8.699999999999999289e+00 -4.043951705614336589e+00 0.000000000000000000e+00 -4.043951705614332148e+00 2.126937331162607192e-01 2.955731038935550253e-02 3.443877923903692490e-02 2.239087358652919191e-01
1.610710256234606774e+01 3.370000000000000107e+00 9.640000000000000568e+00 8.699999999999999289e+00 -4.589984836729625428e+00 0.000000000000000000e+00 -4.589984836729627204e+00 2.126542588453376181e-01 3.252962034306134537e-02 3.597686124771335564e-02 2.239416300981038610e-01
1.611815909131429692e+01 3.370000000000039631e+00 9.640000000000084057e+00 8.700000000000011724e+00 -4.415820513527061841e+00 0.000000000000000000e+00 -4.415820513527060953e+00 2.125260618760740072e-01 3.156763311658206811e-02 3.529093112533693982e-02 2.231438330535632231e-01
1.611091416015285915e+01 3.370000000000000107e+00 9.640000000000000568e+00 8.700000000000006395e+00 -4.584454786887726563e+00 0.000000000000000000e+00 -4.584454786887726563e+00 2.124052015149665296e-01 3.253186952272428545e-02 3.631691934202475186e-02 2.227912435939566616e-01
1.608667772268958274e+01 3.370000000000083595e+00 9.640000000000165770e+00 8.699999999999999289e+00 -5.413562697948399283e+00 0.000000000000000000e+00 -5.413562697948398394e+00 2.119333552466948767e-01 3.708668939164411898e-02 3.945343100644881085e-02 2.234325895020332631e-01
1.610961910157666210e+01 3.370000000000276330e+00 9.640000000000529923e+00 8.700000000000004619e+00 -5.581783378977374532e+00 0.000000000000000000e+00 -5.581783378977370980e+00 2.122843891299699692e-01 3.781881712400217421e-02 4.045670817200697211e-02 2.234782407337662369e-01
1.612876570591580361e+01 3.370000000000112017e+00 9.640000000000233271e+00 8.700000000000057909e+00 -5.625034521706809620e+00 0.000000000000000000e+00 -5.625034521706807844e+00 2.122782594628745689e-01 3.788739892217892619e-02 4.052564529468707932e-02 2.233663151898139798e-01
1.617791178092375404e+01 3.370000000000000107e+00 9.640000000000000568e+00 8.699999999999999289e+00 -5.762507906958990844e+00 0.000000000000000000e+00 -5.762507906958992621e+00 2.124875414974782273e-01 3.823792790719603152e-02 4.111475388227437550e-02 2.234510051438755585e-01
1.615657234485423999e+01 3.370000000000000107e+00 9.640000000000000568e+00 8.699999999999999289e+00 -5.797227486737847713e+00 0.000000000000000000e+00 -5.797227486737847713e+00 2.123170023418552432e-01 3.859379908042211843e-02 4.129960369336849874e-02 2.236456624539203131e-01
1.616774216414248500e+01 3.370000000000000107e+00 9.640000000000000568e+00 8.699999999999999289e+00 -5.873836566024995598e+00 0.000000000000000000e+00 -5.873836566024994710e+00 2.122607122665848556e-01 3.890738348293515392e-02 4.159730394123366259e-02 2.236564232558609644e-01
1.616156271229617758e+01 3.370000000000068052e+00 9.640000000000144453e+00 8.700000000000052580e+00 -5.794248950110930885e+00 0.000000000000000000e+00 -5.794248950110929997e+00 2.123565716134112602e-01 3.854087409459250324e-02 4.131800032437182163e-02 2.235326998185348801e-01
1.616127783948611096e+01 3.370000000000000107e+00 9.640000000000000568e+00 8.699999999999999289e+00 -5.773734956223074199e+00 0.000000000000000000e+00 -5.773734956223075976e+00 2.123519172984091319e-01 3.843869148066607344e-02 4.126532715369595622e-02 2.235561334076904827e-01
1.616942591849049649e+01 3.370000000000128892e+00 9.640000000000252811e+00 8.700000000000001066e+00 -5.757626959410393042e+00 0.000000000000000000e+00 -5.757626959410390377e+00 2.123420783129849609e-01 3.828884863031919300e-02 4.118938223371954727e-02 2.236374973207080341e-01
1.616703004508611130e+01 3.370000000000000107e+00 9.640000000000000568e+00 8.700000000000047251e+00 -5.770134497434071363e+00 0.000000000000000000e+00 -5.770134497434075804e+00 2.123384275937919008e-01 3.837387340954724613e-02 4.124644586691222220e-02 2.235810660046561871e-01
1.616915537079243848e+01 3.370000000000202611e+00 9.640000000000375380e+00 8.699999999999999289e+00 -5.748222574531556717e+00 0.000000000000000000e+00 -5.748222574531554052e+00 2.123151264654296599e-01 3.823663372447561049e-02 4.111650348087456802e-02 2.235479707686638395e-01
1.616466329487665377e+01 3.370000000000000107e+00 9.640000000000000568e+00 8.700000000000002842e+00 -5.777839847082819169e+00 0.000000000000000000e+00 -5.777839847082820057e+00 2.123473329862458070e-01 3.843162033608660266e-02 4.126402966138417033e-02 2.235642818289426681e-01
1.616481526940274094e+01 3.370000000000000107e+00 9.640000000000000568e+00 8.700000000000001066e+00 -5.772936146987999173e+00 0.000000000000000000e+00 -5.772936146987999173e+00 2.123366292256672061e-01 3.840547273616466001e-02 4.125232106857903980e-02 2.235633105751714256e-01
1.616500456964205767e+01 3.370000000000073825e+00 9.640000000000139124e+00 8.699999999999999289e+00 -5.774809380879736942e+00 0.000000000000000000e+00 -5.774809380879736054e+00 2.123337942050870786e-01 3.841378735159982349e-02 4.125881535013935231e-02 2.235699599545837302e-01
1.616499788413650762e+01 3.370000000000000107e+00 9.640000000000000568e+00 8.700000000000017053e+00 -5.778072021223868759e+00 0.000000000000000000e+00 -5.778072021223872312e+00 2.123309730422935915e-01 3.843080127121135253e-02 4.126985364474321932e-02 2.235707683684697855e-01
1.616427497667168467e+01 3.370000000000000107e+00 9.640000000000000568e+00 8.699999999999999289e+00 -5.787625204389234668e+00 0.000000000000000000e+00 -5.787625204389234668e+00 2.123167950829019934e-01 3.848548805243125898e-02 4.129575726673086894e-02 2.235774619562293231e-01
1.616553699147093326e+01 3.370000000000195506e+00 9.640000000000370051e+00 8.699999999999999289e+00 -5.774808002440712684e+00 0.000000000000000000e+00 -5.774808002440709132e+00 2.123383548849749336e-01 3.840997594739467558e-02 4.126257092857126690e-02 2.235656511515499434e-01
1.616554794322149036e+01 3.370000000000017426e+00 9.640000000000032543e+00 8.699999999999999289e+00 -5.775076826050458578e+00 0.000000000000000000e+00 -5.775076826050458578e+00 2.123378017110128524e-01 3.841135270190898510e-02 4.126414425234153222e-02 2.235660333052325310e-01
1.616574028755679748e+01 3.370000000000000107e+00 9.640000000000000568e+00 8.700000000000008171e+00 -5.780222775351309572e+00 0.000000000000000000e+00 -5.780222775351310460e+00 2.123379452237939280e-01 3.843701243042441096e-02 4.128514220010730956e-02 2.235685224161796381e-01
