2.530727415391778035e-01 3.490658503988658956e-01 7.500000000000000000e-01
1.493466093839906916e-01 -1.745329251994026110e-01 1.499999999999996225e+00
2.211544681191056072e-01 5.998605876924020808e-02 2.648068514529126061e-01
2.371362357581560942e-01 2.023989342462995944e-01 3.850483457488232397e-01
2.419126451465015981e-01 2.663269591470023845e-01 3.025189025787320962e-01
2.415279376955714319e-01 2.178010610082668497e-01 4.494028904824858284e-01
2.502222768103407047e-01 3.767430595133197668e-01 6.300289001699637126e-01
2.427672652769312656e-01 2.393685598204290665e-01 5.053430035370692908e-01
2.453549064827566240e-01 2.844838782551547540e-01 5.803698614493275620e-01
2.434900823696475869e-01 2.498024753713869173e-01 4.564286278103655836e-01
2.455412124453592304e-01 2.808164133299504983e-01 5.025752809745691607e-01
2.466394317402223202e-01 2.998751716076337726e-01 5.061835593896187868e-01
2.469395737413520586e-01 3.099559457493101244e-01 5.342428523758739889e-01
2.467705626171987077e-01 3.121816767413937432e-01 4.948862397330755503e-01
2.469915274518632020e-01 3.078022783959536435e-01 5.147251576519464855e-01
2.469461968936395024e-01 3.130112439148149961e-01 5.237781818791917843e-01
2.469925767960534924e-01 3.108529738437652012e-01 5.195931359001955130e-01
2.469802511137165479e-01 3.118696094564424870e-01 5.207746154939992822e-01
2.457541798895908902e-01 2.996761687026344712e-01 5.197991736276963426e-01
2.469938818751294118e-01 3.107284847148409357e-01 5.208152188604492361e-01
2.470023216282233036e-01 3.113081355916789139e-01 5.193355556243236526e-01
2.470002298325035539e-01 3.116034576534481570e-01 5.225305255810295257e-01
2.469952777683084022e-01 3.117829363832969047e-01 5.210329801295324748e-01
2.469728477641269238e-01 3.117747475688590342e-01 5.210647199528514184e-01
2.469595178426560456e-01 3.116946019361191977e-01 5.204357375130713725e-01
2.469818056545532436e-01 3.117980388024189642e-01 5.207148828271043195e-01
2.469822148389580752e-01 3.117601665590000737e-01 5.206048827925127132e-01
2.469831320934695595e-01 3.117825284152823118e-01 5.207251491494411244e-01
2.469834145662637981e-01 3.117724729963418095e-01 5.207161455818638540e-01
2.469834976024245787e-01 3.117763913546365839e-01 5.207398364303750249e-01
2.469835991458596836e-01 3.117737734254508175e-01 5.207444263157539055e-01
2.469836092477764034e-01 3.117753231849482720e-01 5.207537226088874149e-01
2.469836468366059523e-01 3.117744671576951898e-01 5.207582829322420226e-01
2.469836371957372378e-01 3.117754802732180530e-01 5.207632522857241764e-01
2.469836529913283230e-01 3.117750277673346782e-01 5.207667260342783155e-01
2.469836350684062043e-01 3.117758996195527099e-01 5.207695071092923733e-01
2.469836440730423799e-01 3.117755014789875267e-01 5.207723426818421375e-01
2.469836226868416806e-01 3.117763419166258432e-01 5.207735205017194335e-01
2.469836286286086757e-01 3.117759665376805267e-01 5.207762309829901959e-01
2.469836090774649995e-01 3.117767060661221779e-01 5.207760833126507949e-01
2.469836084404089804e-01 3.117765510270917861e-01 5.207784673347146676e-01
2.469835964029240827e-01 3.117770094332326658e-01 5.207777781152127528e-01
2.469835905180057800e-01 3.117770943543041184e-01 5.207790806889214252e-01
2.469835849789922266e-01 3.117772981129973697e-01 5.207786280321939909e-01
2.469835801547359544e-01 3.117774199706669358e-01 5.207789081566833733e-01
2.469835777714195768e-01 3.117775076878787077e-01 5.207786276187063024e-01
2.469835760359812837e-01 3.117775667459801170e-01 5.207784705356227617e-01
2.469835755328546878e-01 3.117775945961052675e-01 5.207782387602671870e-01
2.469835755070925731e-01 3.117776059198383853e-01 5.207780484471896676e-01
2.469835758242396317e-01 3.117776056103315763e-01 5.207778869474541938e-01
2.469835762468340912e-01 3.117776001051157375e-01 5.207777623121508936e-01
2.469835766840327018e-01 3.117775924773840135e-01 5.207776670256014651e-01
2.469835770782887741e-01 3.117775847326868521e-01 5.207775950942156173e-01
2.469835774134625517e-01 3.117775776975995616e-01 5.207775400975495073e-01
2.469835776864796328e-01 3.117775717211908049e-01 5.207774977144645767e-01
2.469835779051602065e-01 3.117775667868979972e-01 5.207774645773434186e-01
2.469835780782644041e-01 3.117775627880645661e-01 5.207774384998763439e-01
2.469835782146760084e-01 3.117775595725159055e-01 5.207774180906119543e-01
2.469835783229727966e-01 3.117775569759795862e-01 5.207774018252084858e-01
2.469835784076516993e-01 3.117775549150649805e-01 5.207773891858398230e-01
2.469835784753428298e-01 3.117775532452787268e-01 5.207773791276596453e-01
2.469835785279470008e-01 3.117775519343546353e-01 5.207773712189955884e-01
2.469835785706624709e-01 3.117775508568466081e-01 5.207773650395772780e-01
2.469835786026454427e-01 3.117775500463070282e-01 5.207773600799542324e-01
2.469835786315672799e-01 3.117775493022640343e-01 5.207773562175712634e-01
2.469835786465395255e-01 3.117775489235175002e-01 5.207773530744312929e-01
2.469835786783712850e-01 3.117775480825596968e-01 5.207773507215187614e-01
2.469835786453901394e-01 3.117775489832035896e-01 5.207773489373701548e-01
2.469835787917946113e-01 3.117775450386160996e-01 5.207773472279103588e-01
2.469835784021055802e-01 3.117775555344161065e-01 5.207773561393213013e-01
2.469835787317941622e-01 3.117775466863276779e-01 5.207773374269887290e-01
2.469835787029129592e-01 3.117775474052602025e-01 5.207773622047918716e-01
2.469835786547165124e-01 3.117775487616777919e-01 5.207773365148695710e-01
2.530727415391778035e-01 3.490658503988658956e-01 7.500000000000000000e-01
1.751385079489718721e-01 -1.745329251994329200e-01 1.499999999999999556e+00
2.115733614230508319e-01 -2.192296950021938029e-02 3.067465186818951750e-01
2.371576605540395566e-01 2.606005937220123858e-01 3.670753805445811646e-01
2.442568213638710573e-01 2.583212801399467073e-01 5.535623694191742494e-01
2.659606083367356266e-01 6.981317007977317912e-01 9.605045439336725721e-01
2.432355027134416869e-01 2.596666984719920301e-01 6.727707960272963916e-01
2.449425855087031256e-01 2.812765832804366428e-01 6.302083739015738040e-01
2.438857957765440676e-01 2.652073839275531086e-01 6.083499304849988576e-01
2.466227828303919622e-01 3.037872118243119535e-01 6.511435735704560468e-01
2.395283040543832176e-01 1.927926232963818598e-01 6.270777662047858358e-01
2.464153642824833124e-01 2.988487911880274295e-01 6.180155193736609487e-01
2.468405490347633235e-01 3.050802286081221726e-01 6.376813900868015805e-01
2.472377675743009928e-01 3.116530365192587970e-01 6.230746204136144994e-01
2.474415287254873586e-01 3.154269434679609629e-01 6.444162735107789031e-01
2.475421919834164541e-01 3.174768679709274455e-01 6.274939628045295148e-01
2.475329304025116750e-01 3.170788064760371450e-01 6.371875422059175564e-01
2.476415402776993846e-01 3.196417924299154723e-01 6.341298698896283836e-01
2.475105944238801536e-01 3.164703533871475183e-01 6.340312048246821153e-01
2.476131283634052660e-01 3.189391590629470086e-01 6.369215581733331799e-01
2.475978632655819189e-01 3.185345160332205827e-01 6.335575733061519221e-01
2.476022228207550302e-01 3.186387628293920748e-01 6.357754191781826991e-01
2.476109962925031605e-01 3.188595039518535290e-01 6.347875519685974854e-01
2.476075546182550657e-01 3.187684895199206503e-01 6.354294331129360929e-01
2.476154924380651046e-01 3.189799623396047945e-01 6.350076137781204277e-01
2.476065884613508350e-01 3.187391260568697149e-01 6.352429517107897050e-01
2.476163583078272445e-01 3.190056878073819768e-01 6.353210515152873938e-01
2.476089944910672414e-01 3.188017858580219910e-01 6.349439990112856202e-01
2.476128568270701547e-01 3.189094225391122528e-01 6.353428997965254732e-01
2.476127331551271904e-01 3.189042045017277394e-01 6.350964683920752307e-01
2.476120834522432812e-01 3.188868587534702814e-01 6.352350829743006466e-01
2.476133278908013713e-01 3.189209772674430621e-01 6.351450426616297440e-01
2.476120342998261170e-01 3.188852061256387538e-01 6.352073989863504799e-01
2.476134609337408699e-01 3.189248733453261542e-01 6.351689202194982231e-01
2.476122042548039581e-01 3.188896412991219509e-01 6.351750407299217027e-01
2.476133725348282077e-01 3.189225595521982259e-01 6.351978864855566398e-01
2.476124644961130161e-01 3.188967748337642738e-01 6.351447118608319897e-01
2.476130539311961476e-01 3.189136497766226763e-01 6.352086404119913210e-01
2.476129396572465946e-01 3.189102003279568609e-01 6.351575366792915345e-01
2.476128098505535335e-01 3.189065909406205712e-01 6.351866721144256989e-01
2.476130749108423623e-01 3.189140591851063466e-01 6.351693420037114457e-01
2.476127807933511948e-01 3.189057307498354144e-01 6.351788329030825242e-01
2.476130892445035647e-01 3.189144848493111195e-01 6.351743424841947983e-01
2.476128244423271840e-01 3.189069515867525295e-01 6.351742588761268848e-01
2.476130511112230315e-01 3.189134059684024525e-01 6.351775053983136354e-01
2.476128763143663758e-01 3.189084186796226628e-01 6.351711930706301912e-01
2.476130155159096402e-01 3.189123971135192637e-01 6.351802141999722817e-01
2.476129307221352216e-01 3.189099696654826843e-01 6.351691573615481090e-01
2.476129552276871426e-01 3.189106772101741316e-01 6.351796849535356060e-01
2.476129906278236870e-01 3.189116800621038528e-01 6.351720437086053606e-01
2.476129232096833388e-01 3.189097565871039652e-01 6.351761968412746873e-01
2.476130042662512687e-01 3.189120708965864637e-01 6.351745963540953444e-01
2.476129297849368749e-01 3.189099421098812170e-01 6.351744024220162821e-01
2.476129898561796328e-01 3.189116590852475452e-01 6.351755938330524431e-01
2.476129477026591530e-01 3.189104530606828303e-01 6.351738851590341683e-01
2.476129767852777164e-01 3.189112852326791425e-01 6.351758315979392222e-01
2.476129594311486104e-01 3.189107883562022350e-01 6.351737416093137245e-01
2.476129668485913815e-01 3.189110010813088758e-01 6.351758099944859737e-01
2.476129696492769816e-01 3.189110808051194290e-01 6.351740091628744755e-01
2.476129589594568692e-01 3.189107750832716470e-01 6.351752999146276224e-01
2.476129751680493929e-01 3.189112387598091458e-01 6.351745866893389048e-01
2.476129570417845149e-01 3.189107200038954204e-01 6.351747674518869458e-01
2.476129739325223789e-01 3.189112034404367746e-01 6.351749872771031979e-01
2.476129611893204685e-01 3.189108385646848287e-01 6.351745361540073187e-01
2.476129693949409294e-01 3.189110734642653933e-01 6.351750618759124389e-01
2.476129650854804465e-01 3.189109500349217585e-01 6.351745425632463471e-01
2.476129665712229200e-01 3.189109925981482019e-01 6.351750150595574240e-01
2.476129673083307114e-01 3.189110136750226698e-01 6.351746182976784061e-01
2.476129650519162118e-01 3.189109490756311116e-01 6.351749130357705608e-01
2.476129683037906204e-01 3.189110421736570111e-01 6.351747299363139643e-01
2.476129646046885679e-01 3.189109362507372425e-01 6.351748066944139515e-01
2.476129683526748504e-01 3.189110435766320806e-01 6.351748215323765878e-01
2.476129650698599971e-01 3.189109495645542913e-01 6.351747366068436484e-01
2.476129674956828175e-01 3.189110190312943183e-01 6.351748606664551211e-01
2.476129660896374263e-01 3.189109787579333943e-01 6.351747278517522188e-01
2.476129666232465554e-01 3.189109940391873788e-01 6.351748491721228573e-01
2.476129667504263498e-01 3.189109976784346157e-01 6.351747495046381475e-01
2.476129661990257302e-01 3.189109818865360491e-01 6.351748222879225469e-01
2.476129669828228963e-01 3.189110043322243015e-01 6.351747773314612155e-01
2.476129661282419347e-01 3.189109798563347087e-01 6.351747972994863378e-01
2.476129669601202510e-01 3.189110036811937943e-01 6.351747976265817996e-01
2.476129662233794160e-01 3.189109825801676457e-01 6.351747818994138983e-01
2.476129668093329794e-01 3.189109993622819550e-01 6.351748077151906369e-01
2.476129664198583047e-01 3.189109882067725499e-01 6.351747775560860898e-01
2.476129666093732917e-01 3.189109936345146390e-01 6.351748069450809941e-01
2.476129665937721880e-01 3.189109931852130431e-01 6.351747828735790913e-01
2.476129664914834827e-01 3.189109902587457523e-01 6.351748018813518915e-01
2.476129666641055938e-01 3.189109952007944671e-01 6.351747884257243904e-01
2.476129664725406077e-01 3.189109897136747640e-01 6.351747957195449379e-01
2.476129666644960592e-01 3.189109952128217906e-01 6.351747926075571593e-01
2.476129664850073853e-01 3.189109900707034484e-01 6.351747921365348271e-01
2.476129666463512957e-01 3.189109946929716277e-01 6.351747952421745724e-01
