0.000000000000000000e+00 0.000000000000000000e+00 5.000000000000000000e-01
-2.454623177425460656e-02 -3.490658503987071892e-01 3.341771304121721187e-14
-4.364001945934992827e-02 -2.529060895725876446e-01 5.268146791479800806e-01
-1.505668846086940724e-02 -9.878913316814492973e-02 1.367536285217230141e-02
1.679875577449296484e-02 1.044012083076671649e-02 0.000000000000000000e+00
-4.213133064028252300e-03 -1.171238456505138692e-02 2.220446049250313081e-16
-6.936212681699751095e-04 1.741890390834083258e-03 3.599429759981869204e-01
-1.401243504656280239e-04 1.364848986802277842e-02 3.120188957813140318e-01
-1.046718656829035907e-04 1.224239781003884017e-02 2.153408130781945262e-01
1.118888820181762091e-03 1.719180338136157629e-02 2.528717241552439488e-01
2.843871937063210432e-04 1.659346926492767660e-02 2.541747422293834657e-01
5.494304792700048165e-04 1.716628132583046529e-02 2.623692850076604355e-01
4.522003478162282255e-04 1.694367634928068550e-02 2.541209135395641749e-01
4.663863360811536327e-04 1.704655235469356572e-02 2.605819235059299022e-01
5.365465437220779364e-04 1.716571358884012855e-02 2.574538872195953898e-01
4.480255702688882170e-04 1.700479695821260212e-02 2.584769926665211881e-01
5.069462900350945548e-04 1.712667048913610324e-02 2.591746195875413439e-01
4.798247070328415676e-04 1.707043119824139255e-02 2.582258995546064528e-01
4.917038684472586777e-04 1.709792065199825309e-02 2.592274632421768255e-01
4.900633093194509127e-04 1.709248238513740026e-02 2.583987473278263058e-01
4.858838312178215659e-04 1.708646346600490099e-02 2.590265810630639765e-01
4.949933392598619523e-04 1.710330231633900092e-02 2.586831290684502016e-01
4.841821527920153073e-04 1.708279427929410010e-02 2.588129871610988508e-01
4.934774650493990332e-04 1.710097963642213947e-02 2.588769462404159061e-01
4.875856912195841351e-04 1.708940612413959240e-02 2.587386246321581873e-01
4.906887055766551283e-04 1.709569532960479588e-02 2.589038814667585231e-01
4.894502500440166314e-04 1.709307692750500207e-02 2.587489259974334876e-01
4.895234368831500541e-04 1.709343610189424656e-02 2.588878418747182497e-01
4.903651354965627394e-04 1.709491568376817622e-02 2.587818773949800422e-01
4.889890786089359873e-04 1.709237192700331295e-02 2.588564760132380238e-01
4.907300618763690316e-04 1.709567726158063919e-02 2.588188034595144682e-01
4.889054186289560266e-04 1.709217843713194476e-02 2.588283178527209794e-01
4.904961077597680017e-04 1.709525275085457124e-02 2.588447216972042941e-01
4.893885670600455103e-04 1.709310672312038329e-02 2.588157498114950217e-01
4.900159693998298351e-04 1.709433825187888292e-02 2.588504174008838810e-01
4.897761712526262643e-04 1.709385859582453204e-02 2.588172329294493590e-01
4.897514132413410696e-04 1.709382727116260173e-02 2.588474656123986861e-01
4.899635772117824379e-04 1.709422379679305729e-02 2.588237993324600805e-01
4.896477552869581487e-04 1.709362556135423164e-02 2.588407554422366141e-01
4.900137220026200974e-04 1.709432420593708091e-02 2.588312513318588581e-01
4.896375384663854274e-04 1.709360417629116752e-02 2.588348314407439843e-01
4.899898154836581678e-04 1.709427965779135306e-02 2.588366658674686738e-01
4.897023357530064062e-04 1.709372755718464865e-02 2.588310426295231115e-01
4.898951623622683355e-04 1.709409884629435258e-02 2.588389256847998809e-01
4.898022487016844744e-04 1.709391966674760413e-02 2.588306878366090635e-01
4.898144673997962585e-04 1.709394428771959795e-02 2.588382995410529741e-01
4.898603479724302238e-04 1.709403145381107811e-02 2.588321713809600411e-01
4.897817830700740673e-04 1.709388154849209376e-02 2.588365401848125580e-01
4.898725078620219968e-04 1.709405516338649914e-02 2.588340587754704991e-01
4.897836246877562043e-04 1.709388506527256477e-02 2.588350071122873519e-01
4.898633046849707167e-04 1.709403768789640940e-02 2.588352879606650725e-01
4.897978636874342206e-04 1.709391229881040974e-02 2.588341518511009243e-01
4.898451026932080328e-04 1.709400285815826370e-02 2.588358341264296314e-01
4.898180399895460087e-04 1.709395096916908191e-02 2.588339639453318131e-01
4.898264903718808601e-04 1.709396723775921667e-02 2.588357627367280367e-01
4.898330992586049813e-04 1.709397984632772191e-02 2.588342376280824975e-01
4.898163278106015947e-04 1.709394777424717501e-02 2.588353852905492802e-01
4.898381392897422108e-04 1.709398952837047972e-02 2.588346781955408460e-01
4.898158688208291900e-04 1.709394690534481870e-02 2.588349802439159353e-01
4.898356748994225776e-04 1.709398483427181786e-02 2.588350047897670092e-01
4.898197652416893047e-04 1.709395437216660110e-02 2.588347577058539573e-01
4.898311949418750677e-04 1.709397626293402209e-02 2.588351389819471549e-01
4.898243623085465860e-04 1.709396317797495096e-02 2.588347066698246102e-01
4.898269984980567612e-04 1.709396823194752474e-02 2.588351266955839503e-01
4.898278021629057320e-04 1.709396976867438508e-02 2.588347645200263503e-01
4.898245170697873010e-04 1.709396348217388090e-02 2.588350456295142599e-01
4.898292893317849868e-04 1.709397261815247607e-02 2.588348585740087859e-01
4.898240284676899344e-04 1.709396254751964842e-02 2.588349523272687192e-01
4.898289432846865670e-04 1.709397195802792035e-02 2.588349402712761815e-01
4.898249049919966300e-04 1.709396422716080721e-02 2.588348921772983813e-01
4.898278371015503743e-04 1.709396984151796695e-02 2.588349778013269153e-01
4.898260439480109840e-04 1.709396640850970386e-02 2.588348758948370576e-01
4.898268027892936551e-04 1.709396786195100520e-02 2.588349770261814675e-01
4.898268824479143921e-04 1.709396801453670622e-02 2.588348889684140564e-01
4.898262047137492709e-04 1.709396671735457021e-02 2.588349576138946340e-01
4.898272474187682782e-04 1.709396871363226544e-02 2.588349107705975038e-01
4.898260526010347025e-04 1.709396642628398244e-02 2.588349363187489871e-01
4.898272162540091368e-04 1.709396865417517342e-02 2.588349297439406227e-01
4.898262209397935421e-04 1.709396674874130717e-02 2.588349214751973215e-01
4.898269708489922996e-04 1.709396818452670747e-02 2.588349397039980127e-01
4.898264899612928469e-04 1.709396726390432358e-02 2.588349164060576024e-01
4.898267171266459984e-04 1.709396769887105635e-02 2.588349405561043981e-01
0.000000000000000000e+00 0.000000000000000000e+00 5.000000000000000000e-01
-2.451097666112885334e-02 -3.490658503988658956e-01 0.000000000000000000e+00
-5.104071823191010104e-02 -2.716274458709219131e-01 8.601067021235118126e-01
1.132656079715283794e-02 -3.549749003100771683e-02 2.040472449896019169e-02
-2.186922349308128427e-02 -1.339664893936480805e-01 5.551115123125782702e-17
3.632812830215399053e-03 -4.829922385874368951e-02 2.775557561562891351e-16
1.033718419175594198e-02 2.854679050799940887e-02 1.000000000000000000e+00
-1.413367298667604112e-03 6.390092468446809115e-03 2.043875483116938674e-01
-2.917586366206917012e-03 3.116182390471303187e-03 2.161605613490044930e-01
1.683033732157107956e-04 1.403286922097253531e-02 2.919387721238261846e-01
7.118822500763693877e-04 1.589248546513387719e-02 2.374467143215342468e-01
4.853408275048601110e-04 1.694048839933216116e-02 2.560783715019318008e-01
-1.700703822914698213e-03 -7.548446666062795518e-03 2.479725139298788739e-01
2.512584032446497743e-04 1.611742942215552837e-02 2.437494515916365789e-01
6.224323490945675094e-04 1.707706740668173476e-02 2.454097997409112608e-01
4.058811150410506592e-04 1.695271804333411264e-02 2.511695271973563570e-01
4.609859675359348529e-04 1.704263445019798748e-02 2.536105075304096457e-01
4.510534752277797961e-04 1.681278561781040376e-02 2.553396937052465065e-01
4.694233261751280936e-04 1.662792394829607986e-02 2.560352618009768544e-01
4.799531151989534891e-04 1.689982053900971129e-02 2.549690924458039576e-01
4.814978435875517026e-04 1.690744982273387903e-02 2.546774922927268481e-01
4.781421532946133622e-04 1.692015131507374967e-02 2.547231385953908078e-01
4.789562664944172453e-04 1.691921231943386769e-02 2.545699672482303888e-01
4.769544361086284589e-04 1.692319653364366544e-02 2.546730076129049558e-01
4.770824636311337937e-04 1.692279975205063930e-02 2.545885467071727915e-01
4.761732928461020597e-04 1.692381153616093897e-02 2.546412320834857135e-01
4.759956391946718545e-04 1.692351954041949880e-02 2.546013097384568491e-01
4.755652858945767347e-04 1.692369484644500738e-02 2.546260497931812639e-01
4.753585622678510375e-04 1.692338680978313151e-02 2.546051175193952409e-01
4.751239817359802003e-04 1.692337166168813092e-02 2.546210486986712485e-01
4.749434754380536415e-04 1.692306161927404143e-02 2.546071104726811973e-01
4.748183665226486639e-04 1.692303032073565541e-02 2.546200037837804686e-01
4.746600053973811222e-04 1.692273933871785152e-02 2.546098335397395940e-01
4.746072433786629715e-04 1.692273387644863125e-02 2.546200431440218126e-01
4.744773749826257381e-04 1.692250163835156210e-02 2.546144006254553727e-01
4.744641034680573805e-04 1.692251138895180598e-02 2.546209482127123058e-01
4.743867459413989083e-04 1.692238042725206087e-02 2.546192451806247314e-01
4.743967591687492705e-04 1.692240828486539159e-02 2.546227812445646665e-01
4.743740620132411222e-04 1.692237287935915643e-02 2.546222060421350908e-01
4.743984356097666897e-04 1.692241703858842969e-02 2.546238185585819047e-01
4.743975690769200730e-04 1.692241679668800985e-02 2.546229648469552909e-01
4.744233874396390949e-04 1.692245950438305349e-02 2.546241158460713083e-01
4.744203507305565508e-04 1.692245478265349753e-02 2.546228668078219237e-01
4.744449723490804568e-04 1.692249356887981157e-02 2.546244496809453861e-01
4.744333430919461456e-04 1.692247547407537203e-02 2.546225611970018288e-01
4.744553991934497635e-04 1.692250915448368156e-02 2.546244208329299097e-01
4.744514837834526173e-04 1.692250309571135050e-02 2.546232488344222777e-01
4.744617768464209277e-04 1.692251816087323238e-02 2.546240479757708175e-01
4.744613115639762478e-04 1.692251734351306672e-02 2.546235837179777750e-01
4.744655365169940043e-04 1.692252337219691052e-02 2.546239652942646203e-01
4.744650759213275793e-04 1.692252264612789658e-02 2.546236700661231867e-01
4.744677834083242782e-04 1.692252644835825701e-02 2.546239879949011020e-01
4.744668195707631370e-04 1.692252505202807011e-02 2.546236679501657219e-01
4.744691245255064295e-04 1.692252825406121569e-02 2.546240301100563541e-01
4.744680115452859113e-04 1.692252668311603966e-02 2.546236878583133523e-01
4.744697279667379293e-04 1.692252904435056354e-02 2.546239878338152907e-01
4.744693131894117829e-04 1.692252846054493817e-02 2.546237841319072270e-01
4.744699242906686202e-04 1.692252929835225822e-02 2.546239355302012952e-01
4.744700648474897394e-04 1.692252946796874227e-02 2.546238288758712054e-01
4.744698375636073780e-04 1.692252918366445383e-02 2.546239232401367181e-01
4.744710082067252481e-04 1.692253070643120680e-02 2.546238395906155749e-01
4.744685286432797841e-04 1.692252746857519224e-02 2.546239187673460802e-01
4.744722564777812128e-04 1.692253233042704391e-02 2.546238794382558734e-01
4.744692070613898850e-04 1.692252835399067623e-02 2.546238536978360778e-01
4.744709425116058190e-04 1.692253062374749623e-02 2.546239246495837216e-01
4.744704270568000817e-04 1.692252994865666924e-02 2.546238500365767266e-01
4.744705138586357662e-04 1.692253006601385570e-02 2.546239086058409429e-01
4.744707089932451377e-04 1.692253031854950435e-02 2.546238731938127997e-01
4.744704865866927073e-04 1.692253003082458754e-02 2.546238959325169970e-01
4.744707790484499390e-04 1.692253040976518172e-02 2.546238805031053598e-01
4.744704512484782021e-04 1.692252998489135810e-02 2.546238925509612949e-01
4.744708677720032913e-04 1.692253052450118367e-02 2.546238836422333174e-01
1.600000000000000000e+01 3.799999999999999822e+00 1.069999999999999929e+01 9.500000000000000000e+00 0.000000000000000000e+00 0.000000000000000000e+00 5.000000000000000000e-01
1.607034425609053585e+01 3.582584519017045555e+00 9.640000000000000568e+00 9.663050885580531713e+00 -1.375796067694549929e-02 -3.490658503988658956e-01 6.853291950917080877e-01
1.627634059069740502e+01 3.431093540663847197e+00 9.640000000000000568e+00 9.985264041189266138e+00 9.102700735326166304e-03 -7.866517867199174230e-02 2.351166019424169584e-01
1.610198873887392779e+01 3.370000000000000107e+00 9.640000000000000568e+00 9.460579392055574743e+00 7.459892581711716208e-03 -5.956174286597276657e-02 1.684223070847429282e-02
1.522787636031029201e+01 3.370000000000005880e+00 9.640000000000028990e+00 8.700000000000013500e+00 4.707318372869709333e-03 -1.220706136064331759e-01 5.699544705800847488e-01
1.510722113982143533e+01 3.370000000000002771e+00 9.640000000000002345e+00 8.700000000000006395e+00 2.008809153618716647e-02 -4.983828342268184497e-02 2.664535259100375697e-15
1.522046837054017310e+01 3.370000000000000107e+00 9.640000000000005898e+00 8.700000000000002842e+00 1.338434202840009524e-02 -4.246490397080493473e-02 4.934593884286725962e-01
1.559766145707108009e+01 3.370000000000000107e+00 9.640000000000000568e+00 8.699999999999999289e+00 1.971758985832003028e-02 -6.742056487711808876e-02 3.840228403701599902e-01
1.540836480697460686e+01 3.370000000000000995e+00 9.640000000000000568e+00 8.699999999999999289e+00 2.588822610406179420e-02 -2.362183919861803733e-02 2.645189343715687036e-01
1.648739193735130826e+01 3.370000000000000107e+00 9.640000000000000568e+00 8.699999999999999289e+00 1.297384338856970645e-02 -7.163869404688141818e-02 0.000000000000000000e+00
1.542644995007901620e+01 3.370000000000000107e+00 9.640000000000000568e+00 8.699999999999999289e+00 2.882605183662327944e-02 6.882914943454256085e-03 1.961462191618720541e-01
1.547308927244294097e+01 3.370000000000000107e+00 9.640000000000000568e+00 8.699999999999999289e+00 2.839029708801685953e-02 3.006337965875473944e-02 1.776535611359185696e-01
1.549652672350822868e+01 3.370000000000119567e+00 9.640000000000322089e+00 8.700000000000084555e+00 2.758154927430470429e-02 2.185995197329225134e-02 2.656094991156116580e-01
1.543232352588357870e+01 3.370000000000150209e+00 9.640000000000442881e+00 8.700000000000073896e+00 2.888637356936707076e-02 2.950285953044743531e-02 2.112622872163619214e-01
1.538473919538231804e+01 3.370000000000534790e+00 9.640000000001412772e+00 8.700000000000420286e+00 2.856824170524858986e-02 3.061520714746745683e-02 2.103264016476100173e-01
1.542595576023548176e+01 3.370000000000277218e+00 9.640000000000702229e+00 8.700000000000130740e+00 2.878814264519597224e-02 2.997307148540460930e-02 1.996448093982221283e-01
1.543249913815253826e+01 3.370000000000190177e+00 9.640000000000574332e+00 8.700000000000098765e+00 2.877959716606051654e-02 3.016341337252226654e-02 2.082674851032705610e-01
1.543008112047963820e+01 3.370000000004023999e+00 9.640000000011101022e+00 8.700000000001860911e+00 2.878739785651578120e-02 3.015199294291140072e-02 2.047286078224372641e-01
1.542954484656352676e+01 3.370000000012497665e+00 9.640000000034518735e+00 8.700000000005776002e+00 2.878923082688046933e-02 3.021551800719115416e-02 2.072598752633113828e-01
1.543123124512018585e+01 3.370000000000352269e+00 9.640000000001027303e+00 8.700000000000168043e+00 2.878514241472650281e-02 3.016838751837699895e-02 2.058010421364239451e-01
1.542845952840793267e+01 3.370000000001974527e+00 9.640000000005436220e+00 8.700000000000924771e+00 2.878958935198160790e-02 3.023816436185388506e-02 2.066434276377834278e-01
1.543153864535541686e+01 3.370000000000830109e+00 9.640000000002268976e+00 8.700000000000393641e+00 2.878876385822948594e-02 3.016322472399128596e-02 2.067712060570271182e-01
1.542948289139138396e+01 3.370000000005474394e+00 9.640000000015088943e+00 8.700000000002543032e+00 2.878891954113022358e-02 3.021255834848805485e-02 2.062131092413100886e-01
1.543024277345617179e+01 3.370000000002265406e+00 9.640000000006233805e+00 8.700000000001047340e+00 2.878655964798644204e-02 3.020609504152782510e-02 2.067710215176606359e-01
1.543035831076289988e+01 3.370000000003406715e+00 9.640000000009342429e+00 8.700000000001548273e+00 2.878552220876899950e-02 3.020388651281100123e-02 2.063944711539779098e-01
1.543008601964180038e+01 3.370000000000619611e+00 9.640000000001668568e+00 8.700000000000274625e+00 2.878652184342413156e-02 3.020968597452796181e-02 2.066802815514119374e-01
1.543041798212994564e+01 3.370000000000000107e+00 9.640000000000000568e+00 8.699999999999999289e+00 2.878551732171849217e-02 3.020364826206922704e-02 2.064960921120220227e-01
1.543009088119657690e+01 3.370000000000000107e+00 9.640000000000000568e+00 8.699999999999999289e+00 2.878618409782754406e-02 3.021032474935370082e-02 2.066238337800858360e-01
1.543044993850513258e+01 3.370000000000000107e+00 9.640000000000000568e+00 8.699999999999999289e+00 2.878560849684622808e-02 3.020326130969314474e-02 2.065754180830424724e-01
1.543006052570112629e+01 3.370000000002933760e+00 9.640000000008145165e+00 8.700000000001375966e+00 2.878618464052060122e-02 3.021070302344136538e-02 2.065598961681425760e-01
1.543032612456204333e+01 3.370000000004166107e+00 9.640000000011449188e+00 8.700000000001915978e+00 2.878605205383537313e-02 3.020521156736979962e-02 2.066360143887249479e-01
1.543023298990651249e+01 3.370000000005734186e+00 9.640000000015785275e+00 8.700000000002630074e+00 2.878581952277337389e-02 3.020780663655139517e-02 2.065554962947807327e-01
1.543025603880535535e+01 3.370000000000000107e+00 9.640000000000000568e+00 8.699999999999999289e+00 2.878574757535378933e-02 3.020773757314103303e-02 2.066237658353798079e-01
1.543030002670915124e+01 3.370000000001382112e+00 9.640000000003768221e+00 8.700000000000642331e+00 2.878561896742134682e-02 3.020693749842636236e-02 2.065745567564758467e-01
1.543023922792717606e+01 3.370000000004901075e+00 9.640000000013445813e+00 8.700000000002258815e+00 2.878572586456648943e-02 3.020815502577858108e-02 2.066124227221609877e-01
1.543030680904445084e+01 3.370000000003118501e+00 9.640000000008541292e+00 8.700000000001425704e+00 2.878559028105965104e-02 3.020692545115836666e-02 2.065883870808189748e-01
1.543024516664683077e+01 3.370000000008074093e+00 9.640000000022155291e+00 8.700000000003690559e+00 2.878567235000414198e-02 3.020815042798037642e-02 2.066040763867528218e-01
1.543030456084697022e+01 3.370000000000000107e+00 9.640000000000000568e+00 8.699999999999999289e+00 2.878558403915990743e-02 3.020703012024262418e-02 2.065983750339556169e-01
1.543024769620514647e+01 3.370000000005280327e+00 9.640000000014479653e+00 8.700000000002431122e+00 2.878565627767730797e-02 3.020812281643597136e-02 2.065971794547588891e-01
1.543029334988652579e+01 3.370000000000000107e+00 9.640000000000000568e+00 8.699999999999999289e+00 2.878562857730125255e-02 3.020717766459565801e-02 2.066066931620483826e-01
1.543025838597222155e+01 3.370000000006691199e+00 9.640000000018401849e+00 8.700000000003065281e+00 2.878565899961232216e-02 3.020786436053050222e-02 2.065921761275665292e-01
1.543027323674316520e+01 3.370000000002897789e+00 9.640000000007990621e+00 8.700000000001336886e+00 2.878564575551726887e-02 3.020758896367667715e-02 2.066081993726579247e-01
1.543028005475773590e+01 3.370000000001802221e+00 9.640000000004903313e+00 8.700000000000828848e+00 2.878560113633337608e-02 3.020754609594992687e-02 2.065951529451227064e-01
1.543026728869926067e+01 3.370000000000000107e+00 9.640000000000000568e+00 8.699999999999999289e+00 2.878561841595171644e-02 3.020779637897589090e-02 2.066049842794905889e-01
1.543028517069492800e+01 3.370000000000000107e+00 9.640000000000000568e+00 8.699999999999999289e+00 2.878558565629112456e-02 3.020748048291805113e-02 2.065989378123166131e-01
1.543026948881145444e+01 3.370000000011908359e+00 9.640000000032689087e+00 8.700000000005450929e+00 2.878559804545074638e-02 3.020780153065068946e-02 2.066022809359954748e-01
1.543028445326263132e+01 3.370000000000129781e+00 9.640000000000332747e+00 8.700000000000059686e+00 2.878557517469438817e-02 3.020752887765204911e-02 2.066013331822479926e-01
1.543027307714165097e+01 3.370000000000000107e+00 9.640000000000000568e+00 8.699999999999999289e+00 2.878558320076788496e-02 3.020776153226830199e-02 2.066008411143485657e-01
1.543028238003351227e+01 3.370000000000000107e+00 9.640000000000000568e+00 8.699999999999999289e+00 2.878557531759615845e-02 3.020757595417155814e-02 2.066025703288020543e-01
1.543027527846984803e+01 3.370000000001130314e+00 9.640000000003094982e+00 8.700000000000514433e+00 2.878558088366950374e-02 3.020771838470003370e-02 2.066000379522382191e-01
1.543027924700511022e+01 3.370000000002472351e+00 9.640000000006759606e+00 8.700000000001130829e+00 2.878558068652371099e-02 3.020763143056254263e-02 2.066031065060487115e-01
1.543027829874040613e+01 3.370000000000000107e+00 9.640000000000000568e+00 8.699999999999999289e+00 2.878557750344923685e-02 3.020766048377733146e-02 2.066000625617404607e-01
1.543027694817170214e+01 3.370000000000767937e+00 9.640000000002055813e+00 8.700000000000342126e+00 2.878557934573646587e-02 3.020768639582459628e-02 2.066027161456266692e-01
1.543028052915948756e+01 3.370000000000000107e+00 9.640000000000000568e+00 8.699999999999999289e+00 2.878557308035983864e-02 3.020762332196666455e-02 2.066007859483898756e-01
1.543027646773765582e+01 3.370000000005633822e+00 9.640000000015515269e+00 8.700000000002582112e+00 2.878557654346679262e-02 3.020770467943386869e-02 2.066019465162459157e-01
1.543028079768154015e+01 3.370000000000249241e+00 9.640000000000702229e+00 8.700000000000116529e+00 2.878556963032655874e-02 3.020762715525456346e-02 2.066015417341926508e-01
1.543027791213231481e+01 3.370000000000000107e+00 9.640000000000000568e+00 8.699999999999999289e+00 2.878556954020978706e-02 3.020769173067081384e-02 2.066014287820496509e-01
1.543028044963752166e+01 3.370000000000525464e+00 9.640000000001441194e+00 8.700000000000244427e+00 2.878556606106348961e-02 3.020764485084876869e-02 2.066018775201449442e-01
1.543027897536092041e+01 3.370000000003896545e+00 9.640000000010667591e+00 8.700000000001784528e+00 2.878556623083255300e-02 3.020767715490978167e-02 2.066012636996953089e-01
1.543027989425363877e+01 3.370000000001668550e+00 9.640000000004572911e+00 8.700000000000754241e+00 2.878556557707591737e-02 3.020765857476336372e-02 2.066019501370838785e-01
1.543027966017770147e+01 3.370000000000000107e+00 9.640000000000000568e+00 8.699999999999999289e+00 2.878556490281173469e-02 3.020766558308785737e-02 2.066012853308092923e-01
1.543027951340062565e+01 3.370000000000000107e+00 9.640000000000000568e+00 8.699999999999999289e+00 2.878556495601880191e-02 3.020766875929714254e-02 2.066018710555253546e-01
1.543028014275654591e+01 3.370000000000691109e+00 9.640000000001853309e+00 8.700000000000315481e+00 2.878556374023578945e-02 3.020765806273221360e-02 2.066014126696283093e-01
1.543027933106314364e+01 3.370000000000469953e+00 9.640000000001265335e+00 8.700000000000201794e+00 2.878556451500905236e-02 3.020767401985153047e-02 2.066017277745358371e-01
1.543028026181599266e+01 3.370000000007978613e+00 9.640000000021897719e+00 8.700000000003669243e+00 2.878556351449823927e-02 3.020765605340229240e-02 2.066015687731395933e-01
1.543027946421074326e+01 3.370000000000000107e+00 9.640000000000000568e+00 8.699999999999999289e+00 2.878556380285321112e-02 3.020767300937195199e-02 2.066015882561149375e-01
1.543028020641192732e+01 3.370000000005815899e+00 9.640000000015927384e+00 8.700000000002662048e+00 2.878556262741483254e-02 3.020765973076720498e-02 2.066016756168732316e-01
1.543027982974999013e+01 3.370000000005195950e+00 9.640000000014230963e+00 8.700000000002374279e+00 2.878556234499816263e-02 3.020766887740404180e-02 2.066015289115848974e-01
1.543028010984350828e+01 3.370000000001496687e+00 9.640000000004096847e+00 8.700000000000679634e+00 2.878556190293271588e-02 3.020766386739993925e-02 2.066016989065366516e-01
1.543028006669661956e+01 3.370000000000000107e+00 9.640000000000000568e+00 8.699999999999999289e+00 2.878556159850206506e-02 3.020766565736079587e-02 2.066015347072182040e-01
1.543028005089005994e+01 3.370000000000000107e+00 9.640000000000000568e+00 8.699999999999999289e+00 2.878556144822357402e-02 3.020766642463240670e-02 2.066016760899451465e-01
1.543028020806133149e+01 3.370000000000000107e+00 9.640000000000000568e+00 8.699999999999999289e+00 2.878556104261366724e-02 3.020766403953884308e-02 2.066015676091294828e-01
1.543028005089843013e+01 3.370000000003297025e+00 9.640000000009026238e+00 8.700000000001509193e+00 2.878556106476170065e-02 3.020766747402606200e-02 2.066016420283521560e-01
1.543028025500991696e+01 3.370000000000000107e+00 9.640000000000000568e+00 8.699999999999999289e+00 2.878556081061509064e-02 3.020766363246907629e-02 2.066016008330449349e-01
1.543028007186135042e+01 3.370000000001670770e+00 9.640000000004588898e+00 8.700000000000770228e+00 2.878556090954926400e-02 3.020766743304996449e-02 2.066016124588870018e-01
1.543028024423343680e+01 3.370000000000000107e+00 9.640000000000000568e+00 8.699999999999999289e+00 2.878556070230444547e-02 3.020766416964326337e-02 2.066016255533457691e-01
1.543028013942065080e+01 3.370000000000000107e+00 9.640000000000000568e+00 8.699999999999999289e+00 2.878556065513492371e-02 3.020766662817512757e-02 2.066015955333312948e-01
1.543028022541885314e+01 3.370000000001335927e+00 9.640000000003601244e+00 8.700000000000605027e+00 2.878556050095933475e-02 3.020766513890442082e-02 2.066016344643442082e-01
1.543028020763714103e+01 3.370000000001998952e+00 9.640000000005462866e+00 8.700000000000914113e+00 2.878556041104055399e-02 3.020766577981018330e-02 2.066015942627917323e-01
1.543028021236282044e+01 3.370000000000000107e+00 9.640000000000000568e+00 8.699999999999999289e+00 2.878556034391563032e-02 3.020766585917585706e-02 2.066016302169015051e-01
1.543028025249880386e+01 3.370000000003908980e+00 9.640000000010683578e+00 8.700000000001791634e+00 2.878556021415002580e-02 3.020766532147296096e-02 2.066016021961513960e-01
1.543028022142586586e+01 3.370000000000000107e+00 9.640000000000000568e+00 8.699999999999999289e+00 2.878556016640283766e-02 3.020766614312575885e-02 2.066016212774529626e-01
1.900000000000000000e+01 3.799999999999999822e+00 1.069999999999999929e+01 9.500000000000000000e+00 0.000000000000000000e+00 0.000000000000000000e+00 5.000000000000000000e-01
1.838529629456152747e+01 3.370000000000000107e+00 1.035580845632852132e+01 8.699999999999999289e+00 -2.608014806544356468e-02 -3.490658503988658956e-01 0.000000000000000000e+00
1.701194127589509719e+01 3.370000000000000107e+00 9.644820737534573141e+00 8.699999999999999289e+00 -1.122453120304181019e-02 -1.643477845262716341e-01 0.000000000000000000e+00
1.682487892573249511e+01 3.370000000000003215e+00 9.640000000000002345e+00 8.699999999999999289e+00 1.388800520157038552e-02 -7.555562804029396229e-02 1.213222231011279462e-15
1.729256854483500305e+01 3.370000000000001883e+00 9.640000000000000568e+00 8.892497143265984505e+00 2.424538697451494515e-03 -2.676338361754295597e-02 2.244298497044994178e-16
1.753712791988602149e+01 3.370000000000254126e+00 9.640000000002094893e+00 9.575580457511421173e+00 -1.764299138233943465e-02 -5.551108773119081685e-02 3.652711248633201957e-01
1.990787282577757722e+01 3.370000000000000107e+00 9.640000000000000568e+00 1.067999999999999972e+01 -3.350631612875399484e-02 -2.522822479077597713e-01 3.934302737408841288e-01
1.671096046222470477e+01 3.370000000005814123e+00 9.640000000028470239e+00 1.000088021655221304e+01 -5.183439732016169657e-03 -1.111667681891689574e-01 9.743305928138348282e-01
1.400000000005050893e+01 3.370000000000000107e+00 9.640000000000000568e+00 8.699999999999999289e+00 3.490658503988658956e-01 -1.900069986020459234e-01 9.999999999620754476e-01
1.400000000000000000e+01 3.370000000000266560e+00 1.178999999999889425e+01 1.067999999999999972e+01 3.490658503988658956e-01 -3.490658503988627315e-01 1.000000000000000000e+00
1.400000000000000000e+01 3.370000000009959251e+00 1.178999999981945379e+01 1.067999999999999972e+01 -2.557218172442147774e-01 3.490658503960274439e-01 1.000000000000000000e+00
1.400000000001428901e+01 3.370000000000000107e+00 1.178999999999999915e+01 1.067999999999778282e+01 3.490658503987873473e-01 -3.099391752688009372e-01 9.999999999898144809e-01
1.400000000000912337e+01 3.370000000000000107e+00 1.178999999999999915e+01 1.067999999999830330e+01 3.490658503988658956e-01 -3.081558353848022347e-01 9.999999999923470106e-01
1.400000000000000000e+01 3.370000000034848675e+00 1.178999999866761428e+01 1.067999999999999972e+01 3.490658503451341543e-01 -2.995244128767934888e-01 1.000000000000000000e+00
1.400000000175240800e+01 3.370000000000000107e+00 1.178999999999999915e+01 1.067999999973094738e+01 3.490658503988658956e-01 -2.630886712047108000e-01 9.999999987077867747e-01
1.400000000000000000e+01 3.370000000022821851e+00 1.178999999949551203e+01 1.067999999999999972e+01 3.490658503784251354e-01 -2.524052513594117197e-01 1.000000000000000000e+00
1.400000000000000000e+01 3.370000000000000107e+00 1.178999999996188741e+01 1.067999999999999972e+01 3.490658503973048665e-01 -2.530052081789169738e-01 1.000000000000000000e+00
1.400000000000000000e+01 3.370000000011762253e+00 1.178999999956198863e+01 1.067999999999999972e+01 3.490658503810893931e-01 -2.530052015289931400e-01 1.000000000000000000e+00
1.400000000034878411e+01 3.370000000000000107e+00 1.178999999999999915e+01 1.067999999994617077e+01 3.490658503988658956e-01 -2.530052013974128378e-01 9.999999997568770338e-01
1.400000000033356962e+01 3.370000000000000107e+00 1.178999999999999915e+01 1.067999999994858840e+01 3.490658503988658956e-01 -2.530052014152476270e-01 9.999999997697290866e-01
1.400000000000025580e+01 3.370000000000038742e+00 1.178999999999941295e+01 1.067999999999934779e+01 3.490658503972809412e-01 -2.530052014510751901e-01 9.999999999993273159e-01
1.700000000000000000e+01 3.799999999999999822e+00 1.069999999999999929e+01 9.500000000000000000e+00 0.000000000000000000e+00 0.000000000000000000e+00 5.000000000000000000e-01
1.692942322965272695e+01 3.574163540111698456e+00 9.640000000000014779e+00 9.656835060221725442e+00 -8.176304138646027508e-03 -3.490658503986501793e-01 9.557932361216980865e-01
1.557297914116563220e+01 3.370000000000000107e+00 9.640000000000000568e+00 8.742278310075725756e+00 -1.381471920981652557e-01 -3.490658503988643968e-01 1.000000000000000000e+00
1.682552187457805459e+01 3.370000000000000107e+00 9.640000000000000568e+00 9.271809489348621369e+00 9.411689344915492861e-05 -8.542850462228167296e-02 1.887379141862766119e-15
1.681032136769592356e+01 3.370000000000000107e+00 9.640000000000000568e+00 8.699999999999999289e+00 1.753430788021221459e-02 -1.310809277209973311e-01 4.137532330639182021e-15
1.575084374441811974e+01 3.370000000000000107e+00 9.640000000000000568e+00 8.699999999999999289e+00 -1.321840725712081395e-02 -2.276217703716561791e-01 2.703908555338963571e-01
1.628874294310945814e+01 3.370000000000213713e+00 9.640000000000586766e+00 8.700000000000624567e+00 1.598120978836379061e-02 -3.912045131228528150e-02 1.000000000000000000e+00
1.609082708084293856e+01 3.370000000000020979e+00 9.640000000000078728e+00 8.700000000000121858e+00 1.989477880738690918e-02 -1.018997761871467955e-02 1.399354084079911242e-01
1.569450853466352847e+01 3.370000000000000107e+00 9.640000000000000568e+00 8.699999999999999289e+00 1.305566572728564245e-02 -4.056970776710937254e-02 2.218505086341909238e-01
1.583425664032559865e+01 3.370000082150172993e+00 9.640000159209488828e+00 8.700000357804654527e+00 1.737262032137806833e-02 -6.725039853717311444e-02 2.293034330821551170e-01
1.572185556609037071e+01 3.370000000004640395e+00 9.640000000010136461e+00 8.700000000017686475e+00 2.477289939089179563e-02 -9.913582060775777416e-03 1.325041029014175087e-01
1.553846111479153436e+01 3.370000000000000107e+00 9.640000000000000568e+00 8.699999999999999289e+00 2.815438285594222892e-02 2.764443228174341682e-02 1.907166661848244404e-01
1.548043651717549629e+01 3.370000000000425100e+00 9.640000000000821245e+00 8.700000000002180656e+00 2.352112370807602978e-02 -8.030530216080813966e-03 1.742766266369630834e-01
1.554696314134390711e+01 3.370000000000000107e+00 9.640000000000000568e+00 8.699999999999999289e+00 2.458233569728298859e-02 -8.003692277873635311e-03 3.453509709431585306e-01
1.534548766576874890e+01 3.370000000000000107e+00 9.640000000000000568e+00 8.699999999999999289e+00 2.933123260474199828e-02 3.661929135743345609e-02 2.291339352506943650e-01
1.542377105499234879e+01 3.370000000000000107e+00 9.640000000000000568e+00 8.699999999999999289e+00 2.864266965738300821e-02 2.665973454943763171e-02 1.961344096236261880e-01
1.543380231107295408e+01 3.370000002222214519e+00 9.640000004308500792e+00 8.700000009662364420e+00 2.625792618008653337e-02 1.020454507205411851e-02 2.144074610667968950e-01
1.541353700033224428e+01 3.370000000223154935e+00 9.640000000434080007e+00 8.700000000968840297e+00 2.890546269230259355e-02 3.070225432517551672e-02 2.156757092781584340e-01
1.541279604035065098e+01 3.370000004589840614e+00 9.640000008862491754e+00 8.700000020074426743e+00 2.882533312199155040e-02 3.065523568377213903e-02 2.045129586668578692e-01
1.543062727756807107e+01 3.370000000155396691e+00 9.640000000297742844e+00 8.700000000689980695e+00 2.876859023681268418e-02 2.987258977372334035e-02 2.051762906185354285e-01
1.542854894065420623e+01 3.370000000168495102e+00 9.640000000325620988e+00 8.700000000740256922e+00 2.815214460424598011e-02 2.478748832239504110e-02 2.078875886170409026e-01
1.542361799961961566e+01 3.370000000166739174e+00 9.640000000321428786e+00 8.700000000731169081e+00 2.883263641796887655e-02 3.042972497082118907e-02 2.090547097970260337e-01
1.542715404700992110e+01 3.370000005563470236e+00 9.640000010756670790e+00 8.700000024306557833e+00 2.880493969780090202e-02 3.035918839022193338e-02 2.071021687074403039e-01
1.543107225812430805e+01 3.370000000000000107e+00 9.640000000000000568e+00 8.699999999999999289e+00 2.878451007719224145e-02 3.023902224573547792e-02 2.069469152629114239e-01
1.543312049321004764e+01 3.370000002923267513e+00 9.640000005649691062e+00 8.700000012783990044e+00 2.861662416300999115e-02 2.885215235892298405e-02 2.066691470223294413e-01
1.543298210595514064e+01 3.370000000176901267e+00 9.640000000341053976e+00 8.700000000771392905e+00 2.872894631032395230e-02 3.003610177092287670e-02 2.046687982595657429e-01
1.542951599484218583e+01 3.370000000000000107e+00 9.640000000000000568e+00 8.699999999999999289e+00 2.878024711279361311e-02 3.021804238321468272e-02 2.057591483878502547e-01
1.542947885298666932e+01 3.370000020533486129e+00 9.640000039732681714e+00 8.700000089618036725e+00 2.879343903390529924e-02 3.026451016394411664e-02 2.062611270491238324e-01
1.542874308074916989e+01 3.370000000000000107e+00 9.640000000000000568e+00 8.699999999999999289e+00 2.879673426300514288e-02 3.022954803487116343e-02 2.066126191088418218e-01
1.542926606065605277e+01 3.370000008441456529e+00 9.640000016339177691e+00 8.700000036847653107e+00 2.874142479960205276e-02 2.975991397164105129e-02 2.066023773555068221e-01
1.543258428404875993e+01 3.370000008096871280e+00 9.640000015663380495e+00 8.700000035336358906e+00 2.877087382856887907e-02 3.011142586359427317e-02 2.063414014279709163e-01
1.543116020106555908e+01 3.370000000000000107e+00 9.640000000000000568e+00 8.699999999999999289e+00 2.878436717017177765e-02 3.019630853994073258e-02 2.065123805775399557e-01
1.543114693513925140e+01 3.370000080797317832e+00 9.640000156294602718e+00 8.700000352591771957e+00 2.878206114019486034e-02 3.021969519355900344e-02 2.065179157173328284e-01
1.543111969905507763e+01 3.370000019592447327e+00 9.640000037904222552e+00 8.700000085506607306e+00 2.877856326290832711e-02 3.021092272093412953e-02 2.065589482509143648e-01
1.543110952471509023e+01 3.370000000000000107e+00 9.640000000000000568e+00 8.699999999999999289e+00 2.875985755686677817e-02 3.005771211558637759e-02 2.065584151452247996e-01
1.543016800803034450e+01 3.370000000000000107e+00 9.640000000000000568e+00 8.699999999999999289e+00 2.878507831385106186e-02 3.017793308299555888e-02 2.067034315029257496e-01
1.543056237574250744e+01 3.370000087378886899e+00 9.640000169032974853e+00 8.700000381355245338e+00 2.878332031943872313e-02 3.020763982448034998e-02 2.066744634088736043e-01
1.543003528163055904e+01 3.370000000000000107e+00 9.640000000000000568e+00 8.699999999999999289e+00 2.878867890858462578e-02 3.020049273319123928e-02 2.066109413861469124e-01
1.543013207122752384e+01 3.370000000000000107e+00 9.640000000000000568e+00 8.699999999999999289e+00 2.878729681951107747e-02 3.020921262488092396e-02 2.066135760355698736e-01
1.542983975096687033e+01 3.370000063423876036e+00 9.640000122684558193e+00 8.700000276817908329e+00 2.878933272464153856e-02 3.020632273923081965e-02 2.065935920939758752e-01
1.542947844338506336e+01 3.370000189004128455e+00 9.640000365614410427e+00 8.700000824852390124e+00 2.879154184384492832e-02 3.020280815542604469e-02 2.065821856916637833e-01
1.542994182354384769e+01 3.370000059940899906e+00 9.640000115974176609e+00 8.700000261546708913e+00 2.878831500410348673e-02 3.020729864763452982e-02 2.065989217017833723e-01
1.543023208315316097e+01 3.370000051561543586e+00 9.640000099751487639e+00 8.700000224985345199e+00 2.878575642642782970e-02 3.020715310343366489e-02 2.066061679191441292e-01
1.543017842229331116e+01 3.370000000000000107e+00 9.640000000000000568e+00 8.699999999999999289e+00 2.878637595974662886e-02 3.020763563596551293e-02 2.066014466558715179e-01
1.543032097333587593e+01 3.370000001147025248e+00 9.640000002221455588e+00 8.700000005002035408e+00 2.878518332574918001e-02 3.020771372571058946e-02 2.066027973322775435e-01
1.543030559101658739e+01 3.370000000000000107e+00 9.640000000000000568e+00 8.699999999999999289e+00 2.878532765494805010e-02 3.020771781085251906e-02 2.066022115266164527e-01
1.543037527600871783e+01 3.370000000000000107e+00 9.640000000000000568e+00 8.699999999999999289e+00 2.878474612731303159e-02 3.020775433582179384e-02 2.066026073560355558e-01
1.543036811364804173e+01 3.370000001509958043e+00 9.640000002927976652e+00 8.700000006571938727e+00 2.878481018728704793e-02 3.020775495624029860e-02 2.066022822646841894e-01
1.700000000000000000e+01 3.799999999999999822e+00 1.069999999999999929e+01 9.500000000000000000e+00 0.000000000000000000e+00 0.000000000000000000e+00 0.000000000000000000e+00 2.124065699677099017e-01 0.000000000000000000e+00 0.000000000000000000e+00 5.000000000000000000e-01
1.721101728122568630e+01 3.621185590085235440e+00 9.640000000000000568e+00 9.755380928153586595e+00 -8.402830119067172809e-02 0.000000000000000000e+00 -8.402830119067494774e-02 6.981317007977317912e-01 -4.866031917184876487e-02 -3.490658503988658956e-01 4.464968637942201557e-01
1.533549830235635625e+01 3.370000000000000107e+00 9.640000000000000568e+00 8.972592969159851606e+00 -8.849279044478450262e-02 0.000000000000000000e+00 -8.849279044478419731e-02 6.680253674528358054e-01 -2.638081451535656541e-01 -3.490658503988658956e-01 3.105591421176203681e-01
1.454043614019353825e+01 3.370000000000000107e+00 9.640000000000000568e+00 8.699999999999999289e+00 -1.801561493191746743e-01 0.000000000000000000e+00 -1.801561493191763952e-01 6.981317007977317912e-01 -2.473737077845310217e-03 -3.490658503988658956e-01 4.885466229446489006e-01
1.400000000000025402e+01 3.370000000000018758e+00 9.640000000000098268e+00 8.700000000000082778e+00 -5.609794897415639747e-01 0.000000000000000000e+00 -5.609794897415618653e-01 2.384274996849718997e-01 5.021847559074627682e-02 2.179887745088415207e-01 9.999999999999625855e-01
1.531429775842284791e+01 3.370000000000000107e+00 9.640000000000000568e+00 8.699999999999999289e+00 -3.419539516042976457e-01 0.000000000000000000e+00 -3.419539516042980898e-01 1.745329251994335862e-01 -2.970500036782022790e-03 -5.743787057957941422e-02 1.214900948422905635e-01
1.461802910024541724e+01 3.370000000000051177e+00 9.640000000000103597e+00 8.700000000000120082e+00 -3.744292028094829416e-01 0.000000000000000000e+00 -3.744292028094812208e-01 4.922382301611445410e-01 2.486337900240326651e-02 -4.317819098575603753e-02 1.143529715363911237e-13
1.504636011296098097e+01 3.370000000000066720e+00 9.640000000000178204e+00 8.700000000000111200e+00 -4.020150281104126755e-01 0.000000000000000000e+00 -4.020150281104097889e-01 4.350224962345993207e-01 -1.322465612744458049e-02 -6.605484176581354061e-02 1.301977189255287826e-13
1.520329790328196928e+01 3.370000000000003659e+00 9.640000000000016556e+00 8.700000000000004619e+00 -3.950733563393206138e-01 0.000000000000000000e+00 -3.950733563393204473e-01 2.718005393741177445e-01 1.250638944125744695e-03 -7.627713466143627719e-02 1.000000000000000000e+00
1.530893402717090268e+01 3.370000000000012097e+00 9.640000000000032543e+00 8.700000000000027711e+00 -4.504253578210183351e-01 0.000000000000000000e+00 -4.504253578210177800e-01 2.271450218587166281e-01 1.328405617474824607e-02 -3.759687166075071502e-02 0.000000000000000000e+00
1.552798571975867503e+01 3.370000000000000107e+00 9.640000000000000568e+00 8.699999999999999289e+00 -5.632110658489449806e-01 0.000000000000000000e+00 -5.632110658489434263e-01 1.745329251994353903e-01 1.801590486606108321e-03 -8.274610020278447275e-03 1.250099138991945524e-01
1.550872762778124958e+01 3.370000000000012097e+00 9.640000000000041425e+00 8.700000000000020606e+00 -6.511211540388494035e-01 0.000000000000000000e+00 -6.511211540388492924e-01 2.177259443329065680e-01 1.576011226510924679e-02 2.424452254731871564e-02 3.092135346990169675e-01
1.564994532398511495e+01 3.370000000000011209e+00 9.640000000000027214e+00 8.700000000000022382e+00 -6.732105996068560305e-01 0.000000000000000000e+00 -6.732105996068559195e-01 2.186452302048262353e-01 1.361518475069007500e-02 3.352567191718761400e-03 1.822043996753042183e-01
1.570363689288409148e+01 3.370000000000001439e+00 9.640000000000002345e+00 8.700000000000002842e+00 -6.499338109002930075e-01 0.000000000000000000e+00 -6.499338109002928965e-01 2.034314944019922633e-01 5.147427351917286537e-03 -4.625993549948635014e-02 2.141831918099242615e-01
1.474740958999696439e+01 3.370000000000077822e+00 9.640000000000194191e+00 8.700000000000159162e+00 -4.497922690474892571e-01 0.000000000000000000e+00 -4.497922690474858154e-01 4.520644488677152406e-01 -7.291008053109525322e-03 -1.657350040007265490e-01 1.386538038779810689e-01
1.533624848024256515e+01 3.370000000000021867e+00 9.640000000000046754e+00 8.700000000000043698e+00 -7.412423114183751549e-01 0.000000000000000000e+00 -7.412423114183749329e-01 2.119341721475505869e-01 1.635551395023920537e-02 1.508150697915137950e-02 2.619916399096217097e-01
1.526816843648459709e+01 3.370000000000000551e+00 9.640000000000002345e+00 8.700000000000002842e+00 -8.087876571223147071e-01 0.000000000000000000e+00 -8.087876571223147071e-01 2.110315290804188337e-01 1.734099871863546347e-02 1.700817632251849787e-02 1.940241797865871753e-01
1.524167548805838024e+01 3.370000000000000107e+00 9.640000000000000568e+00 8.699999999999999289e+00 -8.906203833950461224e-01 0.000000000000000000e+00 -8.906203833950463444e-01 2.126269451448543346e-01 1.849497265220952438e-02 1.386159936354312665e-02 2.077978843663087216e-01
1.527957670078392738e+01 3.370000000000000107e+00 9.640000000000000568e+00 8.699999999999999289e+00 -9.242582589497677636e-01 0.000000000000000000e+00 -9.242582589497680967e-01 2.137776142012256242e-01 1.822281720674653882e-02 1.650315837219703402e-02 2.032066733494695687e-01
1.532936846835190003e+01 3.370000000000012097e+00 9.640000000000034319e+00 8.700000000000017053e+00 -9.791740544419287318e-01 0.000000000000000000e+00 -9.791740544419287318e-01 2.127988448228413099e-01 1.836901327330225236e-02 1.795189171872019901e-02 2.135516071391978798e-01
1.534472891454185906e+01 3.370000000000004103e+00 9.640000000000011227e+00 8.700000000000006395e+00 -1.087137993391732227e+00 0.000000000000000000e+00 -1.087137993391732449e+00 2.126085205821249824e-01 1.877652837245127188e-02 1.867227108380188627e-02 2.102342319254474901e-01
1.538208708588585694e+01 3.370000000000000107e+00 9.640000000000000568e+00 8.699999999999999289e+00 -1.388240082749858884e+00 0.000000000000000000e+00 -1.388240082749859106e+00 2.123003589357962684e-01 1.924573549188986557e-02 1.353983227216322416e-02 2.112875072686520861e-01
1.535754559741267400e+01 3.370000000000000107e+00 9.640000000000000568e+00 8.699999999999999289e+00 -1.827215778768611187e+00 0.000000000000000000e+00 -1.827215778768610743e+00 2.124250515245938997e-01 2.227992506087356217e-02 2.150316349711816483e-02 2.042994787554447411e-01
1.543010540360364047e+01 3.370000000000011653e+00 9.640000000000039648e+00 8.700000000000025935e+00 -2.883339941575027154e+00 0.000000000000000000e+00 -2.883339941575026266e+00 2.118030086106547638e-01 2.736056255265592596e-02 2.597323065343539253e-02 1.981313810481671600e-01
1.547237167621529785e+01 3.370000000000000107e+00 9.640000000000000568e+00 8.699999999999999289e+00 -4.399895225438683610e+00 0.000000000000000000e+00 -4.399895225438684498e+00 2.118519367804390097e-01 3.492828334592532058e-02 3.377456755889018947e-02 2.080731460278539280e-01
1.553090306742313231e+01 3.370000000000000107e+00 9.640000000000000568e+00 8.699999999999999289e+00 -5.153665978600445285e+00 0.000000000000000000e+00 -5.153665978600445285e+00 2.118923343167286311e-01 3.755619037547611172e-02 2.950586805554961459e-02 2.047053430370923688e-01
1.543608047391952276e+01 3.370000000000000107e+00 9.640000000000000568e+00 8.699999999999999289e+00 -4.427189821903356304e+00 0.000000000000000000e+00 -4.427189821903356304e+00 2.121207291274078977e-01 3.536190597453429257e-02 3.365980791144868728e-02 2.088547996339374380e-01
1.527986064513323505e+01 3.370000000000000107e+00 9.640000000000000568e+00 8.699999999999999289e+00 -4.354012835945679782e+00 0.000000000000000000e+00 -4.354012835945681559e+00 2.135240894602180861e-01 3.600672644744380702e-02 2.937334658824192202e-02 2.115560456702192393e-01
1.543842506657648883e+01 3.370000000000000995e+00 9.640000000000005898e+00 8.700000000000001066e+00 -4.565306154613094414e+00 0.000000000000000000e+00 -4.565306154613094414e+00 2.122616785212498580e-01 3.603206349534830016e-02 3.364691215851373096e-02 2.090037099405728238e-01
1.545842519878883792e+01 3.370000000000000107e+00 9.640000000000000568e+00 8.699999999999999289e+00 -4.553220124705189775e+00 0.000000000000000000e+00 -4.553220124705189775e+00 2.121563130143664655e-01 3.565641090444376937e-02 3.229224462546244345e-02 2.067036573395295840e-01
1.542162978044028598e+01 3.370000000000000107e+00 9.640000000000000568e+00 8.699999999999999289e+00 -4.531722836826259204e+00 0.000000000000000000e+00 -4.531722836826259204e+00 2.126681227025308818e-01 3.596478565906650882e-02 3.274798233224277683e-02 2.088337841636142833e-01
1.544477555110541367e+01 3.370000000000021867e+00 9.640000000000062741e+00 8.700000000000040146e+00 -4.583253277695557237e+00 0.000000000000000000e+00 -4.583253277695556349e+00 2.122916209080207561e-01 3.609382402663013911e-02 3.373440318687447037e-02 2.081742664387144781e-01
1.545288663115522176e+01 3.370000000000000107e+00 9.640000000000000568e+00 8.699999999999999289e+00 -4.632977987395059394e+00 0.000000000000000000e+00 -4.632977987395059394e+00 2.122006792374246942e-01 3.626577579113297867e-02 3.383590094490201983e-02 2.085583617625402508e-01
1.545854963155298201e+01 3.370000000000000107e+00 9.640000000000000568e+00 8.699999999999999289e+00 -4.605237974530090206e+00 0.000000000000000000e+00 -4.605237974530091094e+00 2.123370516704334299e-01 3.608105492970512668e-02 3.382882140470640231e-02 2.085384736917726967e-01
1.545802728470359533e+01 3.370000000000000107e+00 9.640000000000000568e+00 8.699999999999999289e+00 -4.629309012630586473e+00 0.000000000000000000e+00 -4.629309012630588249e+00 2.123379829244545491e-01 3.621314800703626102e-02 3.391675709885565854e-02 2.088074242394225566e-01
1.545296644375112649e+01 3.370000000000000107e+00 9.640000000000000568e+00 8.699999999999999289e+00 -4.611157561749281264e+00 0.000000000000000000e+00 -4.611157561749282152e+00 2.123384345899395065e-01 3.616493070442657748e-02 3.386548323341543459e-02 2.086481862273420473e-01
1.545083386196292707e+01 3.370000000000000107e+00 9.640000000000000568e+00 8.699999999999999289e+00 -4.611728128063672827e+00 0.000000000000000000e+00 -4.611728128063672827e+00 2.123396341841618795e-01 3.618655981694682278e-02 3.386204368757207706e-02 2.086443166649199210e-01
1.544998947436259229e+01 3.370000000000001883e+00 9.640000000000004121e+00 8.699999999999999289e+00 -4.608469680982998362e+00 0.000000000000000000e+00 -4.608469680982998362e+00 2.123402259703489336e-01 3.617646919771310560e-02 3.385218387513828225e-02 2.086052105181409044e-01
1.544966582541766797e+01 3.370000000000038298e+00 9.640000000000094715e+00 8.700000000000081002e+00 -4.607944829558558553e+00 0.000000000000000000e+00 -4.607944829558557664e+00 2.123380415710509617e-01 3.617673929687173495e-02 3.385210947182809571e-02 2.085945832540907763e-01
1.544828514863380065e+01 3.370000000000000107e+00 9.640000000000000568e+00 8.699999999999999289e+00 -4.608079090107773723e+00 0.000000000000000000e+00 -4.608079090107774611e+00 2.123380854109502280e-01 3.618911345723786060e-02 3.385042489520461578e-02 2.085781911211398720e-01
1.544806601118382616e+01 3.370000000000000107e+00 9.640000000000000568e+00 8.699999999999999289e+00 -4.606731602762618394e+00 0.000000000000000000e+00 -4.606731602762618394e+00 2.123380082126427315e-01 3.618368417075175369e-02 3.384598521141254923e-02 2.085708867521274823e-01
1.544710956290870385e+01 3.370000000000017426e+00 9.640000000000041425e+00 8.700000000000036593e+00 -4.605914111456820059e+00 0.000000000000000000e+00 -4.605914111456819171e+00 2.123379232220580504e-01 3.618739510654687269e-02 3.384129576316871613e-02 2.085586456889198526e-01
1.544727540308922009e+01 3.370000000000000107e+00 9.640000000000000568e+00 8.699999999999999289e+00 -4.605111726683685625e+00 0.000000000000000000e+00 -4.605111726683686513e+00 2.123378328488939593e-01 3.618170774611847301e-02 3.383865547697031267e-02 2.085594609659864596e-01
1.544716070368829008e+01 3.370000000000034301e+00 9.640000000000080504e+00 8.700000000000066791e+00 -4.604289857606612024e+00 0.000000000000000000e+00 -4.604289857606611136e+00 2.123377015205971940e-01 3.617834202610162309e-02 3.383496683560616169e-02 2.085555036112050065e-01
1.544730272110869684e+01 3.370000000000006768e+00 9.640000000000014779e+00 8.700000000000013500e+00 -4.603740066590494173e+00 0.000000000000000000e+00 -4.603740066590494173e+00 2.123376008706090168e-01 3.617425632597301433e-02 3.383280498642114720e-02 2.085563090742903469e-01
1.544739725784302742e+01 3.370000000000028972e+00 9.640000000000069846e+00 8.700000000000057909e+00 -4.603162652814352107e+00 0.000000000000000000e+00 -4.603162652814351219e+00 2.123374626789758246e-01 3.617044228484807972e-02 3.383030186661677152e-02 2.085559103646233425e-01
1.544780619395507593e+01 3.370000000000009432e+00 9.640000000000021885e+00 8.700000000000018829e+00 -4.603738713672983707e+00 0.000000000000000000e+00 -4.603738713672982819e+00 2.123379420072873114e-01 3.617010693814960015e-02 3.383335968799164317e-02 2.085586315205134045e-01
1.544771801583510928e+01 3.370000000000000107e+00 9.640000000000000568e+00 8.699999999999999289e+00 -4.603122989066068982e+00 0.000000000000000000e+00 -4.603122989066068982e+00 2.123379866562587759e-01 3.616759456528334526e-02 3.383075355693742486e-02 2.085575626802531890e-01
1.544787776392595902e+01 3.370000000000029861e+00 9.640000000000073399e+00 8.700000000000057909e+00 -4.602648059452413953e+00 0.000000000000000000e+00 -4.602648059452413065e+00 2.123380328923454297e-01 3.616380356984287558e-02 3.382872628815326854e-02 2.085581977772636986e-01
1.544797054371009182e+01 3.370000000000061835e+00 9.640000000000149782e+00 8.700000000000121858e+00 -4.603263105252167975e+00 0.000000000000000000e+00 -4.603263105252165310e+00 2.123379327313184017e-01 3.616625691117882069e-02 3.383152005252456490e-02 2.085601886923752757e-01
1.544791290605252954e+01 3.370000000000046292e+00 9.640000000000112479e+00 8.700000000000095213e+00 -4.602878903387134457e+00 0.000000000000000000e+00 -4.602878903387132681e+00 2.123379299743546333e-01 3.616471035383215377e-02 3.382992457201317721e-02 2.085595584137230618e-01
1.544806925329414682e+01 3.370000000000026752e+00 9.640000000000062741e+00 8.700000000000056133e+00 -4.602875955171460198e+00 0.000000000000000000e+00 -4.602875955171459310e+00 2.123379277104140428e-01 3.616341923288891175e-02 3.382991568011693706e-02 2.085604223345118857e-01
1.544799554836717448e+01 3.370000000000000107e+00 9.640000000000000568e+00 8.699999999999999289e+00 -4.602669062395376542e+00 0.000000000000000000e+00 -4.602669062395376542e+00 2.123379249062248286e-01 3.616293215459647631e-02 3.382907061196516879e-02 2.085603178194697371e-01
1.544810330020697364e+01 3.370000000000028972e+00 9.640000000000066294e+00 8.700000000000050804e+00 -4.602692100783666085e+00 0.000000000000000000e+00 -4.602692100783665197e+00 2.123379227737365871e-01 3.616217420276725270e-02 3.382916296976429954e-02 2.085607450872655755e-01
1.544806686093950354e+01 3.370000000000049400e+00 9.640000000000112479e+00 8.700000000000095213e+00 -4.602567824676562225e+00 0.000000000000000000e+00 -4.602567824676560448e+00 2.123379198826335357e-01 3.616181771990587684e-02 3.382865424347685640e-02 2.085607903984928180e-01
1.544812075313488542e+01 3.370000000000000107e+00 9.640000000000000568e+00 8.699999999999999289e+00 -4.602555838972598679e+00 0.000000000000000000e+00 -4.602555838972599567e+00 2.123379173797955988e-01 3.616131525956629844e-02 3.382860110386599201e-02 2.085609985931147492e-01
1.544810928496408842e+01 3.370000000000000107e+00 9.640000000000000568e+00 8.699999999999999289e+00 -4.602424350171707701e+00 0.000000000000000000e+00 -4.602424350171708589e+00 2.123379136610520357e-01 3.616071907403055341e-02 3.382805238235146728e-02 2.085610378115275998e-01
1.544814303905916297e+01 3.370000000000000107e+00 9.640000000000000568e+00 8.699999999999999289e+00 -4.602353592710392682e+00 0.000000000000000000e+00 -4.602353592710393571e+00 2.123379101656402979e-01 3.616007407954995728e-02 3.382774842083721700e-02 2.085611571334203551e-01
1.544813525249801422e+01 3.370000000000024976e+00 9.640000000000060965e+00 8.700000000000049027e+00 -4.602166189914156824e+00 0.000000000000000000e+00 -4.602166189914155936e+00 2.123379046043699925e-01 3.615915649405872234e-02 3.382695754172258124e-02 2.085611782874758902e-01
1.544816760474417094e+01 3.370000000000016094e+00 9.640000000000039648e+00 8.700000000000033040e+00 -4.602021899889233048e+00 0.000000000000000000e+00 -4.602021899889233048e+00 2.123378988133694523e-01 3.615813924701456045e-02 3.382633764662049125e-02 2.085612572618698313e-01
1.544811005361220957e+01 3.370000000000020979e+00 9.640000000000048530e+00 8.700000000000041922e+00 -4.603046891008774288e+00 0.000000000000000000e+00 -4.603046891008774288e+00 2.123379235218720296e-01 3.616396613259641180e-02 3.383069664752743483e-02 2.085615535166037426e-01
1.544814266259066038e+01 3.370000000000000107e+00 9.640000000000000568e+00 8.699999999999999289e+00 -4.602981396375221301e+00 0.000000000000000000e+00 -4.602981396375221301e+00 2.123379235798653064e-01 3.616335294466704181e-02 3.383043733351152188e-02 2.085614867921214699e-01
1.544816373336562698e+01 3.370000000000014317e+00 9.640000000000032543e+00 8.700000000000025935e+00 -4.602813090184124434e+00 0.000000000000000000e+00 -4.602813090184123546e+00 2.123379234114598779e-01 3.616230060158747567e-02 3.382972894620632498e-02 2.085614951248228599e-01
1.544819837010217256e+01 3.370000000000012097e+00 9.640000000000030767e+00 8.700000000000025935e+00 -4.602588119045099013e+00 0.000000000000000000e+00 -4.602588119045099013e+00 2.123379235289518108e-01 3.616084052235154361e-02 3.382878435541034068e-02 2.085615255227452058e-01
1.544819522501662412e+01 3.370000000000017426e+00 9.640000000000041425e+00 8.700000000000033040e+00 -4.602582169312520399e+00 0.000000000000000000e+00 -4.602582169312520399e+00 2.123379235321672942e-01 3.616083448770597564e-02 3.382876171683098926e-02 2.085615739403257063e-01
1.544821309614567006e+01 3.370000000000016982e+00 9.640000000000043201e+00 8.700000000000034817e+00 -4.602576749595666428e+00 0.000000000000000000e+00 -4.602576749595665540e+00 2.123379234792020509e-01 3.616065966631631934e-02 3.382874098912786592e-02 2.085615999284648192e-01
1.544822564668671561e+01 3.370000000000005880e+00 9.640000000000013003e+00 8.700000000000013500e+00 -4.602539687034981064e+00 0.000000000000000000e+00 -4.602539687034980176e+00 2.123379235193494918e-01 3.616036241134845675e-02 3.382858852463142829e-02 2.085616323942204864e-01
1.544821851427750481e+01 3.370000000000019202e+00 9.640000000000048530e+00 8.700000000000038369e+00 -4.602544413685991209e+00 0.000000000000000000e+00 -4.602544413685989433e+00 2.123379234875398813e-01 3.616044473832085576e-02 3.382861091394218783e-02 2.085616568077445221e-01
1.544824186286979817e+01 3.370000000000000995e+00 9.640000000000002345e+00 8.699999999999999289e+00 -4.602549627527646514e+00 0.000000000000000000e+00 -4.602549627527646514e+00 2.123379234930427018e-01 3.616028082372276659e-02 3.382863479064932705e-02 2.085616794714220401e-01
1.544823522643567237e+01 3.370000000000000107e+00 9.640000000000000568e+00 8.699999999999999289e+00 -4.602591933997945972e+00 0.000000000000000000e+00 -4.602591933997945972e+00 2.123379234897629086e-01 3.616055552867741829e-02 3.382881577737450324e-02 2.085616880885424462e-01
1.544824024233254001e+01 3.370000000000000107e+00 9.640000000000000568e+00 8.699999999999999289e+00 -4.602618095282755561e+00 0.000000000000000000e+00 -4.602618095282756450e+00 2.123379234902381119e-01 3.616065088552277568e-02 3.382892782243317881e-02 2.085617024529229646e-01
