-2.617993877991494078e-01 -1.221730476396030718e-01 5.000000000000000000e-01
-2.592537480395523120e-01 -3.490658503826292169e-01 9.999999999999296119e-01
-2.928419384966340910e-01 -3.490658503988658956e-01 9.999999999999991118e-01
-2.128734827796872064e-01 -3.490658503988658956e-01 3.091496635545676330e-02
-2.684405870203885325e-01 -3.490658503988658956e-01 3.679536085829060443e-02
-2.810182607266878962e-01 -3.490658503988653960e-01 1.651456749129920354e-15
-2.776773488709872728e-01 -3.490658503988658956e-01 1.800451050813930975e-01
-2.807228445064252065e-01 -3.490658503988658956e-01 2.449303880195108363e-01
-2.810753245304780656e-01 -3.490658503988658956e-01 4.262263015910847108e-02
-2.779099979855363389e-01 -3.178861219305406105e-01 1.793902293456201280e-01
-2.744634139785781524e-01 -3.036359181403219254e-01 1.583931086722300541e-01
-2.759191520284566823e-01 -3.079790501257955171e-01 1.785531713584515567e-01
-2.747462483988338255e-01 -3.054699931003995728e-01 1.893474033005957957e-01
-2.754346189899457564e-01 -3.081841943694325625e-01 1.388159261442218351e-01
-2.752002113149930040e-01 -3.057570731563473698e-01 1.738059875320467351e-01
-2.750416916991776373e-01 -3.057191176057972304e-01 1.776403078613371656e-01
-2.751526900494607464e-01 -3.057085991223605359e-01 1.767723395806926057e-01
-2.751059818477198382e-01 -3.056702114968210537e-01 1.743907391556997200e-01
-2.751167020585168488e-01 -3.056778720018643591e-01 1.772267710420497300e-01
-2.751362516694642046e-01 -3.056863277184393435e-01 1.754370457999973876e-01
-2.751157500713010129e-01 -3.056701876173966714e-01 1.762708427015294288e-01
-2.751344928878989293e-01 -3.056858634213663328e-01 1.758749157605882796e-01
-2.751213542674787460e-01 -3.056731362493521620e-01 1.759241517441188507e-01
-2.751308306249020119e-01 -3.056825209893691553e-01 1.760516554932889111e-01
-2.751265681343232350e-01 -3.056779068469253069e-01 1.757600860235633833e-01
-2.751270656553874150e-01 -3.056785354560044299e-01 1.760892662151277988e-01
-2.751295870963285650e-01 -3.056810244177065594e-01 1.758281813572814267e-01
-2.751264578678054851e-01 -3.056777012470947019e-01 1.759841014429957273e-01
-2.751295873611241949e-01 -3.056810901502143296e-01 1.759022840526560660e-01
-2.751269943846556543e-01 -3.056782410612421397e-01 1.759322878822022485e-01
-2.751291247233483839e-01 -3.056806126124944623e-01 1.759328009037078866e-01
-2.751276766989868561e-01 -3.056789872242755557e-01 1.759060904160909544e-01
-2.751285834669497943e-01 -3.056800188262649431e-01 1.759480866017529843e-01
-2.751283186242198808e-01 -3.056797133815409850e-01 1.758957461155575552e-01
-2.751281298269149245e-01 -3.056795093630853000e-01 1.759480584347483112e-01
-2.751286707089496963e-01 -3.056801266331861111e-01 1.759056933098397946e-01
-2.751280469116547112e-01 -3.056794033397534083e-01 1.759327462588196889e-01
-2.751286709491783666e-01 -3.056801324731186487e-01 1.759183146392648278e-01
-2.751281395001116681e-01 -3.056795089346538985e-01 1.759228944008611184e-01
-2.751285833237364642e-01 -3.056800346735705221e-01 1.759247061731320227e-01
-2.751282699542950128e-01 -3.056796632508005929e-01 1.759183043694994286e-01
-2.751284723325496118e-01 -3.056799053111018405e-01 1.759272455056125617e-01
-2.751283874046427935e-01 -3.056798040121407323e-01 1.759169146308636467e-01
-2.751283810488370785e-01 -3.056797976819289331e-01 1.759275404603610204e-01
-2.751284688215842045e-01 -3.056799030656947025e-01 1.759177240207439041e-01
-2.751283331954564315e-01 -3.056797407432055302e-01 1.759254327871889456e-01
-2.751284874219242504e-01 -3.056799262173489629e-01 1.759205431399418207e-01
-2.751283457333149052e-01 -3.056797556468542343e-01 1.759226091573247164e-01
-2.751284632297101851e-01 -3.056798975325707990e-01 1.759226856662220728e-01
-2.751283798567334404e-01 -3.056797969001426307e-01 1.759211477319716499e-01
-2.751284309654278282e-01 -3.056798587911065956e-01 1.759234278053472267e-01
-2.751284096311048533e-01 -3.056798329891639576e-01 1.759209101879344039e-01
-2.751284090538009819e-01 -3.056798323996264832e-01 1.759233418744071686e-01
-2.751284263919253070e-01 -3.056798534455161254e-01 1.759211749257557078e-01
-2.751283984639203428e-01 -3.056798196806642109e-01 1.759229306584539354e-01
-2.751284318404906282e-01 -3.056798601777639401e-01 1.759216945204615801e-01
-2.751283987566831568e-01 -3.056798200800475152e-01 1.759223618987270643e-01
-2.751284278324404031e-01 -3.056798553820602171e-01 1.759222083282588611e-01
-2.751284055912933124e-01 -3.056798284046741143e-01 1.759219542885051835e-01
-2.751284201063021739e-01 -3.056798460441045862e-01 1.759224667563689115e-01
-2.751284133143394595e-01 -3.056798378000598060e-01 1.759218438000709483e-01
-2.751284139351918845e-01 -3.056798385631608883e-01 1.759224572865606961e-01
-2.751284177315063140e-01 -3.056798431792038251e-01 1.759219231026473429e-01
-2.751284113153241728e-01 -3.056798353926243883e-01 1.759223444979233497e-01
-2.751284189558391713e-01 -3.056798446815071624e-01 1.759220487712007674e-01
-2.751284113207338455e-01 -3.056798354080488278e-01 1.759222180436987859e-01
-2.751284181155072561e-01 -3.056798436692811927e-01 1.759221619860652230e-01
-2.751284127262182966e-01 -3.056798371219973665e-01 1.759221259241014468e-01
-2.751284164778148855e-01 -3.056798416850825539e-01 1.759222274623613025e-01
-2.751284144338677073e-01 -3.056798392022244126e-01 1.759220887435719027e-01
-2.751284149511653010e-01 -3.056798398325787924e-01 1.759222365363985185e-01
-2.751284156246780466e-01 -3.056798406520473410e-01 1.759221020602693419e-01
-2.751284141925292581e-01 -3.056798389118347004e-01 1.759222098465236805e-01
-2.751284159928812367e-01 -3.056798411013657568e-01 1.759221338845503302e-01
-2.751284141529857230e-01 -3.056798388650462939e-01 1.759221781856346034e-01
-2.751284157998040714e-01 -3.056798408678021994e-01 1.759221617269184634e-01
-2.751284144886161909e-01 -3.056798392739475401e-01 1.759221561390854616e-01
-2.751284154136930948e-01 -3.056798403991191626e-01 1.759221771808306689e-01
-2.751284148751645398e-01 -3.056798397446386373e-01 1.759221469684586758e-01
-2.751284150653329208e-01 -3.056798399761277985e-01 1.759221806090159324e-01
-2.751284151604918571e-01 -3.056798400919651937e-01 1.759221484936832613e-01
-2.751284148656284456e-01 -3.056798397335813156e-01 1.759221754095443291e-01
-2.751284152713609488e-01 -3.056798402269846338e-01 1.759221556499167560e-01
-2.751284148348304148e-01 -3.056798396963698594e-01 1.759221677984738885e-01
-2.751284152246374348e-01 -3.056798401699311052e-01 1.759221628466255405e-01
-2.751284149001917423e-01 -3.056798397753304752e-01 1.759221562007568795e-01
-2.751284151247165299e-01 -3.056798400493055401e-01 1.759221677578701182e-01
-2.751284149645678578e-01 -3.056798398540775952e-01 1.759221685118459721e-01
-2.751284150637564041e-01 -3.056798399738853145e-01 1.759221584342352263e-01
-2.751284150638663162e-01 -3.056798399740841554e-01 1.759221591759916048e-01
-2.751284150639614623e-01 -3.056798399741706973e-01 1.759221598818377086e-01
-2.751284150647421711e-01 -3.056798399760269902e-01 1.759221649043707647e-01
-2.751284150596572387e-01 -3.056798399697591151e-01 1.759221645687774893e-01
-2.751286281692556512e-01 -3.056821528552337575e-01 1.759216382676305757e-01
