0.000000000000000000e+00 0.000000000000000000e+00 5.000000000000000000e-01
-3.139874731319890200e-02 -3.490658503988658956e-01 0.000000000000000000e+00
-3.209648242691091891e-02 -1.442334187366476894e-01 1.763636358888753808e-01
9.814411962204023371e-04 -3.185864086240842996e-02 0.000000000000000000e+00
-1.175377887161525858e-02 -2.997073869712065658e-02 0.000000000000000000e+00
-3.660489812187788655e-04 1.096662034749633363e-02 4.271784072815395517e-01
1.867691313691110730e-03 2.534324365929405132e-02 2.446934997039543203e-01
-4.027198720229911363e-03 -3.255888301389358447e-02 2.782741472939860294e-01
-5.310629823249066878e-03 -1.227265079835522521e-02 1.148315703778285402e-01
6.305840247052517389e-05 2.762752879331500239e-02 3.015125542837471806e-01
1.101819043861319500e-03 2.234951902616891944e-02 2.475856953754485279e-01
-2.265255971072850909e-03 -8.519389737708327193e-03 2.638817553510768299e-01
7.103206311836148847e-04 2.395993360937730132e-02 2.678150752234851328e-01
9.065528213082013837e-04 2.437672063084335428e-02 2.569625185853121607e-01
1.032522077714535889e-03 2.399925200242785522e-02 2.585468555483248498e-01
3.950804708982729764e-04 1.863103829268247802e-02 2.564520689010559851e-01
9.326099362161260420e-04 2.377718457137072139e-02 2.635802583983472003e-01
9.569443337876795078e-04 2.411804153043436635e-02 2.582484170253567246e-01
9.945579733327983372e-04 2.428667234616349244e-02 2.587407489462260624e-01
1.011120043822673689e-03 2.434981268082788905e-02 2.586709703381018799e-01
1.018293007057226741e-03 2.436153253449488409e-02 2.587481381420039250e-01
1.022482073393801358e-03 2.435113161553162722e-02 2.587033058294204713e-01
1.024405812374457785e-03 2.433711008091657760e-02 2.588661969080799929e-01
1.023344637504636136e-03 2.434509700021331852e-02 2.589355610801080121e-01
1.022676037541490023e-03 2.434950035103752505e-02 2.589233799234747502e-01
1.022313069116227886e-03 2.435084173487309794e-02 2.589160626267114629e-01
1.022116998543028859e-03 2.435163248800651173e-02 2.589087481317458583e-01
1.021974579177208943e-03 2.435209042166247562e-02 2.589034955770764257e-01
1.021870715937800824e-03 2.435240347824664531e-02 2.588985219677492622e-01
1.021770891779457758e-03 2.435254236953538279e-02 2.588957718018682908e-01
1.021721581181803161e-03 2.435271925051019776e-02 2.588909758121087923e-01
1.021576950680564604e-03 2.435253450274166287e-02 2.588943420075606183e-01
1.021727689368978403e-03 2.435307112969865850e-02 2.588804799837942650e-01
1.021342433519492176e-03 2.435214374228736670e-02 2.589036199362420576e-01
1.021588048536035791e-03 2.435289573924308976e-02 2.588836737001155019e-01
1.021518360159147203e-03 2.435280572748792574e-02 2.588831194765364718e-01
1.021478128370227785e-03 2.435275437891758557e-02 2.588818524446973024e-01
1.021442978919255345e-03 2.435269908549931445e-02 2.588809879667400837e-01
1.021415047194434034e-03 2.435264971165158193e-02 2.588802217661835270e-01
1.021390949796074097e-03 2.435260247187179955e-02 2.588796085083528986e-01
1.021370400708236084e-03 2.435255885188945466e-02 2.588790771652390021e-01
1.021351471230792654e-03 2.435251621424449481e-02 2.588786416972079785e-01
1.021333332345446222e-03 2.435247363909533516e-02 2.588782551387167619e-01
1.021314229882795037e-03 2.435242768923452303e-02 2.588778565674410004e-01
1.021300348473470074e-03 2.435239201109644369e-02 2.588772528147693652e-01
1.021297336444498783e-03 2.435238156553130515e-02 2.588766594558489786e-01
1.021303817702175383e-03 2.435239569487331404e-02 2.588764315311544162e-01
1.021310761672571468e-03 2.435241255739195240e-02 2.588764737310944031e-01
1.021315725743024557e-03 2.435242504808596622e-02 2.588765922141038067e-01
1.021319209213174262e-03 2.435243384324721830e-02 2.588767080377327723e-01
1.021321803800740325e-03 2.435244028378331579e-02 2.588768038857951481e-01
1.021323810484510647e-03 2.435244514525258114e-02 2.588768800113571134e-01
1.021325382098447294e-03 2.435244886129181441e-02 2.588769400989694991e-01
1.021326617992284651e-03 2.435245171880867643e-02 2.588769876370569656e-01
1.021327593200394446e-03 2.435245392781535193e-02 2.588770253663080223e-01
1.021328365507598096e-03 2.435245564462420673e-02 2.588770554153855818e-01
1.021328979435361974e-03 2.435245698598366773e-02 2.588770794320620072e-01
1.021329469204748045e-03 2.435245803921626956e-02 2.588770986971158927e-01
1.021329861271933837e-03 2.435245887011060553e-02 2.588771142015264815e-01
1.021330176066521369e-03 2.435245952833003588e-02 2.588771267154351130e-01
1.021330429383929001e-03 2.435246005150441123e-02 2.588771368420344499e-01
1.021330633671516065e-03 2.435246046865467348e-02 2.588771450473960067e-01
1.021330798369638393e-03 2.435246080151712289e-02 2.588771517086192464e-01
1.021330931551799005e-03 2.435246106813021560e-02 2.588771570993479432e-01
