-1.658062789394612879e-01 6.632251157578451795e-02 -8.726646259971647737e-03 1.000000000000000000e+00
-2.408628064641117894e-01 7.853981633970961995e-02 8.305620092040419400e-02 -9.999999999999575895e-01
-1.031286695463104752e-01 6.794424500314165394e-02 -4.352995668474815560e-02 -9.999999995716634116e-01
-3.906889322319713198e-01 5.235987755982988989e-02 1.844966589907571786e-01 -1.000000000000000000e+00
-3.243295117252087967e-01 5.235987755982990377e-02 -1.080237609256092246e-01 -1.000000000000000000e+00
-5.509640739231288498e-01 5.235987755982988989e-02 -1.058759064286701745e-02 -1.000000000000000000e+00
-4.946564665602946054e-01 5.235987755984535669e-02 -3.490658503988511852e-01 4.562490452420295828e-01
-6.336662626223501515e-01 5.235987755982988989e-02 -3.490658503988658956e-01 6.288152714640131702e-01
-3.714153512002457136e-01 5.235987755983281811e-02 -7.786246796264040260e-02 6.320465091457532214e-01
-3.494971648526736807e-01 5.235987755983029929e-02 -8.621411603065964879e-02 1.374793128534800291e-01
-3.363454555010148006e-01 7.853981633974482790e-02 -3.312913063003742331e-01 6.669506510222603657e-01
-1.198674027404831588e-01 7.853981633974480014e-02 -1.038419245098277932e-01 8.529101834280827799e-01
-1.175862521571778424e-01 7.853981633974482790e-02 -9.473090883603033086e-02 6.943838058159117477e-01
-1.080027782460244862e-01 7.853981633974477239e-02 -8.724930707425802845e-02 8.557182727749133022e-01
-1.171429063696446393e-01 7.853981633971682252e-02 -9.535358715314858069e-02 7.797627310461955341e-01
-1.176175531056810747e-01 7.853981633974482790e-02 -9.491102162942545439e-02 8.509445497329969355e-01
-1.066989533197526957e-01 7.853981633974482790e-02 -8.276184562906972741e-02 8.525658866034251382e-01
-1.114368613152809523e-01 7.853981633974412013e-02 -8.902251765274188378e-02 8.568686157891243216e-01
-1.099917230612782598e-01 7.853981633974482790e-02 -8.789249502276171022e-02 8.564395789141570070e-01
-1.097309106278656771e-01 7.853981633974482790e-02 -8.790224706977019242e-02 8.554718916804677775e-01
-1.107347131109930327e-01 7.853981633974482790e-02 -8.927649591362384063e-02 8.541918507210309874e-01
-1.105121887459322716e-01 7.853981633974321808e-02 -8.875381545100512193e-02 8.557941394819050807e-01
-1.109704487925646937e-01 7.853981633974482790e-02 -8.919967237231844759e-02 8.556791932859635352e-01
-1.105477170519460900e-01 7.853981633974457810e-02 -8.874850414488812123e-02 8.558320007007708119e-01
-1.105790887485352536e-01 7.853981633974310705e-02 -8.876382863392323630e-02 8.558293030896311215e-01
-1.105344052450180081e-01 7.853981633974470300e-02 -8.871410473086130399e-02 8.558398466799977955e-01
-1.105273328189760873e-01 7.853981633974482790e-02 -8.870062109029203112e-02 8.558412036765936648e-01
-1.105079754690128230e-01 7.853981633974482790e-02 -8.867958949322087003e-02 8.558446299087617559e-01
-1.104994426908909172e-01 7.853981633974443932e-02 -8.866794746018219486e-02 8.558454472560838022e-01
-1.104878796122960027e-01 7.853981633974481402e-02 -8.865594265301460219e-02 8.558469649331562623e-01
-1.104813229804992719e-01 7.853981633974475851e-02 -8.864732755697672661e-02 8.558471370026484726e-01
-1.104736804282083068e-01 7.853981633974482790e-02 -8.864011496358270570e-02 8.558479751146033099e-01
-1.104684200236214914e-01 7.853981633974471688e-02 -8.863279955991758274e-02 8.558476600468655215e-01
-1.104639207083763647e-01 7.853981633974482790e-02 -8.862974683337390691e-02 8.558483463741699548e-01
-1.104579139498212126e-01 7.853981633974482790e-02 -8.862092468230012288e-02 8.558475879982878620e-01
-1.104573355214010233e-01 7.853981633974482790e-02 -8.862283602298483276e-02 8.558483687237350424e-01
-1.104500043379438856e-01 7.853981633974461973e-02 -8.861317359270848293e-02 8.558476251374945720e-01
-1.104516762783105260e-01 7.853981633974475851e-02 -8.861678378312005944e-02 8.558481596179473572e-01
-1.104462437655209933e-01 7.853981633974430054e-02 -8.861055652564236995e-02 8.558477455312664128e-01
-1.104468869328944780e-01 7.853981633974482790e-02 -8.861197617276125871e-02 8.558479069955677865e-01
-1.104441152338120624e-01 7.853981633974482790e-02 -8.860923195347143733e-02 8.558477204428164287e-01
-1.104444104531011606e-01 7.853981633974482790e-02 -8.860993101395032989e-02 8.558477779902037286e-01
-1.104438430311512065e-01 7.853981633974481402e-02 -8.860963406623398320e-02 8.558477474649679451e-01
-1.104442878992778626e-01 7.853981633974480014e-02 -8.861033988762466451e-02 8.558477887123810968e-01
-1.104446460732832896e-01 7.853981633974482790e-02 -8.861090883485409075e-02 8.558478145576986496e-01
-1.104451993216269967e-01 7.853981633974482790e-02 -8.861161453146527978e-02 8.558478512302105656e-01
-1.104457002431338819e-01 7.853981633974482790e-02 -8.861222922524036871e-02 8.558478803562531434e-01
-1.104461802244172536e-01 7.853981633974481402e-02 -8.861278401240957336e-02 8.558479066030768578e-01
-1.104465903608437549e-01 7.853981633974482790e-02 -8.861324643334382578e-02 8.558479266137454244e-01
-1.104469452096246140e-01 7.853981633974482790e-02 -8.861363266098271074e-02 8.558479426923378819e-01
-1.104472406151957437e-01 7.853981633974482790e-02 -8.861394899869400044e-02 8.558479543954846669e-01
-1.104474883361309667e-01 7.853981633974482790e-02 -8.861420620569482320e-02 8.558479634606536157e-01
-1.104476942153402169e-01 7.853981633974481402e-02 -8.861441842709476269e-02 8.558479696623140232e-01
-1.104478627681895891e-01 7.853981633974482790e-02 -8.861458495893212439e-02 8.558479745693379215e-01
-1.104480083724324047e-01 7.853981633974481402e-02 -8.861473166903106879e-02 8.558479773622669207e-01
-1.104481145254627705e-01 7.853981633974482790e-02 -8.861482716460647446e-02 8.558479801905332085e-01
-1.104482343951815881e-01 7.853981633974481402e-02 -8.861495169193224497e-02 8.558479805186466338e-01
-1.104482648769213732e-01 7.853981633974482790e-02 -8.861495779232630987e-02 8.558479831402974192e-01
-1.104484514953260194e-01 7.853981633974482790e-02 -8.861517285244875641e-02 8.558479799855186476e-01
-1.104483249882675516e-01 7.853981633974481402e-02 -8.861499450728031746e-02 8.558479849336003698e-01
-1.104489001912686147e-01 7.853981633974482790e-02 -8.861566670888756936e-02 8.558479733190926808e-01
-1.104483819120831850e-01 7.853981633974482790e-02 -8.861504188315399988e-02 8.558479853956396655e-01
-1.104484941462152009e-01 7.853981633974482790e-02 -8.861515453735760439e-02 8.558479837427647174e-01
-1.104484642664612659e-01 7.853981633974482790e-02 -8.861511108671150938e-02 8.558479839480351847e-01
-1.104485098508515006e-01 7.853981633974482790e-02 -8.861514884586962904e-02 8.558479828581074811e-01
-1.104484905214132423e-01 7.853981633974481402e-02 -8.861512165561340193e-02 8.558479828795820810e-01
-1.104484886986261266e-01 7.853981633974482790e-02 -8.861511216773003408e-02 8.558479825288248799e-01
-1.104484701029304072e-01 7.853981633974482790e-02 -8.861508930079591007e-02 8.558479826368390331e-01
-1.104484542573330175e-01 7.853981633974482790e-02 -8.861507026024087463e-02 8.558479827260349060e-01
-1.104484391194449078e-01 7.853981633974482790e-02 -8.861505383091840271e-02 8.558479828954544955e-01
-1.104484268680169384e-01 7.853981633974482790e-02 -8.861504111713205956e-02 8.558479830476870553e-01
-1.104484173138458453e-01 7.853981633974482790e-02 -8.861503174971212260e-02 8.558479831842646934e-01
-1.104484100466175261e-01 7.853981633974482790e-02 -8.861502493193150476e-02 8.558479832920767860e-01
-1.104484046093083260e-01 7.853981633974482790e-02 -8.861502008608335146e-02 8.558479833759904398e-01
-1.104484005170361938e-01 7.853981633974482790e-02 -8.861501660301214500e-02 8.558479834391958807e-01
-1.104483974682522740e-01 7.853981633974482790e-02 -8.861501415504742518e-02 8.558479834859749058e-01
-1.104483951524858620e-01 7.853981633974482790e-02 -8.861501239122007711e-02 8.558479835198498087e-01
-1.104483934495003733e-01 7.853981633974482790e-02 -8.861501120370646190e-02 8.558479835442873718e-01
-1.104483921204397201e-01 7.853981633974482790e-02 -8.861501032811545941e-02 8.558479835611074726e-01
-1.104483912334279644e-01 7.853981633974482790e-02 -8.861500986940834546e-02 8.558479835726584550e-01
