-1.658062789394612879e-01 6.632251157578451795e-02 -8.726646259971647737e-03 1.000000000000000000e+00
-7.442077157045436098e-02 5.236021639824503526e-02 -1.204773804575382246e-01 2.499999116665931886e+00
-2.844154458572115129e-01 5.235987755982988989e-02 6.775931231546791778e-02 2.500000000000000000e+00
-6.893569704083979399e-02 5.235987755982988989e-02 -1.137463094383721063e-01 2.499990038641328738e+00
-2.118543599794403764e+00 5.242525063330553958e-02 3.486589090316387085e-01 2.500000000000000000e+00
-1.216087943455426146e-01 5.240437320497856599e-02 3.488009395970424475e-01 7.992964091105196900e-01
4.952591189961869089e-02 5.235987755982988989e-02 3.490658268080475413e-01 7.804338604609457608e-01
-3.700604939555878214e-01 5.235987831439738865e-02 -8.892998583057822037e-02 6.513855315141752200e-01
-3.747502095168879777e-01 5.235987755982988989e-02 -9.563051688955952201e-02 6.598375851810343029e-01
-3.746770414140590533e-01 5.235987757534470155e-02 -9.570055348961417629e-02 6.647425157150721464e-01
-3.743573327988996002e-01 5.235987756194686316e-02 -9.529428554856718414e-02 6.686376438540915235e-01
-3.740360111342369009e-01 5.235987756958781353e-02 -9.460631132931805742e-02 6.716861218102128106e-01
-3.737963306700389787e-01 5.235987756700567070e-02 -9.424629115791430256e-02 6.740571667648908027e-01
-3.736069301074688154e-01 5.235987756209329463e-02 -9.400850944327408809e-02 6.758774501577494709e-01
-3.734577938121710905e-01 5.235987755982988989e-02 -9.383198934340619690e-02 6.772469851365143789e-01
-3.733436491684851144e-01 5.235987756595622544e-02 -9.369832464931990290e-02 6.782451467266240597e-01
-3.732617254650271166e-01 5.235987755982988989e-02 -9.360261766794816807e-02 6.789342446280821619e-01
-3.732097918793675362e-01 5.235987755982988989e-02 -9.354231274947977237e-02 6.793624970875725699e-01
-3.731840948768921917e-01 5.235987755982988989e-02 -9.351241688175977729e-02 6.795666458543061506e-01
-3.731801312787502711e-01 5.235987755982988989e-02 -9.350681128686436083e-02 6.795741898060834174e-01
-3.685926006962382817e-01 5.235987755982988989e-02 -8.653002800440720566e-02 6.799803548895970717e-01
-3.627034935815857120e-01 5.235987757024346267e-02 -7.758460006651091145e-02 6.807521149974570251e-01
-3.674332355318409293e-01 5.235987756839340090e-02 -8.476447479664959983e-02 6.800450717146222512e-01
-2.515662411055533676e-01 5.235987756074909905e-02 9.150722029161584281e-02 6.902571342645049679e-01
-3.667484710162924877e-01 5.235987756560834400e-02 -8.371467318929215473e-02 6.799438335343932494e-01
-3.870982302416450804e-01 5.235987755982988989e-02 -1.148210172516422184e-01 6.796294316482054398e-01
-3.663076741308954887e-01 5.235987755983047276e-02 -8.303860249150647743e-02 6.799401292666777952e-01
-3.667325388832111677e-01 5.235987755982992459e-02 -8.367753513171452551e-02 6.797278928834818990e-01
-3.666240673260404703e-01 5.235987755982988989e-02 -8.349911889857931924e-02 6.794826199853462034e-01
-3.665906473426894241e-01 5.235987755982989683e-02 -8.343266890022482674e-02 6.791791701305928131e-01
-3.665678912927218258e-01 5.235987755982988989e-02 -8.337973272136184333e-02 6.788184019091831889e-01
-3.665689146518584240e-01 5.235987755982988989e-02 -8.336020236119845439e-02 6.783970742814503518e-01
-3.665804746546144632e-01 5.235987755982988989e-02 -8.335361307845962076e-02 6.779111126317277636e-01
-1.658062789394612879e-01 6.632251157578451795e-02 -8.726646259971647737e-03 1.000000000000000000e+00
-1.177022868505102626e-01 7.853981633974477239e-02 -6.755059535908446156e-02 6.682453527429842444e-01
-9.012386833149529930e-02 7.697841372228828027e-02 -1.339275507629296702e-01 -9.999999999999996669e-01
-4.040239349947564174e-01 5.235987755982993153e-02 1.349090758559496894e-01 -9.999999999999996669e-01
-1.686476950893602000e-01 6.967275406738021593e-02 -1.400533670202375736e-01 -1.000000000000000000e+00
-4.838420779783589865e-01 5.235987755983001479e-02 3.967038718891022220e-02 -9.999999999999940048e-01
-2.945672050334105507e-01 7.409906351920328427e-02 -2.113039424759660667e-01 8.147863770780758852e-01
-4.655394838068507291e-01 5.235987755983123604e-02 -1.883913182339595205e-01 -6.954857284870423761e-01
-2.662691278116848248e-01 5.235987755982991765e-02 -1.350964077435798383e-02 6.956445714773842326e-01
-2.431648057563446097e-01 5.452479254592126900e-02 2.904895592081560562e-02 7.150452934220412615e-01
-3.516401639075402152e-01 5.235987755982988989e-02 -5.048212132784814926e-02 6.617144178410003796e-01
-4.069141375377953174e-01 5.235987755982988989e-02 -1.156744659977613499e-01 6.440469380875171179e-01
-4.048873849224024490e-01 5.307585465425368465e-02 -1.300045132526642111e-01 6.619910191198564720e-01
-3.673739445249282198e-01 5.508171349838465042e-02 -1.123906670846027828e-01 6.962481329699464760e-01
-3.180014999947443632e-01 6.110059343404424664e-02 -1.339573548148984550e-01 7.226693471095863019e-01
-3.209647744107140266e-01 5.980434822946888163e-02 -1.131801451221719906e-01 7.429840248578373219e-01
-1.424674439168702178e-01 7.853981633974482790e-02 -1.215097035812520571e-01 8.802671379580874200e-01
-2.216347688451316411e-01 6.805171855754058030e-02 -9.630791217243771241e-02 8.166860910080561142e-01
-1.100872891580965685e-01 7.853981633974482790e-02 -9.067052007302719985e-02 8.421856120564966686e-01
-1.119318283049217794e-01 7.853981633974480014e-02 -8.866612744032729976e-02 8.234961055178131595e-01
-1.108828544680819372e-01 7.853981633974481402e-02 -8.920942497216195755e-02 8.550403225452670730e-01
-1.079561630458706900e-01 7.853981633974453647e-02 -8.560280892253158136e-02 8.383612801048215823e-01
-1.140017980813444326e-01 7.853981633974443932e-02 -9.157613335935543830e-02 8.517044597503428127e-01
-1.100281737596954523e-01 7.853981633974482790e-02 -8.802193894336632352e-02 8.555982970631738072e-01
-1.102119127532951992e-01 7.853981633974482790e-02 -8.829583659437265086e-02 8.558369628811635099e-01
-1.103229168173701508e-01 7.853981633974482790e-02 -8.845167197123979252e-02 8.558973707884632853e-01
-1.103888849756946011e-01 7.853981633974482790e-02 -8.854173030131382016e-02 8.558843325514943201e-01
-1.104304808208433075e-01 7.853981633971224285e-02 -8.860150815257096524e-02 8.558426814612952738e-01
-1.105791255978988558e-01 7.853981633974482790e-02 -8.875259319084952137e-02 8.549074728623311525e-01
-1.104411155953536339e-01 7.853981633974482790e-02 -8.858161561687084851e-02 8.557742290509646743e-01
-1.105233584410805076e-01 7.853981633974482790e-02 -8.868802055663561890e-02 8.558486143281885949e-01
-1.104533721744377917e-01 7.853981633974482790e-02 -8.861136608742090082e-02 8.558482054695599750e-01
-1.104532351863770356e-01 7.853981633940156082e-02 -8.861697864493961463e-02 8.558559872792154133e-01
-1.104429530490399908e-01 7.853981633897627601e-02 -8.860801254047033504e-02 8.558497940406271098e-01
-1.104393226538876865e-01 7.853981633974482790e-02 -8.860692353432889079e-02 8.558373642145320481e-01
-1.104488278587910099e-01 7.853981633974482790e-02 -8.861690355745609204e-02 8.558429500904509712e-01
-1.104495406956233911e-01 7.853981633932628770e-02 -8.861696808739910614e-02 8.558463886009898269e-01
-1.104495838263645086e-01 7.853981633974482790e-02 -8.861671245492486193e-02 8.558472019587283208e-01
-1.104493207126956422e-01 7.853981633974482790e-02 -8.861628624607087445e-02 8.558475677740258192e-01
-1.104493580671706554e-01 7.853981633974482790e-02 -8.861623333495526056e-02 8.558476883267441826e-01
-1.104489053390710768e-01 7.853981633974482790e-02 -8.861572644305509838e-02 8.558478455629456860e-01
-1.104499926418566758e-01 7.853981633974482790e-02 -8.861673585026182132e-02 8.558477140503153446e-01
-1.104486733071156357e-01 7.853981633974482790e-02 -8.861545006387554213e-02 8.558479475976341622e-01
-1.104488748567547252e-01 7.853981633935025464e-02 -8.861560269668022904e-02 8.558479524554931661e-01
-1.104486603050061910e-01 7.853981633953900643e-02 -8.861537194166123343e-02 8.558479829958186569e-01
-1.104486952195951055e-01 7.853981633974482790e-02 -8.861537813722961121e-02 8.558479858603083024e-01
-1.104485944040134171e-01 7.853981633859591360e-02 -8.861526711343822860e-02 8.558479948066274323e-01
-1.104486049022252586e-01 7.853981633960759046e-02 -8.861525771887186764e-02 8.558479927759712336e-01
-1.104485352178437435e-01 7.853981633954042196e-02 -8.861518321158126654e-02 8.558479953302302601e-01
-1.431169986635350000e+00 -4.886921905584122594e-02 -1.221730476396030718e-01 1.000000000000000056e-01
-1.521664503556221959e+00 -6.585494472619465856e-02 -4.661815196471437439e-02 0.000000000000000000e+00
-1.517670515337094184e+00 -4.280621536879637701e-02 -5.685801125277133161e-02 1.108054620280185532e-16
-1.508282031142549329e+00 -5.824529280143592169e-02 -1.150513536329077352e-01 4.892927137437190534e-17
-1.487825334365669550e+00 -6.043220864261358849e-02 -8.054971978034010383e-02 3.178114101507770296e-16
-1.476942202807938642e+00 -5.924345949364183406e-02 -6.648562728833473656e-02 0.000000000000000000e+00
-1.436003934952119421e+00 -5.193839743672683945e-02 -1.056784076372902503e-01 0.000000000000000000e+00
-1.425345097470898104e+00 -5.101189279688125855e-02 -1.039131302857090600e-01 0.000000000000000000e+00
-1.430121167167613727e+00 -5.159507605558810023e-02 -1.029191174777623202e-01 2.655448289642231563e-17
-1.433320235204743387e+00 -5.193036857426112929e-02 -1.028001109621090731e-01 0.000000000000000000e+00
-1.432002735514146696e+00 -5.176059086767561407e-02 -1.031564966688410107e-01 1.200245686259343580e-17
-1.432537685331394917e+00 -5.179479277143438087e-02 -1.033823072042867747e-01 0.000000000000000000e+00
-1.432902366759898571e+00 -5.183681119238969792e-02 -1.033240611374929840e-01 0.000000000000000000e+00
-1.432720283411552664e+00 -5.182353055029231825e-02 -1.032772003009644612e-01 0.000000000000000000e+00
-1.432651230554363719e+00 -5.181632145251134636e-02 -1.032730682235357966e-01 0.000000000000000000e+00
-1.432687930594119807e+00 -5.181818210235052818e-02 -1.032933487264598715e-01 0.000000000000000000e+00
-1.432706212919986566e+00 -5.182000258406373877e-02 -1.032940683770442597e-01 1.807253319063416731e-17
-1.432696311254075594e+00 -5.181925334533792060e-02 -1.032912071722363601e-01 0.000000000000000000e+00
-1.431169986635350000e+00 -4.886921905584122594e-02 -1.221730476396030718e-01 1.000000000000000056e-01
-1.668552888620015828e+00 -9.035253281330936359e-02 7.747149228045319136e-02 0.000000000000000000e+00
-1.636717756691009384e+00 -9.452081268031412020e-02 4.964514791883375272e-02 0.000000000000000000e+00
-1.707925694576844844e+00 -8.028159975674496740e-02 7.849139569862384480e-02 6.738316501997410057e-17
-1.636594512660014322e+00 -7.132705221312815591e-02 -1.079792160625931557e-01 6.537095159045261710e-16
-1.629804053960518084e+00 -6.938990815625580011e-02 -1.287184894481334940e-01 0.000000000000000000e+00
-1.628171982404123641e+00 -7.252782154239292844e-02 -9.140393811292499282e-02 0.000000000000000000e+00
-1.589488816041367825e+00 -6.854058897287854113e-02 -8.705050657361199096e-02 4.561651859205079401e-17
-1.572145767520457094e+00 -6.609355532959018675e-02 -9.843859771847153495e-02 3.627382338130716737e-17
-1.580295896941298350e+00 -6.640759725031285254e-02 -1.033082133508239492e-01 0.000000000000000000e+00
-1.580455960026011741e+00 -6.646341971344324473e-02 -1.034544269422985885e-01 0.000000000000000000e+00
-1.580055374359494280e+00 -6.642433046893704562e-02 -1.034670224561030638e-01 0.000000000000000000e+00
-1.580009265852065692e+00 -6.642451652694165987e-02 -1.033997469517384249e-01 1.066219874773532451e-15
-1.580045650018162329e+00 -6.642707396571674583e-02 -1.033989903136797450e-01 0.000000000000000000e+00
-1.579998636780838295e+00 -6.642000670482198221e-02 -1.034311736273400562e-01 9.906138991900708150e-17
-1.580073378269074125e+00 -6.642829792201464245e-02 -1.034245333261670646e-01 0.000000000000000000e+00
-1.580090746970581606e+00 -6.642965745310397407e-02 -1.034256384764407483e-01 0.000000000000000000e+00
-1.580077948654666553e+00 -6.642804836294259607e-02 -1.034288859196407367e-01 5.971846975938834359e-17
-1.580074727861521700e+00 -6.642782614571093869e-02 -1.034283860412233969e-01 1.119996174729408832e-15
-1.431169986635350000e+00 -4.886921905584122594e-02 -1.221730476396030718e-01 2.000000000000000111e-01
-1.647889843568104640e+00 -9.035253281331002972e-02 5.616238500093037600e-02 4.999999999999998890e-02
-1.737512499642085428e+00 -9.599310885968796725e-02 1.249120524757840883e-01 5.000000000000000278e-02
-1.685528750365137052e+00 -9.599310885968811990e-02 1.584432100640308094e-02 5.000000000000000278e-02
-1.657312751504185222e+00 -6.759603747322022460e-02 -1.702847926341486406e-01 5.000000000000000278e-02
-2.072110307995975287e+00 -9.599310885968795337e-02 -2.647575111354611432e-01 5.000000000000016237e-02
-1.699241562898786029e+00 -6.145931907836067742e-02 -3.234479793650006374e-01 5.000000000000020400e-02
-1.294571106836985397e+00 -3.786567931639588103e-02 -1.070856118890266967e-01 5.000000000000000278e-02
-1.337645163804919157e+00 -5.251832670904671430e-02 -2.366915448708510616e-02 5.000000000000000278e-02
-1.280555164711183025e+00 -3.814680517912029389e-02 -8.545330383894890469e-02 5.000000000000000278e-02
-1.345831594442725043e+00 -3.882226820954477742e-02 -1.550322134489601489e-01 5.000000000000009992e-02
-1.289195927841394473e+00 -3.881767562180273717e-02 -8.561869435792529570e-02 5.000000000000000278e-02
-1.287567582372989738e+00 -3.790813086629091222e-02 -1.000099757490989089e-01 5.000000000000000278e-02
-1.312894930904912494e+00 -3.877095102958075939e-02 -1.117210493532932447e-01 5.000000000000000278e-02
-1.287202448427673840e+00 -3.799753894050223596e-02 -9.668029898614961815e-02 5.000000000000000278e-02
-1.301906236635037573e+00 -3.809438560428610177e-02 -1.121057270509003556e-01 5.000000000000000971e-02
-1.290916812405792813e+00 -3.803520580942153229e-02 -9.925104712851366695e-02 5.000000000000000278e-02
-1.291348001347714103e+00 -3.795513678428785731e-02 -1.019584629381234259e-01 5.000000000000000278e-02
-1.294605211950797363e+00 -3.800992562630012284e-02 -1.037949143262014429e-01 5.000000000000000278e-02
-1.291208736485888631e+00 -3.794802837675798762e-02 -1.014137749578682135e-01 5.000000000000004441e-02
-1.293316131443139394e+00 -3.795705416670500099e-02 -1.035772643213126454e-01 5.000000000000000278e-02
-1.291675929948061574e+00 -3.795221963973182538e-02 -1.016753863534088642e-01 5.000000000000001665e-02
-1.292148787632440676e+00 -3.794520658706190819e-02 -1.024982245252165913e-01 5.000000000000000278e-02
-1.292312265934987936e+00 -3.794826183184583923e-02 -1.024636382969202203e-01 5.000000000000006523e-02
-1.291896830380498740e+00 -3.794492485946270727e-02 -1.021730524611813434e-01 5.000000000000000278e-02
-1.292277208383616038e+00 -3.794539430242634126e-02 -1.025280842007676996e-01 5.000000000000002359e-02
-1.291969396031843687e+00 -3.794489394245832703e-02 -1.022108307407637862e-01 5.000000000000000278e-02
-1.292181621787486190e+00 -3.794473300340382022e-02 -1.024617292780546640e-01 5.000000000000000278e-02
-1.292060473481448923e+00 -3.794475497333163472e-02 -1.022990079862577256e-01 5.000000000000001665e-02
-1.292087870540829853e+00 -3.794454147905740315e-02 -1.023627745359251412e-01 5.000000000000000278e-02
-1.292119003697650204e+00 -3.794462592964833320e-02 -1.023706913524711770e-01 5.000000000000001665e-02
-1.292059773755804386e+00 -3.794451482903116873e-02 -1.023247444173484288e-01 5.000000000000000278e-02
-1.292121885283041616e+00 -3.794454184592314927e-02 -1.023828768313803372e-01 5.000000000000000278e-02
-1.292068099137000159e+00 -3.794450711016805061e-02 -1.023279085988686998e-01 5.000000000000000278e-02
-1.292109035847825771e+00 -3.794450621547479363e-02 -1.023737505007450144e-01 5.000000000000000278e-02
-1.292080290220367189e+00 -3.794450361140743605e-02 -1.023386141332725680e-01 5.000000000000000278e-02
-1.292096035419586286e+00 -3.794449258480175891e-02 -1.023611617278256253e-01 5.000000000000003747e-02
-1.292091563996751180e+00 -3.794449823928538329e-02 -1.023508646728093635e-01 5.000000000000000278e-02
-1.292087263042126732e+00 -3.794448831641177022e-02 -1.023509608152491368e-01 5.000000000000000278e-02
-1.292096739844172726e+00 -3.794449335511790311e-02 -1.023576932405828727e-01 5.000000000000000278e-02
-1.292085016952122967e+00 -3.794448793476398740e-02 -1.023473415210795212e-01 5.000000000000002359e-02
-1.292096519028301582e+00 -3.794448952101775463e-02 -1.023586420336259351e-01 5.000000000000001665e-02
-1.292086471129474834e+00 -3.794448782258311170e-02 -1.023480414905289931e-01 5.000000000000000278e-02
-1.292094395913729210e+00 -3.794448757421019919e-02 -1.023570320550992452e-01 5.000000000000000278e-02
-1.292088629260375487e+00 -3.794448771029640399e-02 -1.023499504564867046e-01 5.000000000000000278e-02
-1.292092164583687142e+00 -3.794448693651666926e-02 -1.023548834047217637e-01 5.000000000000003747e-02
-1.292090730399699350e+00 -3.794448742709854300e-02 -1.023521607569785885e-01 5.000000000000000278e-02
-1.292090321351173854e+00 -3.794448664516852920e-02 -1.023528097735662695e-01 5.000000000000000278e-02
-1.292092087831383962e+00 -3.794448698127403374e-02 -1.023538383834836640e-01 5.000000000000004441e-02
-1.292089504387457177e+00 -3.794448654415501221e-02 -1.023516723717595722e-01 5.000000000000003053e-02
-1.292092325397015573e+00 -3.794448663989280490e-02 -1.023543747163967038e-01 5.000000000000004441e-02
-1.292089726924246618e+00 -3.794448644890466293e-02 -1.023516730166860039e-01 5.000000000000000278e-02
-1.292091800108289723e+00 -3.794448638197437523e-02 -1.023539953524350149e-01 5.000000000000000278e-02
-1.292090331193628039e+00 -3.794448634739951143e-02 -1.023522112678839080e-01 5.000000000000003053e-02
-1.292091212229273145e+00 -3.794448626913090455e-02 -1.023534220075811019e-01 5.000000000000001665e-02
-1.292090841458222616e+00 -3.794448628420941938e-02 -1.023527494023499795e-01 5.000000000000000971e-02
-1.292090794925208286e+00 -3.794448621918754261e-02 -1.023529520010026533e-01 5.000000000000003747e-02
-1.292091145236569316e+00 -3.794448622986851954e-02 -1.023531221401350333e-01 5.000000000000000278e-02
-1.292090602070430805e+00 -3.794448619231899356e-02 -1.023526888752473579e-01 5.000000000000000278e-02
-1.292091230041018113e+00 -3.794448619503557052e-02 -1.023532733940708123e-01 5.000000000000000278e-02
-1.292090612597779575e+00 -3.794448617779394572e-02 -1.023526448557873919e-01 5.000000000000000278e-02
-1.292091139369322406e+00 -3.794448616963182891e-02 -1.023532225068718160e-01 5.000000000000000278e-02
-1.292090748212101348e+00 -3.794448616159436932e-02 -1.023527587578866860e-01 5.000000000000000278e-02
-1.292090991520338461e+00 -3.794448615225476384e-02 -1.023530813833463254e-01 5.000000000000000278e-02
-1.292090882013040343e+00 -3.794448615003259695e-02 -1.023528977938342188e-01 5.000000000000000278e-02
-1.292090883214494168e+00 -3.794448614299920225e-02 -1.023529606131199504e-01 5.000000000000000278e-02
-1.292090958944988932e+00 -3.794448614177971246e-02 -1.023529913235714517e-01 5.000000000000000278e-02
-1.292090836581466284e+00 -3.794448613744311194e-02 -1.023528969498528063e-01 5.000000000000000278e-02
-1.292090979155107178e+00 -3.794448613644264834e-02 -1.023530271781789291e-01 5.000000000000000278e-02
-1.292090837027439099e+00 -3.794448613455821129e-02 -1.023528846267547365e-01 5.000000000000003053e-02
-1.292090962455157976e+00 -3.794448613339449633e-02 -1.023530200213142588e-01 5.000000000000000278e-02
-1.292090864561922903e+00 -3.794448613228641048e-02 -1.023529063037812298e-01 5.000000000000000971e-02
-1.292090929754780237e+00 -3.794448613122709812e-02 -1.023529897708450043e-01 5.000000000000002359e-02
-1.292090896578503179e+00 -3.794448613059388936e-02 -1.023529387982970301e-01 5.000000000000000278e-02
-1.292090902304965594e+00 -3.794448612987975922e-02 -1.023529598252859163e-01 5.000000000000000971e-02
-1.292090917090774838e+00 -3.794448612961604655e-02 -1.023529630550226860e-01 5.000000000000000278e-02
-1.292090889419509780e+00 -3.794448612889780859e-02 -1.023529428134108687e-01 5.000000000000000278e-02
-1.292090922882933368e+00 -3.794448612861804626e-02 -1.023529727400395856e-01 5.000000000000001665e-02
-1.292090889169509094e+00 -3.794448612831776563e-02 -1.023529393719708330e-01 5.000000000000000278e-02
-1.292090919192220744e+00 -3.794448612826221284e-02 -1.023529714051222284e-01 5.000000000000000278e-02
-1.292090895312402621e+00 -3.794448612806929078e-02 -1.023529440371874349e-01 5.000000000000000278e-02
-1.292090911852368684e+00 -3.794448612790293079e-02 -1.023529647468058301e-01 5.000000000000000278e-02
-1.292090902674198238e+00 -3.794448612773376056e-02 -1.023529513956003001e-01 5.000000000000000971e-02
-1.292090905329585704e+00 -3.794448612775090657e-02 -1.023529577404495294e-01 5.000000000000003053e-02
-1.292090907793651322e+00 -3.794448612760216444e-02 -1.023529573132009318e-01 5.000000000000000971e-02
