0.000000000000000000e+00 0.000000000000000000e+00 2.399999999999999911e-01
-2.083120087066989840e-02 -2.490508767467778523e-02 2.429976827335732226e-01
-7.047708736866342694e-02 -6.288278531554880590e-02 2.433949863642609346e-01
-1.036058867907186515e-01 -1.379198931948046325e-01 2.395807224582899020e-01
-1.053242251115227290e-02 -7.484457392821955435e-03 2.409866695053308194e-01
-4.783184489499135716e-02 -5.197146222999119575e-02 2.405577700595462332e-01
6.145887627111587537e-03 -3.113817801155223386e-03 2.400008345522281761e-01
-6.259716278174183579e-03 -5.883004333229205352e-03 2.431501805051253517e-01
-2.753290353629762530e-02 -3.003118310151890041e-02 2.402870951340135286e-01
-1.330428936489714761e-02 -1.066990839667615598e-02 2.436262407407440989e-01
-8.910998222585723993e-03 -7.100849642266473735e-03 2.434967108147408077e-01
-7.535082058822271944e-03 -6.348794439995706154e-03 2.435354217612679950e-01
-7.479509249921445155e-03 -6.640717085229322705e-03 2.427317887391286788e-01
-1.055930708820676869e-02 -1.030540737756730288e-02 2.434441097728310688e-01
-7.888828194571295346e-03 -6.884627490433691856e-03 2.442115520245916882e-01
-7.865134968279539202e-03 -6.800340929398567859e-03 2.431673431536674479e-01
-7.399118294407661112e-03 -6.494152810242874094e-03 2.436350190893459555e-01
-7.488360924849635572e-03 -6.608984300708729658e-03 2.431060387237533038e-01
-7.463716029631793994e-03 -6.643005906678230328e-03 2.430620159148264292e-01
-7.432264010824896593e-03 -6.585038507942282508e-03 2.432163290346513462e-01
-7.427296324748347035e-03 -6.583391737678866845e-03 2.432714347293377377e-01
-7.430453449778582492e-03 -6.577070482165328462e-03 2.432663878345490416e-01
-7.429720418891184661e-03 -6.577519501504666341e-03 2.432929923374194114e-01
-7.432023566586943436e-03 -6.575444122165219514e-03 2.432775890727320867e-01
-7.432019300861428431e-03 -6.575745321890324319e-03 2.432940606967012032e-01
-7.433280989386388364e-03 -6.574901997687960208e-03 2.432821824661670906e-01
-7.433665307281869979e-03 -6.575044293724295261e-03 2.432913719924837959e-01
-7.434321879029286671e-03 -6.574737221451199161e-03 2.432846368381968716e-01
-7.434796787891583165e-03 -6.574832104318843566e-03 2.432895433334539559e-01
-7.435152723352346331e-03 -6.574720339990647658e-03 2.432855932344112349e-01
-7.435596900353995398e-03 -6.574803367625822736e-03 2.432883705617133185e-01
-7.435783015497472725e-03 -6.574760704435446412e-03 2.432857639999647659e-01
-7.436174227127501091e-03 -6.574835186627747338e-03 2.432873674996693381e-01
-7.436252757529257171e-03 -6.574817287645869091e-03 2.432855909489075041e-01
-7.436572748481734725e-03 -6.574876808143091840e-03 2.432862855234363963e-01
-7.436592087181872514e-03 -6.574868514103240219e-03 2.432851725504379947e-01
-7.436786054340930111e-03 -6.574902298073308747e-03 2.432851186559210621e-01
-7.436779201667817127e-03 -6.574897332595554950e-03 2.432845099132929512e-01
-7.436817538517521455e-03 -6.574902453465464487e-03 2.432842017269756796e-01
-7.436786871032629621e-03 -6.574895675602136606e-03 2.432839338082461167e-01
-7.436755872711262386e-03 -6.574889372973923875e-03 2.432838005383970159e-01
-7.436721456536453043e-03 -6.574882908700819227e-03 2.432837518905643648e-01
-7.436692951146983178e-03 -6.574877770306995078e-03 2.432837524941234009e-01
-7.436669621698572749e-03 -6.574873766636928595e-03 2.432837713489051923e-01
-7.436650855994822278e-03 -6.574870713346752348e-03 2.432837929822145862e-01
-7.436635810109689868e-03 -6.574868395892362501e-03 2.432838115762036568e-01
-7.436623853019328628e-03 -6.574866648000509545e-03 2.432838262119929873e-01
-7.436614385923369895e-03 -6.574865330331461019e-03 2.432838373465149306e-01
-7.436606918165134320e-03 -6.574864336968882193e-03 2.432838457301310653e-01
-7.436601037718461316e-03 -6.574863586678254823e-03 2.432838519797795862e-01
-7.436596421723921588e-03 -6.574863019616960201e-03 2.432838566262383040e-01
-7.436592801330693323e-03 -6.574862589917435107e-03 2.432838600386073025e-01
-7.436589972664953314e-03 -6.574862264375542185e-03 2.432838625667757826e-01
-7.436587753362989758e-03 -6.574862016034787107e-03 2.432838643691407621e-01
-7.436586034990531544e-03 -6.574861828340222356e-03 2.432838657917734682e-01
-7.436584647615743573e-03 -6.574861680445309893e-03 2.432838665454730154e-01
-7.436583688291652054e-03 -6.574861579426033616e-03 2.432838679794984138e-01
-7.436582499524512641e-03 -6.574861459124450684e-03 2.432838658971632761e-01
