2.530727415391778035e-01 3.490658503988658956e-01 7.500000000000000000e-01
1.036083468651592399e-01 -1.745329251994329200e-01 1.499999999999982458e+00
9.264162492820954276e-02 -1.745329251994329200e-01 2.706023740881826067e-01
2.052915038170109452e-01 -1.745329251994329200e-01 6.875369320328097444e-01
2.427897551779501506e-01 2.493659499492345000e-01 5.440828610248794606e-01
2.492695855449651998e-01 3.631270277724541473e-01 5.415930375592759027e-01
2.500098413399916009e-01 3.189847408137911899e-01 6.368372134987120292e-01
2.443866037586834572e-01 2.784533269646225495e-01 6.250934312624577549e-01
2.496859638141470661e-01 3.278331044567416308e-01 7.124928195444084622e-01
2.495632046520444569e-01 3.134897282050669864e-01 6.485463651263577711e-01
2.494538402443898240e-01 3.108880612120411557e-01 6.408748168343001428e-01
2.497855656524783086e-01 3.160629085861712539e-01 6.425399255768060591e-01
2.497745460509419868e-01 3.158016426878540450e-01 6.411503526912922801e-01
2.498666294007535482e-01 3.174258419854952273e-01 6.423065814312320931e-01
2.497575263629424058e-01 3.153650640815285899e-01 6.410191772009499189e-01
2.498824500305475427e-01 3.176882424946957384e-01 6.418263702211718380e-01
2.498730760233369430e-01 3.174972193312734503e-01 6.421003904219153569e-01
2.498891627555176465e-01 3.178111724584949394e-01 6.414289186166022283e-01
2.498863578444415479e-01 3.177622797742156724e-01 6.427037279620412269e-01
2.498902573749083311e-01 3.178310035139015888e-01 6.416083114551218713e-01
2.498972271026806691e-01 3.179784341721799135e-01 6.420646312955157198e-01
2.498928100797042084e-01 3.178825097276219980e-01 6.418180521638422453e-01
2.499009901294845515e-01 3.180591167098805738e-01 6.419961573838636193e-01
2.498930142709251678e-01 3.178862999630782116e-01 6.418746783279049017e-01
2.498998259883944417e-01 3.180339372328614411e-01 6.419149248820791298e-01
2.498976307769596172e-01 3.179855989840277286e-01 6.420118206690156315e-01
2.498988937517873099e-01 3.180135283145326119e-01 6.418453678518439842e-01
2.498992656896504294e-01 3.180216007555873303e-01 6.419972912321993963e-01
2.498988925089850044e-01 3.180131422048141920e-01 6.419263314980167001e-01
2.498996203972177754e-01 3.180293921178399819e-01 6.419596802550818770e-01
2.498989498559495703e-01 3.180143741048958583e-01 6.419366914550487246e-01
2.498999932449328665e-01 3.180378091591463674e-01 6.419561050841372518e-01
2.498989937800416561e-01 3.180153151003166090e-01 6.419460676929837906e-01
2.498997438551305295e-01 3.180322050256871314e-01 6.419446578095182598e-01
2.498994338077099864e-01 3.180251850519465462e-01 6.419600522944527432e-01
2.498995786927890317e-01 3.180284878555604267e-01 6.419351539739339696e-01
2.498996137410969820e-01 3.180292628992896220e-01 6.419598732623366111e-01
2.498995423546092887e-01 3.180276392831268284e-01 6.419454075130947013e-01
2.498996586015166110e-01 3.180302749287298725e-01 6.419530048798204325e-01
2.498995344561085741e-01 3.180274553983334362e-01 6.419484706910281169e-01
2.498997039346008142e-01 3.180313092802558028e-01 6.419518247622849616e-01
2.498995152016034171e-01 3.180270165004420169e-01 6.419498281629352210e-01
2.498996892584413876e-01 3.180309781950215742e-01 6.419502910946295327e-01
2.498995827653825719e-01 3.180285508924293736e-01 6.419516731189056635e-01
2.498996437023802974e-01 3.180299401330642928e-01 6.419488810507517629e-01
2.498996245982486042e-01 3.180295043627294760e-01 6.419531035730290380e-01
2.498996147624754083e-01 3.180292810673813197e-01 6.419484998586595381e-01
2.498996461583245787e-01 3.180299959896449868e-01 6.419519521908011450e-01
2.498996116152648328e-01 3.180292075715761002e-01 6.419500951470796801e-01
2.498996497257798821e-01 3.180300774008678610e-01 6.419510457032243655e-01
2.498996106434888953e-01 3.180291852610191428e-01 6.419506706745533586e-01
2.498996480338333548e-01 3.180300390694466572e-01 6.419506405311095065e-01
2.498996203863234344e-01 3.180294075589372715e-01 6.419509896362795009e-01
2.498996377518920564e-01 3.180298041505927320e-01 6.419504652021155167e-01
2.498996297138117717e-01 3.180296205016138744e-01 6.419511331908139828e-01
2.498996311214518040e-01 3.180296527293245967e-01 6.419503353882320962e-01
2.498996359482028862e-01 3.180297630174446222e-01 6.419511774186669184e-01
2.498996275175232040e-01 3.180295703698751697e-01 6.419504973313783225e-01
2.498996371849522002e-01 3.180297912286623174e-01 6.419509049968036285e-01
2.498996278696312967e-01 3.180295783475432514e-01 6.419507319814298230e-01
2.498996366417952086e-01 3.180297788324542019e-01 6.419507461536317905e-01
2.498996295443464133e-01 3.180296166170191174e-01 6.419508416463759470e-01
2.498996342687845318e-01 3.180297245888653035e-01 6.419506928081926134e-01
2.498996319680031053e-01 3.180296719906630654e-01 6.419508581318245088e-01
2.498996325628088100e-01 3.180296855882552842e-01 6.419506904719011198e-01
2.498996333119100077e-01 3.180297027122904741e-01 6.419508573315746425e-01
2.498996316218399794e-01 3.180296640824871734e-01 6.419507065432380477e-01
2.498996338255737582e-01 3.180297144554791733e-01 6.419508195078982293e-01
2.498996316061399547e-01 3.180296637173870566e-01 6.419507556791466119e-01
2.498996336488395753e-01 3.180297104134306441e-01 6.419507763697389624e-01
2.498996319133960087e-01 3.180296707405536605e-01 6.419507892426651319e-01
2.498996332061657333e-01 3.180297002944396656e-01 6.419507543747108302e-01
2.498996324796137203e-01 3.180296836831695839e-01 6.419507984602184081e-01
2.498996327144359930e-01 3.180296890508215735e-01 6.419507550779803839e-01
2.498996328412337598e-01 3.180296919493095786e-01 6.419507942828337477e-01
2.498996328657171195e-01 3.180296925094116545e-01 6.419507965091745261e-01
2.498996328823804014e-01 3.180296928888226571e-01 6.419507825029628911e-01
2.498996327437049969e-01 3.180296897185014848e-01 6.419507837071622980e-01
2.498996327437408016e-01 3.180296897188849004e-01 6.419507836963473935e-01
2.498996327437804921e-01 3.180296897193221617e-01 6.419507836829492220e-01
2.498996327438365861e-01 3.180296897199175188e-01 6.419507836666695777e-01
2.498996327439011178e-01 3.180296897206080220e-01 6.419507836472895246e-01
2.498996327439761966e-01 3.180296897214147100e-01 6.419507836243889543e-01
2.498996327440627108e-01 3.180296897223475749e-01 6.419507835976558940e-01
2.498996327441021237e-01 3.180296897233419462e-01 6.419507835336890622e-01
2.498996327441262433e-01 3.180296897237830378e-01 6.419507835048493538e-01
2.498996327442238319e-01 3.180296897248420240e-01 6.419507834738689134e-01
2.498996327443306076e-01 3.180296897260153632e-01 6.419507834382491840e-01
