0.000000000000000000e+00 0.000000000000000000e+00 5.000000000000000000e-01
-2.093013310235432300e-02 -3.490658503988658956e-01 0.000000000000000000e+00
-4.230323492896170823e-02 -2.360535146608953305e-01 1.000000000000000000e+00
-7.879605998141227252e-03 -1.069029612976788030e-01 0.000000000000000000e+00
-4.417639157493402635e-02 -1.550946861604425575e-01 0.000000000000000000e+00
-5.834907994070985537e-04 -1.245729579996690539e-04 0.000000000000000000e+00
-2.023818583550591674e-03 -3.700480621106450041e-03 3.429433825890172427e-01
3.813250349306607744e-03 2.342214694098330996e-02 2.257137125523220322e-02
1.411950713326963827e-03 1.058374932606166718e-03 3.687654362608012715e-01
3.336379077854070840e-04 1.695214965473954699e-02 2.377813088981052259e-01
1.289492262165278791e-03 1.297318159829159365e-02 2.717743204979679028e-01
8.111572264695040245e-04 1.656268046875090591e-02 2.372313591152372947e-01
4.054673402689825453e-04 1.561405904355396557e-02 2.631819956540867311e-01
7.372920722931832274e-04 1.655469031414528308e-02 2.444827255813750155e-01
-9.600521776717356980e-04 -1.702276018064927121e-03 2.396409316019610936e-01
5.137957657910818560e-04 1.605145276447975111e-02 2.480076441047994462e-01
7.394277221208283776e-04 1.646844158253004189e-02 2.539891670734221174e-01
6.575613124193038350e-04 1.658174797575728832e-02 2.460274491819405274e-01
7.052758019167305013e-04 1.665252898244214824e-02 2.454294483337631505e-01
7.135640581882956267e-04 1.654510443883214568e-02 2.445762655932740559e-01
7.191714917892636123e-04 1.635032162772090750e-02 2.440541766994925310e-01
7.276012044212695458e-04 1.646643291514991031e-02 2.449644791821434797e-01
7.265655925925969347e-04 1.651308848197714785e-02 2.450483973689906725e-01
7.253991576959615932e-04 1.652418751671365371e-02 2.450759063117552983e-01
7.246710701898438200e-04 1.652978357162873321e-02 2.450616989611333341e-01
7.241368593400062791e-04 1.653157045720184820e-02 2.450775116161561795e-01
7.239312365184347522e-04 1.653441738090660751e-02 2.450338161507671919e-01
7.232207752641724163e-04 1.653203069601114766e-02 2.451491254779948614e-01
7.236880138231820744e-04 1.653614125323497192e-02 2.450172062174528209e-01
7.232773392093995359e-04 1.653609782942197862e-02 2.450452965172878195e-01
7.231216719291782766e-04 1.653658371803506597e-02 2.450275895961780415e-01
7.228899462132616031e-04 1.653658061023070489e-02 2.450326539426982142e-01
7.227789668525020153e-04 1.653668438252142020e-02 2.450252910350682878e-01
7.226217818049562825e-04 1.653660882127083731e-02 2.450273548473083374e-01
7.225579268869136576e-04 1.653662117287449732e-02 2.450217416265505210e-01
7.224238293700403421e-04 1.653649619617253777e-02 2.450243125899860541e-01
7.224102489745778694e-04 1.653650605113356903e-02 2.450184546812104736e-01
7.222640616094230977e-04 1.653633652738437793e-02 2.450221458862952284e-01
7.222930647781040416e-04 1.653637094925221318e-02 2.450165794896236038e-01
7.221760655270668917e-04 1.653622556041675282e-02 2.450172961372477920e-01
7.221943518464711250e-04 1.653624003029724454e-02 2.450143325076875600e-01
7.221665164264069519e-04 1.653619967627873236e-02 2.450127726215784452e-01
7.221821960383141949e-04 1.653621741273960527e-02 2.450117687603493022e-01
7.221990802775057547e-04 1.653623974100503977e-02 2.450115058716854921e-01
7.222138937557898413e-04 1.653626037748106084e-02 2.450116416348799286e-01
7.222250347326531188e-04 1.653627598481216543e-02 2.450118919763957792e-01
7.222335895726578062e-04 1.653628754470087489e-02 2.450121351425300076e-01
7.222403461101765130e-04 1.653629616169400435e-02 2.450123382418463447e-01
7.222457234810975620e-04 1.653630260741299415e-02 2.450125011205656345e-01
7.222500085546977675e-04 1.653630744333999675e-02 2.450126307504145451e-01
7.222534284651077521e-04 1.653631108643871528e-02 2.450127337861734145e-01
7.222561609908826306e-04 1.653631384192702156e-02 2.450128156356951581e-01
7.222583449749231214e-04 1.653631593319625573e-02 2.450128805776148888e-01
7.222600891636232756e-04 1.653631752443743622e-02 2.450129319924447546e-01
7.222614792472989388e-04 1.653631873705703123e-02 2.450129725595724950e-01
7.222625832941267487e-04 1.653631966144835513e-02 2.450130044091496651e-01
7.222634556602144278e-04 1.653632036528835531e-02 2.450130292573802770e-01
7.222641406526543678e-04 1.653632089996433588e-02 2.450130484738266279e-01
7.222646737484804229e-04 1.653632130420026880e-02 2.450130632226351080e-01
7.222650867328721160e-04 1.653632160943873872e-02 2.450130743320384774e-01
7.222653984859721222e-04 1.653632183525785906e-02 2.450130829287058276e-01
7.222656540042921664e-04 1.653632201578747810e-02 2.450130882765436391e-01
7.222657629647657312e-04 1.653632209579870144e-02 2.450130971451527084e-01
7.222662793388933246e-04 1.653632243458002388e-02 2.450130779193360475e-01
7.222643917022241724e-04 1.653632121180117001e-02 2.450131850295656777e-01
7.222663121499736747e-04 1.653632244613647412e-02 2.450130684834747608e-01
7.222663627574639868e-04 1.653632249846388735e-02 2.450131041702646173e-01
7.222663132127123305e-04 1.653632246509739376e-02 2.450130994284661079e-01
7.222663863782285108e-04 1.653632251354478569e-02 2.450131036356323067e-01
7.222663581024404414e-04 1.653632249536556714e-02 2.450131030338550397e-01
7.222664131580297606e-04 1.653632253116258874e-02 2.450131053109488033e-01
1.600000000000000000e+01 3.799999999999999822e+00 1.069999999999999929e+01 9.500000000000000000e+00 0.000000000000000000e+00 0.000000000000000000e+00 5.000000000000000000e-01
1.512938959895530999e+01 3.558426059610961811e+00 9.640000000000000568e+00 9.183064602111533858e+00 1.876909834936846266e-02 -3.490658503988658956e-01 9.316858544847969048e-01
1.599998167115585623e+01 3.379618516212946844e+00 9.640000000000000568e+00 8.948379755137480629e+00 7.312386223717466140e-03 -3.490658503988658956e-01 1.000000000000000000e+00
1.600001802691546615e+01 4.129999999999997229e+00 1.175285265497156040e+01 9.878626170835138609e+00 5.277911452513218971e-02 -1.248617744571874633e-01 1.110223024625156540e-16
1.600000759550992768e+01 4.129999999999999893e+00 1.115526861023594307e+01 9.171491609721281080e+00 1.658835002503224187e-02 -7.205839353007070791e-02 0.000000000000000000e+00
1.600001790891143827e+01 3.984624918220914580e+00 1.178999999999999737e+01 1.019283925050944895e+01 -2.795815852322871067e-02 -1.869120697973263023e-01 0.000000000000000000e+00
1.607152049583570630e+01 3.370000000000000107e+00 1.178999999999999915e+01 1.067999999999999972e+01 -3.490658503988658956e-01 -3.490658503988658956e-01 1.000000000000000000e+00
1.607151194066184630e+01 4.129999999999999005e+00 1.111631206509059311e+01 8.699999999999999289e+00 -3.855635365063853071e-02 -1.066993479068780726e-01 1.554312234475219157e-15
1.607151075073373292e+01 4.129999999999996341e+00 1.099218385474954118e+01 8.699999999999999289e+00 5.110224040317713767e-02 -4.316881912650184783e-02 0.000000000000000000e+00
1.607151195365275242e+01 4.129999999999999893e+00 1.109532858852712423e+01 8.885927064577911594e+00 -8.816331906441279842e-03 -3.719738443259812399e-02 9.999999999999998890e-01
1.607151688381196664e+01 3.481797536529168458e+00 1.131550346604962165e+01 1.046224765781743749e+01 -4.277418735897367541e-02 3.323754904912973873e-01 1.000000000000000000e+00
1.607151360104649029e+01 4.129999999999999893e+00 1.114932838053063691e+01 9.695005756423810794e+00 2.344916497040310660e-02 -1.527747829031063896e-02 0.000000000000000000e+00
1.607151682448018093e+01 3.491684280813368790e+00 1.135055413463359741e+01 1.067999999991650029e+01 -3.948022517098697531e-02 7.845001977182504416e-02 1.000000000000000000e+00
1.607154635542442378e+01 4.129999999999999893e+00 1.178999999999999915e+01 1.067999999999999972e+01 1.281805775580203144e-01 -2.211505890281888764e-01 0.000000000000000000e+00
1.607153940202416820e+01 4.129999999999999893e+00 1.123321734591184473e+01 8.713681631052793364e+00 3.416739133660383620e-01 3.490658503988659511e-01 9.993995869777095864e-01
1.607154600032455249e+01 4.129999999999988347e+00 1.171314784711279522e+01 1.067999999999998373e+01 1.766557420968558612e-01 3.678624443928552035e-03 7.769373685629463733e-01
1.607154538805290045e+01 4.129999999999999893e+00 1.172347214041886687e+01 1.038026395748224040e+01 1.489765900182491443e-01 -1.832370111113545974e-01 5.551115123125782702e-17
1.607154549212832251e+01 4.123098604772788001e+00 1.171779684235320751e+01 1.044253971775363432e+01 1.570926427543134218e-01 -1.374995518559421759e-01 1.719740762647297694e-01
1.607154623504054669e+01 3.370000000000000107e+00 1.175324453308938644e+01 1.067999999999999972e+01 1.483545584732138822e-01 -8.348556757669739481e-03 9.999935712349881101e-01
1.607154522599393331e+01 4.129999999999728999e+00 1.170386682754720731e+01 1.024149481940545670e+01 1.463644248527476988e-01 -6.144387127194404774e-02 8.865394739813379221e-01
1.607154491463982282e+01 4.129999999999999893e+00 1.168792217485579954e+01 1.010641535922123246e+01 1.455782084396737563e-01 -5.090764380486112461e-02 1.000000000000000000e+00
1.607154259489323778e+01 3.370000000001089457e+00 1.159808696069379330e+01 9.295172602461310163e+00 1.458802011089759820e-01 -2.109576885728823015e-01 5.951905635015464213e-13
1.607154491463982282e+01 4.129999999973151148e+00 1.168792217481547802e+01 1.010641535886967013e+01 1.455782084383520081e-01 -5.090764381867723259e-02 9.999999999966839859e-01
1.607154491463982993e+01 4.129999999861453830e+00 1.168792217474859818e+01 1.010641535829917714e+01 1.455782084357567507e-01 -5.090764379571757758e-02 1.000000000000000000e+00
1.607166829501530714e+01 3.370000000000000107e+00 1.055070816733463168e+01 8.699999999999999289e+00 1.045548365186606821e-01 3.490658503988658956e-01 1.000000000000000000e+00
1.607169544849318399e+01 4.042433573519678802e+00 9.640000000000000568e+00 9.375071171975088546e+00 7.111850629237560784e-02 3.455711546621749175e-01 9.989764977604159712e-01
1.607180588498335183e+01 3.370000000000000107e+00 9.952557229042330533e+00 8.699999999999999289e+00 8.354075734841914791e-02 3.490658503988658956e-01 9.870549097522696158e-01
1.607156441932501423e+01 4.104422814224919946e+00 1.156390828787120206e+01 1.004686252087395637e+01 1.411518843368237131e-01 -3.487047303316526126e-02 1.000000000000000000e+00
1.607180373428672837e+01 3.784752882212320202e+00 1.004516334527336419e+01 9.317429609147435343e+00 8.695494615422391660e-02 1.612802606194066735e-01 9.957178312803970366e-01
1.607186753777478216e+01 3.701027931898525747e+00 9.640000000000148006e+00 9.123035879578166529e+00 7.249465277035049837e-02 2.135565272983059593e-01 9.955739180050300341e-01
1.607176599437226372e+01 4.129999999999999893e+00 9.640000000000000568e+00 9.620377720923436016e+00 5.371721616293553825e-02 8.561882233579676260e-02 1.000000000000000000e+00
1.607176599437226727e+01 4.129999999999999893e+00 9.640000000000000568e+00 9.620377720902999030e+00 5.371721616292827323e-02 8.561882234230043520e-02 9.999999999360207337e-01
1.607176599437227082e+01 4.129999999999999893e+00 9.640000000000000568e+00 9.620377720889552009e+00 5.371721616289881068e-02 8.561882234650321222e-02 9.999999998957385117e-01
1.607182261285151270e+01 4.129999999999999893e+00 9.640000000000000568e+00 1.024572265298419360e+01 5.100452657003043400e-02 4.173593675689973859e-02 1.000000000000000000e+00
1.607176599437352493e+01 4.129999958366374457e+00 9.640000002635630949e+00 9.620377735151595999e+00 5.371721610089074533e-02 8.561882133472643874e-02 9.999999873366132164e-01
1.607207900493504482e+01 3.370000000000000107e+00 1.028831056709682734e+01 1.067999999999999972e+01 3.840059504300311760e-02 -1.629463951344667927e-01 0.000000000000000000e+00
1.607207900492621633e+01 3.370000000000004992e+00 1.028831061053117857e+01 1.067999999862561467e+01 3.840059498172210956e-02 -1.629463973035299995e-01 2.795851568989981889e-08
1.607207900487100360e+01 3.370000000000013873e+00 1.028831088212971601e+01 1.067999999003144751e+01 3.840059459852700197e-02 -1.629464108668595701e-01 2.027854178209243507e-07
1.607177304168713405e+01 3.386072151510246542e+00 1.178999999999999915e+01 1.062698611395186710e+01 3.630423391270278660e-02 -2.376035181704715948e-01 9.721502983456450364e-01
1.607299533534695968e+01 4.129999999999999893e+00 9.640000000000000568e+00 8.699999999999999289e+00 8.162534515958806691e-02 3.490658503988658401e-01 1.000000000000000000e+00
1.607209530964749078e+01 3.383523085415501619e+00 1.027677503526643399e+01 1.064476880143737780e+01 3.916971569472080944e-02 -1.538358993983938439e-01 1.779366198094968488e-02
1.607209530964749078e+01 3.383523085415851561e+00 1.027677503526678038e+01 1.064476880143748438e+01 3.916971569472064291e-02 -1.538358993984000889e-01 1.779366198112276864e-02
1.607209530964749078e+01 3.383523085415714338e+00 1.027677503526662584e+01 1.064476880143739912e+01 3.916971569472097597e-02 -1.538358993983973688e-01 1.779366198104929964e-02
1.607209530964749078e+01 3.383523085415526488e+00 1.027677503526645353e+01 1.064476880143736537e+01 3.916971569472078168e-02 -1.538358993983943712e-01 1.779366198096526269e-02
1.607209530964749078e+01 3.383523085414734677e+00 1.027677503526576430e+01 1.064476880143743642e+01 3.916971569472139231e-02 -1.538358993983796608e-01 1.779366198055499018e-02
1.607209530964749078e+01 3.383523085414378961e+00 1.027677503526545166e+01 1.064476880143747195e+01 3.916971569472166986e-02 -1.538358993983729162e-01 1.779366198036686636e-02
1.607209530964749078e+01 3.383523085415274689e+00 1.027677503526622971e+01 1.064476880143736892e+01 3.916971569472092046e-02 -1.538358993983899858e-01 1.779366198083377759e-02
1.607209530964749078e+01 3.383523085415422571e+00 1.027677503526636471e+01 1.064476880143736715e+01 3.916971569472091352e-02 -1.538358993983918455e-01 1.779366198090585188e-02
1.607209530964749078e+01 3.383523085415395038e+00 1.027677503526635938e+01 1.064476880143735649e+01 3.916971569472102455e-02 -1.538358993983917344e-01 1.779366198090614332e-02
1.607209530964749078e+01 3.383523085415413245e+00 1.027677503526636293e+01 1.064476880143736359e+01 3.916971569472095516e-02 -1.538358993983917899e-01 1.779366198090670884e-02
1.607209530964749078e+01 3.383523085415461207e+00 1.027677503526637537e+01 1.064476880143732984e+01 3.916971569472113557e-02 -1.538358993983914291e-01 1.779366198090890500e-02
1.607209530964749078e+01 3.383523085415423459e+00 1.027677503526637715e+01 1.064476880143736892e+01 3.916971569472088577e-02 -1.538358993983922063e-01 1.779366198090445023e-02
1.627537248536546954e+01 3.370000000000000107e+00 1.178999999999999915e+01 8.699999999999999289e+00 2.874624934685595518e-02 -3.454947091001962511e-01 6.143586799078041283e-01
1.605301765870981967e+01 3.370000000000000107e+00 1.024552114591986829e+01 1.067999999999999972e+01 -3.490658503988658956e-01 3.490658503988658401e-01 1.000000000000000000e+00
1.400000000000149925e+01 3.370000000000000107e+00 1.178999999999664183e+01 1.067999999999999972e+01 1.894419943798181794e-01 3.490658503988658401e-01 1.000000000000000000e+00
1.400000000064049743e+01 3.370000000000000107e+00 1.178999999949302691e+01 1.067999999999999972e+01 5.857214423900644618e-02 1.203045027637336672e-03 1.000000000000000000e+00
1.582061189729063599e+01 3.370000000000018314e+00 1.044108143993844173e+01 9.982355001533015582e+00 -3.572942288843897196e-02 -3.490658503986532324e-01 7.232143878003317594e-01
1.400000000000000000e+01 3.370000000000000107e+00 1.178999999999999737e+01 1.016383143276396694e+01 3.308472047236757363e-02 -8.946368086567572930e-02 4.901653001272529009e-01
1.400000000000000000e+01 3.385227911866692807e+00 1.165447639423407900e+01 9.959064340933167614e+00 5.752613299818186421e-02 -1.561190979898639808e-02 8.348698400641920703e-01
1.400000000000000000e+01 3.370012271549567284e+00 9.640000000000000568e+00 1.067987589828994288e+01 7.371747392222460782e-02 -3.490581583885600248e-01 3.473856528884988748e-05
1.400000000000000000e+01 3.370000000000000107e+00 1.178944264174782397e+01 1.067999999999999972e+01 5.296068360226341420e-02 -8.508631278850659063e-02 1.000000000000000000e+00
1.400955029419527520e+01 3.370000000000004992e+00 1.178999999999999915e+01 1.067999999999999972e+01 4.617121982520967782e-02 -9.143512077434806651e-02 9.527160897930671002e-01
1.414435442084280581e+01 4.129999124380304920e+00 1.178995992208110088e+01 8.699999999999999289e+00 2.064566442695416060e-02 -3.490658503988658956e-01 8.997975936881671410e-01
1.471591445945895593e+01 3.370000000000000107e+00 1.178999999999999915e+01 1.067980309942084105e+01 -7.588873345952483473e-02 -3.488930783543632841e-01 1.000000000000000000e+00
1.440853775381864033e+01 4.129999991680553428e+00 1.178999995234007159e+01 1.067999999973649139e+01 -3.057568056022124531e-02 -3.490658503988658956e-01 8.578213185480642045e-01
1.415647226737393360e+01 4.129999999918250175e+00 1.178999999999999915e+01 8.744342210781427482e+00 1.860128057946846061e-02 -3.490658503988658956e-01 9.025109516528609932e-01
1.600000000000000000e+01 3.799999999999999822e+00 1.069999999999999929e+01 9.500000000000000000e+00 0.000000000000000000e+00 0.000000000000000000e+00 5.000000000000000000e-01
1.512938959895659075e+01 3.558426059610960479e+00 9.640000000000000568e+00 9.183064602111576491e+00 1.876909834949702649e-02 -3.490658503988658956e-01 9.316858544848044543e-01
1.600002201823341963e+01 3.378148425439880143e+00 9.640000000000517488e+00 8.946898559645475757e+00 -4.991000212106693618e-02 -3.490658503980066385e-01 9.999999999997739586e-01
1.600000599589139227e+01 3.370000000000000107e+00 9.640000000000000568e+00 8.699999999999999289e+00 -2.007413400415243576e-02 -1.911192479293925273e-01 1.000000000000000000e+00
1.599999890586550855e+01 3.370000000000000107e+00 9.640000000000000568e+00 9.938386477774256988e+00 -6.186263233127430559e-03 -4.164232786439708844e-02 0.000000000000000000e+00
1.600000014534624881e+01 3.370000000105667137e+00 9.648157276068394239e+00 9.984059874372038124e+00 -4.747248887606035465e-03 -4.458594202148103564e-02 2.729828585401605778e-10
1.599998619798612332e+01 3.833538699626434898e+00 1.071424981524181597e+01 1.067999999999999972e+01 -5.674716340106011718e-03 -2.721267992124423718e-01 9.999999999999964473e-01
1.599999191363300888e+01 3.372092964872428489e+00 1.178999999999998671e+01 9.259191309082828170e+00 -6.129518172171027901e-03 -2.650107486296148229e-01 9.999999999999977796e-01
1.599999759475565853e+01 3.370000000000000107e+00 1.000251030030026200e+01 1.067999999999999972e+01 -5.132612393655018243e-03 -3.047665537600611207e-01 1.000000000000000000e+00
1.601919005233537874e+01 4.129979609670323626e+00 1.178975478263986254e+01 1.067999999999999972e+01 6.767992638110728598e-02 -3.490658503988658956e-01 1.000000000000000000e+00
1.601605591111182036e+01 3.370000000000000107e+00 9.640377039643528434e+00 8.699999999999999289e+00 5.574825302775872349e-02 3.488862316297104971e-01 1.000000000000000000e+00
1.599239613403693561e+01 4.129999999999999893e+00 1.178964011671447132e+01 1.067999999999999972e+01 -3.495231525383500626e-02 -3.490658503988658956e-01 3.657061035824052952e-01
1.599419995311544618e+01 3.390140941542409081e+00 1.178999999999999915e+01 1.058266169140365776e+01 -2.783539154778315317e-02 -3.034970163979637259e-01 1.024989582572618518e-01
1.599330744965758200e+01 4.129999999999999893e+00 1.178999999999999915e+01 1.067999999994684579e+01 -3.132832441352251251e-02 -3.134365061682086728e-01 6.744052513940279603e-02
1.600394883146400105e+01 3.370000000000000107e+00 1.178992754520600705e+01 1.067999999999999972e+01 8.990746022281970520e-03 3.700373171697882331e-03 3.167412710047207702e-01
1.600387446581243722e+01 3.651109627026089210e+00 1.178999999999999915e+01 1.067999999999999972e+01 8.688628742126924473e-03 1.833824607823081321e-03 2.891848364699373675e-01
1.600392872057837579e+01 3.712292128525424229e+00 9.640000000000000568e+00 8.700000002142559197e+00 1.000026531658690897e-02 -8.893040266992972842e-02 7.236381195190928484e-01
1.600317554368531603e+01 4.129965921689146668e+00 9.640176995499695423e+00 8.700012519647200904e+00 7.774066318693815744e-03 -2.468144871062681878e-01 0.000000000000000000e+00
1.600316229639648213e+01 4.129999996238492344e+00 9.640000015043460380e+00 8.847512742612016368e+00 7.712154896866338719e-03 -2.434104426872221449e-01 0.000000000000000000e+00
1.600382373100138267e+01 3.370000000101514459e+00 9.640000000000000568e+00 8.700000000014686208e+00 9.724246093176135836e-03 -1.262085742052397319e-01 6.947488864651983898e-01
1.600382373098858224e+01 3.370000000000000107e+00 9.640000000155332316e+00 8.699999999999999289e+00 9.724246037673984350e-03 -1.262085854058925261e-01 6.947489287368968647e-01
1.600382373100216427e+01 3.370000000003181562e+00 9.640000000000000568e+00 8.700000000000228439e+00 9.724246096158854075e-03 -1.262085743246670611e-01 6.947488868356347380e-01
1.600599345428542009e+01 4.129999999999999893e+00 1.112771990061552785e+01 8.909465734862253683e+00 1.704896061444812622e-02 -1.926212431347780196e-01 9.999999999989660493e-01
1.600463675419386789e+01 3.370000000046024180e+00 1.178999999999999915e+01 9.613878643223868536e+00 1.157168575094229962e-02 2.874985958803782937e-02 3.994732460176131372e-01
1.600627751682438671e+01 4.129999999999999893e+00 1.178999999999999915e+01 9.179872158907421920e+00 1.774654867405357425e-02 -1.510659564480734685e-01 9.270528089449365794e-01
1.600651946540984838e+01 4.129999999999999893e+00 1.178999999999999915e+01 9.249154931700202198e+00 1.866911545256480509e-02 -1.712139369750699802e-01 9.990728988816355294e-01
1.601254389601389505e+01 3.370000000000000107e+00 9.640000000000000568e+00 1.067999999999999972e+01 4.127944254813347216e-03 2.019608407211969658e-01 0.000000000000000000e+00
1.600532184835281768e+01 3.370000000000000107e+00 1.178999999992061554e+01 9.484351770281236327e+00 1.393719016143718514e-02 -7.400022335887418423e-02 7.065080929154984313e-01
1.582181031591147047e+01 3.370000000000000107e+00 9.640000000000000568e+00 1.067999999999999972e+01 -3.490658503988658956e-01 -3.490658503988658956e-01 1.000000000000000000e+00
