-2.617993877991494078e-01 -1.221730476396030718e-01 5.000000000000000000e-01
-2.421656441998807363e-01 -3.490658503988658956e-01 1.000000000000000000e+00
-2.863245380346977620e-01 -3.490658503988658956e-01 9.999999999999902300e-01
-2.410755383481862357e-01 -3.490658503988658401e-01 1.000000000000000000e+00
-3.493681611592405756e-01 -3.490658503988617323e-01 1.000000000000000000e+00
-2.768235356767307920e-01 -3.490658503988658956e-01 8.764399194347227695e-02
-2.752029561435099803e-01 -3.490658503988658956e-01 9.176858004705380489e-01
-2.826091629383885029e-01 -3.490658503988394168e-01 1.213064716909874885e-01
-2.788530609728223641e-01 -3.490658503988658401e-01 3.065108485453520437e-01
-2.850940161536116291e-01 -3.490658503988658956e-01 1.502021177792504936e-01
-2.820023104008532178e-01 -3.417996884960953774e-01 0.000000000000000000e+00
-2.785186286073525475e-01 -3.071489608706545194e-01 1.516102577222897541e-01
-2.772962215573273048e-01 -3.090601252982247416e-01 2.282534279849986192e-01
-2.785726699725301625e-01 -3.080550123893917580e-01 1.543098391228281407e-01
-2.782289909841750841e-01 -3.071787571031898700e-01 1.516227485924599439e-01
-2.785024572124316089e-01 -3.078193349325445971e-01 1.612798939165974721e-01
-2.782842310297717892e-01 -3.071712471717228943e-01 1.589717880454374621e-01
-2.784147696541452999e-01 -3.075216069050671908e-01 1.547887806894284735e-01
-2.783224135793153087e-01 -3.072579161061794739e-01 1.586558484175845940e-01
-2.783134097198683432e-01 -3.072456238976857823e-01 1.573276901590379140e-01
-2.783366394735439231e-01 -3.072913749223894486e-01 1.584004028973799161e-01
-2.783129000585622403e-01 -3.072407635813843019e-01 1.579612807641254391e-01
-2.783258286521806957e-01 -3.072673984526080870e-01 1.580119266887138607e-01
-2.783144449701419054e-01 -3.072442849084667249e-01 1.582095511819348044e-01
-2.783239812147727532e-01 -3.072637144762757067e-01 1.578472837364506554e-01
-2.783182901083793293e-01 -3.072519647623002670e-01 1.582086739583245805e-01
-2.783181997579980416e-01 -3.072518800218999591e-01 1.579744978263792343e-01
-2.783208079638929133e-01 -3.072569372308479596e-01 1.581286699091418446e-01
-2.783173063080041088e-01 -3.072501294042896403e-01 1.580498268195450473e-01
-2.783200919562424658e-01 -3.072555106779965017e-01 1.580761810494842323e-01
-2.783179000267305692e-01 -3.072512892772528148e-01 1.580843542508242328e-01
-2.783196318494198240e-01 -3.072546410292651409e-01 1.580554487625631110e-01
-2.783181108157172234e-01 -3.072517234459701263e-01 1.581012830265612068e-01
-2.783191741818590859e-01 -3.072537689380162584e-01 1.580453878293385239e-01
-2.783186623387461922e-01 -3.072527927216216481e-01 1.580997379643447609e-01
-2.783185232539240883e-01 -3.072525282966837579e-01 1.580583213066418524e-01
-2.783190231510971890e-01 -3.072534773953600196e-01 1.580856411682892149e-01
-2.783183666215944263e-01 -3.072522382609602087e-01 1.580726413411623343e-01
-2.783189433506279009e-01 -3.072533223316808448e-01 1.580750636241680107e-01
-2.783184652118466107e-01 -3.072524259695655346e-01 1.580790990232495696e-01
-2.783188306718304972e-01 -3.072531110355056772e-01 1.580715592576961703e-01
-2.783185359814808746e-01 -3.072525619777453088e-01 1.580813785266771965e-01
-2.783187443758624591e-01 -3.072529516225589452e-01 1.580704885349197841e-01
-2.783186185896064369e-01 -3.072527181672848884e-01 1.580812971834550940e-01
-2.783186471784112048e-01 -3.072527716452503888e-01 1.580719551059437677e-01
-2.783186990802030136e-01 -3.072528686357222094e-01 1.580792160514303546e-01
-2.783185804288437204e-01 -3.072526487543487672e-01 1.580745250978414229e-01
-2.783187290646398360e-01 -3.072529247827479049e-01 1.580765322789042804e-01
-2.783185861642775705e-01 -3.072526598662295716e-01 1.580768714372928763e-01
-2.783186966742238755e-01 -3.072528645744272424e-01 1.580750516172932663e-01
-2.783186179898128887e-01 -3.072527190116099982e-01 1.580775795999269651e-01
-2.783186672661818739e-01 -3.072528102940920713e-01 1.580748710816939906e-01
-2.783186413992198571e-01 -3.072527625514502869e-01 1.580774250804232173e-01
-2.783186468256515500e-01 -3.072527726319244645e-01 1.580752870634614948e-01
-2.783186564035997068e-01 -3.072527903967793295e-01 1.580769148388948830e-01
-2.783186352658416629e-01 -3.072527513858402393e-01 1.580758156414185656e-01
-2.783186637630142291e-01 -3.072528040928035886e-01 1.580764103518653707e-01
-2.783186321688817522e-01 -3.072527457743524648e-01 1.580762972329470273e-01
-2.783186611640831032e-01 -3.072527993411025560e-01 1.580760102522005273e-01
-2.783186385133138985e-01 -3.072527575279798140e-01 1.580765576414105700e-01
-2.783186532906483102e-01 -3.072527848203830403e-01 1.580759005404119844e-01
-2.783186456212506377e-01 -3.072527706758491628e-01 1.580765505383075198e-01
-2.783186473597590860e-01 -3.072527738915883377e-01 1.580759956300511471e-01
-2.783186497688911465e-01 -3.072527783439208959e-01 1.580764109401862905e-01
-2.783186447453762091e-01 -3.072527690779551790e-01 1.580761415108169754e-01
-2.783186511048643119e-01 -3.072527808194326360e-01 1.580762836454629727e-01
-2.783186442686901296e-01 -3.072527682107956126e-01 1.580762477012368217e-01
-2.783186507482998673e-01 -3.072527801708374029e-01 1.580761991455256754e-01
-2.783186453077904909e-01 -3.072527701359499264e-01 1.580763077970162023e-01
-2.783186492367747955e-01 -3.072527773867085310e-01 1.580761661351191283e-01
-2.783186469115838113e-01 -3.072527730990296524e-01 1.580763164163215551e-01
-2.783186477461941921e-01 -3.072527746402642368e-01 1.580761782051167408e-01
-2.783186480962407949e-01 -3.072527752871710427e-01 1.580762888382540032e-01
-2.783186469524629447e-01 -3.072527731778366689e-01 1.580762140054468301e-01
-2.783186484890070034e-01 -3.072527760128321295e-01 1.580762539726910110e-01
-2.783186468520771339e-01 -3.072527729938823726e-01 1.580762427041772777e-01
-2.783186483822617241e-01 -3.072527758170733314e-01 1.580762327397103872e-01
-2.783186470972668358e-01 -3.072527734472010885e-01 1.580762568586632499e-01
-2.783186480498786031e-01 -3.072527752046924632e-01 1.580762251409509600e-01
-2.783186474507370334e-01 -3.072527740997916257e-01 1.580762589976419941e-01
-2.783186473853973553e-01 -3.072527739795185564e-01 1.580762613357636348e-01
-2.783186473438391539e-01 -3.072527739033825145e-01 1.580762194677063637e-01
-2.783186473677146111e-01 -3.072527739460371166e-01 1.580762425664194448e-01
-2.783186473721939724e-01 -3.072527739541394687e-01 1.580762425740689370e-01
-2.783186473768985425e-01 -3.072527739623044374e-01 1.580762425829399798e-01
-2.783186473821908091e-01 -3.072527739717905160e-01 1.580762425927888792e-01
-2.783186473547722417e-01 -3.072527739212227993e-01 1.580762425467022447e-01
-2.783186473518303727e-01 -3.072527739157434601e-01 1.580762425408629435e-01
-2.783186476869076165e-01 -3.072527745354606266e-01 1.580762431333219142e-01
-2.783189958839159539e-01 -3.072565133299987594e-01 1.580754368458710535e-01
