2.530727415391778035e-01 3.490658503988658956e-01 7.500000000000000000e-01
1.226484891779779929e-01 -1.745329251994329200e-01 1.500000000000000000e+00
2.008379568317576469e-01 -1.745329251994255371e-01 3.046889949737925374e-01
2.388348887041228941e-01 2.098063764326804082e-01 4.071589713187621640e-01
2.448571358537455778e-01 2.588616925298188320e-01 4.047264580622283447e-01
2.473275552853976544e-01 2.867475957751210447e-01 5.370861058011081601e-01
2.458610602239781062e-01 4.288875454037888724e-01 4.544576432783682951e-01
2.465942636616607897e-01 2.731335643369120492e-01 5.081033063352600188e-01
2.484723222221852656e-01 3.157864911581755307e-01 3.950282660700802362e-01
2.472455998774542030e-01 2.920659401489471008e-01 5.366556245547202675e-01
2.476362328347221642e-01 2.979316618442873765e-01 5.244829732487976681e-01
2.479971861675773770e-01 3.083412683622964168e-01 5.269290669424199214e-01
2.479697703095425643e-01 3.070340850074289585e-01 5.132473929196245122e-01
2.479964239166532469e-01 3.095972733802839771e-01 5.255099856551175286e-01
2.480176691884320161e-01 3.076215498067114140e-01 5.252349656682904211e-01
2.480008361551465090e-01 3.091368008571215298e-01 5.230176524851266606e-01
2.480066673006652289e-01 3.090279710398946555e-01 5.250482748173672665e-01
2.480053848647156556e-01 3.090159410274057050e-01 5.237656961729024729e-01
2.480041653853984063e-01 3.091648852411607029e-01 5.249390548313775939e-01
2.480071816916430971e-01 3.089992287263430559e-01 5.242253656718121047e-01
2.480036898610839813e-01 3.091703007882182219e-01 5.245289238223574957e-01
2.480072211071816524e-01 3.090264713286559606e-01 5.246501633847800994e-01
2.480049187842126579e-01 3.091189651505988345e-01 5.244105888212834410e-01
2.480057195574820461e-01 3.090955154862985998e-01 5.246626737074285840e-01
2.480056258691599735e-01 3.090946809229798142e-01 5.244733602787228222e-01
2.480053008839188944e-01 3.091127164315313758e-01 5.246447084022805019e-01
2.480058204268816291e-01 3.090890769019430939e-01 5.245131263355101714e-01
2.480052269830925193e-01 3.091149718080208331e-01 5.246025566652233740e-01
2.480058111622059636e-01 3.090915171672286577e-01 5.245721393839810620e-01
2.480052588916600298e-01 3.091130673406733420e-01 5.245643831771893417e-01
2.480056585712895612e-01 3.090982631945442538e-01 5.246043245558146273e-01
2.480054504220787770e-01 3.091058312735478486e-01 5.245601371707887539e-01
2.480054907154067845e-01 3.091049007690771511e-01 5.246015180899666897e-01
2.480055356153541835e-01 3.091028201672159637e-01 5.245681831152568808e-01
2.480054348481390281e-01 3.091070016150328503e-01 5.245970016819229143e-01
2.480055571326326702e-01 3.091021697806379254e-01 5.245759025098815087e-01
2.480054278330048045e-01 3.091072132250231030e-01 5.245904598795649854e-01
2.480055448227236337e-01 3.091027679717651688e-01 5.245842931322491909e-01
2.480054383911721450e-01 3.091067810666818794e-01 5.245845665095465460e-01
2.480055236730332457e-01 3.091036150987340192e-01 5.245902289189994239e-01
2.480054652370177470e-01 3.091057645988339320e-01 5.245812443673366632e-01
2.480054885409057330e-01 3.091049480842216757e-01 5.245914554270713070e-01
2.480054930369958166e-01 3.091047539732069693e-01 5.245825570948938754e-01
2.480054699145019803e-01 3.091056441807493727e-01 5.245899446796628007e-01
2.480055017868905698e-01 3.091044442040291051e-01 5.245845997804203797e-01
2.480054677983977163e-01 3.091057205412760522e-01 5.245880824456081726e-01
2.480054977543080796e-01 3.091046060660465056e-01 5.245865471718454964e-01
2.480054730540803554e-01 3.091055256695992570e-01 5.245867005611972722e-01
2.480054918260051755e-01 3.091048312693361333e-01 5.245876868660770409e-01
2.480054785635443515e-01 3.091053214149831474e-01 5.245859596736545116e-01
2.480054855369132616e-01 3.091050661144244538e-01 5.245881353003017944e-01
2.480054844367459987e-01 3.091051054218579286e-01 5.245859740477482047e-01
2.480054806895869990e-01 3.091052466094612594e-01 5.245878622552770931e-01
2.480054875002460080e-01 3.091049936883805693e-01 5.245864259661947582e-01
2.480054792498205263e-01 3.091053000649866545e-01 5.245873904762156092e-01
2.480054871813603956e-01 3.091050066241581296e-01 5.245869199853585574e-01
2.480054806196410333e-01 3.091052497422441259e-01 5.245869958908234709e-01
2.480054853914971380e-01 3.091050735643247616e-01 5.245872106132658530e-01
2.480054822492402944e-01 3.091051897406484894e-01 5.245868230632892981e-01
2.480054839008908329e-01 3.091051289327385043e-01 5.245873056823517899e-01
2.480054835191159435e-01 3.091051429919026705e-01 5.245868122395438427e-01
2.480054828678724677e-01 3.091051672605280576e-01 5.245872564146774053e-01
2.480054842218681055e-01 3.091051172150068305e-01 5.245869043681047339e-01
2.480054824592635987e-01 3.091051824332703424e-01 5.245871532311898733e-01
2.480054843182093183e-01 3.091051137659779346e-01 5.245870128626156648e-01
2.480054826390079570e-01 3.091051758425086837e-01 5.245870549977702524e-01
2.480054839324401517e-01 3.091051281047436095e-01 5.245870918037019992e-01
2.480054830766213469e-01 3.091051597328507983e-01 5.245870049952323644e-01
2.480054835266091440e-01 3.091051431415083872e-01 5.245871176654276491e-01
2.480054834089898963e-01 3.091051474899636498e-01 5.245870001885635237e-01
2.480054832732269954e-01 3.091051525233447506e-01 5.245871071884355974e-01
2.480054835738346175e-01 3.091051414281998921e-01 5.245870213307531893e-01
2.480054831839439977e-01 3.091051558364326102e-01 5.245870825672409588e-01
2.480054835996418072e-01 3.091051404908621847e-01 5.245870460125011681e-01
2.480054832085495375e-01 3.091051549364867146e-01 5.245870602348102762e-01
2.480054835312404671e-01 3.091051430261541055e-01 5.245870648032562311e-01
2.480054833019917915e-01 3.091051514937471212e-01 5.245870469944446945e-01
2.480054834330198688e-01 3.091051466595129971e-01 5.245870723411253378e-01
2.480054833881640552e-01 3.091051483172032599e-01 5.245870446344473859e-01
2.480054833655613855e-01 3.091051491540545704e-01 5.245870707397963795e-01
2.480054834332139357e-01 3.091051466576896223e-01 5.245870491349706732e-01
2.480054834489483495e-01 3.091051460755538938e-01 5.245870465981632425e-01
2.480054834643243278e-01 3.091051455112366897e-01 5.245870498027037643e-01
2.480054834447749379e-01 3.091051462353473500e-01 5.245870479845694545e-01
2.480054834576549683e-01 3.091051457707806316e-01 5.245870508703309731e-01
2.530727415391778035e-01 3.490658503988658956e-01 7.500000000000000000e-01
4.405314267004833972e-02 -1.745329251994329200e-01 1.499999999999995115e+00
1.339419855666294790e-01 -1.745329251994049979e-01 1.234969272277790520e-01
2.085962031095879299e-01 -1.745329251994326980e-01 5.539448722791766588e-01
2.402300516271794750e-01 2.212183968503080855e-01 3.735273618806024820e-01
2.449999556365935471e-01 2.333812635595517715e-01 3.976358190601904652e-01
2.576365445780492980e-01 5.659556596910366721e-01 0.000000000000000000e+00
2.484422861296273211e-01 2.889505144439923345e-01 5.128949653121068764e-01
2.489059415043064216e-01 2.916808528531997236e-01 5.289596827790689071e-01
2.495753613438066176e-01 3.113390186274247462e-01 5.482192529621729982e-01
2.494185402395995010e-01 3.037673879907037411e-01 5.024411464837056362e-01
2.496298851203702096e-01 3.117194300232760673e-01 5.191799912103828296e-01
2.496448948000027090e-01 3.101221534711163241e-01 5.271578285032681999e-01
2.496313297236049944e-01 3.126869034775558442e-01 5.249210419711415332e-01
2.496556808222048229e-01 3.112788626250736490e-01 5.226021561183222808e-01
2.496428730095165138e-01 3.120085358301805667e-01 5.262585913873449872e-01
2.496483850692615691e-01 3.119279261116832402e-01 5.232113078796665206e-01
2.496494856816972863e-01 3.118694145340492052e-01 5.247568479042099554e-01
2.496456083200954690e-01 3.120766891015837041e-01 5.240568866438651829e-01
2.496507783944842684e-01 3.118504590216327199e-01 5.242966921423429794e-01
2.496461271397641402e-01 3.120594708915612747e-01 5.244354625978606688e-01
2.496493201261903161e-01 3.119295495004774654e-01 5.240194561835082032e-01
2.496476940928465671e-01 3.119967598730689629e-01 5.244910165979908001e-01
2.496479496277864973e-01 3.119907536371583912e-01 5.241194025612895269e-01
2.496482979619653042e-01 3.119766498291483003e-01 5.243492066174181288e-01
2.496475940646728786e-01 3.120058603699958910e-01 5.242272439729430689e-01
2.496483866352184056e-01 3.119749227391863666e-01 5.242878233810760458e-01
2.496475481284087805e-01 3.120077556615902248e-01 5.242778208979808063e-01
2.496482852614225201e-01 3.119797543528822215e-01 5.242442384677112877e-01
2.496477111155936401e-01 3.120014824060736158e-01 5.243073038825625254e-01
2.496480319130600367e-01 3.119898935050489097e-01 5.242300801476196259e-01
2.496479087916778361e-01 3.119942102213885127e-01 5.243017730371081209e-01
2.496478586360685592e-01 3.119964330784519291e-01 5.242498048012658174e-01
2.496479799278382705e-01 3.119919055723656132e-01 5.242812591642274089e-01
2.496478178030867301e-01 3.119979280757367857e-01 5.242643542887510666e-01
2.496479867371000361e-01 3.119917751137199491e-01 5.242712425208552185e-01
2.496478145011159222e-01 3.119980315375818214e-01 5.242718388968565790e-01
2.496479639864327693e-01 3.119926786891669690e-01 5.242650487001212500e-01
2.496478414808889212e-01 3.119970552594339419e-01 5.242762236359636008e-01
2.496479222064310055e-01 3.119942143116255506e-01 5.242620817487498863e-01
2.496478790207274645e-01 3.119957225151833713e-01 5.242772379252138570e-01
2.496478815264650819e-01 3.119956658520182113e-01 5.242637430778518404e-01
2.496479062898008805e-01 3.119947832919605091e-01 5.242733208621276342e-01
2.496478655996946794e-01 3.119962335365468742e-01 5.242679693654772599e-01
2.496479099668636181e-01 3.119946730555827052e-01 5.242699412063976938e-01
2.496478666038521033e-01 3.119961987947254545e-01 5.242702648722346037e-01
2.496479031969016382e-01 3.119949192836106167e-01 5.242684220456383937e-01
2.496478747269984533e-01 3.119959162246119799e-01 5.242710902846901000e-01
2.496478936560252160e-01 3.119952577750398359e-01 5.242680570353808189e-01
2.496478828405796768e-01 3.119956345848541313e-01 5.242711514192142097e-01
2.496478857784909522e-01 3.119955341768758106e-01 5.242682506408891108e-01
2.496478892028910768e-01 3.119954141941632675e-01 5.242706557638600051e-01
2.496478809517556630e-01 3.119957030968347755e-01 5.242690086853207809e-01
2.496478914359110401e-01 3.119953383867168362e-01 5.242698256776506804e-01
2.496478805778278576e-01 3.119957167165736678e-01 5.242697095034480892e-01
2.496478901689003216e-01 3.119953835775488016e-01 5.242693236001166879e-01
2.496478826767485060e-01 3.119956441930676339e-01 5.242699925713948383e-01
2.496478876159776983e-01 3.119954729865802023e-01 5.242692244471574003e-01
2.496478849333075012e-01 3.119955662363101956e-01 5.242699707023021904e-01
2.496478857230078618e-01 3.119955390416317420e-01 5.242693085585738988e-01
2.496478863503570067e-01 3.119955172772470031e-01 5.242698502470103383e-01
2.496478846777410721e-01 3.119955754545188364e-01 5.242694577039385129e-01
2.496478869318528304e-01 3.119954972878690724e-01 5.242696869034504381e-01
2.496478844809772168e-01 3.119955823859684174e-01 5.242696118001276551e-01
2.496478867821343428e-01 3.119955026142438026e-01 5.242695604845822865e-01
2.496478848621195012e-01 3.119955692324935526e-01 5.242696994492772600e-01
2.496478862274843502e-01 3.119955219309986094e-01 5.242695160663959353e-01
2.496478854446836926e-01 3.119955490964796962e-01 5.242697044456696709e-01
2.496478857127251427e-01 3.119955398356467069e-01 5.242695372441938950e-01
2.496478858276323098e-01 3.119955358641852139e-01 5.242696708026928221e-01
2.496478854521220203e-01 3.119955488971457025e-01 5.242695754842060518e-01
2.496478859689044150e-01 3.119955309937750276e-01 5.242696324524577234e-01
2.496478854065408148e-01 3.119955504950530645e-01 5.242696102749809794e-01
2.496478859383577942e-01 3.119955320708784896e-01 5.242696040425677273e-01
2.496478854843971473e-01 3.119955478081173905e-01 5.242696309993618575e-01
2.496478858273997459e-01 3.119955359264904859e-01 5.242695913981282319e-01
2.496478856100148025e-01 3.119955434627909030e-01 5.242696354808925596e-01
2.496478857043190058e-01 3.119955401990130439e-01 5.242695940682634559e-01
2.496478857110353555e-01 3.119955399686855646e-01 5.242696281693095539e-01
2.496478856324646778e-01 3.119955426936641962e-01 5.242696034167267927e-01
2.496478857443154009e-01 3.119955388267295349e-01 5.242696173950162075e-01
2.496478857489869696e-01 3.119955386644666095e-01 5.242696184004652649e-01
2.496478856748795550e-01 3.119955412329686317e-01 5.242696248115548130e-01
2.496478856749391462e-01 3.119955412319049826e-01 5.242696247326572578e-01
2.496478856751596642e-01 3.119955412322107380e-01 5.242696246454784381e-01
2.496478856754028863e-01 3.119955412323858757e-01 5.242696245415208178e-01
2.496478856756656761e-01 3.119955412323717758e-01 5.242696244193927324e-01
2.496478856759470066e-01 3.119955412321276933e-01 5.242696242776111459e-01
2.530727415391778035e-01 3.490658503988658956e-01 7.500000000000000000e-01
4.850278285098227893e-02 -1.745329251994329200e-01 1.499999999999701794e+00
1.981748098955904425e-14 -1.745329251993281150e-01 3.248439524751538521e-01
2.043505471996102940e-01 -1.745329251994306996e-01 7.214922392084024416e-01
2.417881421509937290e-01 2.336495197998363360e-01 5.373896194056758668e-01
2.494621315173319032e-01 3.203103016878037779e-01 5.717026355788770164e-01
2.485706594905001121e-01 3.947080701622073251e-01 8.399236561613461216e-01
2.503982076792900524e-01 3.210075786671314213e-01 6.571266745900565809e-01
2.499385460582789487e-01 3.126173356633223932e-01 6.407747463994430959e-01
2.502438468109436931e-01 3.183654951807902145e-01 6.365011890469381983e-01
2.502007322210183515e-01 3.169424166576019775e-01 6.443823639961280270e-01
2.503037099053558867e-01 3.190758167883966379e-01 6.427220133816009540e-01
2.502860773716210629e-01 3.186271809333691141e-01 6.448520300078046663e-01
2.503288272650073809e-01 3.195732208162696542e-01 6.438577508503092739e-01
2.503038513839071499e-01 3.190024177297003383e-01 6.450065855078560562e-01
2.503282471092988515e-01 3.195515779373254150e-01 6.443483576677516700e-01
2.503158258970429317e-01 3.192674984640037072e-01 6.447635618819048675e-01
2.503298551027929864e-01 3.195895813832896337e-01 6.447309558707131627e-01
2.503106085882933485e-01 3.191449548362247368e-01 6.439165989468599305e-01
2.503233331702825470e-01 3.194392138396752734e-01 6.448706121129255120e-01
2.503278155024171725e-01 3.195421597261066671e-01 6.445594232183288197e-01
2.503245210161982315e-01 3.194646779986748952e-01 6.447105067939318257e-01
2.503268007083749858e-01 3.195182523418333975e-01 6.446224869347907394e-01
2.503254843840676536e-01 3.194872921689714262e-01 6.446745423524631313e-01
2.503269961818486156e-01 3.195230961077933918e-01 6.446243660843279377e-01
2.503258694473029511e-01 3.194961181495274416e-01 6.446499814064402534e-01
2.503268675815578104e-01 3.195201724074106520e-01 6.446469277406854381e-01
2.503258967431182813e-01 3.194964152077746089e-01 6.446073672222618622e-01
2.503268201263735837e-01 3.195192869825543291e-01 6.446750393265492374e-01
2.503265606971552537e-01 3.195126188637271158e-01 6.446260987512411056e-01
2.503264679926037739e-01 3.195103962974293887e-01 6.446399105690427955e-01
2.503266752502024128e-01 3.195154357781270216e-01 6.446320983467563881e-01
2.503264316106922349e-01 3.195095005663682319e-01 6.446380806271295727e-01
2.503267190194635172e-01 3.195165180617007272e-01 6.446326622483115054e-01
2.503264770775494585e-01 3.195105996489449041e-01 6.446360918174777188e-01
2.503266624550350983e-01 3.195151358392591123e-01 6.446342738143914231e-01
2.503265467780294573e-01 3.195122968339202396e-01 6.446340651802743293e-01
2.503266462595493125e-01 3.195147417553648728e-01 6.446358759470767197e-01
2.503265534229241474e-01 3.195124562511031385e-01 6.446312555178289605e-01
2.503266454638424787e-01 3.195147306385154318e-01 6.446391089224626780e-01
2.503266007258561632e-01 3.195136215589146067e-01 6.446313126935708793e-01
2.503265904633082961e-01 3.195133699230546798e-01 6.446356230470937643e-01
2.503266383985813248e-01 3.195145484252244761e-01 6.446335042813525762e-01
2.503265747897320259e-01 3.195129834914708367e-01 6.446345255947342201e-01
2.503266352397616190e-01 3.195144714889660564e-01 6.446342429856598555e-01
2.503265952417264018e-01 3.195134857694170161e-01 6.446340017951882606e-01
2.503266214388082944e-01 3.195141312472309925e-01 6.446344832070050046e-01
2.503266036144370932e-01 3.195136918260501613e-01 6.446337931187114956e-01
2.503266183949922064e-01 3.195140564469587385e-01 6.446347389930402461e-01
2.503266073409623482e-01 3.195137838193022328e-01 6.446335160094044392e-01
2.503266131102268588e-01 3.195139263352884673e-01 6.446347828779642741e-01
2.503266148778358624e-01 3.195139696507902638e-01 6.446338138226704872e-01
2.503266069733486310e-01 3.195137747638850390e-01 6.446343781440214693e-01
2.503266196422138101e-01 3.195140872228054985e-01 6.446341268417695725e-01
2.503266060108188529e-01 3.195137510165795836e-01 6.446341292327939509e-01
2.503266165591990222e-01 3.195140111556872276e-01 6.446342803929069332e-01
2.503266102991857367e-01 3.195138566876889463e-01 6.446340686679247201e-01
2.503266140050272037e-01 3.195139481248952529e-01 6.446343030212265957e-01
2.503266119507585041e-01 3.195138974354319039e-01 6.446340504425989160e-01
2.503266127887925907e-01 3.195139181307936060e-01 6.446343027555806460e-01
2.503266131109587178e-01 3.195139260666130521e-01 6.446340875601287435e-01
2.503266119226049136e-01 3.195138967453141632e-01 6.446342382286837092e-01
2.503266138116778672e-01 3.195139433529670669e-01 6.446341509592369290e-01
2.503266113835533879e-01 3.195138834422358576e-01 6.446341836905238321e-01
2.503266140492039771e-01 3.195139492227368483e-01 6.446341987284285313e-01
2.503266118127718265e-01 3.195138940319298682e-01 6.446341495670090405e-01
2.503266132408518696e-01 3.195139292692942279e-01 6.446342120168444545e-01
2.503266125343929227e-01 3.195139118340056261e-01 6.446341485242885749e-01
2.503266127554756859e-01 3.195139172908622593e-01 6.446342085341469907e-01
2.503266128814267133e-01 3.195139203983846099e-01 6.446341571955727101e-01
2.503266125460158475e-01 3.195139121208852018e-01 6.446341944213633823e-01
2.503266129889103464e-01 3.195139230499191574e-01 6.446341723615451880e-01
2.503266124997208797e-01 3.195139109774704500e-01 6.446341818566980741e-01
2.503266130150655355e-01 3.195139236957056927e-01 6.446341822805474742e-01
2.503266125226684680e-01 3.195139115440671085e-01 6.446341738436358604e-01
2.503266129188806977e-01 3.195139213220662966e-01 6.446341874332449651e-01
2.503266126715976148e-01 3.195139152190766829e-01 6.446341721767354649e-01
2.503266127782834416e-01 3.195139178518432432e-01 6.446341867608551546e-01
2.503266127832093901e-01 3.195139179723735512e-01 6.446341748298982655e-01
2.503266127087120929e-01 3.195139161341975509e-01 6.446341781839500795e-01
2.503266127701554988e-01 3.195139176510981005e-01 6.446341824234025353e-01
2.503266127752001302e-01 3.195139177757651550e-01 6.446341827719523909e-01
2.503266127751281878e-01 3.195139177738615111e-01 6.446341827666015600e-01
2.503266127750629066e-01 3.195139177721864066e-01 6.446341827619972431e-01
2.503266127626179727e-01 3.195139174650726832e-01 6.446341820765270070e-01
2.530727415391778035e-01 3.490658503988658956e-01 7.500000000000000000e-01
4.723151474426753871e-02 -1.745329251994315878e-01 1.499999999999903411e+00
4.141131881851833896e-14 -1.745329251992165376e-01 3.257957103394753529e-01
2.043252893358071809e-01 -1.745329251994318098e-01 7.176235573025803172e-01
2.417127407036429032e-01 2.334633457807699930e-01 5.355108650827220540e-01
2.495022470311274443e-01 3.211733008092497177e-01 5.705555002302296064e-01
2.488094057411799342e-01 3.934610352328672400e-01 8.383724823682293659e-01
2.503733818265956312e-01 3.205835013058656591e-01 6.554266036020387487e-01
2.499340238785697499e-01 3.126263119569798188e-01 6.392134106679450145e-01
2.502356715167988188e-01 3.182258300719176258e-01 6.356136121925577420e-01
2.501903063681207851e-01 3.168179204815930738e-01 6.431336889174452676e-01
2.502964348070159661e-01 3.190083879950809664e-01 6.412019845847649613e-01
2.502760996681508421e-01 3.185050324020994861e-01 6.434819381106350322e-01
2.503188933094910307e-01 3.194397009446867663e-01 6.424305854331063825e-01
2.502971540308034926e-01 3.189467871640144225e-01 6.436458160938094419e-01
2.503191268739671793e-01 3.194366785418596977e-01 6.428427051724888708e-01
2.503115054519434723e-01 3.192646478176058289e-01 6.435488820938279897e-01
2.503095828423798630e-01 3.192151424808486460e-01 6.427146366785962961e-01
2.503290017035115778e-01 3.196714787693532567e-01 6.437164634837100330e-01
2.503113415202796177e-01 3.192564793285686542e-01 6.432041107926612655e-01
2.503187740780203896e-01 3.194281954485690411e-01 6.431158543931757565e-01
2.503152911396901992e-01 3.193471606276304664e-01 6.433107234306406630e-01
2.503188187734352588e-01 3.194291062751253851e-01 6.431517145072861430e-01
2.503170170463724920e-01 3.193871391400702753e-01 6.432878519767384340e-01
2.503184805566407434e-01 3.194211312472523545e-01 6.431879514361896755e-01
2.503180675209262240e-01 3.194117298543613925e-01 6.432715193721725289e-01
2.503182133385797314e-01 3.194147478849921895e-01 6.431906544774464995e-01
2.503189988011930711e-01 3.194339358479186264e-01 6.432760046721963665e-01
2.503173804023581805e-01 3.193948767892645924e-01 6.431939510180129105e-01
2.503193130888166085e-01 3.194413651848086455e-01 6.432360002878342309e-01
2.503180862614723390e-01 3.194118134227060257e-01 6.432381041152416268e-01
2.503188070999506909e-01 3.194290925430900430e-01 6.432136872323159782e-01
2.503184802947742149e-01 3.194212735678348958e-01 6.432420680875144958e-01
2.503186505375830095e-01 3.194253209315746078e-01 6.432160705882693508e-01
2.503186364927477148e-01 3.194250172959582357e-01 6.432363840108699105e-01
2.503186010498058001e-01 3.194241285218826221e-01 6.432197096315033225e-01
2.503187115453442413e-01 3.194268281821627808e-01 6.432335287285356751e-01
2.503185570822736294e-01 3.194230650333521049e-01 6.432211095030115899e-01
2.503187837783020231e-01 3.194285829363818219e-01 6.432315585241756839e-01
2.503185192983931606e-01 3.194221515428727343e-01 6.432243025183995710e-01
2.503187833216412028e-01 3.194285704740126297e-01 6.432263353023490726e-01
2.503185857043052631e-01 3.194237666024093980e-01 6.432295415656055226e-01
2.503187021779355592e-01 3.194265950169433155e-01 6.432230074297232703e-01
2.503186689900268047e-01 3.194257904455846120e-01 6.432300301455513569e-01
2.503186558780726712e-01 3.194254671822941982e-01 6.432242576995990113e-01
2.503186948696350944e-01 3.194264181956318893e-01 6.432283440176629341e-01
2.503186483524744710e-01 3.194252837765017006e-01 6.432254583062950726e-01
2.503187001043310489e-01 3.194265454932472270e-01 6.432274326585002422e-01
2.503186487677009908e-01 3.194252940176429134e-01 6.432261854587814076e-01
2.503186977854744422e-01 3.194264890290722803e-01 6.432267187479782100e-01
2.503186565619879844e-01 3.194254840329232015e-01 6.432268676878258873e-01
2.503186880690511651e-01 3.194262521242492436e-01 6.432260867719431507e-01
2.503186694466238982e-01 3.194257982550303687e-01 6.432273673328166019e-01
2.503186751715119063e-01 3.194259376557202490e-01 6.432258577846543535e-01
2.503186810235915050e-01 3.194260805033741213e-01 6.432272204803494153e-01
2.503186690227927613e-01 3.194257875728750418e-01 6.432262312194190201e-01
2.503186832260612116e-01 3.194261340878836730e-01 6.432268310271838097e-01
2.503186696231897157e-01 3.194258021823979110e-01 6.432265280953163300e-01
2.503186815280880051e-01 3.194260926378935106e-01 6.432266124683357900e-01
2.503186721981033869e-01 3.194258649869831101e-01 6.432266813269108541e-01
2.503186789608189966e-01 3.194260299865177011e-01 6.432265082704397008e-01
2.503186747594227657e-01 3.194259274768068702e-01 6.432267501141907262e-01
2.503186766888977344e-01 3.194259745513997606e-01 6.432264669897664877e-01
2.503186769509133658e-01 3.194259809587988164e-01 6.432267583870128203e-01
2.503186749519390464e-01 3.194259321658928230e-01 6.432265000755793549e-01
2.503186780676532330e-01 3.194260082052398086e-01 6.432266898074328054e-01
2.503186746329144619e-01 3.194259243738961085e-01 6.432265797045119138e-01
2.503186778224456566e-01 3.194260022153352363e-01 6.432266187350639264e-01
2.503186752775625190e-01 3.194259401029707623e-01 6.432266321177053658e-01
2.503186770509314152e-01 3.194259833820304317e-01 6.432265865581571207e-01
2.503186760206095318e-01 3.194259582348442095e-01 6.432266476725335691e-01
2.503186764568939848e-01 3.194259688819279241e-01 6.432265818230098464e-01
2.503186764945343201e-01 3.194259698012619220e-01 6.432266456439239555e-01
2.503186761093931789e-01 3.194259604002831487e-01 6.432265891666920643e-01
2.503186767332072349e-01 3.194259756264360428e-01 6.432266337190721828e-01
2.503186759974915798e-01 3.194259576687432656e-01 6.432266038689187226e-01
2.503186767376135435e-01 3.194259757337021277e-01 6.432266185793843460e-01
2.503186760897753715e-01 3.194259599209393619e-01 6.432266172671806670e-01
2.503186765808986802e-01 3.194259719082757076e-01 6.432266085017237511e-01
2.503186762761611672e-01 3.194259644698905221e-01 6.432266231453132033e-01
2.503186763892693012e-01 3.194259672307955822e-01 6.432266261216889047e-01
2.503186763965254413e-01 3.194259674068966048e-01 6.432266183122038461e-01
2.503186763963717865e-01 3.194259674032460805e-01 6.432266184085210226e-01
2.503186763964037609e-01 3.194259674040300090e-01 6.432266183879390420e-01
2.503186763964160844e-01 3.194259674042116970e-01 6.432266183845852803e-01
2.503186763964302397e-01 3.194259674045500375e-01 6.432266183755318556e-01
2.503186763964493911e-01 3.194259674049699793e-01 6.432266183648294167e-01
2.503186763964819761e-01 3.194259674055613396e-01 6.432266183516880398e-01
2.503186763965264960e-01 3.194259674063194554e-01 6.432266183357694400e-01
2.503186763980871365e-01 3.194259674446204289e-01 6.432266172989296038e-01
2.503186763977616747e-01 3.194259674368528645e-01 6.432266175049821122e-01
2.503186763977696683e-01 3.194259674369180901e-01 6.432266175049548007e-01
2.503186763943895388e-01 3.194259673544074807e-01 6.432266172830350959e-01
