-2.617993877991494078e-01 -1.221730476396030718e-01 5.000000000000000000e-01
-2.933413632253220049e-01 -3.490658503978429916e-01 0.000000000000000000e+00
-2.819545460661882497e-01 -3.490658503988658956e-01 7.231154152027852167e-16
-2.916102395243840295e-01 -3.490658503988658956e-01 2.768100113552054639e-02
-2.823122697525442537e-01 -3.490658503988650629e-01 3.755303023251820305e-01
-2.833891755385891109e-01 -3.490658503987114081e-01 4.350686477749832193e-13
-2.818322887842509838e-01 -3.490658503988658956e-01 1.053775280379500717e-01
-2.814579547106944024e-01 -3.490658503988656736e-01 2.319149256929786684e-01
-2.811262837908372059e-01 -3.490658503988657846e-01 1.194807808012308681e-01
-2.803745552519610884e-01 -3.490658503988658956e-01 2.423955904813749895e-01
-2.787260026452768602e-01 -3.353040524235058051e-01 6.574124453780709476e-02
-2.781046593124668620e-01 -3.106523051892380871e-01 1.993232184923640071e-01
-2.788328827595062398e-01 -3.032304371107910068e-01 1.086827933049721584e-01
-2.784071418800834752e-01 -3.097617427613476582e-01 1.975465292818051333e-01
-2.782847118441551526e-01 -3.078119543087591281e-01 1.654805635680914044e-01
-2.787693683170846537e-01 -3.082697543070468393e-01 1.695444770061172723e-01
-2.784321228693126815e-01 -3.075848320354433452e-01 1.665320121362875994e-01
-2.796990680884144931e-01 -3.205677360819093047e-01 1.626066683578045180e-01
-2.783880422183204750e-01 -3.081112596786689251e-01 1.732953021754182754e-01
-2.783279813829350746e-01 -3.078415848151362377e-01 1.664087050535874857e-01
-2.783843898065792577e-01 -3.075415533875122120e-01 1.689095180087527848e-01
-2.784026676112523746e-01 -3.075177825780914254e-01 1.674519911204530032e-01
-2.784324069487740805e-01 -3.076477459230098077e-01 1.669630521409743718e-01
-2.785282875212285458e-01 -3.087098206117276367e-01 1.657916300374848995e-01
-2.784290073263611109e-01 -3.078116488954132923e-01 1.674680083810272668e-01
-2.784193264291914272e-01 -3.076183721520500680e-01 1.667448869686957158e-01
-2.784214833046252946e-01 -3.076075273563438350e-01 1.668237532003624402e-01
-2.784227139281110763e-01 -3.076044006595117786e-01 1.668598840206860778e-01
-2.784243895492687360e-01 -3.076111068770331358e-01 1.668809298933223717e-01
-2.784260194170117275e-01 -3.076236759625018413e-01 1.669378451637061889e-01
-2.784240398373487024e-01 -3.076127764804831299e-01 1.669264334760658663e-01
-2.784237723132840236e-01 -3.076122653581796484e-01 1.669242362067328289e-01
-2.784237580821649627e-01 -3.076111535756732018e-01 1.669167912350009164e-01
-2.784236413168480473e-01 -3.076114068184486183e-01 1.669170790414616079e-01
-2.784237336064382951e-01 -3.076108178936102222e-01 1.669134869965678003e-01
-2.784236443805162553e-01 -3.076110024365251716e-01 1.669135667326362704e-01
-2.784237183063658083e-01 -3.076107084773337386e-01 1.669117754140416465e-01
-2.784236874513528193e-01 -3.076107399381340368e-01 1.669111197832036375e-01
-2.784237073457776490e-01 -3.076106713534535464e-01 1.669104329073871351e-01
-2.784236976058020452e-01 -3.076106779895516063e-01 1.669098864167285201e-01
-2.784237077281660477e-01 -3.076106515765595906e-01 1.669095383521557729e-01
-2.784237031021414288e-01 -3.076106579522621121e-01 1.669091252705359463e-01
-2.784237109522688658e-01 -3.076106434459219274e-01 1.669089520320928832e-01
-2.784237073842446009e-01 -3.076106524096277051e-01 1.669085853420895216e-01
-2.784237142693155032e-01 -3.076106419461594466e-01 1.669085453523637685e-01
-2.784237120869491600e-01 -3.076106514253515445e-01 1.669081747206681010e-01
-2.784237171573759051e-01 -3.076106439594068487e-01 1.669082185526220286e-01
-2.784237181382161475e-01 -3.076106497023139430e-01 1.669079073768033050e-01
-2.784237209033876836e-01 -3.076106457641032410e-01 1.669079530331619432e-01
-2.784237235013818923e-01 -3.076106466505559300e-01 1.669078129080431849e-01
-2.784237250025831667e-01 -3.076106446347569578e-01 1.669078423013146961e-01
-2.784237264162563452e-01 -3.076106433870298140e-01 1.669078480445644608e-01
-2.784237269992988484e-01 -3.076106420646119721e-01 1.669078882668577068e-01
-2.784237272673190655e-01 -3.076106410748254416e-01 1.669079276006968371e-01
-2.784237272555332154e-01 -3.076106403734379380e-01 1.669079652637929512e-01
-2.784237271275641912e-01 -3.076106399138655023e-01 1.669079971638764703e-01
-2.784237269433153528e-01 -3.076106396330236525e-01 1.669080233883241116e-01
-2.784237267506834979e-01 -3.076106394742245120e-01 1.669080444735324964e-01
-2.784237265646111181e-01 -3.076106393980859166e-01 1.669080613898598353e-01
-2.784237263952150099e-01 -3.076106393752959245e-01 1.669080749580280632e-01
-2.784237262433157389e-01 -3.076106393873334621e-01 1.669080858952297075e-01
-2.784237261089386184e-01 -3.076106394210355033e-01 1.669080947537197601e-01
-2.784237259902399009e-01 -3.076106394681476508e-01 1.669081019614986894e-01
-2.784237258849011631e-01 -3.076106395231803514e-01 1.669081078265405027e-01
-2.784237257939264354e-01 -3.076106395805376925e-01 1.669081127137743426e-01
-2.784237257085788175e-01 -3.076106396419041600e-01 1.669081165032813285e-01
-2.784237256408901851e-01 -3.076106396982356550e-01 1.669081201198727160e-01
-2.784237255650062748e-01 -3.076106397601944820e-01 1.669081218317147175e-01
-2.784237255248215859e-01 -3.076106398098676364e-01 1.669081264419139399e-01
-2.784237254600276379e-01 -3.076106398663423502e-01 1.669081249544110135e-01
-2.784237254328206790e-01 -3.076106399320507334e-01 1.669081343998658762e-01
-2.784237253930942346e-01 -3.076106399237512612e-01 1.669081256540929370e-01
-2.784237253825048719e-01 -3.076106399225690402e-01 1.669081223339450581e-01
-2.784237252460312617e-01 -3.076106400998744883e-01 1.669081306633269923e-01
-2.784237252390397432e-01 -3.076106401015474834e-01 1.669081302756907081e-01
-2.784237252212423686e-01 -3.076106401298664972e-01 1.669081332017087194e-01
-2.784237252693646525e-01 -3.076106400575595035e-01 1.669081279644924476e-01
-2.784237252598149581e-01 -3.076106400717520950e-01 1.669081297086948412e-01
-2.784237252893531078e-01 -3.076106400324276069e-01 1.669081262805942323e-01
-2.784237252894138925e-01 -3.076106400323871948e-01 1.669081262914755837e-01
-2.784237252726159406e-01 -3.076106400436001143e-01 1.669081232877623888e-01
-2.784237252725670353e-01 -3.076106400434853172e-01 1.669081232221277244e-01
-2.784237252725167977e-01 -3.076106400435344446e-01 1.669081232194019604e-01
-2.617993877991494078e-01 -1.221730476396030718e-01 5.000000000000000000e-01
-3.076940726235715129e-01 -3.490658503782676503e-01 1.995625886763718881e-13
-2.840345467185687589e-01 -3.490658503988642858e-01 0.000000000000000000e+00
-2.896363370058587239e-01 -3.490658503988658956e-01 1.349004079229313424e-01
-2.855521420679242306e-01 -3.490658503988608996e-01 3.752183716540963276e-01
-2.829640637243472923e-01 -3.490658503988638972e-01 1.600682278617266141e-01
-2.826038969760817920e-01 -3.490658503988658401e-01 1.360173878483570409e-01
-2.817547705648685841e-01 -3.490658503988658956e-01 3.168249112894035990e-01
-2.813204079237069388e-01 -3.490658503988658956e-01 9.056853743360243625e-02
-2.795720509570394641e-01 -3.100757269952048034e-01 1.840502834035749324e-01
-2.797686809197810764e-01 -3.043882294293474566e-01 3.646089044443202865e-02
-2.805571936182466031e-01 -3.094376529672038245e-01 1.813051577391878721e-01
-2.796606335428597490e-01 -3.105878731692360839e-01 1.794163352050984761e-01
-2.801342893909578580e-01 -3.090671820276312820e-01 1.658442635271306365e-01
-2.798944239880842844e-01 -3.091901428234805072e-01 1.633230602079156490e-01
-2.799832864849572944e-01 -3.090612066043106898e-01 1.697743082901168876e-01
-2.799842044709074385e-01 -3.090127956210363958e-01 1.634425206901004568e-01
-2.799215924463001604e-01 -3.090823935166646663e-01 1.675935818436774805e-01
-2.799823119133793559e-01 -3.090012848556040748e-01 1.659152364676242941e-01
-2.799450000660800852e-01 -3.090406522108868903e-01 1.659621680749510386e-01
-2.799650771457122267e-01 -3.090180810587550564e-01 1.665282770363553932e-01
-2.799561450195629519e-01 -3.090264385744918574e-01 1.657363568376634677e-01
-2.799566931373022594e-01 -3.090258052136745648e-01 1.665054808538113107e-01
-2.799621911704014421e-01 -3.090195308224404358e-01 1.658903772911309860e-01
-2.799539154281850961e-01 -3.090283930998551920e-01 1.662807763147133577e-01
-2.799616590709366748e-01 -3.090199206897565887e-01 1.661194032076619975e-01
-2.799561726105584403e-01 -3.090257486289183508e-01 1.661185283733685458e-01
-2.799595427182085539e-01 -3.090221549768331077e-01 1.662025721456118765e-01
-2.799577642965929147e-01 -3.090240488321798762e-01 1.660820192592171451e-01
-2.799583836766804112e-01 -3.090233915428340916e-01 1.662104266521806650e-01
-2.799586924931639631e-01 -3.090230714468154005e-01 1.660926332799014526e-01
-2.799577513836744025e-01 -3.090240654929569675e-01 1.661881100917174670e-01
-2.799590691621770544e-01 -3.090226855823979824e-01 1.661210509570109628e-01
-2.799576892786856397e-01 -3.090241396390343565e-01 1.661581525796101411e-01
-2.799588791416443567e-01 -3.090228939162633082e-01 1.661480425336259170e-01
-2.799580205821819434e-01 -3.090237918532716122e-01 1.661389161070619125e-01
-2.799585662494286087e-01 -3.090232245751358686e-01 1.661590938901237879e-01
-2.799582815349630494e-01 -3.090235244153559102e-01 1.661337529871569352e-01
-2.799583663569095160e-01 -3.090234389592188546e-01 1.661602925694861399e-01
-2.799584397119432300e-01 -3.090233647740903700e-01 1.661356224481910504e-01
-2.799582559776694901e-01 -3.090235571442297990e-01 1.661563533498864875e-01
-2.799585123997945790e-01 -3.090232926085202392e-01 1.661407126498793130e-01
-2.799582236166029969e-01 -3.090235933623479703e-01 1.661508174647732816e-01
-2.799585060041260842e-01 -3.090233019534463499e-01 1.661463154079177162e-01
-2.799582713139173729e-01 -3.090235454169590890e-01 1.661458319394709671e-01
-2.799584349384522941e-01 -3.090233764005942407e-01 1.661499263508403323e-01
-2.799583452356118052e-01 -3.090234693888227469e-01 1.661438780717272024e-01
-2.799583739649517677e-01 -3.090234400114163504e-01 1.661504917049834162e-01
-2.799583903985298217e-01 -3.090234232547876547e-01 1.661443235082404879e-01
-2.799583455201833937e-01 -3.090234698008406666e-01 1.661494185857230188e-01
-2.799584054477298189e-01 -3.090234080706653619e-01 1.661456675215245704e-01
-2.799583408206730573e-01 -3.090234749456138297e-01 1.661480769503461408e-01
-2.799584031899038927e-01 -3.090234107344129177e-01 1.661468939868570027e-01
-2.799583491057641704e-01 -3.090234666604291802e-01 1.661470163340632300e-01
-2.799583903979052102e-01 -3.090234241529562498e-01 1.661477316369231738e-01
-2.799583643988573511e-01 -3.090234510213127894e-01 1.661464652772259576e-01
-2.799583756508583487e-01 -3.090234394682325747e-01 1.661479846228011426e-01
-2.799583766770591398e-01 -3.090234384463754203e-01 1.661464730368400755e-01
-2.799583670705351746e-01 -3.090234483824709222e-01 1.661477796914630489e-01
-2.799583814338657550e-01 -3.090234335931853482e-01 1.661467954988259110e-01
-2.799583656437500401e-01 -3.090234498867510671e-01 1.661474276940410888e-01
-2.799583806299255073e-01 -3.090234344563767555e-01 1.661471151545025615e-01
-2.799583678333920633e-01 -3.090234476605290270e-01 1.661471673640658175e-01
-2.799583776715129368e-01 -3.090234375351436635e-01 1.661473101781442141e-01
-2.799583711609709424e-01 -3.090234442537498349e-01 1.661470389947461157e-01
-2.799583744284367404e-01 -3.090234408949669165e-01 1.661473752640178492e-01
-2.799583739885557754e-01 -3.090234413543959668e-01 1.661470285011333869e-01
-2.799583722626022286e-01 -3.090234431386028602e-01 1.661473427627730981e-01
-2.799583753878024384e-01 -3.090234399224329187e-01 1.661470918361898641e-01
-2.799583716550917978e-01 -3.090234437711572024e-01 1.661472633348715644e-01
-2.799583753389236485e-01 -3.090234399778682417e-01 1.661471716549686173e-01
-2.799583721506327394e-01 -3.090234432644936025e-01 1.661471951246920875e-01
-2.799583746101454995e-01 -3.090234407322999255e-01 1.661472228037962351e-01
-2.799583729625413353e-01 -3.090234424309664107e-01 1.661471619936430444e-01
-2.799583738321749782e-01 -3.090234415362925757e-01 1.661472394877788195e-01
-2.799583736307453830e-01 -3.090234417446240944e-01 1.661471587651356940e-01
-2.799583733188416579e-01 -3.090234420668003801e-01 1.661472328039914903e-01
-2.799583739768842783e-01 -3.090234413895767140e-01 1.661471721385144873e-01
-2.799583731394036934e-01 -3.090234422527770031e-01 1.661472157287325613e-01
-2.799583740076501681e-01 -3.090234413587754081e-01 1.661471901205063550e-01
-2.799583732560282368e-01 -3.090234421314335678e-01 1.661471989117316306e-01
-2.799583738727793314e-01 -3.090234414989724843e-01 1.661472024382083801e-01
-2.799583734143175628e-01 -3.090234419699676716e-01 1.661471906357277206e-01
-2.799583736870811523e-01 -3.090234416886182833e-01 1.661472062814914052e-01
-2.799583736060067274e-01 -3.090234417724791460e-01 1.661471927631947565e-01
-2.799583735114316019e-01 -3.090234418695458340e-01 1.661471961739958425e-01
-2.799583735942705043e-01 -3.090234417846384751e-01 1.661471931877190333e-01
-2.799583735062268763e-01 -3.090234418751470202e-01 1.661471963635915428e-01
-2.799583736116821320e-01 -3.090234417667307998e-01 1.661471925611420764e-01
-2.799583734591646889e-01 -3.090234419235892149e-01 1.661471980626707534e-01
-2.799583736230626396e-01 -3.090234417548387014e-01 1.661471921517335415e-01
-2.799583736230855657e-01 -3.090234417547866319e-01 1.661471921500094207e-01
-2.799583736230877307e-01 -3.090234417547430557e-01 1.661471921495012438e-01
-2.799583736230937814e-01 -3.090234417547479406e-01 1.661471921492859438e-01
-2.799583736230927822e-01 -3.090234417547291779e-01 1.661471921492594372e-01
-2.799583735919455862e-01 -3.090234417868861216e-01 1.661471935498035346e-01
-2.799583735918964034e-01 -3.090234417863769734e-01 1.661471935510481779e-01
-2.799583735918608762e-01 -3.090234417860073246e-01 1.661471935527244204e-01
-2.799583735918279026e-01 -3.090234417856631555e-01 1.661471935546345591e-01
-2.799583735917732241e-01 -3.090234417850953319e-01 1.661471935568747393e-01
-2.799583735917255956e-01 -3.090234417845995618e-01 1.661471935593918647e-01
-2.799583735916656990e-01 -3.090234417839763381e-01 1.661471935622713947e-01
-2.799583735916051919e-01 -3.090234417833461755e-01 1.661471935655157994e-01
-2.799583735915930349e-01 -3.090234417832132818e-01 1.661471935688285662e-01
-2.799583735915131544e-01 -3.090234417823823354e-01 1.661471935725677695e-01
-2.799583735927680950e-01 -3.090234417877372741e-01 1.661471984148222281e-01
-2.799584710686462419e-01 -3.090244457046052995e-01 1.661469257812658307e-01
-2.617993877991494078e-01 -1.221730476396030718e-01 5.000000000000000000e-01
-2.436786551450837723e-01 -3.490658503988658956e-01 1.000000000000000000e+00
-2.864514994686526705e-01 -3.490658503988658956e-01 9.999999999999901190e-01
-2.427225117198359983e-01 -3.490658503988658401e-01 1.000000000000000000e+00
-3.792389663137945011e-01 -3.490658503988658956e-01 9.999999999999431566e-01
-2.777967485154261285e-01 -3.490658503988658956e-01 1.193888218339594909e-01
-2.769549203083683242e-01 -3.490658503980671457e-01 8.235522398393511079e-01
-2.825715022665106213e-01 -3.490658503988274264e-01 1.230533354209901731e-01
-2.796129866844249134e-01 -3.490658503988658956e-01 2.877556030431906997e-01
-2.850871233542947025e-01 -3.456885591542017133e-01 1.307205512469760966e-01
-2.806202583988445798e-01 -3.327465190607771794e-01 1.665334536937734811e-16
-2.782977565155843602e-01 -3.072217656811238040e-01 1.649842205391409133e-01
-2.762633524732849288e-01 -3.145517139008479068e-01 3.044532780383775172e-01
-2.783350875749015518e-01 -3.076758177701034436e-01 1.619645707754421293e-01
-2.807289580750729208e-01 -3.353136039652831468e-01 1.602382261935561825e-01
-2.777681177221906772e-01 -3.064593705359291431e-01 1.720456423519385047e-01
-2.781643734315763505e-01 -3.070174420886707112e-01 1.769437919662519287e-01
-2.781544098186777281e-01 -3.070792731712910228e-01 1.643875582844567806e-01
-2.789606635547516866e-01 -3.157233409011990233e-01 1.625812197951665428e-01
-2.784657235667821751e-01 -3.081791871957269557e-01 1.646087523998668312e-01
-2.782582096334977884e-01 -3.071360649650633490e-01 1.659687165376977080e-01
-2.782107465943280400e-01 -3.071521797206338555e-01 1.649621531372227057e-01
-2.785141591286030005e-01 -3.102851136440775148e-01 1.649974927799834901e-01
-2.782211290307413654e-01 -3.077414407651243855e-01 1.627617993814034492e-01
-2.781574357664488573e-01 -3.072251879256158169e-01 1.651687058180915380e-01
-2.781924034611832353e-01 -3.072051355488268909e-01 1.638192921480359776e-01
-2.781968599686067134e-01 -3.072208290902307404e-01 1.645836282613793167e-01
-2.782104654572822300e-01 -3.072843725298978756e-01 1.646505988366632478e-01
-2.782707705107746454e-01 -3.080011093719627335e-01 1.649151470841489220e-01
-2.782112930351633429e-01 -3.073449265816071696e-01 1.642291060163920124e-01
-2.782065984293407568e-01 -3.072757877591548170e-01 1.647120938014215441e-01
-2.782073987109226487e-01 -3.072734266441512485e-01 1.646929785898867682e-01
-2.782078908262922701e-01 -3.072726095133976321e-01 1.646813977659098704e-01
-2.782084032153518405e-01 -3.072744733842075471e-01 1.646739936519787117e-01
-2.782107569945169168e-01 -3.073010893939677746e-01 1.646774453898690038e-01
-2.782094843661323535e-01 -3.072816927546900279e-01 1.646429089662275469e-01
-2.782092825199762864e-01 -3.072777158337542946e-01 1.646650693020345613e-01
-2.782088014869918968e-01 -3.072757216452061124e-01 1.646616615219577973e-01
-2.782087235481182086e-01 -3.072755821407952559e-01 1.646682521791414111e-01
-2.782086612567294392e-01 -3.072757044580227137e-01 1.646695316984337076e-01
-2.782094154279545761e-01 -3.072832611309134210e-01 1.646688483066370556e-01
-2.782086138124314489e-01 -3.072768626845132078e-01 1.646676970421439012e-01
-2.782085373095334879e-01 -3.072757221396422711e-01 1.646732182015939461e-01
-2.782085744447686526e-01 -3.072755945266954503e-01 1.646697522206406750e-01
-2.782086136777803809e-01 -3.072756938315714392e-01 1.646703852903611542e-01
-2.782086506029395334e-01 -3.072758710404659421e-01 1.646699537253333012e-01
-2.782088235538223153e-01 -3.072776681654934561e-01 1.646683798929663989e-01
-2.617993877991494078e-01 -1.221730476396030718e-01 5.000000000000000000e-01
-2.436786551450837723e-01 -3.490658503988658956e-01 1.000000000000000000e+00
-2.864514994686526705e-01 -3.490658503988658956e-01 9.999999999999901190e-01
-2.427225117198359983e-01 -3.490658503988658401e-01 1.000000000000000000e+00
-3.792389663137945011e-01 -3.490658503988658956e-01 9.999999999999431566e-01
-2.777967485154261285e-01 -3.490658503988658956e-01 1.193888218339594909e-01
-2.769549203083683242e-01 -3.490658503980671457e-01 8.235522398393511079e-01
-2.825715022665106213e-01 -3.490658503988274264e-01 1.230533354209901731e-01
-2.796129866844249134e-01 -3.490658503988658956e-01 2.877556030431906997e-01
-2.850871233542947025e-01 -3.456885591542017133e-01 1.307205512469760966e-01
-2.806202583988445798e-01 -3.327465190607771794e-01 1.665334536937734811e-16
-2.782977565155843602e-01 -3.072217656811238040e-01 1.649842205391409133e-01
-2.762633524732849288e-01 -3.145517139008479068e-01 3.044532780383775172e-01
-2.783350875749015518e-01 -3.076758177701034436e-01 1.619645707754421293e-01
-2.807289580750729208e-01 -3.353136039652831468e-01 1.602382261935561825e-01
-2.777681177221906772e-01 -3.064593705359291431e-01 1.720456423519385047e-01
-2.781643734315763505e-01 -3.070174420886707112e-01 1.769437919662519287e-01
-2.781544098186777281e-01 -3.070792731712910228e-01 1.643875582844567806e-01
-2.789606635547516866e-01 -3.157233409011990233e-01 1.625812197951665428e-01
-2.784657235667821751e-01 -3.081791871957269557e-01 1.646087523998668312e-01
-2.782582096334977884e-01 -3.071360649650633490e-01 1.659687165376977080e-01
-2.782107465943280400e-01 -3.071521797206338555e-01 1.649621531372227057e-01
-2.785141591286030005e-01 -3.102851136440775148e-01 1.649974927799834901e-01
-2.782211290307413654e-01 -3.077414407651243855e-01 1.627617993814034492e-01
-2.781574357664488573e-01 -3.072251879256158169e-01 1.651687058180915380e-01
-2.781924034611832353e-01 -3.072051355488268909e-01 1.638192921480359776e-01
-2.781968599686067134e-01 -3.072208290902307404e-01 1.645836282613793167e-01
-2.782104654572822300e-01 -3.072843725298978756e-01 1.646505988366632478e-01
-2.782707705107746454e-01 -3.080011093719627335e-01 1.649151470841489220e-01
-2.782112930351633429e-01 -3.073449265816071696e-01 1.642291060163920124e-01
-2.782065984293407568e-01 -3.072757877591548170e-01 1.647120938014215441e-01
-2.782073987109226487e-01 -3.072734266441512485e-01 1.646929785898867682e-01
-2.782078908262922701e-01 -3.072726095133976321e-01 1.646813977659098704e-01
-2.782084032153518405e-01 -3.072744733842075471e-01 1.646739936519787117e-01
-2.782107569945169168e-01 -3.073010893939677746e-01 1.646774453898690038e-01
-2.782094843661323535e-01 -3.072816927546900279e-01 1.646429089662275469e-01
-2.782092825199762864e-01 -3.072777158337542946e-01 1.646650693020345613e-01
-2.782088014869918968e-01 -3.072757216452061124e-01 1.646616615219577973e-01
-2.782087235481182086e-01 -3.072755821407952559e-01 1.646682521791414111e-01
-2.782086612567294392e-01 -3.072757044580227137e-01 1.646695316984337076e-01
-2.782094154279545761e-01 -3.072832611309134210e-01 1.646688483066370556e-01
-2.782086138124314489e-01 -3.072768626845132078e-01 1.646676970421439012e-01
-2.782085373095334879e-01 -3.072757221396422711e-01 1.646732182015939461e-01
-2.782085744447686526e-01 -3.072755945266954503e-01 1.646697522206406750e-01
-2.782086136777803809e-01 -3.072756938315714392e-01 1.646703852903611542e-01
-2.782086506029395334e-01 -3.072758710404659421e-01 1.646699537253333012e-01
-2.782088235538223153e-01 -3.072776681654934561e-01 1.646683798929663989e-01
-2.617993877991494078e-01 -1.221730476396030718e-01 5.000000000000000000e-01
-2.438240927790550905e-01 -3.490658503988658956e-01 1.000000000000000000e+00
-2.864750712687250123e-01 -3.490658503988658401e-01 1.000000000000000000e+00
-2.428589936816698824e-01 -3.490658503988658401e-01 1.000000000000000000e+00
-3.626706041232056199e-01 -3.490658503988658956e-01 9.999999999998960831e-01
-2.773176433053515799e-01 -3.490658503987919548e-01 1.144592376522209909e-01
-2.764806989078910648e-01 -3.490658503983140593e-01 8.587230033547782471e-01
-2.825631405293796417e-01 -3.490658503988565142e-01 1.324329666447692511e-01
-2.787505651498199954e-01 -3.490658503988658401e-01 3.097807671896385395e-01
-2.822082936333111247e-01 -3.335532183294891984e-01 1.178917729220995414e-01
-2.775274327871118940e-01 -3.162083176593058487e-01 2.775557561562891351e-17
-2.783930408973074311e-01 -3.076738214460607579e-01 1.670000006174206797e-01
-2.788667195619053407e-01 -3.093312170552736662e-01 1.519773492363551970e-01
-2.778458870736307817e-01 -3.075192313887824547e-01 1.783407454293121364e-01
-2.781879360934373935e-01 -3.071387563194339920e-01 1.663252724631452961e-01
-2.798335594208502530e-01 -3.260386502632076078e-01 1.596428678021830361e-01
-2.785254551088826025e-01 -3.091284963862734880e-01 1.748155264902363226e-01
-2.784957460111976979e-01 -3.082179936968824641e-01 1.606866720903993295e-01
-2.782840931963065922e-01 -3.073592626159844521e-01 1.679086331187627512e-01
-2.782183930543449257e-01 -3.070868868818406039e-01 1.663478986786235403e-01
-2.781998909274592813e-01 -3.072113846034925655e-01 1.665748092299501326e-01
-2.783510225685587036e-01 -3.089683687892630926e-01 1.653031186624993321e-01
-2.782471885269527379e-01 -3.074552770157206183e-01 1.660644219578238656e-01
-2.782042373339041474e-01 -3.071952072356931018e-01 1.658099134744100422e-01
-2.782037665282959260e-01 -3.071933411159276095e-01 1.661785550057241212e-01
-2.782018275907067739e-01 -3.071931680798537512e-01 1.663048174928354606e-01
-2.782202456975457205e-01 -3.073794528540337301e-01 1.662535427964614565e-01
-2.782003281757934876e-01 -3.072230781588945470e-01 1.663970027217015479e-01
-2.782004170633665674e-01 -3.071998350103171682e-01 1.664583183446457504e-01
-2.782000247327502396e-01 -3.071944210522185581e-01 1.663742857361046878e-01
-2.782012172399088157e-01 -3.071979523564862258e-01 1.663640123541594851e-01
-2.782020438307309385e-01 -3.072025927813050172e-01 1.663441696109479728e-01
-2.782025424598275620e-01 -3.072073671950299456e-01 1.663099428906786859e-01
-2.782017400584272382e-01 -3.072009225540789923e-01 1.663400206619273791e-01
-2.782016338334566963e-01 -3.072007581763226414e-01 1.663404585688169623e-01
-2.782016561476196026e-01 -3.072006997543269002e-01 1.663426042129795557e-01
-2.782016213096652479e-01 -3.072006513463264588e-01 1.663429998628212225e-01
-2.782016324452321054e-01 -3.072006505818460353e-01 1.663435111627280527e-01
-2.782016221675657763e-01 -3.072006346270316768e-01 1.663438567916404598e-01
-2.782016259916710310e-01 -3.072006363792789130e-01 1.663440525628316902e-01
-2.782016225334238424e-01 -3.072006312306994613e-01 1.663442753500856408e-01
-2.782016251811057495e-01 -3.072006340387391510e-01 1.663443674282631124e-01
-2.782016238564009036e-01 -3.072006326188741476e-01 1.663445219579735290e-01
-2.782016261900971399e-01 -3.072006357784115571e-01 1.663445556481409349e-01
-2.782016258598614677e-01 -3.072006360773919531e-01 1.663446704810344901e-01
-2.782016278748543625e-01 -3.072006389592363829e-01 1.663446648809468742e-01
-2.782016282882716074e-01 -3.072006403656177831e-01 1.663447437654261007e-01
-2.782016297723730047e-01 -3.072006424623521248e-01 1.663447178945418881e-01
-2.782016306363478408e-01 -3.072006443356969929e-01 1.663447558244083579e-01
-2.782016315499619141e-01 -3.072006455862492103e-01 1.663447276133332153e-01
-2.782016323866364216e-01 -3.072006471411507511e-01 1.663447328345556697e-01
-2.782016328869983957e-01 -3.072006477938633573e-01 1.663447094535919490e-01
-2.782016334349937114e-01 -3.072006487188731483e-01 1.663446998195077797e-01
-2.782016336662639366e-01 -3.072006489797247109e-01 1.663446817879431217e-01
-2.782016339471820587e-01 -3.072006494148549760e-01 1.663446697854416012e-01
-2.782016340140698318e-01 -3.072006494411096411e-01 1.663446568958658056e-01
-2.782016341329017761e-01 -3.072006496059196401e-01 1.663446470460149818e-01
-2.782016341099208812e-01 -3.072006495102199142e-01 1.663446385149502937e-01
-2.782016341553161798e-01 -3.072006495655919545e-01 1.663446313663567155e-01
-2.782016340812066280e-01 -3.072006494016293332e-01 1.663446262838720324e-01
-2.782016341130552628e-01 -3.072006494494619044e-01 1.663446208905016710e-01
-2.782016339966980611e-01 -3.072006492213780748e-01 1.663446188974405104e-01
-2.782016340666776388e-01 -3.072006493507214997e-01 1.663446133494268786e-01
-2.782016338908029351e-01 -3.072006490181480864e-01 1.663446153508587877e-01
-2.782016340898574303e-01 -3.072006493959860141e-01 1.663446046275881551e-01
-2.782016338136101274e-01 -3.072006488746041875e-01 1.663446138260981644e-01
-2.782016340191039161e-01 -3.072006492689252632e-01 1.663445990539893504e-01
-2.782016342048909130e-01 -3.072006496195732739e-01 1.663445885157232851e-01
-2.782016342175647750e-01 -3.072006496420667254e-01 1.663445881939136783e-01
-2.782016342192440428e-01 -3.072006496450021551e-01 1.663445881669231852e-01
-2.782016336705038229e-01 -3.072006486404594838e-01 1.663446100593012900e-01
-2.782016336955908109e-01 -3.072006486880323739e-01 1.663446085671793639e-01
-2.782016336314794835e-01 -3.072006485631613160e-01 1.663446133710696495e-01
-2.782016336314791505e-01 -3.072006485631988415e-01 1.663446133596214460e-01
-2.782016336314793170e-01 -3.072006485631907369e-01 1.663446133622384915e-01
-2.782016336314793170e-01 -3.072006485631906814e-01 1.663446133622443202e-01
-2.782016336314834803e-01 -3.072006485632355344e-01 1.663446133622382972e-01
-2.782016336314123151e-01 -3.072006485663517639e-01 1.663446123970363233e-01
-2.782016336314129257e-01 -3.072006485662877040e-01 1.663446124165376128e-01
-2.782016336314150351e-01 -3.072006485662917563e-01 1.663446124163179274e-01
-2.782016336314019345e-01 -3.072006485662704955e-01 1.663446124160376793e-01
-2.782016336310892957e-01 -3.072006485656660901e-01 1.663446124531260395e-01
