2.530727415391778035e-01 3.490658503988658956e-01 7.500000000000000000e-01
1.984856723424854863e-12 6.981317007977317912e-01 6.321107640051359944e-02
2.226948185475161879e-01 -8.342822605409028203e-03 0.000000000000000000e+00
1.367485101987968854e-01 -1.745329251994329478e-01 9.458261050774180445e-01
2.121797261758704978e-01 -1.745329251994329200e-01 1.379598509541748896e+00
2.066532420135210601e-01 -1.377438663532518093e-01 1.225959856465864473e+00
2.218175288528475286e-01 -1.745329251994329478e-01 1.500000000000000000e+00
2.183077858742610289e-01 -1.745329251994329478e-01 2.220446049250313081e-16
2.404298141201955674e-01 4.336869748751760456e-01 1.110223024625156540e-16
2.125987317485354411e-01 -1.745329251994329478e-01 9.622999525595246073e-01
2.496137754689787269e-01 2.898624658070066973e-01 6.425625188551534750e-01
2.231365756150429924e-01 8.652377865250432398e-02 5.185416285628769995e-01
2.521956566381167164e-01 3.216630802897141872e-01 6.520078353724955145e-01
2.482139764003018778e-01 3.013339425780213743e-01 6.345466681693605615e-01
2.476609496641990482e-01 2.749515844051900193e-01 6.457244057898406941e-01
2.505150372280057214e-01 3.140452335030913256e-01 6.508240020940515569e-01
2.506780796817679735e-01 3.185987796746295730e-01 6.592430010949785757e-01
2.507023603909200871e-01 3.164164852583107312e-01 6.459397884736156614e-01
2.560464395199378296e-01 4.472509473002114211e-01 9.375577375787855772e-01
2.507615217884985870e-01 3.175584393641672776e-01 6.451595292250138503e-01
2.492023576381020289e-01 3.055544679600907254e-01 6.443855768282025220e-01
2.507875197949780977e-01 3.185830503137678238e-01 6.413362666019434277e-01
2.507940891734193323e-01 3.182408204591223311e-01 6.428008374169423833e-01
2.508054921361712042e-01 3.182780073285328970e-01 6.439718925494426482e-01
2.507677394273931104e-01 3.175992384108759503e-01 6.438436733403323231e-01
2.507487696006669431e-01 3.174752250024095446e-01 6.447497999808327052e-01
2.507637729911889601e-01 3.177217948121459079e-01 6.449849969228539370e-01
2.507714927003562577e-01 3.177833438066365868e-01 6.447097586947134751e-01
2.507743211367007286e-01 3.178400825292146958e-01 6.446934668316091077e-01
2.507734409423857946e-01 3.178061629372379016e-01 6.446196957989015486e-01
2.507754115347600177e-01 3.178517821499493023e-01 6.446295426144826868e-01
2.507739948597078050e-01 3.178138677166889026e-01 6.445901818881571987e-01
2.507746779738274645e-01 3.178284582876110265e-01 6.445813072429125157e-01
2.507743606097569966e-01 3.178200817981289839e-01 6.445677755096471673e-01
2.507745766254690922e-01 3.178245553144576907e-01 6.445598006104247268e-01
2.507744114514576794e-01 3.178204723044957825e-01 6.445530944334298962e-01
2.507745229426548983e-01 3.178228760215141002e-01 6.445472985162986612e-01
2.507743780386709198e-01 3.178195227806583922e-01 6.445436989455967103e-01
2.507744790207898644e-01 3.178218241054687199e-01 6.445388321970226819e-01
2.507743316231746955e-01 3.178185097460218822e-01 6.445374944565368525e-01
2.507744178077315200e-01 3.178205439533217103e-01 6.445326703590160689e-01
2.507743026024608635e-01 3.178179779583721332e-01 6.445326971759424151e-01
2.507743181827486456e-01 3.178184538389935976e-01 6.445286852345258888e-01
2.507742601418226913e-01 3.178171862649743495e-01 6.445285583769100324e-01
2.507742276995340025e-01 3.178165592886110780e-01 6.445263814718111828e-01
2.507741957145110945e-01 3.178158642352731933e-01 6.445263538084091692e-01
2.507741720403189323e-01 3.178153495166601283e-01 6.445263642144900551e-01
2.507741611509830548e-01 3.178150950918565143e-01 6.445268521722198329e-01
2.507741581950003740e-01 3.178150113924385622e-01 6.445274005042056498e-01
2.507741596496263492e-01 3.178150261046783220e-01 6.445278949513200129e-01
2.507741628342832207e-01 3.178150823377108303e-01 6.445282952882631644e-01
2.507741663549278854e-01 3.178151494246883590e-01 6.445286067838532640e-01
2.507741696064549886e-01 3.178152134158887532e-01 6.445288468177220453e-01
2.507741723988652360e-01 3.178152694249677390e-01 6.445290326539824255e-01
2.507741747246235997e-01 3.178153167010648317e-01 6.445291779075200678e-01
2.507741766412297513e-01 3.178153560712217995e-01 6.445292925083381252e-01
2.507741782185557988e-01 3.178153887581993686e-01 6.445293835970120622e-01
2.507741795204434521e-01 3.178154159439491866e-01 6.445294563552864675e-01
2.507741805977586891e-01 3.178154385903704804e-01 6.445295146444118828e-01
2.507741814925114610e-01 3.178154575096202028e-01 6.445295614196319134e-01
2.507741822388835362e-01 3.178154733729420811e-01 6.445295989119305125e-01
2.507741828593815225e-01 3.178154866192605121e-01 6.445296289561868175e-01
2.507741833808970200e-01 3.178154977958655980e-01 6.445296528561869076e-01
2.507741838088902719e-01 3.178155069972036229e-01 6.445296719330154689e-01
2.507741841819339235e-01 3.178155150402497964e-01 6.445296865116431073e-01
2.507741844439203560e-01 3.178155206999205840e-01 6.445296989043819424e-01
2.507741847883407371e-01 3.178155281536859667e-01 6.445297047654983125e-01
2.507741846161454236e-01 3.178155244311023364e-01 6.445297217725991512e-01
2.507741855805415976e-01 3.178155453195752878e-01 6.445296994049378725e-01
2.507741853726631609e-01 3.178155408200176169e-01 6.445297106801253229e-01
2.507741853467120863e-01 3.178155402867109403e-01 6.445297434219047217e-01
2.507741853797538778e-01 3.178155409729973568e-01 6.445297104318853387e-01
2.507741853731113024e-01 3.178155408423529726e-01 6.445297250563618574e-01
2.507741853730565684e-01 3.178155408417336347e-01 6.445297256843662836e-01
2.507741853730709458e-01 3.178155408419099937e-01 6.445297254736817028e-01
2.507741853727644132e-01 3.178155408332306586e-01 6.445297233217379684e-01
2.507741853727624703e-01 3.178155408331987952e-01 6.445297233295580464e-01
2.507741853727745163e-01 3.178155408332841714e-01 6.445297233347914156e-01
2.507741853727943893e-01 3.178155408334402132e-01 6.445297233361343414e-01
2.507741853722984526e-01 3.178155408241373214e-01 6.445297251141702821e-01
2.507741853725052872e-01 3.178155408258250270e-01 6.445297250974042491e-01
