-2.617993877991494078e-01 -1.221730476396030718e-01 5.000000000000000000e-01
-1.289948407469192482e-01 -3.490658503976868943e-01 9.999999999998379074e-01
-2.853843271164271944e-01 -3.490658503851837846e-01 2.461884061981034488e-01
-2.541085739891828510e-01 -3.490658503988658956e-01 1.000000000000000000e+00
-2.140203767116078959e-01 -3.490658503988658956e-01 1.171187206289801552e-01
-2.833394780669346025e-01 -3.490658503988658956e-01 7.023550467339451098e-02
-2.856210155862963784e-01 -3.490658503988658956e-01 7.523169343132114772e-02
-2.857273282910020029e-01 -3.490658503988658956e-01 2.184006361472293212e-01
-2.868932277378622997e-01 -3.490658503988658956e-01 9.435518912577099682e-02
-2.812273061304929045e-01 -3.120125251757024931e-01 1.788118928466336799e-01
-2.803396531363724908e-01 -3.069260179625608598e-01 7.090073361036564048e-02
-2.806191303321761144e-01 -3.107469063983304136e-01 1.903933787364172348e-01
-2.808995328071811626e-01 -3.105766299558046506e-01 1.594350562295682172e-01
-2.830485312491847760e-01 -3.354990073546242346e-01 1.556955270437010430e-01
-2.797987417260038856e-01 -3.081585957130810738e-01 1.638664921474992375e-01
-2.804769935579030649e-01 -3.090761996351300001e-01 1.573648055417326552e-01
-2.818097621347462334e-01 -3.225873883677977672e-01 1.543026164446579529e-01
-2.809725472075566555e-01 -3.127550309135944118e-01 1.816271515765343625e-01
-2.809598654390624839e-01 -3.108514414185720165e-01 1.609094873088886823e-01
-2.807308639864237176e-01 -3.099522621553923440e-01 1.607558393960126508e-01
-2.807141263470072090e-01 -3.103115690684196681e-01 1.587602207652502873e-01
-2.809919435339347515e-01 -3.137422942979052332e-01 1.608593457801737459e-01
-2.807276849144427766e-01 -3.103281233774426995e-01 1.620374383374523497e-01
-2.807233002299233116e-01 -3.102259588183885475e-01 1.606497189524550562e-01
-2.806922055918481540e-01 -3.100825647072165681e-01 1.604869470833788780e-01
-2.807435716133876435e-01 -3.103567481533600625e-01 1.589697342616195885e-01
-2.806964768975611091e-01 -3.101539415150404988e-01 1.599757741647775677e-01
-2.806908502333884670e-01 -3.102228684024592176e-01 1.599028567266522760e-01
-2.806921286753191191e-01 -3.101320729805122078e-01 1.600865574808184588e-01
-2.806913457902844300e-01 -3.101341554509305376e-01 1.601850017156026540e-01
-2.806924457057747291e-01 -3.101334758488901167e-01 1.601507949819939713e-01
-2.806927362700266659e-01 -3.101341923053901328e-01 1.601635902686705804e-01
-2.806929473924692497e-01 -3.101343025113209584e-01 1.601590349402445546e-01
-2.806930967179178671e-01 -3.101344678004651634e-01 1.601573433639839894e-01
-2.806931875497809536e-01 -3.101345163575607855e-01 1.601541198670799193e-01
-2.806932556675947321e-01 -3.101345676460874889e-01 1.601516377276061831e-01
-2.806933002876257355e-01 -3.101345925175520990e-01 1.601492825763400074e-01
-2.806933346988300104e-01 -3.101346187218134154e-01 1.601473750652958328e-01
-2.806933577588589523e-01 -3.101346343887280144e-01 1.601457054992235229e-01
-2.806933761569840313e-01 -3.101346515325074660e-01 1.601443389749790946e-01
-2.806933876685666629e-01 -3.101346609589061831e-01 1.601431606454351564e-01
-2.806933976063782366e-01 -3.101346727974065298e-01 1.601421930815470074e-01
-2.806934019542535186e-01 -3.101346760307831518e-01 1.601413650556239021e-01
-2.806934074076061769e-01 -3.101346845358965432e-01 1.601406804943199536e-01
-2.806934063012214153e-01 -3.101346804325790241e-01 1.601401190096826410e-01
-2.806934099579720954e-01 -3.101346879275474477e-01 1.601396243276669851e-01
-2.806934038459101277e-01 -3.101346749649765977e-01 1.601393038391464019e-01
-2.806934073193623203e-01 -3.101346831317107755e-01 1.601389162861172888e-01
-2.806933976632974836e-01 -3.101346631023805811e-01 1.601388414681059746e-01
-2.806933998674648878e-01 -3.101346687562983595e-01 1.601385401748454396e-01
-2.806933908911234399e-01 -3.101346500074111390e-01 1.601386407664420197e-01
-2.806933903638860750e-01 -3.101346495303642370e-01 1.601384958662776248e-01
-2.806933852680367769e-01 -3.101346387900010826e-01 1.601386214586862922e-01
-2.806933841331454293e-01 -3.101346365674990668e-01 1.601386017373832016e-01
-2.806933820317503159e-01 -3.101346320441192850e-01 1.601386901645815153e-01
-2.806933816242175861e-01 -3.101346311319675975e-01 1.601387043991235881e-01
-2.806933808428280219e-01 -3.101346293798927789e-01 1.601387618890706410e-01
-2.806933808791471918e-01 -3.101346293707056834e-01 1.601387733055357476e-01
-2.806933804274360789e-01 -3.101346283646832513e-01 1.601388151026860440e-01
-2.806933806517419860e-01 -3.101346287699915383e-01 1.601388149944465711e-01
-2.806933801280130925e-01 -3.101346276757553366e-01 1.601388534751785886e-01
-2.806933807013161641e-01 -3.101346287959297898e-01 1.601388317488321722e-01
-2.806933797571221079e-01 -3.101346269055334504e-01 1.601388840824496951e-01
-2.806933811011310120e-01 -3.101346295446144596e-01 1.601388222057434085e-01
-2.806933797107014072e-01 -3.101346268024227082e-01 1.601388927214671132e-01
-2.806933803129528782e-01 -3.101346279625121771e-01 1.601388736594279716e-01
-2.806933798835049010e-01 -3.101346271289078249e-01 1.601388923933870223e-01
-2.806933800984224292e-01 -3.101346275410261089e-01 1.601388859901598516e-01
-2.806933799125934104e-01 -3.101346271827810641e-01 1.601388931455164921e-01
-2.806933800353533792e-01 -3.101346274165478478e-01 1.601388910097563956e-01
-2.806933799066904101e-01 -3.101346271709313762e-01 1.601388936472450952e-01
-2.806933800309809879e-01 -3.101346274054850305e-01 1.601388944896156852e-01
-2.806933800955120351e-01 -3.101346275400931329e-01 1.601388729170235559e-01
-2.806933797982748557e-01 -3.101346269760930641e-01 1.601388750279292561e-01
-2.806933799172202648e-01 -3.101346271871916471e-01 1.601388995928105519e-01
-2.806933799155188480e-01 -3.101346271842196911e-01 1.601388992744984530e-01
-2.806933799268434004e-01 -3.101346272046138774e-01 1.601389010123419887e-01
-2.806936037561547082e-01 -3.101370229442187987e-01 1.601383159042902848e-01
