0.000000000000000000e+00 0.000000000000000000e+00 5.000000000000000000e-01
-1.390583902440524489e-02 -3.490658503985152872e-01 3.391731340229853231e-14
-4.294041882221960593e-02 -2.791508784603928817e-01 1.000000000000000000e+00
-6.974398734719121362e-02 -3.490658503988657291e-01 7.940411987127304894e-03
-6.452236535696473374e-03 -9.778048819936085989e-02 0.000000000000000000e+00
3.503742786985864638e-02 1.091138509898639808e-01 9.999999999999994449e-01
4.941573182595864963e-03 3.167777387681020018e-02 0.000000000000000000e+00
-1.434946370457029080e-02 -1.114576575755389931e-01 5.467882996908161042e-01
1.716852876158140445e-03 -6.064641560370898077e-03 0.000000000000000000e+00
-1.453725757572403576e-03 5.490105241550982673e-03 2.525155081776484511e-01
-7.135759857724143645e-04 1.193281474836691697e-02 2.481727735202363672e-01
1.255995056421554696e-03 1.555763997593595863e-02 2.098421634157200677e-01
1.079721678175720942e-03 1.597415230883334619e-02 2.531639182589798254e-01
9.683943432483202007e-04 1.681030827501042366e-02 2.417232422359108790e-01
-9.610543490448575019e-04 -3.709330296725491666e-03 2.368686833019770510e-01
1.268364477558604981e-03 1.634775327660811101e-02 2.498087971233761972e-01
1.073488341152643941e-03 1.702346022625469274e-02 2.521463660989979316e-01
1.165159509751778795e-03 1.707046599189525338e-02 2.412126289280863145e-01
1.036735785752936024e-03 1.695959918375326142e-02 2.421807351550380183e-01
5.710731264611682099e-04 1.205192543268315992e-02 2.401442637921399614e-01
8.779862752293088324e-04 1.634140099348761060e-02 2.446365914089208282e-01
9.698406578931821230e-04 1.694643268094299382e-02 2.432986053218763045e-01
9.953352220166348640e-04 1.686921427443155777e-02 2.431785979679604304e-01
8.475070752777643301e-04 1.520602701811507237e-02 2.428963784059925413e-01
9.429246425153419700e-04 1.640907453257301613e-02 2.398713316935037476e-01
9.953248783033559477e-04 1.679274120373582674e-02 2.413466441194844769e-01
9.926694641665724256e-04 1.685142271184651361e-02 2.420994843712636901e-01
9.922079229184625152e-04 1.681868057419595372e-02 2.425240812299481186e-01
9.331554968713147826e-04 1.629858103774116732e-02 2.424310719746276266e-01
9.828622618621954844e-04 1.653941154401289068e-02 2.423679838918644525e-01
9.912058110675614139e-04 1.676252274477802937e-02 2.430045719251587577e-01
9.908594463332652362e-04 1.679621423705772096e-02 2.427642382868220317e-01
9.914974100659857629e-04 1.680488202470561618e-02 2.426565472399264400e-01
9.901254624525362372e-04 1.679544349356410296e-02 2.425826783179217683e-01
9.905767423061752515e-04 1.678832716074388567e-02 2.425422689744511640e-01
9.916715586373984516e-04 1.679766791158118430e-02 2.425802701797575012e-01
9.918236713359416656e-04 1.679863205108772170e-02 2.425921572710800500e-01
9.917532979045471167e-04 1.679944835932454736e-02 2.425951611899293814e-01
9.918228899805539393e-04 1.679935003583587355e-02 2.426011517457697109e-01
9.917210423320006307e-04 1.679970026262316007e-02 2.425975702560081715e-01
9.917648617711106486e-04 1.679962452663652864e-02 2.426021192828003159e-01
9.917049088122523864e-04 1.679976154568931651e-02 2.425991382053066525e-01
9.917048404629021183e-04 1.679975434678694299e-02 2.426007668137889206e-01
9.916872767623064258e-04 1.679977416674282437e-02 2.426002976315818627e-01
9.916807603561389375e-04 1.679976895441362070e-02 2.426009392107925933e-01
9.916714585322522740e-04 1.679977277818118023e-02 2.426007279837499031e-01
9.916651291392430002e-04 1.679976565424485049e-02 2.426010918931928440e-01
9.916593478729435456e-04 1.679976587927933113e-02 2.426008941824470133e-01
9.916532099808106262e-04 1.679975718341945867e-02 2.426011678115056469e-01
9.916500762270651949e-04 1.679975760368413243e-02 2.426009457296576244e-01
9.916435959235120941e-04 1.679974822460519532e-02 2.426011308563140734e-01
9.916428132772695751e-04 1.679974992077553839e-02 2.426009226869874913e-01
9.916374817958198938e-04 1.679974289430262793e-02 2.426009533507937632e-01
9.916377398677532918e-04 1.679974456694771287e-02 2.426008176968475205e-01
9.916354192916357422e-04 1.679974195135105694e-02 2.426007516265840935e-01
9.916358507367341400e-04 1.679974308220688259e-02 2.426006719390571276e-01
1.600000000000000000e+01 3.799999999999999822e+00 1.069999999999999929e+01 9.500000000000000000e+00 0.000000000000000000e+00 0.000000000000000000e+00 0.000000000000000000e+00 5.614724203665758528e-01 0.000000000000000000e+00 0.000000000000000000e+00 5.000000000000000000e-01
1.491152118888111033e+01 3.370000000000000107e+00 9.640000000000000568e+00 9.483848048513991102e+00 -5.239838292802856401e-02 0.000000000000000000e+00 -5.239838292802934117e-02 1.745329251994329756e-01 -1.301601362608816592e-01 -3.490658503988658956e-01 0.000000000000000000e+00
1.623586552992039955e+01 3.370000000000063611e+00 9.640000000000354063e+00 9.608081849278718778e+00 -6.642124433278938367e-02 0.000000000000000000e+00 -6.642124433278140394e-02 1.745329251994592878e-01 -3.392196430422117492e-02 -3.490658503983840588e-01 1.108557690088218806e-13
1.999999999999931433e+01 3.370000000000062279e+00 9.640000000000238600e+00 9.253060196519651726e+00 -1.417357162942824433e-01 0.000000000000000000e+00 -1.417357162942906035e-01 1.745329251994974518e-01 -3.526592672752006108e-02 -1.050322504724214012e-01 7.710498906021712173e-14
1.999999996461761143e+01 3.370000001109215493e+00 1.092452231804479368e+01 8.700000001603385158e+00 -8.524204371244284428e-02 0.000000000000000000e+00 -8.524204371985372175e-02 6.981317007977317912e-01 1.461465927166116785e-02 -7.654337652224268984e-02 5.051149355662800655e-01
1.964038660952572712e+01 3.370000000000002327e+00 9.640000000000000568e+00 8.699999999999999289e+00 -9.727625645092327633e-02 0.000000000000000000e+00 -9.727625645092374818e-02 2.468050833615554884e-01 -6.966197372776671004e-03 -1.162893303177547633e-01 0.000000000000000000e+00
1.950896370472493402e+01 4.111804506644809898e+00 9.640000000000007674e+00 8.700000000000001066e+00 -6.907271434920184139e-02 0.000000000000000000e+00 -6.907271434920173037e-02 6.981317007977317912e-01 -2.159706176314160966e-02 -9.872842613063304018e-02 2.607777851006946035e-01
1.951691648188716144e+01 4.129999999999999893e+00 9.640000000000000568e+00 8.699999999999999289e+00 -1.121157518417696536e-01 0.000000000000000000e+00 -1.121157518417697785e-01 2.987739452626425596e-01 -3.779385667937493892e-02 -9.106122250867013102e-02 3.371372157796341251e-01
1.955181810810481835e+01 3.886656586854257522e+00 9.640000000000149782e+00 8.700000000000864375e+00 -9.667899160150698890e-02 0.000000000000000000e+00 -9.667899160150490723e-02 1.745329251994329478e-01 -3.386466183588510148e-02 -9.444416945550002107e-02 4.098126253974808675e-01
1.953487210233718230e+01 3.770337543557266802e+00 9.640000000000000568e+00 8.699999999999999289e+00 -8.149256448456596025e-02 0.000000000000000000e+00 -8.149256448457369018e-02 1.745329251994329478e-01 -3.418466958584637228e-02 -7.101713406342161083e-02 1.933370130657863228e-12
1.954842768789314533e+01 3.370000000000000107e+00 9.640000000000092939e+00 8.700000000000427391e+00 1.585711539077137855e-02 0.000000000000000000e+00 1.585711539077530596e-02 1.745329251994329478e-01 -2.198117979077142750e-02 -1.812918022544569852e-02 5.140461768484603233e-01
1.956180043925366263e+01 3.370000000800185358e+00 9.640000000093357002e+00 8.699999999999999289e+00 1.924652631169469774e-03 0.000000000000000000e+00 1.924652631361344068e-03 1.745329251994329478e-01 -1.872116154359890899e-02 -2.165004877107479242e-02 2.528658653677471335e-01
1.955543529674345038e+01 3.370000000000021867e+00 9.640000000000000568e+00 8.699999999999999289e+00 4.875477185464070773e-03 0.000000000000000000e+00 4.875477185464799357e-03 1.745329251994360287e-01 -1.967173344007124708e-02 -1.666363908589129500e-02 1.950247879726811906e-01
1.958054861165586757e+01 3.370000000000000107e+00 9.640000000000028990e+00 8.737692431781150404e+00 2.970335881463501831e-02 0.000000000000000000e+00 2.970335881463569139e-02 1.745329251994329478e-01 -2.229708845871425718e-02 -2.387844119536058907e-02 1.210583455369647621e-01
1.954960396879329565e+01 3.370000000000000107e+00 9.640000000000100044e+00 8.703490637513976225e+00 1.065984197988126270e-01 0.000000000000000000e+00 1.065984197988117665e-01 1.745329251994329478e-01 -2.080715017446505694e-02 -7.092155967652523374e-03 0.000000000000000000e+00
1.990227140083140611e+01 3.370000000000005880e+00 1.044879261531805525e+01 9.455925169287823451e+00 3.676589876419313896e-01 0.000000000000000000e+00 3.676589876419398828e-01 1.745329251995776931e-01 -2.493250543014819895e-02 1.091499878712289123e-01 0.000000000000000000e+00
1.968877502232480126e+01 3.370000000027705944e+00 9.922094357203494752e+00 8.980813818074546262e+00 8.423523433336410626e-03 0.000000000000000000e+00 8.423523433372909208e-03 1.745329252081177784e-01 -2.457618531174461662e-02 6.052171737708566396e-03 2.402938464131982310e-01
1.401434971074411706e+01 4.043205394847405820e+00 9.640000000000000568e+00 8.699999999999999289e+00 9.617373295642577702e+00 0.000000000000000000e+00 9.615615454678399843e+00 6.981317007977317912e-01 8.922374185412913772e-02 -3.490658503988658956e-01 1.000000000000000000e+00
1.400000000001309353e+01 4.129999999999999893e+00 1.148563245061820659e+01 1.067999999999999972e+01 7.208867534483967887e+00 0.000000000000000000e+00 7.207282214690398092e+00 6.981317007977317912e-01 1.162988296313628017e-01 -3.490658503965601844e-01 4.404401185962154575e-01
1.445884860707597852e+01 3.370000001476824103e+00 9.814428409140196763e+00 8.700000099338362602e+00 9.999999728228960549e+00 0.000000000000000000e+00 9.999999728238060825e+00 6.981317007977317912e-01 1.296827688711384430e-01 2.849275980210524417e-01 9.999999723840842236e-01
1.565379090860026245e+01 3.370024681976035996e+00 1.178989642826199358e+01 8.699999999999999289e+00 1.000000000000000000e+01 0.000000000000000000e+00 1.000000000000000000e+01 6.981284619464619423e-01 1.258910481814355387e-01 3.490658503988659511e-01 9.999920803476807230e-01
1.909053780926236144e+01 3.371764642334456941e+00 1.178999999999999915e+01 8.701582422711661380e+00 1.000000000000000000e+01 0.000000000000000000e+00 1.000000000000000000e+01 1.745329251994329756e-01 2.182468828402209793e-01 3.490658503988658956e-01 9.991049264203876179e-01
1.565363861920326372e+01 3.370000000018059882e+00 1.178932421934847774e+01 8.700000000027756641e+00 1.000000000000000000e+01 0.000000000000000000e+00 1.000000000000000000e+01 6.981294411060595673e-01 1.258926909151507623e-01 3.490658503988658956e-01 9.999999999877906554e-01
2.000000000000000000e+01 3.370000000000000107e+00 9.640000000000000568e+00 8.699999999999999289e+00 1.000000000000000000e+01 0.000000000000000000e+00 1.000000000000000000e+01 1.745329251994329756e-01 2.396139236124339433e-02 -3.490658503988658956e-01 1.000000000000000000e+00
1.409295358459337422e+01 3.370000000000000107e+00 9.640000000000000568e+00 1.042215012081642733e+01 1.254564121438743740e+00 0.000000000000000000e+00 1.256545453552718072e+00 1.863861370628361325e-01 6.814201411239054207e-02 3.084434849076611584e-01 1.000000000000000000e+00
1.487360327398951654e+01 3.370000000000000107e+00 9.656442604931815055e+00 8.837786683157316858e+00 1.500758382850955641e+00 0.000000000000000000e+00 1.500758382851371309e+00 5.716648555782779528e-01 1.566148609616380694e-01 3.490658503957385084e-01 1.000000000000000000e+00
1.430199461662606453e+01 3.672263950412298250e+00 9.640000000000000568e+00 1.013968934358022267e+01 3.910081614965017049e+00 0.000000000000000000e+00 3.910081614965004615e+00 3.462485611221133852e-01 8.377010595230133250e-02 3.490658503988658956e-01 9.999999999999917843e-01
1.471450605650717058e+01 3.370000000000000107e+00 9.640000002764786302e+00 9.336444402909370055e+00 1.085271763064838968e-01 0.000000000000000000e+00 1.085271763283954805e-01 5.031244701573964750e-01 1.384472571175748845e-01 3.023955264993630210e-01 1.000000000000000000e+00
1.536049808742655820e+01 3.370000000000000107e+00 1.178999999999930459e+01 1.022389765094436953e+01 3.559546816101215039e-01 0.000000000000000000e+00 3.559546816295888760e-01 5.489793474951293328e-01 9.449860502880277902e-02 1.073634359309434683e-01 1.000000000000000000e+00
1.572694291623492013e+01 3.370000000010042740e+00 1.178999999980807090e+01 1.020651027039156133e+01 -1.000000000000000000e+01 0.000000000000000000e+00 -1.000000000000000000e+01 6.666181871774206069e-01 1.369040017578641577e-01 -1.041899726277776272e-01 1.000000000000000000e+00
1.731775156209172195e+01 3.370000000000000107e+00 1.178999999999999915e+01 9.225247867965020276e+00 -9.999999998625394682e+00 0.000000000000000000e+00 -9.999999998672162604e+00 6.981317007880122327e-01 1.245199387320076317e-01 -3.490658503988658956e-01 5.537496732189430837e-01
1.616899476045505679e+01 3.692891552489204088e+00 1.178999999887774308e+01 9.932606735465073555e+00 -6.270330766736691430e-01 0.000000000000000000e+00 -6.270330766653238186e-01 5.935752271502197086e-01 8.119296411490220522e-02 -7.178210489603377431e-02 8.762955447406675091e-01
1.921919729609167860e+01 4.129999999999999893e+00 9.640000000000000568e+00 9.551788891417951177e+00 -4.670417149331390405e+00 0.000000000000000000e+00 -4.670417162636885777e+00 6.981317007977317912e-01 6.006763185441965636e-02 -3.490658004021320315e-01 1.000000000000000000e+00
1.922047475712425424e+01 4.127722231067594727e+00 9.640000000000000568e+00 9.550813967559893314e+00 -4.669239726563462867e+00 0.000000000000000000e+00 -4.669239739868979555e+00 6.981317007977317912e-01 6.010050488974744143e-02 -3.490658503979542915e-01 9.998250930054670693e-01
1.975564479142494534e+01 3.370000000184266487e+00 9.640000000005539249e+00 9.243940255358433333e+00 -3.432321120275637405e+00 0.000000000000000000e+00 -3.432321133482810094e+00 6.948225922257633691e-01 6.468506834890114243e-02 -3.490658503988658956e-01 9.540648229277416403e-01
1.400001682162553251e+01 3.370000000000000107e+00 9.640000000000000568e+00 9.140551552602456553e+00 -2.102502764750159514e+00 0.000000000000000000e+00 -2.102502528388533243e+00 5.306505924793688544e-01 1.700448503690686897e-01 3.490658503988658956e-01 9.999951440623470189e-01
1.400000000012231638e+01 3.370000000000000107e+00 1.178999999991831871e+01 9.999176436299793025e+00 3.981286541791162925e+00 0.000000000000000000e+00 3.981286541800682421e+00 4.937985818995970777e-01 1.139292536899266239e-01 3.474291239927324582e-01 9.691877785455687011e-01
1.400000000469314188e+01 3.370000000000000107e+00 9.640000000000000568e+00 8.977640888359347926e+00 -1.000000000000000000e+01 0.000000000000000000e+00 -1.000000000000000000e+01 5.882969162793594275e-01 2.172487095698288628e-01 2.844387759704523622e-01 8.491344926692420136e-01
1.400000000618627993e+01 4.129999999999999893e+00 1.081999093475092444e+01 1.009731265835918101e+01 -1.000000000000000000e+01 0.000000000000000000e+00 -1.000000000000000000e+01 6.053975761825085566e-01 1.759873024864071489e-01 2.150834650102004808e-01 9.999999986707802657e-01
1.739960864574243971e+01 4.129999999999999893e+00 1.115938508236169469e+01 1.067999999999999972e+01 -9.999997459097730967e+00 0.000000000000000000e+00 -9.999997465320380030e+00 6.981316808394544271e-01 1.478191460110301059e-01 2.030355862449370608e-01 1.000000000000000000e+00
1.400140290379878394e+01 4.129365516755498788e+00 1.178896091922246647e+01 1.034983320171773435e+01 1.000000000000000000e+01 0.000000000000000000e+00 9.999999999999998224e+00 4.566259460549993987e-01 6.031228453324846694e-02 3.490658503988658956e-01 1.000000000000000000e+00
1.410928580315774106e+01 4.129999999222694562e+00 9.640000000000000568e+00 9.274580254778808097e+00 1.000000000000000000e+01 0.000000000000000000e+00 1.000000000000000000e+01 4.482650079329114634e-01 8.180987859111663041e-02 3.490658503988658956e-01 9.999999997820245845e-01
1.516278633700212630e+01 4.129999999999999893e+00 1.178999999999999915e+01 1.067999999999999972e+01 1.000000000000000000e+01 0.000000000000000000e+00 1.000000000000000000e+01 1.745329251994329756e-01 -3.490658503988659511e-01 3.490658503988658956e-01 1.000000000000000000e+00
1.437862817506922042e+01 3.821847543293482641e+00 1.178999999999999915e+01 1.040978299351234782e+01 -1.109387382091978846e+00 0.000000000000000000e+00 -1.109387382303486547e+00 5.176063799597728776e-01 8.383040565387006593e-02 2.867140968843725490e-01 1.000000000000000000e+00
1.486591162228001295e+01 4.129999999999999893e+00 1.178999937346844362e+01 1.057654226013354659e+01 -1.000000000000000000e+01 0.000000000000000000e+00 -1.000000000000000000e+01 6.019737686028514556e-01 1.090089642564651129e-01 1.057296784847523707e-01 9.999999901349441167e-01
1.523051476117969472e+01 4.129999964193337370e+00 1.178999999999999915e+01 1.025073423299170905e+01 9.999999100415990938e+00 0.000000000000000000e+00 9.999999098955338894e+00 4.614167695479030051e-01 -6.311668857728205961e-02 -2.939581961938084742e-01 1.000000000000000000e+00
1.600104941531774472e+01 4.129999999999999893e+00 9.640000000000000568e+00 8.699999999999999289e+00 1.000000000000000000e+01 0.000000000000000000e+00 1.000000000000000000e+01 1.745329251994329756e-01 -3.490658503988658956e-01 -3.490658503988659511e-01 6.628367147153841898e-01
1.460120902824040989e+01 3.370000000000000107e+00 1.056304722910403804e+01 8.700002239223360689e+00 9.999977593388905461e+00 0.000000000000000000e+00 9.999977470986960881e+00 3.943939776486053983e-01 -4.327030430700845587e-02 -2.569796778378740654e-01 6.514153447190983437e-01
1.401416785166384393e+01 3.370003287062513397e+00 9.640000000000000568e+00 9.115397292774524374e+00 -1.000000000000000000e+01 0.000000000000000000e+00 -1.000000000000000178e+01 5.290579896772842350e-01 1.514249345058719942e-01 3.490658503988658956e-01 8.617999537296360257e-01
1.432728768937549901e+01 3.370000017458753661e+00 1.178999997774379516e+01 9.649420983046697486e+00 -1.000000000000000000e+01 0.000000000000000000e+00 -1.000000000000000000e+01 5.426261411484573083e-01 1.298076665564589227e-01 2.505496659033779050e-01 6.000563513186013553e-01
1.456610182921242824e+01 3.370000000148571928e+00 1.178999999980479707e+01 9.298728767267933293e+00 4.566328170289947863e+00 0.000000000000000000e+00 4.566328170307007994e+00 4.379984257565749384e-01 1.023924533443098736e-02 -2.180765751774720040e-02 5.129241037817520166e-01
1.488403883816339679e+01 4.129999898380432910e+00 1.178999999999999915e+01 9.292405301791889727e+00 1.000000000000000000e+01 0.000000000000000000e+00 9.999999997075576630e+00 4.101355265089700053e-01 -4.299309064368350697e-02 -1.096027328167717280e-01 3.798953146428893923e-01
1.489624610340735877e+01 4.129999999940489275e+00 1.178999999999999915e+01 9.385562473333889599e+00 8.618886548499112621e+00 0.000000000000000000e+00 8.618886548490623412e+00 4.220032575557385313e-01 -3.765160019004411274e-02 -1.153471295050905177e-01 4.459658823863879573e-01
1.490536114149782065e+01 4.129999999999999893e+00 1.178999994715963240e+01 9.375887875578351682e+00 9.103683600053306790e+00 0.000000000000000000e+00 9.103683605088553676e+00 4.185861481694675978e-01 -4.183180633503620627e-02 -1.254703826368298025e-01 4.449972378992833044e-01
1.491601495588243687e+01 4.129999999998315019e+00 1.178999999999999915e+01 9.364544379714299538e+00 9.671009524151919834e+00 0.000000000000000000e+00 9.671009524151925163e+00 4.145866117774743009e-01 -4.672140421837760876e-02 -1.373052197563468246e-01 4.438423788819307880e-01
1.479643537177938661e+01 4.129999999999999893e+00 1.101652862649856424e+01 8.983257169674663700e+00 9.999999999999737099e+00 0.000000000000000000e+00 9.999999999999758415e+00 4.050419362065968976e-01 -3.943486194859848609e-02 -1.294220901227394194e-01 4.370514055759311400e-01
1.485843757365988438e+01 4.129999999972157276e+00 1.139790848961991365e+01 9.168007148816215590e+00 9.999999999436742115e+00 0.000000000000000000e+00 9.999999999945998752e+00 4.086042576860406395e-01 -4.442476907699152017e-02 -1.366877210129383846e-01 4.400600027998247676e-01
1.400000000000000000e+01 3.370000000000000107e+00 9.640000000000000568e+00 8.699999999999999289e+00 1.000000000000000000e+01 0.000000000000000000e+00 1.000000000000000000e+01 1.745329251994329478e-01 -3.490658503988658956e-01 -3.490658503988658956e-01 2.795346618298136798e-01
1.492367176460498079e+01 4.129999999855269444e+00 1.154896636570582302e+01 9.413649563005758836e+00 9.999999998964025139e+00 0.000000000000000000e+00 9.999999998241444032e+00 3.945759902474949010e-01 -9.076797200533207044e-02 -2.280426553249084720e-01 5.386112123376454175e-01
1.488240399670136149e+01 4.129999999999999893e+00 1.145340575716933174e+01 9.258253830981654886e+00 9.999999999942971840e+00 0.000000000000000000e+00 1.000000000000000000e+01 4.034504063817459518e-01 -6.145081918249306607e-02 -1.702506515084222793e-01 4.762667651773821453e-01
1.488240383786016174e+01 4.129999999999631299e+00 1.145340553036162845e+01 9.258253189874183775e+00 9.999999999943558038e+00 0.000000000000000000e+00 9.999999999999703348e+00 4.034504450283431520e-01 -6.145069389826814110e-02 -1.702504055974307096e-01 4.762664586642357256e-01
1.488240395937121896e+01 4.129999999999999893e+00 1.145340576056223370e+01 9.258253663028272129e+00 9.999999999943526063e+00 0.000000000000000000e+00 1.000000000000000000e+01 4.034504172690882573e-01 -6.145078473629217441e-02 -1.702505842797099600e-01 4.762666663846840676e-01
1.483453623268315624e+01 4.129999999999999893e+00 1.177503685119538090e+01 8.924170893776224744e+00 9.993502605593160837e+00 0.000000000000000000e+00 1.000000000000000000e+01 4.287973853183960626e-01 1.443123696252109761e-02 -2.388982656877258748e-02 1.841613121294618516e-01
1.469652291859264004e+01 3.370000000000000107e+00 1.178999999999999915e+01 9.475454648077899833e+00 8.561345863026328828e+00 0.000000000000000000e+00 8.561196690654233166e+00 4.296428409971251861e-01 -3.278556694101840419e-03 -6.005802640552704297e-02 6.880518100780185220e-01
1.501665713733373408e+01 4.129999999999999893e+00 1.178999999999999915e+01 1.004956128191678744e+01 7.608322704147710169e+00 0.000000000000000000e+00 7.365162217472454032e+00 3.944425565563948188e-01 -1.488438716057151334e-01 -3.280219985439706831e-01 8.145815705316694633e-01
1.500153162931598416e+01 4.026193169518469617e+00 1.178999999999999915e+01 1.015955648806456146e+01 7.553260567130902992e+00 0.000000000000000000e+00 7.282448430681631280e+00 3.920656289250743498e-01 -1.567222905289701873e-01 -3.450991394269578016e-01 8.869598085352228267e-01
1.434732769430201493e+01 4.129999999999999893e+00 9.640000000000000568e+00 1.067999999999999972e+01 -1.000000000000000000e+01 0.000000000000000000e+00 -1.000000000000000000e+01 6.981317007977317912e-01 3.490658503988658956e-01 3.490658503988659511e-01 7.800562114316162976e-01
1.485472437785701771e+01 4.129999999999963478e+00 1.121753005166540262e+01 9.218337054512236506e+00 1.000000000000000000e+01 0.000000000000000000e+00 9.989492137757563839e+00 4.042026431669522024e-01 -5.726498784537673026e-02 -1.645557533532168437e-01 5.109029450296658226e-01
1.477517071822903461e+01 4.129999999999999893e+00 1.177948867427412516e+01 8.699999999999999289e+00 9.800645008251349211e+00 0.000000000000000000e+00 9.799954586118523991e+00 4.486704870746925367e-01 7.017846506026330367e-02 8.132446058414913304e-02 2.567407307581021092e-02
1.485493556397759640e+01 4.129999999999999893e+00 1.121625499358247957e+01 9.219702680198080813e+00 1.000000000000000000e+01 0.000000000000000000e+00 9.989463828952537483e+00 4.040963457907606471e-01 -5.758078284737391805e-02 -1.651632252317123406e-01 5.121170883811618779e-01
1.400000000000000000e+01 4.129999999999999893e+00 9.640000000000000568e+00 8.699999999999999289e+00 1.000000000000000000e+01 0.000000000000000000e+00 1.000000000000000000e+01 1.745329251994329478e-01 -2.095257651130767729e-01 -3.490658503988658956e-01 2.968858096811778369e-01
1.485187585820469458e+01 4.129999999996079474e+00 1.121061380452764489e+01 9.217842732451918764e+00 9.999999999977578824e+00 0.000000000000000000e+00 9.989501536614538324e+00 4.032747667670018021e-01 -5.812457516502481797e-02 -1.658213901652497713e-01 5.113467947740860664e-01
1.489095680444696512e+01 4.052534353390162991e+00 1.178999999999999915e+01 9.360911069021161879e+00 9.615878289963115222e+00 0.000000000000000000e+00 9.605603707497980537e+00 4.084917547339812494e-01 -5.622520712658469338e-02 -1.643537236887255559e-01 4.423542616971513630e-01
1.400000000000000000e+01 4.129999999999999893e+00 9.640000000000000568e+00 8.699999999999999289e+00 1.000000000000000000e+01 0.000000000000000000e+00 1.000000000000000000e+01 1.745329251994329478e-01 -3.490658503988658956e-01 -3.490658503988658956e-01 1.000000000000000000e+00
2.000000000000000000e+01 3.370000000000000107e+00 1.178999999999999915e+01 8.699999999999999289e+00 1.000000000000000000e+01 0.000000000000000000e+00 1.000000000000000000e+01 1.745329251994329478e-01 -3.490658503988658956e-01 -3.490658503988658956e-01 0.000000000000000000e+00
1.494204710865319363e+01 4.045708440345072709e+00 1.178999999999999915e+01 9.354301132661534623e+00 9.619728852971777044e+00 0.000000000000000000e+00 9.609557017089619180e+00 4.061520828872021149e-01 -5.915366237620654777e-02 -1.662009916786444386e-01 4.379304059154562334e-01
1.723825509986058080e+01 3.370000000000000107e+00 1.178999999999999915e+01 8.699999999999999289e+00 1.000000000000000000e+01 0.000000000000000000e+00 1.000000000000000000e+01 1.745329251994329478e-01 -3.490658503988658956e-01 -3.490658503988658956e-01 0.000000000000000000e+00
1.496500876643558975e+01 4.038949467964184414e+00 1.178999999999999915e+01 9.347755449511510051e+00 9.623561965449805911e+00 0.000000000000000000e+00 9.613491852100645829e+00 4.038356195717045516e-01 -6.205294290525993628e-02 -1.680301181397731991e-01 4.335500997551947622e-01
1.496289109161904385e+01 4.034001921084430897e+00 1.177969940322636688e+01 9.336183649876675261e+00 9.732896092773319907e+00 0.000000000000000000e+00 9.722836042114105126e+00 4.028243173421045542e-01 -6.262475702657631371e-02 -1.696687181393775334e-01 4.313800246366150115e-01
1.495771801538930923e+01 4.021913821131305689e+00 1.175454198293880737e+01 9.307914994195391145e+00 9.999999999931940664e+00 0.000000000000000000e+00 9.989964331110616769e+00 4.003537234463229733e-01 -6.402170122382942752e-02 -1.736718809609753278e-01 4.260775267090196605e-01
1.400000000000000000e+01 3.370000000000000107e+00 9.640000000000000568e+00 8.699999999999999289e+00 1.000000000000000000e+01 0.000000000000000000e+00 1.000000000000000000e+01 1.745329251994329478e-01 -3.490658503988659511e-01 -3.490658503988658956e-01 0.000000000000000000e+00
1.495753952205468984e+01 4.021792373545613586e+00 1.175414787458823085e+01 9.307801665074318720e+00 1.000000000000000000e+01 0.000000000000000000e+00 9.989966307850110638e+00 4.003116335098904077e-01 -6.407482980656457883e-02 -1.737045710039845925e-01 4.259980781574338460e-01
1.495753953388861568e+01 4.021792425522360936e+00 1.175414788585068315e+01 9.307801646301394172e+00 1.000000000000000000e+01 0.000000000000000000e+00 9.989966290502991342e+00 4.003116338219219195e-01 -6.407482958089469327e-02 -1.737045698833899476e-01 4.259980510644493790e-01
1.400000000000000000e+01 3.370000000000000107e+00 1.178999999999999915e+01 8.699999999999999289e+00 1.000000000000000000e+01 0.000000000000000000e+00 1.000000000000000000e+01 1.745329251994329478e-01 1.221860064798492435e-01 -5.903519014609670545e-02 0.000000000000000000e+00
1.495641883633871672e+01 4.021029617709741544e+00 1.175418984829265945e+01 9.307090248977997859e+00 1.000000000000000000e+01 0.000000000000000000e+00 9.989977659128678411e+00 4.000473813815632607e-01 -6.385682853992452612e-02 -1.735703589417361137e-01 4.254994344737001999e-01
1.495641885256850401e+01 4.021029688963016824e+00 1.175418986383105668e+01 9.307090223334599344e+00 9.999999999991461053e+00 0.000000000000000000e+00 9.989977636909017633e+00 4.000473818149564709e-01 -6.385682822858640417e-02 -1.735703573990562965e-01 4.254993973517029460e-01
1.495641886321678449e+01 4.021029735711471709e+00 1.175418987401450011e+01 9.307090206506394736e+00 9.999999999994471978e+00 0.000000000000000000e+00 9.989977622030428606e+00 4.000473820991891638e-01 -6.385682802438520655e-02 -1.735703563870782951e-01 4.254993729982395334e-01
1.495641887966843164e+01 4.021029807950136536e+00 1.175418988997023106e+01 9.307090180569829840e+00 9.999999999966266984e+00 0.000000000000000000e+00 9.989977605985332687e+00 4.000473825392272254e-01 -6.385682770877006142e-02 -1.735703548233957783e-01 4.254993353231638076e-01
1.495641889582564410e+01 4.021029878908244370e+00 1.175418990582650380e+01 9.307090155143324495e+00 1.000000000000000000e+01 0.000000000000000000e+00 9.989977596729220366e+00 4.000473829711949092e-01 -6.385682739951116516e-02 -1.735703532896961665e-01 4.254992982763680653e-01
1.495641891239082177e+01 4.021029951652017154e+00 1.175418992202086876e+01 9.307090129065112905e+00 9.999999999951194596e+00 0.000000000000000000e+00 9.989977584653866316e+00 4.000473834147719177e-01 -6.385682708170521693e-02 -1.735703517152732966e-01 4.254992603136108498e-01
1.495641892881020496e+01 4.021030023771012374e+00 1.175418993829077863e+01 9.307090103267478653e+00 1.000000000000000000e+01 0.000000000000000000e+00 9.989977580350528186e+00 4.000473838540468674e-01 -6.385682676760440213e-02 -1.735703501572674057e-01 4.254992226291977042e-01
1.500981894685540219e+01 4.129999999999999893e+00 9.640000000000000568e+00 8.699999999999999289e+00 1.000000000000000000e+01 0.000000000000000000e+00 1.000000000000000000e+01 1.745329251994329478e-01 -3.490658503988658956e-01 -3.490658503988658956e-01 0.000000000000000000e+00
1.495643725683772196e+01 4.021067464244894474e+00 1.175346498687954799e+01 9.306881901398856627e+00 1.000000000000000000e+01 0.000000000000000000e+00 9.989980391117713410e+00 3.999700560271401972e-01 -6.395462375230212548e-02 -1.736305253422980310e-01 4.253532847644439507e-01
1.495643725138256386e+01 4.021067444093313625e+00 1.175346504887422050e+01 9.306881928531861803e+00 1.000000000000000000e+01 0.000000000000000000e+00 9.989982588207180214e+00 3.999700560484626966e-01 -6.395462391780112887e-02 -1.736305260767647130e-01 4.253532820522669677e-01
1.400000000000000000e+01 3.370000000000000107e+00 1.178999999999999915e+01 1.067999999999999972e+01 -1.000000000000000178e+01 0.000000000000000000e+00 -1.000000000000000178e+01 6.981317007977317912e-01 3.490658503988658956e-01 3.490658503988659511e-01 1.000000000000000000e+00
1.494767838417384098e+01 4.017793432486014282e+00 1.176174200185981888e+01 9.330654162050166178e+00 9.699079002800678140e+00 0.000000000000000000e+00 9.689161388769068850e+00 4.039804333716713325e-01 -5.903468870036642641e-02 -1.667015046288751745e-01 4.332525025970667687e-01
1.917195691653540024e+01 4.129999999999999893e+00 1.178999999999999915e+01 1.067999999999999972e+01 -1.000000000000000178e+01 0.000000000000000000e+00 -1.000000000000000000e+01 6.981317007977317912e-01 3.490658503988658956e-01 3.490658503988658956e-01 7.614339716523679247e-01
1.669930141809560098e+01 4.129999999999999893e+00 1.178999999999999915e+01 1.067999999999999972e+01 -1.000000000000000178e+01 0.000000000000000000e+00 -9.999999999999998224e+00 6.981317007977317912e-01 3.490658503988658956e-01 3.490658503988658956e-01 8.430564613572066879e-01
1.433003667086935806e+01 3.383460550201865313e+00 9.640000000000000568e+00 8.699999999999999289e+00 1.000000000000000000e+01 0.000000000000000000e+00 1.000000000000000000e+01 1.745329251994329756e-01 -2.798652375658942093e-01 -3.490658503988658956e-01 4.021364389005745443e-01
1.504356020644557113e+01 3.964458468347008324e+00 1.155211070551053965e+01 9.389029598682313349e+00 7.956256990197389634e+00 0.000000000000000000e+00 7.948223722926095469e+00 4.075092682645036768e-01 -4.438871077487755584e-02 -1.385189245991673146e-01 4.670232606284564492e-01
1.504356028615872631e+01 3.964458735075950369e+00 1.155211102119274358e+01 9.389029871097244850e+00 7.956253993672446789e+00 0.000000000000000000e+00 7.948220726307742900e+00 4.075092966182370380e-01 -4.438869505067209037e-02 -1.385188772589879547e-01 4.670232525504988685e-01
